PRT1
260
756
4 0 15 (1760 1024 -953 ) (1760 1024 -1024 ) (1984 1024 -1024 ) (1984 1024 -953 ) 
4 0 12 (1984 1024 1024 ) (1760 1024 1024 ) (1760 1024 -953 ) (1984 1024 -953 ) 
4 0 2 (1760 1024 1024 ) (1760 1216 1024 ) (1760 1216 -448 ) (1760 1024 -448 ) 
4 0 3 (1760 1216 -512 ) (1760 1216 -1024 ) (1760 1024 -1024 ) (1760 1024 -512 ) 
4 0 1 (1760 1216 1024 ) (1760 1984 1024 ) (1760 1984 -1024 ) (1760 1216 -1024 ) 
4 1 7 (1024 1984 -448 ) (1024 1984 -1024 ) (1024 1216 -1024 ) (1024 1216 -448 ) 
4 1 5 (1024 1984 516 ) (1024 1984 -448 ) (1024 1216 -448 ) (1024 1216 516 ) 
4 1 4 (1024 1216 1024 ) (1024 1984 1024 ) (1024 1984 516 ) (1024 1216 516 ) 
4 1 2 (1760 1216 -448 ) (1760 1216 1024 ) (1024 1216 1024 ) (1024 1216 -448 ) 
4 1 3 (1024 1216 -1024 ) (1760 1216 -1024 ) (1760 1216 -512 ) (1024 1216 -512 ) 
4 2 13 (1760 1024 1024 ) (1024 1024 1024 ) (1024 1024 -448 ) (1760 1024 -448 ) 
4 2 5 (1024 1024 -448 ) (1024 1024 516 ) (1024 1216 516 ) (1024 1216 -448 ) 
4 2 4 (1024 1024 516 ) (1024 1024 1024 ) (1024 1216 1024 ) (1024 1216 516 ) 
4 3 16 (1024 1024 -953 ) (1024 1024 -1024 ) (1760 1024 -1024 ) (1760 1024 -953 ) 
4 3 14 (1024 1024 -512 ) (1024 1024 -953 ) (1760 1024 -953 ) (1760 1024 -512 ) 
4 3 8 (1024 1024 -1024 ) (1024 1024 -512 ) (1024 1216 -512 ) (1024 1216 -1024 ) 
4 4 57 (0 1024 516 ) (0 1024 1024 ) (0 1984 1024 ) (0 1984 516 ) 
4 4 19 (140 1024 1024 ) (0 1024 1024 ) (0 1024 516 ) (140 1024 516 ) 
4 4 18 (1024 1024 516 ) (1024 1024 1024 ) (140 1024 1024 ) (140 1024 516 ) 
4 4 6 (0 1984 516 ) (140 1984 516 ) (140 1288 516 ) (0 1288 516 ) 
4 4 5 (140 1984 516 ) (1024 1984 516 ) (1024 1024 516 ) (140 1024 516 ) 
4 5 18 (1024 1024 -448 ) (1024 1024 516 ) (140 1024 516 ) (140 1024 -448 ) 
4 5 9 (664 1024 -448 ) (280 1024 -448 ) (280 1216 -448 ) (664 1216 -448 ) 
4 5 7 (1024 1984 -448 ) (1024 1216 -448 ) (140 1216 -448 ) (140 1984 -448 ) 
4 5 6 (140 1288 516 ) (140 1984 516 ) (140 1984 -448 ) (140 1288 -448 ) 
4 6 58 (0 1288 516 ) (0 1984 516 ) (0 1984 -448 ) (0 1288 -448 ) 
4 6 7 (0 1288 -448 ) (0 1984 -448 ) (140 1984 -448 ) (140 1288 -448 ) 
4 7 59 (0 1216 -1024 ) (0 1216 -448 ) (0 1984 -448 ) (0 1984 -1024 ) 
4 7 11 (0 1216 -512 ) (0 1216 -1024 ) (280 1216 -1024 ) (280 1216 -512 ) 
4 7 9 (664 1216 -448 ) (280 1216 -448 ) (280 1216 -456 ) (664 1216 -456 ) 
4 7 10 (280 1216 -568 ) (280 1216 -1024 ) (664 1216 -1024 ) (664 1216 -568 ) 
4 7 8 (664 1216 -512 ) (664 1216 -1024 ) (1024 1216 -1024 ) (1024 1216 -512 ) 
4 8 25 (1024 1024 -1024 ) (1024 1024 -992 ) (664 1024 -992 ) (664 1024 -1024 ) 
4 8 24 (1024 1024 -992 ) (1024 1024 -953 ) (664 1024 -953 ) (664 1024 -992 ) 
4 8 20 (1024 1024 -953 ) (1024 1024 -512 ) (664 1024 -512 ) (664 1024 -953 ) 
4 8 10 (664 1216 -568 ) (664 1216 -1024 ) (664 1024 -1024 ) (664 1024 -568 ) 
4 9 21 (664 1024 -456 ) (664 1024 -448 ) (280 1024 -448 ) (280 1024 -456 ) 
4 10 25 (664 1024 -1024 ) (664 1024 -992 ) (280 1024 -992 ) (280 1024 -1024 ) 
4 10 24 (664 1024 -992 ) (664 1024 -953 ) (280 1024 -953 ) (280 1024 -992 ) 
4 10 22 (664 1024 -953 ) (664 1024 -568 ) (280 1024 -568 ) (280 1024 -953 ) 
4 10 11 (280 1216 -568 ) (280 1216 -1024 ) (280 1024 -1024 ) (280 1024 -568 ) 
4 11 60 (0 1024 -1024 ) (0 1024 -512 ) (0 1216 -512 ) (0 1216 -1024 ) 
4 11 25 (280 1024 -1024 ) (280 1024 -992 ) (0 1024 -992 ) (0 1024 -1024 ) 
4 11 24 (280 1024 -992 ) (280 1024 -953 ) (0 1024 -953 ) (0 1024 -992 ) 
4 11 23 (280 1024 -953 ) (280 1024 -512 ) (0 1024 -512 ) (0 1024 -953 ) 
4 12 26 (1760 0 -953 ) (1984 0 -953 ) (1984 0 1024 ) (1760 0 1024 ) 
4 12 15 (1760 1024 -953 ) (1984 1024 -953 ) (1984 0 -953 ) (1760 0 -953 ) 
4 12 13 (1760 0 -448 ) (1760 0 1024 ) (1760 1024 1024 ) (1760 1024 -448 ) 
4 12 14 (1760 1024 -953 ) (1760 0 -953 ) (1760 0 -512 ) (1760 1024 -512 ) 
4 13 27 (1024 0 1024 ) (1024 0 -448 ) (1760 0 -448 ) (1760 0 1024 ) 
4 13 18 (1024 0 -448 ) (1024 0 1024 ) (1024 1024 1024 ) (1024 1024 -448 ) 
4 14 29 (1024 0 -512 ) (1024 0 -953 ) (1760 0 -953 ) (1760 0 -512 ) 
4 14 20 (1024 0 -953 ) (1024 0 -512 ) (1024 1024 -512 ) (1024 1024 -953 ) 
4 14 16 (1024 1024 -953 ) (1760 1024 -953 ) (1760 156 -953 ) (1024 156 -953 ) 
4 15 26 (1760 0 -1024 ) (1984 0 -1024 ) (1984 0 -953 ) (1760 0 -953 ) 
4 15 17 (1760 156 -1024 ) (1760 0 -1024 ) (1760 0 -992 ) (1760 156 -992 ) 
4 15 16 (1760 1024 -1024 ) (1760 156 -1024 ) (1760 156 -953 ) (1760 1024 -953 ) 
4 16 25 (1024 1024 -992 ) (1024 1024 -1024 ) (1024 156 -1024 ) (1024 156 -992 ) 
4 16 24 (1024 156 -953 ) (1024 1024 -953 ) (1024 1024 -992 ) (1024 156 -992 ) 
4 16 17 (1024 156 -1024 ) (1760 156 -1024 ) (1760 156 -992 ) (1024 156 -992 ) 
4 17 35 (1024 0 -992 ) (1024 0 -1024 ) (1760 0 -1024 ) (1760 0 -992 ) 
4 17 25 (1024 0 -1024 ) (1024 0 -992 ) (1024 156 -992 ) (1024 156 -1024 ) 
4 18 39 (140 0 -448 ) (1024 0 -448 ) (1024 0 516 ) (140 0 516 ) 
4 18 38 (1024 0 516 ) (1024 0 1024 ) (140 0 1024 ) (140 0 516 ) 
4 18 21 (280 1024 -448 ) (664 1024 -448 ) (664 0 -448 ) (280 0 -448 ) 
4 18 19 (140 0 516 ) (140 0 1024 ) (140 1024 1024 ) (140 1024 516 ) 
4 19 67 (0 0 516 ) (0 0 1024 ) (0 1024 1024 ) (0 1024 516 ) 
4 19 38 (0 0 1024 ) (0 0 516 ) (140 0 516 ) (140 0 1024 ) 
4 20 45 (664 0 -953 ) (1024 0 -953 ) (1024 0 -611.382996 ) (664 0 -611.382996 ) 
4 20 41 (1024 0 -611.382996 ) (1024 0 -512 ) (664 0 -512 ) (664 0 -611.382996 ) 
4 20 24 (664 156 -953 ) (664 1024 -953 ) (1024 1024 -953 ) (1024 156 -953 ) 
4 20 22 (664 1024 -953 ) (664 0 -953 ) (664 0 -568 ) (664 1024 -568 ) 
4 21 42 (664 0 -456 ) (664 0 -448 ) (280 0 -448 ) (280 0 -456 ) 
4 22 45 (280 0 -953 ) (664 0 -953 ) (664 0 -611.382996 ) (280 0 -611.382996 ) 
4 22 43 (664 0 -611.382996 ) (664 0 -568 ) (280 0 -568 ) (280 0 -611.382996 ) 
4 22 24 (280 156 -953 ) (280 1024 -953 ) (664 1024 -953 ) (664 156 -953 ) 
4 22 23 (280 1024 -953 ) (280 0 -953 ) (280 0 -568 ) (280 1024 -568 ) 
4 23 69 (0 0 -953 ) (0 0 -512 ) (0 156 -512 ) (0 156 -953 ) 
4 23 68 (0 156 -512 ) (0 1024 -512 ) (0 1024 -953 ) (0 156 -953 ) 
4 23 45 (0 0 -611.382996 ) (0 0 -953 ) (280 0 -953 ) (280 0 -611.382996 ) 
4 23 44 (0 0 -512 ) (0 0 -611.382996 ) (280 0 -611.382996 ) (280 0 -512 ) 
4 23 24 (0 156 -953 ) (0 1024 -953 ) (280 1024 -953 ) (280 156 -953 ) 
4 24 68 (0 156 -953 ) (0 1024 -953 ) (0 1024 -992 ) (0 156 -992 ) 
4 24 25 (0 1024 -992 ) (1024 1024 -992 ) (1024 156 -992 ) (0 156 -992 ) 
4 25 70 (0 0 -1024 ) (0 0 -992 ) (0 1024 -992 ) (0 1024 -1024 ) 
4 25 47 (0 0 -992 ) (0 0 -1024 ) (1024 0 -1024 ) (1024 0 -992 ) 
4 26 168 (1984 -1024 -1024 ) (1984 -1024 -512 ) (1760 -1024 -512 ) (1760 -1024 -1024 ) 
4 26 165 (1984 -1024 -512 ) (1984 -1024 1024 ) (1760 -1024 1024 ) (1760 -1024 -512 ) 
4 26 37 (1760 -1024 -1024 ) (1760 -1024 -972 ) (1760 -256 -972 ) (1760 -256 -1024 ) 
4 26 36 (1760 -256 -953 ) (1760 -224 -953 ) (1760 -224 -1024 ) (1760 -256 -1024 ) 
4 26 35 (1760 0 -992 ) (1760 0 -1024 ) (1760 -224 -1024 ) (1760 -224 -992 ) 
4 26 32 (1760 -1024 -908 ) (1760 -1024 -512 ) (1760 -256 -512 ) (1760 -256 -908 ) 
4 26 30 (1760 -97 -512 ) (1760 -59.877205 -512 ) (1760 -59.877205 -611.382996 ) (1760 -97 -611.382996 ) 
4 26 29 (1760 -59.877205 -512 ) (1760 0 -512 ) (1760 0 -953 ) (1760 -59.877205 -953 ) 
4 26 31 (1760 -256 -512 ) (1760 -97 -512 ) (1760 -97 -953 ) (1760 -256 -953 ) 
4 26 28 (1760 -640 -448 ) (1760 -256 -448 ) (1760 -256 -456 ) (1760 -640 -456 ) 
4 26 27 (1760 -1024 -448 ) (1760 -1024 1024 ) (1760 0 1024 ) (1760 0 -448 ) 
4 27 166 (1760 -1024 -448 ) (1760 -1024 1024 ) (1024 -1024 1024 ) (1024 -1024 -448 ) 
4 27 50 (1024 -640 -448 ) (1024 -1024 -448 ) (1024 -1024 1024 ) (1024 -640 1024 ) 
4 27 49 (1024 -256 -448 ) (1024 -640 -448 ) (1024 -640 1024 ) (1024 -256 1024 ) 
4 27 39 (1024 0 516 ) (1024 0 -448 ) (1024 -256 -448 ) (1024 -256 516 ) 
4 27 38 (1024 0 1024 ) (1024 0 516 ) (1024 -256 516 ) (1024 -256 1024 ) 
4 27 28 (1760 -256 -448 ) (1760 -640 -448 ) (1024 -640 -448 ) (1024 -256 -448 ) 
4 28 49 (1024 -640 -456 ) (1024 -640 -448 ) (1024 -256 -448 ) (1024 -256 -456 ) 
4 29 45 (1024 0 -611.382996 ) (1024 0 -953 ) (1024 -59.877205 -953 ) (1024 -59.877205 -611.382996 ) 
4 29 41 (1024 0 -512 ) (1024 0 -611.382996 ) (1024 -59.877205 -611.382996 ) (1024 -59.877205 -512 ) 
4 29 30 (1760 -59.877205 -611.382996 ) (1760 -59.877205 -512 ) (1024 -59.877205 -512 ) (1024 -59.877205 -611.382996 ) 
4 30 41 (1024 -97 -611.382996 ) (1024 -97 -512 ) (1024 -59.877205 -512 ) (1024 -59.877205 -611.382996 ) 
4 30 31 (1760 -97 -611.382996 ) (1760 -97 -512 ) (1024 -97 -512 ) (1024 -97 -611.382996 ) 
4 31 46 (1024 -97 -953 ) (1024 -256 -953 ) (1024 -256 -611.382996 ) (1024 -97 -611.382996 ) 
4 31 41 (1024 -256 -611.382996 ) (1024 -256 -512 ) (1024 -97 -512 ) (1024 -97 -611.382996 ) 
4 31 36 (1760 -224 -953 ) (1760 -256 -953 ) (1024 -256 -953 ) (1024 -224 -953 ) 
4 31 33 (1715 -256 -512 ) (1024 -256 -512 ) (1024 -256 -908 ) (1715 -256 -908 ) 
4 31 32 (1760 -256 -908 ) (1760 -256 -512 ) (1715 -256 -512 ) (1715 -256 -908 ) 
4 32 169 (1760 -1024 -908 ) (1760 -1024 -512 ) (1715 -1024 -512 ) (1715 -1024 -908 ) 
4 32 33 (1715 -256 -512 ) (1715 -256 -908 ) (1715 -370 -908 ) (1715 -370 -512 ) 
4 32 34 (1715 -864 -908 ) (1715 -1024 -908 ) (1715 -1024 -512 ) (1715 -864 -512 ) 
4 33 52 (1024 -370 -512 ) (1024 -256 -512 ) (1024 -256 -908 ) (1024 -370 -908 ) 
4 34 169 (1715 -1024 -512 ) (1024 -1024 -512 ) (1024 -1024 -908 ) (1715 -1024 -908 ) 
4 34 53 (1024 -1024 -908 ) (1024 -1024 -512 ) (1024 -864 -512 ) (1024 -864 -908 ) 
4 35 47 (1024 0 -992 ) (1024 0 -1024 ) (1024 -224 -1024 ) (1024 -224 -992 ) 
4 35 36 (1024 -224 -1024 ) (1760 -224 -1024 ) (1760 -224 -992 ) (1024 -224 -992 ) 
4 36 48 (1024 -224 -1024 ) (1024 -256 -1024 ) (1024 -256 -953 ) (1024 -224 -953 ) 
4 36 37 (1024 -256 -1024 ) (1760 -256 -1024 ) (1760 -256 -972 ) (1024 -256 -972 ) 
4 37 170 (1760 -1024 -1024 ) (1760 -1024 -972 ) (1024 -1024 -972 ) (1024 -1024 -1024 ) 
4 37 56 (1024 -256 -1024 ) (1024 -1024 -1024 ) (1024 -1024 -972 ) (1024 -256 -972 ) 
4 38 78 (0 -256 516 ) (0 -256 1024 ) (0 -120 1024 ) (0 -120 516 ) 
4 38 77 (0 -120 1024 ) (0 0 1024 ) (0 0 516 ) (0 -120 516 ) 
4 38 49 (0 -256 1024 ) (0 -256 516 ) (1024 -256 516 ) (1024 -256 1024 ) 
4 38 40 (140 -256 516 ) (0 -256 516 ) (0 -120 516 ) (140 -120 516 ) 
4 38 39 (1024 -256 516 ) (140 -256 516 ) (140 0 516 ) (1024 0 516 ) 
4 39 49 (140 -256 -448 ) (1024 -256 -448 ) (1024 -256 516 ) (140 -256 516 ) 
4 39 42 (664 -256 -448 ) (280 -256 -448 ) (280 0 -448 ) (664 0 -448 ) 
4 39 40 (140 -120 -448 ) (140 -256 -448 ) (140 -256 516 ) (140 -120 516 ) 
4 40 83 (0 -256 -448 ) (0 -256 -300 ) (0 -120 -300 ) (0 -120 -448 ) 
4 40 78 (0 -256 -300 ) (0 -256 516 ) (0 -120 516 ) (0 -120 -300 ) 
4 40 49 (0 -256 516 ) (0 -256 -448 ) (140 -256 -448 ) (140 -256 516 ) 
4 41 52 (664 -256 -611.382996 ) (1024 -256 -611.382996 ) (1024 -256 -512 ) (664 -256 -512 ) 
4 41 45 (664 -59.877205 -611.382996 ) (664 0 -611.382996 ) (1024 0 -611.382996 ) (1024 -59.877205 -611.382996 ) 
4 41 46 (1024 -256 -611.382996 ) (664 -256 -611.382996 ) (664 -97 -611.382996 ) (1024 -97 -611.382996 ) 
4 41 43 (664 0 -611.382996 ) (664 -256 -611.382996 ) (664 -256 -568 ) (664 0 -568 ) 
4 42 49 (664 -256 -456 ) (664 -256 -448 ) (280 -256 -448 ) (280 -256 -456 ) 
4 43 52 (280 -256 -611.382996 ) (664 -256 -611.382996 ) (664 -256 -568 ) (280 -256 -568 ) 
4 43 45 (280 -59.877205 -611.382996 ) (280 0 -611.382996 ) (664 0 -611.382996 ) (664 -59.877205 -611.382996 ) 
4 43 46 (664 -256 -611.382996 ) (280 -256 -611.382996 ) (280 -97 -611.382996 ) (664 -97 -611.382996 ) 
4 43 44 (280 0 -611.382996 ) (280 -256 -611.382996 ) (280 -256 -568 ) (280 0 -568 ) 
4 44 99 (0 -97 -512 ) (0 -59.877205 -512 ) (0 -59.877205 -611.382996 ) (0 -97 -611.382996 ) 
4 44 98 (0 -59.877205 -512 ) (0 0 -512 ) (0 0 -611.382996 ) (0 -59.877205 -611.382996 ) 
4 44 100 (0 -256 -611.382996 ) (0 -256 -512 ) (0 -97 -512 ) (0 -97 -611.382996 ) 
4 44 52 (0 -256 -512 ) (0 -256 -611.382996 ) (280 -256 -611.382996 ) (280 -256 -512 ) 
4 44 45 (0 -59.877205 -611.382996 ) (0 0 -611.382996 ) (280 0 -611.382996 ) (280 -59.877205 -611.382996 ) 
4 44 46 (280 -256 -611.382996 ) (0 -256 -611.382996 ) (0 -97 -611.382996 ) (280 -97 -611.382996 ) 
4 45 112 (0 0 -908 ) (0 0 -953 ) (0 -59.877205 -953 ) (0 -59.877205 -908 ) 
4 45 98 (0 -59.877205 -611.382996 ) (0 0 -611.382996 ) (0 0 -908 ) (0 -59.877205 -908 ) 
4 46 113 (0 -256 -953 ) (0 -256 -908 ) (0 -97 -908 ) (0 -97 -953 ) 
4 46 100 (0 -256 -908 ) (0 -256 -611.382996 ) (0 -97 -611.382996 ) (0 -97 -908 ) 
4 46 52 (0 -256 -611.382996 ) (0 -256 -908 ) (1024 -256 -908 ) (1024 -256 -611.382996 ) 
4 46 48 (1024 -256 -953 ) (0 -256 -953 ) (0 -224 -953 ) (1024 -224 -953 ) 
4 47 114 (0 0 -992 ) (0 0 -1024 ) (0 -224 -1024 ) (0 -224 -992 ) 
4 47 48 (0 -224 -1024 ) (1024 -224 -1024 ) (1024 -224 -992 ) (0 -224 -992 ) 
4 48 115 (0 -256 -1024 ) (0 -256 -953 ) (0 -224 -953 ) (0 -224 -1024 ) 
4 48 56 (0 -256 -972 ) (0 -256 -1024 ) (1024 -256 -1024 ) (1024 -256 -972 ) 
4 49 95 (0 -256 -448 ) (0 -256 -456 ) (0 -640 -456 ) (0 -640 -448 ) 
4 49 83 (0 -256 -300 ) (0 -256 -448 ) (0 -640 -448 ) (0 -640 -300 ) 
4 49 78 (0 -256 1024 ) (0 -256 -300 ) (0 -640 -300 ) (0 -640 1024 ) 
4 49 51 (280 -640 -456 ) (664 -640 -456 ) (664 -640 -448 ) (280 -640 -448 ) 
4 49 50 (0 -640 1024 ) (0 -640 -448 ) (1024 -640 -448 ) (1024 -640 1024 ) 
4 50 172 (1024 -1024 -448 ) (1024 -1024 1024 ) (0 -1024 1024 ) (0 -1024 -448 ) 
4 50 90 (0 -968 -300 ) (0 -856 -300 ) (0 -856 -448 ) (0 -968 -448 ) 
4 50 87 (0 -856 -300 ) (0 -848 -300 ) (0 -848 -448 ) (0 -856 -448 ) 
4 50 84 (0 -848 -300 ) (0 -804 -300 ) (0 -804 -448 ) (0 -848 -448 ) 
4 50 83 (0 -804 -300 ) (0 -640 -300 ) (0 -640 -448 ) (0 -804 -448 ) 
4 50 94 (0 -1024 -448 ) (0 -1024 -300 ) (0 -968 -300 ) (0 -968 -448 ) 
4 50 78 (0 -1024 -300 ) (0 -1024 1024 ) (0 -640 1024 ) (0 -640 -300 ) 
4 50 51 (664 -1024 -448 ) (280 -1024 -448 ) (280 -640 -448 ) (664 -640 -448 ) 
4 51 174 (664 -1024 -448 ) (280 -1024 -448 ) (280 -1024 -456 ) (664 -1024 -456 ) 
4 52 100 (0 -370 -512 ) (0 -256 -512 ) (0 -256 -908 ) (0 -370 -908 ) 
4 53 173 (1024 -1024 -908 ) (1024 -1024 -512 ) (664 -1024 -512 ) (664 -1024 -908 ) 
4 53 54 (664 -864 -908 ) (664 -1024 -908 ) (664 -1024 -568 ) (664 -864 -568 ) 
4 54 175 (280 -1024 -568 ) (280 -1024 -908 ) (664 -1024 -908 ) (664 -1024 -568 ) 
4 54 55 (280 -864 -908 ) (280 -1024 -908 ) (280 -1024 -568 ) (280 -864 -568 ) 
4 55 176 (280 -1024 -512 ) (0 -1024 -512 ) (0 -1024 -908 ) (280 -1024 -908 ) 
4 55 101 (0 -1024 -908 ) (0 -1024 -512 ) (0 -864 -512 ) (0 -864 -908 ) 
4 56 177 (1024 -1024 -1024 ) (1024 -1024 -972 ) (0 -1024 -972 ) (0 -1024 -1024 ) 
4 56 116 (0 -1024 -1024 ) (0 -1024 -972 ) (0 -256 -972 ) (0 -256 -1024 ) 
4 57 67 (0 1024 516 ) (0 1024 1024 ) (-1024 1024 1024 ) (-1024 1024 516 ) 
4 57 62 (-1024 1024 516 ) (-1024 1024 1024 ) (-1024 1288 1024 ) (-1024 1288 516 ) 
4 57 61 (-1024 1288 1024 ) (-1024 1984 1024 ) (-1024 1984 516 ) (-1024 1288 516 ) 
4 57 58 (-1024 1288 516 ) (-1024 1984 516 ) (0 1984 516 ) (0 1288 516 ) 
4 58 61 (-1024 1288 516 ) (-1024 1984 516 ) (-1024 1984 -448 ) (-1024 1288 -448 ) 
4 58 59 (-1024 1288 -448 ) (-1024 1984 -448 ) (0 1984 -448 ) (0 1288 -448 ) 
4 59 64 (-1024 1216 -448 ) (-1024 1984 -448 ) (-1024 1984 -1024 ) (-1024 1216 -1024 ) 
4 59 60 (-1024 1216 -1024 ) (0 1216 -1024 ) (0 1216 -512 ) (-1024 1216 -512 ) 
4 60 70 (0 1024 -1024 ) (0 1024 -992 ) (-1024 1024 -992 ) (-1024 1024 -1024 ) 
4 60 68 (0 1024 -992 ) (0 1024 -512 ) (-1024 1024 -512 ) (-1024 1024 -992 ) 
4 60 65 (-1024 1024 -1024 ) (-1024 1024 -512 ) (-1024 1216 -512 ) (-1024 1216 -1024 ) 
4 61 64 (-1216 1984 -448 ) (-1024 1984 -448 ) (-1024 1288 -448 ) (-1216 1288 -448 ) 
4 61 62 (-1216 1288 1024 ) (-1216 1288 516 ) (-1024 1288 516 ) (-1024 1288 1024 ) 
4 61 63 (-1216 1984 -448 ) (-1216 1288 -448 ) (-1216 1288 1024 ) (-1216 1984 1024 ) 
4 62 71 (-1024 1024 516 ) (-1024 1024 1024 ) (-1216 1024 1024 ) (-1216 1024 516 ) 
4 62 63 (-1216 1024 516 ) (-1216 1024 1024 ) (-1216 1288 1024 ) (-1216 1288 516 ) 
4 63 142 (-2048 1024 -448 ) (-2048 1024 1024 ) (-2048 1984 1024 ) (-2048 1984 -448 ) 
4 63 72 (-1216 1024 1024 ) (-2048 1024 1024 ) (-2048 1024 -448 ) (-1216 1024 -448 ) 
4 63 64 (-1732 1984 -448 ) (-1216 1984 -448 ) (-1216 1216 -448 ) (-1732 1216 -448 ) 
4 63 66 (-2048 1984 -448 ) (-1732 1984 -448 ) (-1732 1024 -448 ) (-2048 1024 -448 ) 
4 64 65 (-1732 1216 -512 ) (-1732 1216 -1024 ) (-1024 1216 -1024 ) (-1024 1216 -512 ) 
4 64 66 (-1732 1216 -448 ) (-1732 1984 -448 ) (-1732 1984 -1024 ) (-1732 1216 -1024 ) 
4 65 74 (-1024 1024 -1024 ) (-1024 1024 -512 ) (-1732 1024 -512 ) (-1732 1024 -1024 ) 
4 65 66 (-1732 1216 -512 ) (-1732 1216 -1024 ) (-1732 1024 -1024 ) (-1732 1024 -512 ) 
4 66 142 (-2048 1024 -1024 ) (-2048 1024 -448 ) (-2048 1984 -448 ) (-2048 1984 -1024 ) 
4 66 74 (-2048 1024 -512 ) (-2048 1024 -1024 ) (-1732 1024 -1024 ) (-1732 1024 -512 ) 
4 66 73 (-1732 1024 -448 ) (-2048 1024 -448 ) (-2048 1024 -512 ) (-1732 1024 -512 ) 
4 67 77 (0 0 516 ) (0 0 1024 ) (-1024 0 1024 ) (-1024 0 516 ) 
4 67 71 (-1024 0 516 ) (-1024 0 1024 ) (-1024 1024 1024 ) (-1024 1024 516 ) 
4 68 74 (-1024 156 -512 ) (-1024 1024 -512 ) (-1024 1024 -992 ) (-1024 156 -992 ) 
4 68 70 (-1024 156 -992 ) (-1024 1024 -992 ) (0 1024 -992 ) (0 156 -992 ) 
4 68 69 (0 156 -953 ) (0 156 -512 ) (-1024 156 -512 ) (-1024 156 -953 ) 
4 69 112 (0 0 -953 ) (0 0 -908 ) (-1024 0 -908 ) (-1024 0 -953 ) 
4 69 98 (0 0 -908 ) (0 0 -512 ) (-1024 0 -512 ) (-1024 0 -908 ) 
4 69 75 (-1024 0 -953 ) (-1024 0 -512 ) (-1024 156 -512 ) (-1024 156 -953 ) 
4 70 114 (0 0 -1024 ) (0 0 -992 ) (-1024 0 -992 ) (-1024 0 -1024 ) 
4 70 76 (-1024 0 -1024 ) (-1024 0 -992 ) (-1024 156 -992 ) (-1024 156 -1024 ) 
4 70 74 (-1024 156 -992 ) (-1024 1024 -992 ) (-1024 1024 -1024 ) (-1024 156 -1024 ) 
4 71 118 (-1024 0 516 ) (-1024 0 1024 ) (-1216 0 1024 ) (-1216 0 516 ) 
4 71 72 (-1216 0 516 ) (-1216 0 1024 ) (-1216 1024 1024 ) (-1216 1024 516 ) 
4 72 145 (-2048 0 -448 ) (-2048 0 1024 ) (-2048 156 1024 ) (-2048 156 -448 ) 
4 72 144 (-2048 156 1024 ) (-2048 1024 1024 ) (-2048 1024 -448 ) (-2048 156 -448 ) 
4 72 120 (-2048 0 516 ) (-2048 0 -448 ) (-1216 0 -448 ) (-1216 0 516 ) 
4 72 118 (-2048 0 1024 ) (-2048 0 516 ) (-1216 0 516 ) (-1216 0 1024 ) 
4 72 73 (-2048 1024 -448 ) (-1732 1024 -448 ) (-1732 0 -448 ) (-2048 0 -448 ) 
4 73 145 (-2048 0 -512 ) (-2048 0 -448 ) (-2048 156 -448 ) (-2048 156 -512 ) 
4 73 144 (-2048 156 -448 ) (-2048 1024 -448 ) (-2048 1024 -512 ) (-2048 156 -512 ) 
4 73 122 (-2048 0 -448 ) (-2048 0 -512 ) (-1732 0 -512 ) (-1732 0 -448 ) 
4 73 75 (-1732 156 -512 ) (-1732 0 -512 ) (-2048 0 -512 ) (-2048 156 -512 ) 
4 73 74 (-2048 1024 -512 ) (-1732 1024 -512 ) (-1732 156 -512 ) (-2048 156 -512 ) 
4 74 146 (-2048 1024 -992 ) (-2048 1024 -1024 ) (-2048 156 -1024 ) (-2048 156 -992 ) 
4 74 144 (-2048 156 -512 ) (-2048 1024 -512 ) (-2048 1024 -992 ) (-2048 156 -992 ) 
4 74 75 (-1024 156 -953 ) (-1024 156 -512 ) (-2048 156 -512 ) (-2048 156 -953 ) 
4 74 76 (-2048 156 -1024 ) (-1024 156 -1024 ) (-1024 156 -992 ) (-2048 156 -992 ) 
4 75 145 (-2048 0 -953 ) (-2048 0 -512 ) (-2048 156 -512 ) (-2048 156 -953 ) 
4 75 137 (-2048 0 -908 ) (-2048 0 -953 ) (-1024 0 -953 ) (-1024 0 -908 ) 
4 75 123 (-2048 0 -512 ) (-2048 0 -908 ) (-1024 0 -908 ) (-1024 0 -512 ) 
4 76 146 (-2048 0 -1024 ) (-2048 0 -992 ) (-2048 156 -992 ) (-2048 156 -1024 ) 
4 76 141 (-2048 0 -992 ) (-2048 0 -1024 ) (-1024 0 -1024 ) (-1024 0 -992 ) 
4 77 118 (-1024 0 1024 ) (-1024 0 516 ) (-1024 -120 516 ) (-1024 -120 1024 ) 
4 77 79 (-44 -120 1024 ) (-572 -120 1024 ) (-572 -120 516 ) (-44 -120 516 ) 
4 77 78 (0 -120 516 ) (0 -120 1024 ) (-44 -120 1024 ) (-44 -120 516 ) 
4 77 82 (-572 -120 1024 ) (-1024 -120 1024 ) (-1024 -120 516 ) (-572 -120 516 ) 
4 78 187 (0 -1024 -300 ) (0 -1024 1024 ) (-44 -1024 1024 ) (-44 -1024 -300 ) 
4 78 90 (-44 -968 -300 ) (-44 -856 -300 ) (0 -856 -300 ) (0 -968 -300 ) 
4 78 87 (-44 -856 -300 ) (-44 -848 -300 ) (0 -848 -300 ) (0 -856 -300 ) 
4 78 84 (-44 -848 -300 ) (-44 -804 -300 ) (0 -804 -300 ) (0 -848 -300 ) 
4 78 83 (-44 -804 -300 ) (-44 -120 -300 ) (0 -120 -300 ) (0 -804 -300 ) 
4 78 94 (0 -1024 -300 ) (-44 -1024 -300 ) (-44 -968 -300 ) (0 -968 -300 ) 
4 78 80 (-44 -968 -284 ) (-44 -968 1024 ) (-44 -800 1024 ) (-44 -800 -284 ) 
4 78 79 (-44 -120 1024 ) (-44 -120 -300 ) (-44 -800 -300 ) (-44 -800 1024 ) 
4 78 81 (-44 -968 -300 ) (-44 -1024 -300 ) (-44 -1024 1024 ) (-44 -968 1024 ) 
4 79 92 (-572 -800 -300 ) (-572 -120 -300 ) (-556 -120 -300 ) (-556 -800 -300 ) 
4 79 83 (-556 -120 -300 ) (-44 -120 -300 ) (-44 -800 -300 ) (-556 -800 -300 ) 
4 79 80 (-572 -800 1024 ) (-572 -800 -284 ) (-44 -800 -284 ) (-44 -800 1024 ) 
4 79 82 (-572 -120 1024 ) (-572 -120 -300 ) (-572 -800 -300 ) (-572 -800 1024 ) 
4 80 82 (-572 -968 -284 ) (-572 -968 1024 ) (-572 -800 1024 ) (-572 -800 -284 ) 
4 80 81 (-572 -968 1024 ) (-572 -968 -284 ) (-44 -968 -284 ) (-44 -968 1024 ) 
4 81 187 (-44 -1024 1024 ) (-572 -1024 1024 ) (-572 -1024 -300 ) (-44 -1024 -300 ) 
4 81 94 (-44 -1024 -300 ) (-572 -1024 -300 ) (-572 -968 -300 ) (-44 -968 -300 ) 
4 81 82 (-572 -968 -300 ) (-572 -1024 -300 ) (-572 -1024 1024 ) (-572 -968 1024 ) 
4 82 187 (-572 -1024 1024 ) (-1024 -1024 1024 ) (-1024 -1024 -300 ) (-572 -1024 -300 ) 
4 82 119 (-1024 -120 -300 ) (-1024 -1024 -300 ) (-1024 -1024 516 ) (-1024 -120 516 ) 
4 82 118 (-1024 -1024 516 ) (-1024 -1024 1024 ) (-1024 -120 1024 ) (-1024 -120 516 ) 
4 82 93 (-1024 -968 -300 ) (-1024 -800 -300 ) (-572 -800 -300 ) (-572 -968 -300 ) 
4 82 92 (-1024 -800 -300 ) (-1024 -120 -300 ) (-572 -120 -300 ) (-572 -800 -300 ) 
4 82 94 (-572 -1024 -300 ) (-1024 -1024 -300 ) (-1024 -968 -300 ) (-572 -968 -300 ) 
4 83 96 (-556 -640 -448 ) (-556 -256 -448 ) (-60 -256 -448 ) (-60 -640 -448 ) 
4 83 95 (0 -256 -448 ) (0 -640 -448 ) (-60 -640 -448 ) (-60 -256 -448 ) 
4 83 92 (-556 -120 -448 ) (-556 -800 -448 ) (-556 -800 -300 ) (-556 -120 -300 ) 
4 83 84 (-88 -804 -448 ) (0 -804 -448 ) (0 -804 -300 ) (-88 -804 -300 ) 
4 83 86 (-556 -804 -300 ) (-556 -804 -448 ) (-96 -804 -448 ) (-96 -804 -300 ) 
4 84 87 (-44 -848 -448 ) (0 -848 -448 ) (0 -848 -300 ) (-44 -848 -300 ) 
4 84 88 (-88 -848 -448 ) (-52 -848 -448 ) (-52 -848 -300 ) (-88 -848 -300 ) 
4 84 85 (-88 -812 -448 ) (-88 -848 -448 ) (-88 -848 -300 ) (-88 -812 -300 ) 
4 85 86 (-96 -812 -448 ) (-96 -848 -448 ) (-96 -848 -300 ) (-96 -812 -300 ) 
4 86 89 (-556 -848 -300 ) (-556 -848 -448 ) (-416 -848 -448 ) (-416 -848 -300 ) 
4 87 90 (-44 -856 -448 ) (0 -856 -448 ) (0 -856 -300 ) (-44 -856 -300 ) 
4 88 91 (-88 -856 -448 ) (-52 -856 -448 ) (-52 -856 -300 ) (-88 -856 -300 ) 
4 89 91 (-556 -856 -300 ) (-556 -856 -448 ) (-416 -856 -448 ) (-416 -856 -300 ) 
4 90 91 (-44 -856 -300 ) (-44 -856 -448 ) (-44 -952 -448 ) (-44 -952 -300 ) 
4 90 94 (-44 -968 -448 ) (0 -968 -448 ) (0 -968 -300 ) (-44 -968 -300 ) 
4 91 97 (-556 -952 -448 ) (-556 -864 -448 ) (-60 -864 -448 ) (-60 -952 -448 ) 
4 92 119 (-1024 -120 -448 ) (-1024 -800 -448 ) (-1024 -800 -300 ) (-1024 -120 -300 ) 
4 92 96 (-1024 -640 -448 ) (-1024 -256 -448 ) (-556 -256 -448 ) (-556 -640 -448 ) 
4 92 93 (-1024 -800 -448 ) (-572 -800 -448 ) (-572 -800 -300 ) (-1024 -800 -300 ) 
4 93 119 (-1024 -800 -448 ) (-1024 -968 -448 ) (-1024 -968 -300 ) (-1024 -800 -300 ) 
4 93 94 (-1024 -968 -448 ) (-572 -968 -448 ) (-572 -968 -300 ) (-1024 -968 -300 ) 
4 94 187 (0 -1024 -448 ) (0 -1024 -300 ) (-1024 -1024 -300 ) (-1024 -1024 -448 ) 
4 94 119 (-1024 -968 -448 ) (-1024 -1024 -448 ) (-1024 -1024 -300 ) (-1024 -968 -300 ) 
4 95 96 (-60 -640 -456 ) (-60 -640 -448 ) (-60 -256 -448 ) (-60 -256 -456 ) 
4 96 121 (-1024 -640 -456 ) (-1024 -640 -448 ) (-1024 -256 -448 ) (-1024 -256 -456 ) 
4 97 102 (-572 -864 -512 ) (-60 -864 -512 ) (-60 -952 -512 ) (-572 -952 -512 ) 
4 98 123 (-1024 0 -512 ) (-1024 0 -908 ) (-1024 -59.877205 -908 ) (-1024 -59.877205 -512 ) 
4 98 112 (-1024 -59.877205 -908 ) (-1024 0 -908 ) (0 0 -908 ) (0 -59.877205 -908 ) 
4 98 99 (0 -59.877205 -611.382996 ) (0 -59.877205 -512 ) (-1024 -59.877205 -512 ) (-1024 -59.877205 -611.382996 ) 
4 99 124 (-1024 -97 -611.382996 ) (-1024 -97 -512 ) (-1024 -59.877205 -512 ) (-1024 -59.877205 -611.382996 ) 
4 99 100 (0 -97 -611.382996 ) (0 -97 -512 ) (-1024 -97 -512 ) (-1024 -97 -611.382996 ) 
4 100 125 (-1024 -97 -908 ) (-1024 -370 -908 ) (-1024 -370 -512 ) (-1024 -97 -512 ) 
4 100 113 (-1024 -256 -908 ) (-1024 -97 -908 ) (0 -97 -908 ) (0 -256 -908 ) 
4 100 108 (-1024 -370 -908 ) (-740 -370 -908 ) (-740 -370 -862.976990 ) (-1024 -370 -862.976990 ) 
4 100 104 (-740 -370 -862.976990 ) (-740 -370 -820 ) (-1024 -370 -820 ) (-1024 -370 -862.976990 ) 
4 100 103 (-740 -370 -820 ) (-740 -370 -792 ) (-1024 -370 -792 ) (-1024 -370 -820 ) 
4 101 204 (0 -1024 -908 ) (0 -1024 -862.976990 ) (-60 -1024 -862.976990 ) (-60 -1024 -908 ) 
4 101 190 (0 -1024 -862.976990 ) (0 -1024 -512 ) (-60 -1024 -512 ) (-60 -1024 -862.976990 ) 
4 101 102 (-60 -864 -512 ) (-60 -864 -908 ) (-60 -952 -908 ) (-60 -952 -512 ) 
4 102 111 (-740 -864 -908 ) (-740 -952 -908 ) (-740 -952 -862.976990 ) (-740 -864 -862.976990 ) 
4 102 107 (-740 -952 -862.976990 ) (-740 -952 -704 ) (-740 -864 -704 ) (-740 -864 -862.976990 ) 
4 103 126 (-1024 -370 -792 ) (-1024 -370 -820 ) (-1024 -488 -820 ) (-1024 -488 -792 ) 
4 103 107 (-740 -488 -820 ) (-740 -488 -792 ) (-1024 -488 -792 ) (-1024 -488 -820 ) 
4 103 106 (-972 -488 -820 ) (-1012 -488 -820 ) (-1012 -460 -820 ) (-972 -460 -820 ) 
4 103 105 (-740 -488 -820 ) (-960 -488 -820 ) (-960 -460 -820 ) (-740 -460 -820 ) 
4 103 104 (-1024 -460 -820 ) (-1024 -370 -820 ) (-740 -370 -820 ) (-740 -460 -820 ) 
4 104 126 (-1024 -370 -820 ) (-1024 -370 -862.976990 ) (-1024 -460 -862.976990 ) (-1024 -460 -820 ) 
4 104 109 (-960 -424 -862.976990 ) (-740 -424 -862.976990 ) (-740 -460 -862.976990 ) (-960 -460 -862.976990 ) 
4 104 110 (-1012 -424 -862.976990 ) (-972 -424 -862.976990 ) (-972 -460 -862.976990 ) (-1012 -460 -862.976990 ) 
4 104 108 (-1024 -424 -862.976990 ) (-1024 -370 -862.976990 ) (-740 -370 -862.976990 ) (-740 -424 -862.976990 ) 
4 104 106 (-1012 -460 -862.976990 ) (-972 -460 -862.976990 ) (-972 -460 -820 ) (-1012 -460 -820 ) 
4 104 105 (-960 -460 -862.976990 ) (-740 -460 -862.976990 ) (-740 -460 -820 ) (-960 -460 -820 ) 
4 105 109 (-960 -460 -862.976990 ) (-740 -460 -862.976990 ) (-740 -488 -862.976990 ) (-960 -488 -862.976990 ) 
4 105 107 (-960 -488 -862.976990 ) (-740 -488 -862.976990 ) (-740 -488 -820 ) (-960 -488 -820 ) 
4 106 110 (-1012 -460 -862.976990 ) (-972 -460 -862.976990 ) (-972 -488 -862.976990 ) (-1012 -488 -862.976990 ) 
4 106 107 (-1012 -488 -862.976990 ) (-972 -488 -862.976990 ) (-972 -488 -820 ) (-1012 -488 -820 ) 
4 107 197 (-1024 -1024 -820 ) (-1024 -1024 -862.976990 ) (-740 -1024 -862.976990 ) (-740 -1024 -820 ) 
4 107 194 (-1024 -1024 -704 ) (-1024 -1024 -820 ) (-740 -1024 -820 ) (-740 -1024 -704 ) 
4 107 130 (-1024 -1024 -862.976990 ) (-1024 -1024 -704 ) (-1024 -488 -704 ) (-1024 -488 -862.976990 ) 
4 107 109 (-960 -488 -862.976990 ) (-740 -488 -862.976990 ) (-740 -524 -862.976990 ) (-960 -524 -862.976990 ) 
4 107 110 (-1012 -488 -862.976990 ) (-972 -488 -862.976990 ) (-972 -524 -862.976990 ) (-1012 -524 -862.976990 ) 
4 107 111 (-1024 -1024 -862.976990 ) (-1024 -524 -862.976990 ) (-740 -524 -862.976990 ) (-740 -1024 -862.976990 ) 
4 108 131 (-1024 -370 -908 ) (-1024 -424 -908 ) (-1024 -424 -862.976990 ) (-1024 -370 -862.976990 ) 
4 108 109 (-960 -424 -908 ) (-740 -424 -908 ) (-740 -424 -862.976990 ) (-960 -424 -862.976990 ) 
4 108 110 (-1012 -424 -908 ) (-972 -424 -908 ) (-972 -424 -862.976990 ) (-1012 -424 -862.976990 ) 
4 109 111 (-960 -524 -908 ) (-740 -524 -908 ) (-740 -524 -862.976990 ) (-960 -524 -862.976990 ) 
4 110 111 (-1012 -524 -908 ) (-972 -524 -908 ) (-972 -524 -862.976990 ) (-1012 -524 -862.976990 ) 
4 111 205 (-1024 -1024 -862.976990 ) (-1024 -1024 -908 ) (-740 -1024 -908 ) (-740 -1024 -862.976990 ) 
4 111 131 (-1024 -524 -908 ) (-1024 -1024 -908 ) (-1024 -1024 -862.976990 ) (-1024 -524 -862.976990 ) 
4 112 137 (-1024 0 -908 ) (-1024 0 -953 ) (-1024 -59.877205 -953 ) (-1024 -59.877205 -908 ) 
4 113 139 (-1024 -224 -953 ) (-1024 -256 -953 ) (-1024 -256 -908 ) (-1024 -224 -908 ) 
4 113 138 (-1024 -97 -953 ) (-1024 -224 -953 ) (-1024 -224 -908 ) (-1024 -97 -908 ) 
4 113 115 (-1024 -256 -953 ) (-1024 -224 -953 ) (0 -224 -953 ) (0 -256 -953 ) 
4 114 141 (-1024 0 -992 ) (-1024 0 -1024 ) (-1024 -224 -1024 ) (-1024 -224 -992 ) 
4 114 115 (-1024 -224 -1024 ) (0 -224 -1024 ) (0 -224 -992 ) (-1024 -224 -992 ) 
4 115 141 (-1024 -224 -1024 ) (-1024 -256 -1024 ) (-1024 -256 -992 ) (-1024 -224 -992 ) 
4 115 139 (-1024 -256 -992 ) (-1024 -256 -953 ) (-1024 -224 -953 ) (-1024 -224 -992 ) 
4 115 116 (-1024 -256 -1024 ) (0 -256 -1024 ) (0 -256 -972 ) (-1024 -256 -972 ) 
4 116 217 (0 -1024 -1024 ) (0 -1024 -972 ) (-1024 -1024 -972 ) (-1024 -1024 -1024 ) 
4 116 141 (-1024 -256 -1024 ) (-1024 -1024 -1024 ) (-1024 -1024 -992 ) (-1024 -256 -992 ) 
4 116 140 (-1024 -1024 -992 ) (-1024 -1024 -972 ) (-1024 -256 -972 ) (-1024 -256 -992 ) 
4 118 220 (-1024 -1024 516 ) (-1024 -1024 1024 ) (-2048 -1024 1024 ) (-2048 -1024 516 ) 
4 118 151 (-2048 -1024 516 ) (-2048 -1024 1024 ) (-2048 -224 1024 ) (-2048 -224 516 ) 
4 118 148 (-2048 -97 1024 ) (-2048 -59.877205 1024 ) (-2048 -59.877205 516 ) (-2048 -97 516 ) 
4 118 147 (-2048 -59.877205 1024 ) (-2048 0 1024 ) (-2048 0 516 ) (-2048 -59.877205 516 ) 
4 118 149 (-2048 -224 1024 ) (-2048 -97 1024 ) (-2048 -97 516 ) (-2048 -224 516 ) 
4 118 119 (-1024 -120 516 ) (-1024 -1024 516 ) (-1216 -1024 516 ) (-1216 -120 516 ) 
4 118 120 (-2048 -1024 516 ) (-2048 0 516 ) (-1216 0 516 ) (-1216 -1024 516 ) 
4 119 220 (-1024 -1024 -448 ) (-1024 -1024 516 ) (-1216 -1024 516 ) (-1216 -1024 -448 ) 
4 119 121 (-1216 -640 -448 ) (-1216 -256 -448 ) (-1024 -256 -448 ) (-1024 -640 -448 ) 
4 119 120 (-1216 -120 -448 ) (-1216 -1024 -448 ) (-1216 -1024 516 ) (-1216 -120 516 ) 
4 120 220 (-1216 -1024 516 ) (-2048 -1024 516 ) (-2048 -1024 -448 ) (-1216 -1024 -448 ) 
4 120 151 (-2048 -1024 -448 ) (-2048 -1024 516 ) (-2048 -224 516 ) (-2048 -224 -448 ) 
4 120 148 (-2048 -97 516 ) (-2048 -59.877205 516 ) (-2048 -59.877205 -448 ) (-2048 -97 -448 ) 
4 120 147 (-2048 -59.877205 516 ) (-2048 0 516 ) (-2048 0 -448 ) (-2048 -59.877205 -448 ) 
4 120 149 (-2048 -224 516 ) (-2048 -97 516 ) (-2048 -97 -448 ) (-2048 -224 -448 ) 
4 120 121 (-1732 -640 -448 ) (-1732 -256 -448 ) (-1216 -256 -448 ) (-1216 -640 -448 ) 
4 120 122 (-1732 -1024 -448 ) (-2048 -1024 -448 ) (-2048 0 -448 ) (-1732 0 -448 ) 
4 121 122 (-1732 -640 -456 ) (-1732 -640 -448 ) (-1732 -256 -448 ) (-1732 -256 -456 ) 
4 122 222 (-1732 -1024 -448 ) (-2048 -1024 -448 ) (-2048 -1024 -512 ) (-1732 -1024 -512 ) 
4 122 151 (-2048 -1024 -512 ) (-2048 -1024 -448 ) (-2048 -224 -448 ) (-2048 -224 -512 ) 
4 122 148 (-2048 -97 -448 ) (-2048 -59.877205 -448 ) (-2048 -59.877205 -512 ) (-2048 -97 -512 ) 
4 122 147 (-2048 -59.877205 -448 ) (-2048 0 -448 ) (-2048 0 -512 ) (-2048 -59.877205 -512 ) 
4 122 149 (-2048 -224 -448 ) (-2048 -97 -448 ) (-2048 -97 -512 ) (-2048 -224 -512 ) 
4 122 136 (-2048 -1024 -512 ) (-2048 -370 -512 ) (-1732 -370 -512 ) (-1732 -1024 -512 ) 
4 122 124 (-2048 -97 -512 ) (-2048 -59.877205 -512 ) (-1732 -59.877205 -512 ) (-1732 -97 -512 ) 
4 122 123 (-2048 -59.877205 -512 ) (-2048 0 -512 ) (-1732 0 -512 ) (-1732 -59.877205 -512 ) 
4 122 125 (-2048 -370 -512 ) (-2048 -97 -512 ) (-1732 -97 -512 ) (-1732 -370 -512 ) 
4 123 147 (-2048 -59.877205 -512 ) (-2048 0 -512 ) (-2048 0 -908 ) (-2048 -59.877205 -908 ) 
4 123 137 (-2048 -59.877205 -908 ) (-2048 0 -908 ) (-1024 0 -908 ) (-1024 -59.877205 -908 ) 
4 123 124 (-1024 -59.877205 -611.382996 ) (-1024 -59.877205 -512 ) (-2048 -59.877205 -512 ) (-2048 -59.877205 -611.382996 ) 
4 124 148 (-2048 -97 -512 ) (-2048 -59.877205 -512 ) (-2048 -59.877205 -611.382996 ) (-2048 -97 -611.382996 ) 
4 124 125 (-1024 -97 -611.382996 ) (-1024 -97 -512 ) (-2048 -97 -512 ) (-2048 -97 -611.382996 ) 
4 125 151 (-2048 -370 -512 ) (-2048 -224 -512 ) (-2048 -224 -908 ) (-2048 -370 -908 ) 
4 125 149 (-2048 -224 -512 ) (-2048 -97 -512 ) (-2048 -97 -908 ) (-2048 -224 -908 ) 
4 125 139 (-1732 -224 -908 ) (-1024 -224 -908 ) (-1024 -256 -908 ) (-1732 -256 -908 ) 
4 125 138 (-2048 -224 -908 ) (-2048 -97 -908 ) (-1024 -97 -908 ) (-1024 -224 -908 ) 
4 125 135 (-1732 -370 -908 ) (-1140 -370 -908 ) (-1140 -370 -512 ) (-1732 -370 -512 ) 
4 125 136 (-2048 -370 -908 ) (-1732 -370 -908 ) (-1732 -370 -512 ) (-2048 -370 -512 ) 
4 125 132 (-1076 -370 -908 ) (-1064 -370 -908 ) (-1064 -370 -862.976990 ) (-1076 -370 -862.976990 ) 
4 125 131 (-1064 -370 -908 ) (-1024 -370 -908 ) (-1024 -370 -862.976990 ) (-1064 -370 -862.976990 ) 
4 125 134 (-1140 -370 -908 ) (-1076 -370 -908 ) (-1076 -370 -862.976990 ) (-1140 -370 -862.976990 ) 
4 125 127 (-1064 -370 -792 ) (-1076 -370 -792 ) (-1076 -370 -862.976990 ) (-1064 -370 -862.976990 ) 
4 125 126 (-1024 -370 -862.976990 ) (-1024 -370 -792 ) (-1064 -370 -792 ) (-1064 -370 -862.976990 ) 
4 125 129 (-1076 -370 -792 ) (-1140 -370 -792 ) (-1140 -370 -862.976990 ) (-1076 -370 -862.976990 ) 
4 126 131 (-1064 -370 -862.976990 ) (-1024 -370 -862.976990 ) (-1024 -488 -862.976990 ) (-1064 -488 -862.976990 ) 
4 126 130 (-1064 -488 -862.976990 ) (-1024 -488 -862.976990 ) (-1024 -488 -792 ) (-1064 -488 -792 ) 
4 126 128 (-1064 -488 -820 ) (-1064 -488 -792 ) (-1064 -460 -792 ) (-1064 -460 -820 ) 
4 126 127 (-1064 -370 -862.976990 ) (-1064 -460 -862.976990 ) (-1064 -460 -792 ) (-1064 -370 -792 ) 
4 127 132 (-1076 -370 -862.976990 ) (-1064 -370 -862.976990 ) (-1064 -424 -862.976990 ) (-1076 -424 -862.976990 ) 
4 127 128 (-1076 -460 -792 ) (-1076 -460 -820 ) (-1064 -460 -820 ) (-1064 -460 -792 ) 
4 127 129 (-1076 -370 -862.976990 ) (-1076 -460 -862.976990 ) (-1076 -460 -792 ) (-1076 -370 -792 ) 
4 128 130 (-1064 -488 -820 ) (-1064 -488 -792 ) (-1076 -488 -792 ) (-1076 -488 -820 ) 
4 128 129 (-1076 -488 -820 ) (-1076 -488 -792 ) (-1076 -460 -792 ) (-1076 -460 -820 ) 
4 129 135 (-1140 -370 -792 ) (-1140 -370 -862.976990 ) (-1140 -371 -862.976990 ) (-1140 -371 -792 ) 
4 129 134 (-1140 -488 -862.976990 ) (-1140 -370 -862.976990 ) (-1076 -370 -862.976990 ) (-1076 -488 -862.976990 ) 
4 129 130 (-1140 -488 -792 ) (-1140 -488 -862.976990 ) (-1076 -488 -862.976990 ) (-1076 -488 -792 ) 
4 130 223 (-1024 -1024 -862.976990 ) (-1024 -1024 -704 ) (-1140 -1024 -704 ) (-1140 -1024 -862.976990 ) 
4 130 133 (-1064 -524 -862.976990 ) (-1064 -1024 -862.976990 ) (-1076 -1024 -862.976990 ) (-1076 -524 -862.976990 ) 
4 130 131 (-1064 -488 -862.976990 ) (-1024 -488 -862.976990 ) (-1024 -1024 -862.976990 ) (-1064 -1024 -862.976990 ) 
4 130 134 (-1140 -1024 -862.976990 ) (-1140 -488 -862.976990 ) (-1076 -488 -862.976990 ) (-1076 -1024 -862.976990 ) 
4 131 223 (-1024 -1024 -908 ) (-1024 -1024 -862.976990 ) (-1064 -1024 -862.976990 ) (-1064 -1024 -908 ) 
4 131 132 (-1064 -424 -862.976990 ) (-1064 -370 -862.976990 ) (-1064 -370 -908 ) (-1064 -424 -908 ) 
4 131 133 (-1064 -1024 -862.976990 ) (-1064 -524 -862.976990 ) (-1064 -524 -908 ) (-1064 -1024 -908 ) 
4 132 134 (-1076 -424 -862.976990 ) (-1076 -370 -862.976990 ) (-1076 -370 -908 ) (-1076 -424 -908 ) 
4 133 223 (-1064 -1024 -862.976990 ) (-1076 -1024 -862.976990 ) (-1076 -1024 -908 ) (-1064 -1024 -908 ) 
4 133 134 (-1076 -1024 -862.976990 ) (-1076 -524 -862.976990 ) (-1076 -524 -908 ) (-1076 -1024 -908 ) 
4 134 223 (-1076 -1024 -862.976990 ) (-1140 -1024 -862.976990 ) (-1140 -1024 -908 ) (-1076 -1024 -908 ) 
4 134 135 (-1140 -370 -862.976990 ) (-1140 -370 -908 ) (-1140 -371 -908 ) (-1140 -371 -862.976990 ) 
4 135 136 (-1732 -370 -512 ) (-1732 -370 -908 ) (-1732 -371 -908 ) (-1732 -371 -512 ) 
4 136 235 (-1732 -1024 -512 ) (-2048 -1024 -512 ) (-2048 -1024 -908 ) (-1732 -1024 -908 ) 
4 136 151 (-2048 -1024 -908 ) (-2048 -1024 -512 ) (-2048 -370 -512 ) (-2048 -370 -908 ) 
4 137 147 (-2048 -59.877205 -908 ) (-2048 0 -908 ) (-2048 0 -953 ) (-2048 -59.877205 -953 ) 
4 138 149 (-2048 -224 -908 ) (-2048 -97 -908 ) (-2048 -97 -953 ) (-2048 -224 -953 ) 
4 138 139 (-1024 -224 -953 ) (-1024 -224 -908 ) (-1732 -224 -908 ) (-1732 -224 -953 ) 
4 139 141 (-1732 -224 -992 ) (-1024 -224 -992 ) (-1024 -256 -992 ) (-1732 -256 -992 ) 
4 139 140 (-1732 -256 -992 ) (-1024 -256 -992 ) (-1024 -256 -972 ) (-1732 -256 -972 ) 
4 140 236 (-1024 -1024 -992 ) (-1024 -1024 -972 ) (-2048 -1024 -972 ) (-2048 -1024 -992 ) 
4 140 152 (-2048 -1024 -992 ) (-2048 -1024 -972 ) (-2048 -256 -972 ) (-2048 -256 -992 ) 
4 140 141 (-1024 -1024 -992 ) (-2048 -1024 -992 ) (-2048 -256 -992 ) (-1024 -256 -992 ) 
4 141 236 (-1024 -1024 -1024 ) (-1024 -1024 -992 ) (-2048 -1024 -992 ) (-2048 -1024 -1024 ) 
4 141 154 (-2048 -1024 -1024 ) (-2048 -1024 -992 ) (-2048 0 -992 ) (-2048 0 -1024 ) 
4 142 146 (-2048 1024 -1024 ) (-2048 1024 -992 ) (-3072 1024 -992 ) (-3072 1024 -1024 ) 
4 142 144 (-2048 1024 -992 ) (-2048 1024 1024 ) (-3072 1024 1024 ) (-3072 1024 -992 ) 
4 142 143 (-3072 1024 -1024 ) (-3072 1024 1024 ) (-3072 1984 1024 ) (-3072 1984 -1024 ) 
4 143 158 (-3072 1024 -1024 ) (-3072 1024 -992 ) (-3652 1024 -992 ) (-3652 1024 -1024 ) 
4 143 155 (-3072 1024 -992 ) (-3072 1024 1024 ) (-3650 1024 1024 ) (-3650 1024 -992 ) 
4 143 157 (-3650 1024 1024 ) (-3652 1024 1024 ) (-3652 1024 -992 ) (-3650 1024 -992 ) 
4 144 155 (-3072 1024 1024 ) (-3072 1024 -992 ) (-3072 156 -992 ) (-3072 156 1024 ) 
4 144 146 (-3072 156 -992 ) (-3072 1024 -992 ) (-2048 1024 -992 ) (-2048 156 -992 ) 
4 144 145 (-2048 156 -953 ) (-2048 156 1024 ) (-3072 156 1024 ) (-3072 156 -953 ) 
4 145 156 (-3072 0 -953 ) (-3072 0 1024 ) (-3072 156 1024 ) (-3072 156 -953 ) 
4 145 147 (-2048 0 -953 ) (-2048 0 1024 ) (-2595 0 1024 ) (-2595 0 -953 ) 
4 145 150 (-2595 0 1024 ) (-3072 0 1024 ) (-3072 0 -953 ) (-2595 0 -953 ) 
4 146 158 (-3072 1024 -992 ) (-3072 1024 -1024 ) (-3072 0 -1024 ) (-3072 0 -992 ) 
4 146 154 (-2048 0 -1024 ) (-2048 0 -992 ) (-3072 0 -992 ) (-3072 0 -1024 ) 
4 147 148 (-2595 -59.877205 1024 ) (-2595 -59.877205 -611.382996 ) (-2048 -59.877205 -611.382996 ) (-2048 -59.877205 1024 ) 
4 147 150 (-2595 0 -953 ) (-2595 -59.877205 -953 ) (-2595 -59.877205 1024 ) (-2595 0 1024 ) 
4 148 150 (-2595 -97 -611.382996 ) (-2595 -97 1024 ) (-2595 -59.877205 1024 ) (-2595 -59.877205 -611.382996 ) 
4 148 149 (-2595 -97 1024 ) (-2595 -97 -611.382996 ) (-2048 -97 -611.382996 ) (-2048 -97 1024 ) 
4 149 151 (-2048 -224 -908 ) (-2048 -224 1024 ) (-2595 -224 1024 ) (-2595 -224 -908 ) 
4 149 150 (-2595 -97 -953 ) (-2595 -224 -953 ) (-2595 -224 1024 ) (-2595 -97 1024 ) 
4 150 159 (-3072 0 1024 ) (-3072 0 -953 ) (-3072 -224 -953 ) (-3072 -224 1024 ) 
4 150 151 (-2595 -224 1024 ) (-3072 -224 1024 ) (-3072 -224 -908 ) (-2595 -224 -908 ) 
4 151 243 (-2048 -1024 -908 ) (-2048 -1024 1024 ) (-2368 -1024 1024 ) (-2368 -1024 -908 ) 
4 151 245 (-2368 -1024 1024 ) (-3072 -1024 1024 ) (-3072 -1024 -908 ) (-2368 -1024 -908 ) 
4 151 161 (-3072 -256 1024 ) (-3072 -224 1024 ) (-3072 -224 -908 ) (-3072 -256 -908 ) 
4 151 162 (-3072 -1024 -908 ) (-3072 -1024 1024 ) (-3072 -256 1024 ) (-3072 -256 -908 ) 
4 151 153 (-2368 -1024 -908 ) (-3072 -1024 -908 ) (-3072 -256 -908 ) (-2368 -256 -908 ) 
4 152 246 (-2048 -1024 -992 ) (-2048 -1024 -972 ) (-2368 -1024 -972 ) (-2368 -1024 -992 ) 
4 152 154 (-2048 -1024 -992 ) (-2368 -1024 -992 ) (-2368 -256 -992 ) (-2048 -256 -992 ) 
4 152 153 (-2368 -256 -972 ) (-2368 -256 -992 ) (-2368 -1024 -992 ) (-2368 -1024 -972 ) 
4 153 246 (-3072 -1024 -972 ) (-3072 -1024 -992 ) (-2368 -1024 -992 ) (-2368 -1024 -972 ) 
4 153 245 (-2368 -1024 -908 ) (-3072 -1024 -908 ) (-3072 -1024 -972 ) (-2368 -1024 -972 ) 
4 153 162 (-3072 -1024 -992 ) (-3072 -1024 -908 ) (-3072 -256 -908 ) (-3072 -256 -992 ) 
4 153 154 (-2368 -1024 -992 ) (-3072 -1024 -992 ) (-3072 -256 -992 ) (-2368 -256 -992 ) 
4 154 246 (-2048 -1024 -1024 ) (-2048 -1024 -992 ) (-3072 -1024 -992 ) (-3072 -1024 -1024 ) 
4 154 164 (-3072 -1024 -1024 ) (-3072 -1024 -992 ) (-3072 0 -992 ) (-3072 0 -1024 ) 
4 155 158 (-3650 156 -992 ) (-3650 1024 -992 ) (-3072 1024 -992 ) (-3072 156 -992 ) 
4 155 156 (-3650 156 1024 ) (-3650 156 -953 ) (-3072 156 -953 ) (-3072 156 1024 ) 
4 155 157 (-3650 1024 -992 ) (-3650 156 -992 ) (-3650 156 1024 ) (-3650 1024 1024 ) 
4 156 159 (-3072 0 -953 ) (-3072 0 1024 ) (-3650 0 1024 ) (-3650 0 -953 ) 
4 156 157 (-3650 0 -953 ) (-3650 0 1024 ) (-3650 156 1024 ) (-3650 156 -953 ) 
4 157 160 (-3650 0 1024 ) (-3652 0 1024 ) (-3652 0 -992 ) (-3650 0 -992 ) 
4 157 158 (-3650 0 -992 ) (-3652 0 -992 ) (-3652 1024 -992 ) (-3650 1024 -992 ) 
4 158 164 (-3072 0 -1024 ) (-3072 0 -992 ) (-3652 0 -992 ) (-3652 0 -1024 ) 
4 159 161 (-3072 -224 -908 ) (-3072 -224 1024 ) (-3650 -224 1024 ) (-3650 -224 -908 ) 
4 159 160 (-3650 -224 -953 ) (-3650 -224 1024 ) (-3650 0 1024 ) (-3650 0 -953 ) 
4 160 164 (-3652 -224 -992 ) (-3652 0 -992 ) (-3650 0 -992 ) (-3650 -224 -992 ) 
4 160 163 (-3652 -224 1024 ) (-3652 -224 -992 ) (-3650 -224 -992 ) (-3650 -224 1024 ) 
4 161 162 (-3650 -256 1024 ) (-3650 -256 -908 ) (-3072 -256 -908 ) (-3072 -256 1024 ) 
4 161 163 (-3650 -256 1024 ) (-3650 -224 1024 ) (-3650 -224 -908 ) (-3650 -256 -908 ) 
4 162 247 (-3072 -1024 -992 ) (-3072 -1024 1024 ) (-3650 -1024 1024 ) (-3650 -1024 -992 ) 
4 162 164 (-3072 -1024 -992 ) (-3650 -1024 -992 ) (-3650 -256 -992 ) (-3072 -256 -992 ) 
4 162 163 (-3650 -1024 1024 ) (-3650 -256 1024 ) (-3650 -256 -992 ) (-3650 -1024 -992 ) 
4 163 247 (-3650 -1024 1024 ) (-3652 -1024 1024 ) (-3652 -1024 -992 ) (-3650 -1024 -992 ) 
4 163 164 (-3650 -1024 -992 ) (-3652 -1024 -992 ) (-3652 -224 -992 ) (-3650 -224 -992 ) 
4 164 247 (-3072 -1024 -1024 ) (-3072 -1024 -992 ) (-3652 -1024 -992 ) (-3652 -1024 -1024 ) 
4 165 179 (1760 -2048 -512 ) (1984 -2048 -512 ) (1984 -2048 1024 ) (1760 -2048 1024 ) 
4 165 168 (1760 -1024 -512 ) (1984 -1024 -512 ) (1984 -2048 -512 ) (1760 -2048 -512 ) 
4 165 166 (1760 -1688 -448 ) (1760 -1688 1024 ) (1760 -1024 1024 ) (1760 -1024 -448 ) 
4 165 167 (1760 -1688 -512 ) (1760 -2048 -512 ) (1760 -2048 1024 ) (1760 -1688 1024 ) 
4 166 172 (1024 -1024 1024 ) (1024 -1024 -448 ) (1024 -1688 -448 ) (1024 -1688 1024 ) 
4 166 167 (1760 -1688 -448 ) (1760 -1688 1024 ) (1024 -1688 1024 ) (1024 -1688 -448 ) 
4 167 179 (1024 -2048 1024 ) (1024 -2048 -512 ) (1760 -2048 -512 ) (1760 -2048 1024 ) 
4 167 178 (1024 -1688 -512 ) (1024 -2048 -512 ) (1024 -2048 1024 ) (1024 -1688 1024 ) 
4 167 171 (1760 -1688 -512 ) (1760 -2048 -512 ) (1024 -2048 -512 ) (1024 -1688 -512 ) 
4 168 179 (1760 -2048 -1024 ) (1984 -2048 -1024 ) (1984 -2048 -512 ) (1760 -2048 -512 ) 
4 168 169 (1760 -1688 -908 ) (1760 -1688 -512 ) (1760 -1024 -512 ) (1760 -1024 -908 ) 
4 168 170 (1760 -1024 -1024 ) (1760 -1688 -1024 ) (1760 -1688 -972 ) (1760 -1024 -972 ) 
4 168 171 (1760 -1688 -1024 ) (1760 -2048 -1024 ) (1760 -2048 -512 ) (1760 -1688 -512 ) 
4 169 173 (1024 -1024 -512 ) (1024 -1024 -908 ) (1024 -1688 -908 ) (1024 -1688 -512 ) 
4 169 171 (1760 -1688 -908 ) (1760 -1688 -512 ) (1024 -1688 -512 ) (1024 -1688 -908 ) 
4 170 177 (1024 -1024 -972 ) (1024 -1024 -1024 ) (1024 -1688 -1024 ) (1024 -1688 -972 ) 
4 170 171 (1024 -1688 -1024 ) (1760 -1688 -1024 ) (1760 -1688 -972 ) (1024 -1688 -972 ) 
4 171 179 (1024 -2048 -512 ) (1024 -2048 -1024 ) (1760 -2048 -1024 ) (1760 -2048 -512 ) 
4 171 178 (1024 -1688 -1024 ) (1024 -2048 -1024 ) (1024 -2048 -512 ) (1024 -1688 -512 ) 
4 172 187 (0 -1024 1024 ) (0 -1024 -448 ) (0 -1688 -448 ) (0 -1688 1024 ) 
4 172 178 (1024 -1688 -448 ) (1024 -1688 1024 ) (0 -1688 1024 ) (0 -1688 -448 ) 
4 172 174 (664 -1688 -448 ) (280 -1688 -448 ) (280 -1024 -448 ) (664 -1024 -448 ) 
4 173 178 (1024 -1688 -908 ) (1024 -1688 -512 ) (664 -1688 -512 ) (664 -1688 -908 ) 
4 173 175 (664 -1024 -908 ) (664 -1688 -908 ) (664 -1688 -568 ) (664 -1024 -568 ) 
4 174 178 (664 -1688 -448 ) (280 -1688 -448 ) (280 -1688 -456 ) (664 -1688 -456 ) 
4 175 178 (280 -1688 -568 ) (280 -1688 -908 ) (664 -1688 -908 ) (664 -1688 -568 ) 
4 175 176 (280 -1024 -908 ) (280 -1688 -908 ) (280 -1688 -568 ) (280 -1024 -568 ) 
4 176 214 (0 -1216 -908 ) (0 -1688 -908 ) (0 -1688 -862.976990 ) (0 -1216 -862.976990 ) 
4 176 212 (0 -1211.829956 -908 ) (0 -1216 -908 ) (0 -1216 -862.976990 ) (0 -1211.829956 -862.976990 ) 
4 176 206 (0 -1111.829956 -908 ) (0 -1211.829956 -908 ) (0 -1211.829956 -862.976990 ) (0 -1111.829956 -862.976990 ) 
4 176 204 (0 -1024 -862.976990 ) (0 -1024 -908 ) (0 -1111.829956 -908 ) (0 -1111.829956 -862.976990 ) 
4 176 191 (0 -1216 -862.976990 ) (0 -1688 -862.976990 ) (0 -1688 -512 ) (0 -1216 -512 ) 
4 176 190 (0 -1024 -512 ) (0 -1024 -862.976990 ) (0 -1216 -862.976990 ) (0 -1216 -512 ) 
4 176 178 (0 -1688 -512 ) (0 -1688 -908 ) (280 -1688 -908 ) (280 -1688 -512 ) 
4 177 219 (0 -1132 -1024 ) (0 -1688 -1024 ) (0 -1688 -972 ) (0 -1132 -972 ) 
4 177 217 (0 -1024 -972 ) (0 -1024 -1024 ) (0 -1132 -1024 ) (0 -1132 -972 ) 
4 177 178 (1024 -1688 -1024 ) (1024 -1688 -972 ) (0 -1688 -972 ) (0 -1688 -1024 ) 
4 178 219 (0 -2048 -1024 ) (0 -2048 -972 ) (0 -1688 -972 ) (0 -1688 -1024 ) 
4 178 218 (0 -2048 -972 ) (0 -2048 -908 ) (0 -1688 -908 ) (0 -1688 -972 ) 
4 178 214 (0 -2048 -908 ) (0 -2048 -862.976990 ) (0 -1688 -862.976990 ) (0 -1688 -908 ) 
4 178 191 (0 -2048 -862.976990 ) (0 -2048 -512 ) (0 -1688 -512 ) (0 -1688 -862.976990 ) 
4 178 188 (0 -2048 -512 ) (0 -2048 -448 ) (0 -1688 -448 ) (0 -1688 -512 ) 
4 178 187 (0 -2048 -448 ) (0 -2048 1024 ) (0 -1688 1024 ) (0 -1688 -448 ) 
4 178 180 (1024 -2048 -1024 ) (1024 -2048 1024 ) (0 -2048 1024 ) (0 -2048 -1024 ) 
4 179 181 (1024 -3072 1024 ) (1024 -3072 -1024 ) (1984 -3072 -1024 ) (1984 -3072 1024 ) 
4 179 180 (1024 -3072 -1024 ) (1024 -3072 1024 ) (1024 -2048 1024 ) (1024 -2048 -1024 ) 
4 180 239 (0 -3072 -1024 ) (0 -3072 1024 ) (0 -2048 1024 ) (0 -2048 -1024 ) 
4 180 182 (0 -3072 1024 ) (0 -3072 -1024 ) (1024 -3072 -1024 ) (1024 -3072 1024 ) 
4 181 183 (1024 -4096 1024 ) (1024 -4096 -1024 ) (1984 -4096 -1024 ) (1984 -4096 1024 ) 
4 181 182 (1024 -3072 1024 ) (1024 -3072 -1024 ) (1024 -4096 -1024 ) (1024 -4096 1024 ) 
4 182 241 (0 -4096 -1024 ) (0 -4096 1024 ) (0 -3072 1024 ) (0 -3072 -1024 ) 
4 182 184 (1024 -4096 -1024 ) (1024 -4096 1024 ) (0 -4096 1024 ) (0 -4096 -1024 ) 
4 183 185 (1024 -5120 1024 ) (1024 -5120 -1024 ) (1984 -5120 -1024 ) (1984 -5120 1024 ) 
4 183 184 (1024 -4096 1024 ) (1024 -4096 -1024 ) (1024 -5120 -1024 ) (1024 -5120 1024 ) 
4 184 252 (0 -5120 -1024 ) (0 -5120 1024 ) (0 -4096 1024 ) (0 -4096 -1024 ) 
4 184 186 (1024 -5120 -1024 ) (1024 -5120 1024 ) (0 -5120 1024 ) (0 -5120 -1024 ) 
4 185 186 (1024 -5824 -1024 ) (1024 -5824 1024 ) (1024 -5120 1024 ) (1024 -5120 -1024 ) 
4 186 254 (0 -5824 -1024 ) (0 -5824 1024 ) (0 -5120 1024 ) (0 -5120 -1024 ) 
4 187 239 (0 -2048 -448 ) (0 -2048 1024 ) (-1024 -2048 1024 ) (-1024 -2048 -448 ) 
4 187 220 (-1024 -1024 1024 ) (-1024 -1024 -448 ) (-1024 -2048 -448 ) (-1024 -2048 1024 ) 
4 187 189 (-60 -2048 -448 ) (-1024 -2048 -448 ) (-1024 -1688 -448 ) (-60 -1688 -448 ) 
4 187 188 (0 -2048 -448 ) (-60 -2048 -448 ) (-60 -1688 -448 ) (0 -1688 -448 ) 
4 188 239 (0 -2048 -512 ) (0 -2048 -448 ) (-60 -2048 -448 ) (-60 -2048 -512 ) 
4 188 191 (0 -1688 -512 ) (0 -2048 -512 ) (-60 -2048 -512 ) (-60 -1688 -512 ) 
4 188 189 (-60 -1688 -512 ) (-60 -2048 -512 ) (-60 -2048 -448 ) (-60 -1688 -448 ) 
4 189 239 (-60 -2048 -448 ) (-1024 -2048 -448 ) (-1024 -2048 -512 ) (-60 -2048 -512 ) 
4 189 221 (-1024 -1688 -512 ) (-1024 -2048 -512 ) (-1024 -2048 -448 ) (-1024 -1688 -448 ) 
4 189 196 (-1024 -2048 -512 ) (-1024 -1688 -512 ) (-740 -1688 -512 ) (-740 -2048 -512 ) 
4 189 192 (-739 -1688 -512 ) (-60 -1688 -512 ) (-60 -2048 -512 ) (-739 -2048 -512 ) 
4 189 193 (-740 -1688 -512 ) (-739 -1688 -512 ) (-739 -2048 -512 ) (-740 -2048 -512 ) 
4 190 212 (0 -1211.829956 -862.976990 ) (0 -1216 -862.976990 ) (-60 -1216 -862.976990 ) (-60 -1211.829956 -862.976990 ) 
4 190 206 (0 -1111.829956 -862.976990 ) (0 -1211.829956 -862.976990 ) (-60 -1211.829956 -862.976990 ) (-60 -1111.829956 -862.976990 ) 
4 190 204 (-60 -1024 -862.976990 ) (0 -1024 -862.976990 ) (0 -1111.829956 -862.976990 ) (-60 -1111.829956 -862.976990 ) 
4 190 191 (-60 -1216 -862.976990 ) (0 -1216 -862.976990 ) (0 -1216 -512 ) (-60 -1216 -512 ) 
4 191 239 (0 -2048 -862.976990 ) (0 -2048 -512 ) (-60 -2048 -512 ) (-60 -2048 -862.976990 ) 
4 191 214 (0 -2048 -862.976990 ) (-60 -2048 -862.976990 ) (-60 -1216 -862.976990 ) (0 -1216 -862.976990 ) 
4 191 192 (-60 -1232 -862.976990 ) (-60 -2048 -862.976990 ) (-60 -2048 -512 ) (-60 -1232 -512 ) 
4 192 239 (-60 -2048 -512 ) (-739 -2048 -512 ) (-739 -2048 -862.976990 ) (-60 -2048 -862.976990 ) 
4 192 215 (-60 -2048 -862.976990 ) (-739 -2048 -862.976990 ) (-739 -1232 -862.976990 ) (-60 -1232 -862.976990 ) 
4 192 193 (-739 -1232 -862.976990 ) (-739 -2048 -862.976990 ) (-739 -2048 -512 ) (-739 -1232 -512 ) 
4 193 239 (-739 -2048 -512 ) (-740 -2048 -512 ) (-740 -2048 -862.976990 ) (-739 -2048 -862.976990 ) 
4 193 216 (-739 -2048 -862.976990 ) (-740 -2048 -862.976990 ) (-740 -1216 -862.976990 ) (-739 -1216 -862.976990 ) 
4 193 203 (-740 -1216 -862.976990 ) (-740 -2048 -862.976990 ) (-740 -2048 -820 ) (-740 -1216 -820 ) 
4 193 195 (-740 -1216 -792 ) (-740 -1216 -820 ) (-740 -1232 -820 ) (-740 -1232 -792 ) 
4 193 196 (-740 -2048 -820 ) (-740 -2048 -512 ) (-740 -1232 -512 ) (-740 -1232 -820 ) 
4 194 223 (-1024 -1024 -704 ) (-1024 -1024 -820 ) (-1024 -1040 -820 ) (-1024 -1040 -704 ) 
4 194 197 (-1024 -1024 -820 ) (-740 -1024 -820 ) (-740 -1040 -820 ) (-1024 -1040 -820 ) 
4 194 195 (-1024 -1040 -820 ) (-740 -1040 -820 ) (-740 -1040 -792 ) (-1024 -1040 -792 ) 
4 195 225 (-1024 -1040 -820 ) (-1024 -1232 -820 ) (-1024 -1232 -792 ) (-1024 -1040 -792 ) 
4 195 202 (-972 -1175.829956 -820 ) (-1012 -1175.829956 -820 ) (-1012 -1147.829956 -820 ) (-972 -1147.829956 -820 ) 
4 195 200 (-868 -1175.829956 -820 ) (-908 -1175.829956 -820 ) (-908 -1147.829956 -820 ) (-868 -1147.829956 -820 ) 
4 195 201 (-920 -1175.829956 -820 ) (-960 -1175.829956 -820 ) (-960 -1147.829956 -820 ) (-920 -1147.829956 -820 ) 
4 195 199 (-816 -1175.829956 -820 ) (-856 -1175.829956 -820 ) (-856 -1147.829956 -820 ) (-816 -1147.829956 -820 ) 
4 195 198 (-740 -1147.829956 -820 ) (-740 -1175.829956 -820 ) (-804 -1175.829956 -820 ) (-804 -1147.829956 -820 ) 
4 195 197 (-740 -1040 -820 ) (-740 -1147.829956 -820 ) (-1024 -1147.829956 -820 ) (-1024 -1040 -820 ) 
4 195 203 (-740 -1175.829956 -820 ) (-740 -1232 -820 ) (-1024 -1232 -820 ) (-1024 -1175.829956 -820 ) 
4 195 196 (-1024 -1232 -820 ) (-740 -1232 -820 ) (-740 -1232 -792 ) (-1024 -1232 -792 ) 
4 196 239 (-740 -2048 -512 ) (-1024 -2048 -512 ) (-1024 -2048 -820 ) (-740 -2048 -820 ) 
4 196 225 (-1024 -1232 -820 ) (-1024 -2048 -820 ) (-1024 -2048 -792 ) (-1024 -1232 -792 ) 
4 196 224 (-1024 -2048 -792 ) (-1024 -2048 -512 ) (-1024 -1232 -512 ) (-1024 -1232 -792 ) 
4 196 203 (-740 -1232 -820 ) (-740 -2048 -820 ) (-1024 -2048 -820 ) (-1024 -1232 -820 ) 
4 197 225 (-1024 -1040 -862.976990 ) (-1024 -1147.829956 -862.976990 ) (-1024 -1147.829956 -820 ) (-1024 -1040 -820 ) 
4 197 223 (-1024 -1024 -820 ) (-1024 -1024 -862.976990 ) (-1024 -1040 -862.976990 ) (-1024 -1040 -820 ) 
4 197 210 (-960 -1111.829956 -862.976990 ) (-920 -1111.829956 -862.976990 ) (-920 -1147.829956 -862.976990 ) (-960 -1147.829956 -862.976990 ) 
4 197 211 (-1012 -1111.829956 -862.976990 ) (-972 -1111.829956 -862.976990 ) (-972 -1147.829956 -862.976990 ) (-1012 -1147.829956 -862.976990 ) 
4 197 209 (-908 -1111.829956 -862.976990 ) (-868 -1111.829956 -862.976990 ) (-868 -1147.829956 -862.976990 ) (-908 -1147.829956 -862.976990 ) 
4 197 207 (-804 -1111.829956 -862.976990 ) (-740 -1111.829956 -862.976990 ) (-740 -1147.829956 -862.976990 ) (-804 -1147.829956 -862.976990 ) 
4 197 208 (-856 -1111.829956 -862.976990 ) (-816 -1111.829956 -862.976990 ) (-816 -1147.829956 -862.976990 ) (-856 -1147.829956 -862.976990 ) 
4 197 205 (-1024 -1111.829956 -862.976990 ) (-1024 -1024 -862.976990 ) (-740 -1024 -862.976990 ) (-740 -1111.829956 -862.976990 ) 
4 197 202 (-1012 -1147.829956 -862.976990 ) (-972 -1147.829956 -862.976990 ) (-972 -1147.829956 -820 ) (-1012 -1147.829956 -820 ) 
4 197 200 (-908 -1147.829956 -862.976990 ) (-868 -1147.829956 -862.976990 ) (-868 -1147.829956 -820 ) (-908 -1147.829956 -820 ) 
4 197 201 (-960 -1147.829956 -862.976990 ) (-920 -1147.829956 -862.976990 ) (-920 -1147.829956 -820 ) (-960 -1147.829956 -820 ) 
4 197 199 (-856 -1147.829956 -862.976990 ) (-816 -1147.829956 -862.976990 ) (-816 -1147.829956 -820 ) (-856 -1147.829956 -820 ) 
4 197 198 (-804 -1147.829956 -862.976990 ) (-740 -1147.829956 -862.976990 ) (-740 -1147.829956 -820 ) (-804 -1147.829956 -820 ) 
4 198 207 (-804 -1147.829956 -862.976990 ) (-740 -1147.829956 -862.976990 ) (-740 -1175.829956 -862.976990 ) (-804 -1175.829956 -862.976990 ) 
4 198 203 (-804 -1175.829956 -862.976990 ) (-740 -1175.829956 -862.976990 ) (-740 -1175.829956 -820 ) (-804 -1175.829956 -820 ) 
4 199 208 (-856 -1147.829956 -862.976990 ) (-816 -1147.829956 -862.976990 ) (-816 -1175.829956 -862.976990 ) (-856 -1175.829956 -862.976990 ) 
4 199 203 (-856 -1175.829956 -862.976990 ) (-816 -1175.829956 -862.976990 ) (-816 -1175.829956 -820 ) (-856 -1175.829956 -820 ) 
4 200 209 (-908 -1147.829956 -862.976990 ) (-868 -1147.829956 -862.976990 ) (-868 -1175.829956 -862.976990 ) (-908 -1175.829956 -862.976990 ) 
4 200 203 (-908 -1175.829956 -862.976990 ) (-868 -1175.829956 -862.976990 ) (-868 -1175.829956 -820 ) (-908 -1175.829956 -820 ) 
4 201 210 (-960 -1147.829956 -862.976990 ) (-920 -1147.829956 -862.976990 ) (-920 -1175.829956 -862.976990 ) (-960 -1175.829956 -862.976990 ) 
4 201 203 (-960 -1175.829956 -862.976990 ) (-920 -1175.829956 -862.976990 ) (-920 -1175.829956 -820 ) (-960 -1175.829956 -820 ) 
4 202 211 (-1012 -1147.829956 -862.976990 ) (-972 -1147.829956 -862.976990 ) (-972 -1175.829956 -862.976990 ) (-1012 -1175.829956 -862.976990 ) 
4 202 203 (-1012 -1175.829956 -862.976990 ) (-972 -1175.829956 -862.976990 ) (-972 -1175.829956 -820 ) (-1012 -1175.829956 -820 ) 
4 203 239 (-1024 -2048 -820 ) (-1024 -2048 -862.976990 ) (-740 -2048 -862.976990 ) (-740 -2048 -820 ) 
4 203 225 (-1024 -1175.829956 -862.976990 ) (-1024 -2048 -862.976990 ) (-1024 -2048 -820 ) (-1024 -1175.829956 -820 ) 
4 203 216 (-740 -2048 -862.976990 ) (-1024 -2048 -862.976990 ) (-1024 -1216 -862.976990 ) (-740 -1216 -862.976990 ) 
4 203 213 (-1024 -1216 -862.976990 ) (-1024 -1211.829956 -862.976990 ) (-740 -1211.829956 -862.976990 ) (-740 -1216 -862.976990 ) 
4 203 210 (-960 -1175.829956 -862.976990 ) (-920 -1175.829956 -862.976990 ) (-920 -1211.829956 -862.976990 ) (-960 -1211.829956 -862.976990 ) 
4 203 211 (-1012 -1175.829956 -862.976990 ) (-972 -1175.829956 -862.976990 ) (-972 -1211.829956 -862.976990 ) (-1012 -1211.829956 -862.976990 ) 
4 203 209 (-908 -1175.829956 -862.976990 ) (-868 -1175.829956 -862.976990 ) (-868 -1211.829956 -862.976990 ) (-908 -1211.829956 -862.976990 ) 
4 203 207 (-804 -1175.829956 -862.976990 ) (-740 -1175.829956 -862.976990 ) (-740 -1211.829956 -862.976990 ) (-804 -1211.829956 -862.976990 ) 
4 203 208 (-856 -1175.829956 -862.976990 ) (-816 -1175.829956 -862.976990 ) (-816 -1211.829956 -862.976990 ) (-856 -1211.829956 -862.976990 ) 
4 204 206 (-60 -1111.829956 -908 ) (0 -1111.829956 -908 ) (0 -1111.829956 -862.976990 ) (-60 -1111.829956 -862.976990 ) 
4 205 230 (-1024 -1040 -908 ) (-1024 -1111.829956 -908 ) (-1024 -1111.829956 -862.976990 ) (-1024 -1040 -862.976990 ) 
4 205 223 (-1024 -1024 -862.976990 ) (-1024 -1024 -908 ) (-1024 -1040 -908 ) (-1024 -1040 -862.976990 ) 
4 205 210 (-960 -1111.829956 -908 ) (-920 -1111.829956 -908 ) (-920 -1111.829956 -862.976990 ) (-960 -1111.829956 -862.976990 ) 
4 205 211 (-1012 -1111.829956 -908 ) (-972 -1111.829956 -908 ) (-972 -1111.829956 -862.976990 ) (-1012 -1111.829956 -862.976990 ) 
4 205 209 (-908 -1111.829956 -908 ) (-868 -1111.829956 -908 ) (-868 -1111.829956 -862.976990 ) (-908 -1111.829956 -862.976990 ) 
4 205 207 (-804 -1111.829956 -908 ) (-740 -1111.829956 -908 ) (-740 -1111.829956 -862.976990 ) (-804 -1111.829956 -862.976990 ) 
4 205 208 (-856 -1111.829956 -908 ) (-816 -1111.829956 -908 ) (-816 -1111.829956 -862.976990 ) (-856 -1111.829956 -862.976990 ) 
4 206 212 (-60 -1211.829956 -908 ) (0 -1211.829956 -908 ) (0 -1211.829956 -862.976990 ) (-60 -1211.829956 -862.976990 ) 
4 207 213 (-804 -1211.829956 -908 ) (-740 -1211.829956 -908 ) (-740 -1211.829956 -862.976990 ) (-804 -1211.829956 -862.976990 ) 
4 208 213 (-856 -1211.829956 -908 ) (-816 -1211.829956 -908 ) (-816 -1211.829956 -862.976990 ) (-856 -1211.829956 -862.976990 ) 
4 209 213 (-908 -1211.829956 -908 ) (-868 -1211.829956 -908 ) (-868 -1211.829956 -862.976990 ) (-908 -1211.829956 -862.976990 ) 
4 210 213 (-960 -1211.829956 -908 ) (-920 -1211.829956 -908 ) (-920 -1211.829956 -862.976990 ) (-960 -1211.829956 -862.976990 ) 
4 211 213 (-1012 -1211.829956 -908 ) (-972 -1211.829956 -908 ) (-972 -1211.829956 -862.976990 ) (-1012 -1211.829956 -862.976990 ) 
4 212 214 (-60 -1216 -908 ) (0 -1216 -908 ) (0 -1216 -862.976990 ) (-60 -1216 -862.976990 ) 
4 213 230 (-1024 -1211.829956 -908 ) (-1024 -1216 -908 ) (-1024 -1216 -862.976990 ) (-1024 -1211.829956 -862.976990 ) 
4 213 216 (-1024 -1216 -908 ) (-740 -1216 -908 ) (-740 -1216 -862.976990 ) (-1024 -1216 -862.976990 ) 
4 214 239 (0 -2048 -908 ) (0 -2048 -862.976990 ) (-60 -2048 -862.976990 ) (-60 -2048 -908 ) 
4 214 218 (0 -2048 -908 ) (-60 -2048 -908 ) (-60 -1688 -908 ) (0 -1688 -908 ) 
4 214 215 (-60 -1232 -908 ) (-60 -2048 -908 ) (-60 -2048 -862.976990 ) (-60 -1232 -862.976990 ) 
4 215 239 (-60 -2048 -862.976990 ) (-739 -2048 -862.976990 ) (-739 -2048 -908 ) (-60 -2048 -908 ) 
4 215 218 (-60 -2048 -908 ) (-739 -2048 -908 ) (-739 -1688 -908 ) (-60 -1688 -908 ) 
4 215 216 (-739 -1232 -908 ) (-739 -2048 -908 ) (-739 -2048 -862.976990 ) (-739 -1232 -862.976990 ) 
4 216 239 (-739 -2048 -862.976990 ) (-1024 -2048 -862.976990 ) (-1024 -2048 -908 ) (-739 -2048 -908 ) 
4 216 230 (-1024 -1216 -908 ) (-1024 -2048 -908 ) (-1024 -2048 -862.976990 ) (-1024 -1216 -862.976990 ) 
4 216 218 (-739 -2048 -908 ) (-1024 -2048 -908 ) (-1024 -1688 -908 ) (-739 -1688 -908 ) 
4 217 236 (-1024 -1024 -972 ) (-1024 -1024 -1024 ) (-1024 -1132 -1024 ) (-1024 -1132 -972 ) 
4 217 219 (-1024 -1132 -972 ) (-1024 -1132 -1024 ) (0 -1132 -1024 ) (0 -1132 -972 ) 
4 218 239 (0 -2048 -972 ) (0 -2048 -908 ) (-1024 -2048 -908 ) (-1024 -2048 -972 ) 
4 218 237 (-1024 -2048 -972 ) (-1024 -2048 -908 ) (-1024 -1688 -908 ) (-1024 -1688 -972 ) 
4 218 219 (0 -2048 -972 ) (-1024 -2048 -972 ) (-1024 -1688 -972 ) (0 -1688 -972 ) 
4 219 239 (0 -2048 -1024 ) (0 -2048 -972 ) (-1024 -2048 -972 ) (-1024 -2048 -1024 ) 
4 219 238 (-1024 -2048 -1024 ) (-1024 -2048 -972 ) (-1024 -1132 -972 ) (-1024 -1132 -1024 ) 
4 220 243 (-2048 -1024 1024 ) (-2048 -1024 -448 ) (-2048 -1688 -448 ) (-2048 -1688 1024 ) 
4 220 244 (-2048 -1688 -448 ) (-2048 -2048 -448 ) (-2048 -2048 1024 ) (-2048 -1688 1024 ) 
4 220 240 (-1024 -2048 -448 ) (-1024 -2048 1024 ) (-2048 -2048 1024 ) (-2048 -2048 -448 ) 
4 220 221 (-1024 -1688 -448 ) (-1024 -2048 -448 ) (-1732 -2048 -448 ) (-1732 -1688 -448 ) 
4 220 222 (-2048 -1024 -448 ) (-1732 -1024 -448 ) (-1732 -2048 -448 ) (-2048 -2048 -448 ) 
4 221 240 (-1024 -2048 -512 ) (-1024 -2048 -448 ) (-1732 -2048 -448 ) (-1732 -2048 -512 ) 
4 221 234 (-1140 -2048 -512 ) (-1732 -2048 -512 ) (-1732 -1688 -512 ) (-1140 -1688 -512 ) 
4 221 224 (-1024 -2048 -512 ) (-1140 -2048 -512 ) (-1140 -1688 -512 ) (-1024 -1688 -512 ) 
4 221 222 (-1732 -1688 -512 ) (-1732 -2048 -512 ) (-1732 -2048 -448 ) (-1732 -1688 -448 ) 
4 222 243 (-2048 -1024 -448 ) (-2048 -1024 -512 ) (-2048 -1688 -512 ) (-2048 -1688 -448 ) 
4 222 244 (-2048 -1688 -512 ) (-2048 -2048 -512 ) (-2048 -2048 -448 ) (-2048 -1688 -448 ) 
4 222 240 (-1732 -2048 -448 ) (-2048 -2048 -448 ) (-2048 -2048 -512 ) (-1732 -2048 -512 ) 
4 222 235 (-1732 -2048 -512 ) (-2048 -2048 -512 ) (-2048 -1024 -512 ) (-1732 -1024 -512 ) 
4 223 231 (-1076 -1040 -908 ) (-1064 -1040 -908 ) (-1064 -1040 -862.976990 ) (-1076 -1040 -862.976990 ) 
4 223 230 (-1064 -1040 -908 ) (-1024 -1040 -908 ) (-1024 -1040 -862.976990 ) (-1064 -1040 -862.976990 ) 
4 223 233 (-1140 -1040 -862.976990 ) (-1140 -1040 -908 ) (-1076 -1040 -908 ) (-1076 -1040 -862.976990 ) 
4 223 226 (-1076 -1040 -862.976990 ) (-1064 -1040 -862.976990 ) (-1064 -1040 -792 ) (-1076 -1040 -792 ) 
4 223 225 (-1064 -1040 -862.976990 ) (-1024 -1040 -862.976990 ) (-1024 -1040 -792 ) (-1064 -1040 -792 ) 
4 223 229 (-1140 -1040 -792 ) (-1140 -1040 -862.976990 ) (-1076 -1040 -862.976990 ) (-1076 -1040 -792 ) 
4 224 240 (-1024 -2048 -792 ) (-1024 -2048 -512 ) (-1140 -2048 -512 ) (-1140 -2048 -792 ) 
4 224 234 (-1140 -2048 -792 ) (-1140 -2048 -512 ) (-1140 -1688 -512 ) (-1140 -1688 -792 ) 
4 224 228 (-1064 -2048 -792 ) (-1076 -2048 -792 ) (-1076 -1232 -792 ) (-1064 -1232 -792 ) 
4 224 225 (-1024 -2048 -792 ) (-1064 -2048 -792 ) (-1064 -1232 -792 ) (-1024 -1232 -792 ) 
4 224 229 (-1076 -2048 -792 ) (-1140 -2048 -792 ) (-1140 -1232 -792 ) (-1076 -1232 -792 ) 
4 225 240 (-1024 -2048 -862.976990 ) (-1024 -2048 -792 ) (-1064 -2048 -792 ) (-1064 -2048 -862.976990 ) 
4 225 230 (-1064 -1040 -862.976990 ) (-1024 -1040 -862.976990 ) (-1024 -2048 -862.976990 ) (-1064 -2048 -862.976990 ) 
4 225 227 (-1064 -1175.829956 -820 ) (-1064 -1175.829956 -792 ) (-1064 -1147.829956 -792 ) (-1064 -1147.829956 -820 ) 
4 225 226 (-1064 -1040 -862.976990 ) (-1064 -1147.829956 -862.976990 ) (-1064 -1147.829956 -792 ) (-1064 -1040 -792 ) 
4 225 228 (-1064 -1175.829956 -862.976990 ) (-1064 -2048 -862.976990 ) (-1064 -2048 -792 ) (-1064 -1175.829956 -792 ) 
4 226 231 (-1076 -1040 -862.976990 ) (-1064 -1040 -862.976990 ) (-1064 -1111.829956 -862.976990 ) (-1076 -1111.829956 -862.976990 ) 
4 226 227 (-1076 -1147.829956 -792 ) (-1076 -1147.829956 -820 ) (-1064 -1147.829956 -820 ) (-1064 -1147.829956 -792 ) 
4 226 229 (-1076 -1040 -862.976990 ) (-1076 -1147.829956 -862.976990 ) (-1076 -1147.829956 -792 ) (-1076 -1040 -792 ) 
4 227 229 (-1076 -1175.829956 -820 ) (-1076 -1175.829956 -792 ) (-1076 -1147.829956 -792 ) (-1076 -1147.829956 -820 ) 
4 227 228 (-1076 -1175.829956 -792 ) (-1076 -1175.829956 -820 ) (-1064 -1175.829956 -820 ) (-1064 -1175.829956 -792 ) 
4 228 240 (-1064 -2048 -792 ) (-1076 -2048 -792 ) (-1076 -2048 -862.976990 ) (-1064 -2048 -862.976990 ) 
4 228 232 (-1064 -1211.829956 -862.976990 ) (-1064 -2048 -862.976990 ) (-1076 -2048 -862.976990 ) (-1076 -1211.829956 -862.976990 ) 
4 228 229 (-1076 -1175.829956 -862.976990 ) (-1076 -2048 -862.976990 ) (-1076 -2048 -792 ) (-1076 -1175.829956 -792 ) 
4 229 240 (-1076 -2048 -792 ) (-1140 -2048 -792 ) (-1140 -2048 -862.976990 ) (-1076 -2048 -862.976990 ) 
4 229 234 (-1140 -2048 -862.976990 ) (-1140 -2048 -792 ) (-1140 -1688 -792 ) (-1140 -1688 -862.976990 ) 
4 229 233 (-1140 -2048 -862.976990 ) (-1140 -1040 -862.976990 ) (-1076 -1040 -862.976990 ) (-1076 -2048 -862.976990 ) 
4 230 240 (-1024 -2048 -908 ) (-1024 -2048 -862.976990 ) (-1064 -2048 -862.976990 ) (-1064 -2048 -908 ) 
4 230 237 (-1024 -1688 -908 ) (-1024 -2048 -908 ) (-1064 -2048 -908 ) (-1064 -1688 -908 ) 
4 230 231 (-1064 -1111.829956 -862.976990 ) (-1064 -1040 -862.976990 ) (-1064 -1040 -908 ) (-1064 -1111.829956 -908 ) 
4 230 232 (-1064 -2048 -862.976990 ) (-1064 -1211.829956 -862.976990 ) (-1064 -1211.829956 -908 ) (-1064 -2048 -908 ) 
4 231 233 (-1076 -1111.829956 -862.976990 ) (-1076 -1040 -862.976990 ) (-1076 -1040 -908 ) (-1076 -1111.829956 -908 ) 
4 232 240 (-1064 -2048 -862.976990 ) (-1076 -2048 -862.976990 ) (-1076 -2048 -908 ) (-1064 -2048 -908 ) 
4 232 237 (-1064 -2048 -908 ) (-1076 -2048 -908 ) (-1076 -1688 -908 ) (-1064 -1688 -908 ) 
4 232 233 (-1076 -2048 -862.976990 ) (-1076 -1211.829956 -862.976990 ) (-1076 -1211.829956 -908 ) (-1076 -2048 -908 ) 
4 233 240 (-1076 -2048 -862.976990 ) (-1140 -2048 -862.976990 ) (-1140 -2048 -908 ) (-1076 -2048 -908 ) 
4 233 237 (-1076 -2048 -908 ) (-1140 -2048 -908 ) (-1140 -1688 -908 ) (-1076 -1688 -908 ) 
4 233 234 (-1140 -1688 -908 ) (-1140 -2048 -908 ) (-1140 -2048 -862.976990 ) (-1140 -1688 -862.976990 ) 
4 234 240 (-1140 -2048 -512 ) (-1732 -2048 -512 ) (-1732 -2048 -908 ) (-1140 -2048 -908 ) 
4 234 237 (-1140 -1688 -908 ) (-1140 -2048 -908 ) (-1732 -2048 -908 ) (-1732 -1688 -908 ) 
4 234 235 (-1732 -1688 -908 ) (-1732 -2048 -908 ) (-1732 -2048 -512 ) (-1732 -1688 -512 ) 
4 235 243 (-2048 -1024 -512 ) (-2048 -1024 -908 ) (-2048 -1688 -908 ) (-2048 -1688 -512 ) 
4 235 244 (-2048 -1688 -908 ) (-2048 -2048 -908 ) (-2048 -2048 -512 ) (-2048 -1688 -512 ) 
4 235 240 (-1732 -2048 -512 ) (-2048 -2048 -512 ) (-2048 -2048 -908 ) (-1732 -2048 -908 ) 
4 235 237 (-1732 -1688 -908 ) (-1732 -2048 -908 ) (-2048 -2048 -908 ) (-2048 -1688 -908 ) 
4 236 246 (-2048 -1024 -972 ) (-2048 -1024 -1024 ) (-2048 -1132 -1024 ) (-2048 -1132 -972 ) 
4 236 238 (-2048 -1132 -972 ) (-2048 -1132 -1024 ) (-1024 -1132 -1024 ) (-1024 -1132 -972 ) 
4 237 244 (-2048 -2048 -972 ) (-2048 -2048 -908 ) (-2048 -1688 -908 ) (-2048 -1688 -972 ) 
4 237 240 (-1024 -2048 -972 ) (-1024 -2048 -908 ) (-2048 -2048 -908 ) (-2048 -2048 -972 ) 
4 237 238 (-1024 -1688 -972 ) (-1024 -2048 -972 ) (-2048 -2048 -972 ) (-2048 -1688 -972 ) 
4 238 246 (-2048 -2048 -1024 ) (-2048 -2048 -972 ) (-2048 -1132 -972 ) (-2048 -1132 -1024 ) 
4 238 240 (-1024 -2048 -1024 ) (-1024 -2048 -972 ) (-2048 -2048 -972 ) (-2048 -2048 -1024 ) 
4 239 241 (0 -3072 -1024 ) (0 -3072 1024 ) (-1024 -3072 1024 ) (-1024 -3072 -1024 ) 
4 239 240 (-1024 -3072 -1024 ) (-1024 -3072 1024 ) (-1024 -2048 1024 ) (-1024 -2048 -1024 ) 
4 240 248 (-2048 -3072 -1024 ) (-2048 -3072 1024 ) (-2048 -2048 1024 ) (-2048 -2048 -1024 ) 
4 240 242 (-2048 -3072 1024 ) (-2048 -3072 -1024 ) (-1024 -3072 -1024 ) (-1024 -3072 1024 ) 
4 241 252 (0 -4096 -1024 ) (0 -4096 1024 ) (-1024 -4096 1024 ) (-1024 -4096 -1024 ) 
4 241 242 (-1024 -3072 1024 ) (-1024 -3072 -1024 ) (-1024 -4096 -1024 ) (-1024 -4096 1024 ) 
4 242 253 (-1024 -4096 -1024 ) (-1024 -4096 1024 ) (-2048 -4096 1024 ) (-2048 -4096 -1024 ) 
4 242 249 (-2048 -4096 -1024 ) (-2048 -4096 1024 ) (-2048 -3072 1024 ) (-2048 -3072 -1024 ) 
4 243 244 (-2368 -1688 1024 ) (-2368 -1688 -908 ) (-2048 -1688 -908 ) (-2048 -1688 1024 ) 
4 243 245 (-2368 -1688 -908 ) (-2368 -1688 1024 ) (-2368 -1024 1024 ) (-2368 -1024 -908 ) 
4 244 248 (-2048 -2048 -972 ) (-2048 -2048 1024 ) (-2368 -2048 1024 ) (-2368 -2048 -972 ) 
4 244 246 (-2048 -2048 -972 ) (-2368 -2048 -972 ) (-2368 -1688 -972 ) (-2048 -1688 -972 ) 
4 244 245 (-2368 -1688 -972 ) (-2368 -2048 -972 ) (-2368 -2048 1024 ) (-2368 -1688 1024 ) 
4 245 248 (-2368 -2048 1024 ) (-3072 -2048 1024 ) (-3072 -2048 -972 ) (-2368 -2048 -972 ) 
4 245 247 (-3072 -1024 1024 ) (-3072 -1024 -972 ) (-3072 -2048 -972 ) (-3072 -2048 1024 ) 
4 245 246 (-2368 -2048 -972 ) (-3072 -2048 -972 ) (-3072 -1024 -972 ) (-2368 -1024 -972 ) 
4 246 248 (-2048 -2048 -1024 ) (-2048 -2048 -972 ) (-3072 -2048 -972 ) (-3072 -2048 -1024 ) 
4 246 247 (-3072 -1024 -972 ) (-3072 -1024 -1024 ) (-3072 -2048 -1024 ) (-3072 -2048 -972 ) 
4 247 250 (-3072 -2048 -1024 ) (-3072 -2048 1024 ) (-3652 -2048 1024 ) (-3652 -2048 -1024 ) 
4 248 250 (-3072 -2048 1024 ) (-3072 -2048 -1024 ) (-3072 -3072 -1024 ) (-3072 -3072 1024 ) 
4 248 249 (-2048 -3072 -1024 ) (-2048 -3072 1024 ) (-3072 -3072 1024 ) (-3072 -3072 -1024 ) 
4 249 256 (-2048 -4096 -1024 ) (-2048 -4096 1024 ) (-3072 -4096 1024 ) (-3072 -4096 -1024 ) 
4 249 251 (-3072 -4096 -1024 ) (-3072 -4096 1024 ) (-3072 -3072 1024 ) (-3072 -3072 -1024 ) 
4 250 251 (-3072 -3072 -1024 ) (-3072 -3072 1024 ) (-3652 -3072 1024 ) (-3652 -3072 -1024 ) 
4 251 257 (-3072 -4096 -1024 ) (-3072 -4096 1024 ) (-3652 -4096 1024 ) (-3652 -4096 -1024 ) 
4 252 254 (0 -5120 -1024 ) (0 -5120 1024 ) (-1024 -5120 1024 ) (-1024 -5120 -1024 ) 
4 252 253 (-1024 -4096 1024 ) (-1024 -4096 -1024 ) (-1024 -5120 -1024 ) (-1024 -5120 1024 ) 
4 253 256 (-2048 -4096 1024 ) (-2048 -4096 -1024 ) (-2048 -5120 -1024 ) (-2048 -5120 1024 ) 
4 253 255 (-1024 -5120 -1024 ) (-1024 -5120 1024 ) (-2048 -5120 1024 ) (-2048 -5120 -1024 ) 
4 254 255 (-1024 -5824 -1024 ) (-1024 -5824 1024 ) (-1024 -5120 1024 ) (-1024 -5120 -1024 ) 
4 255 258 (-2048 -5824 -1024 ) (-2048 -5824 1024 ) (-2048 -5120 1024 ) (-2048 -5120 -1024 ) 
4 256 258 (-2048 -5120 -1024 ) (-2048 -5120 1024 ) (-3072 -5120 1024 ) (-3072 -5120 -1024 ) 
4 256 257 (-3072 -4096 1024 ) (-3072 -4096 -1024 ) (-3072 -5120 -1024 ) (-3072 -5120 1024 ) 
4 257 259 (-3072 -5120 -1024 ) (-3072 -5120 1024 ) (-3652 -5120 1024 ) (-3652 -5120 -1024 ) 
4 258 259 (-3072 -5120 1024 ) (-3072 -5120 -1024 ) (-3072 -5824 -1024 ) (-3072 -5824 1024 ) 
