PRT1
289
847
4 0 15 (1760 1024 -448 ) (1760 1024 -1024 ) (1984 1024 -1024 ) (1984 1024 -448 ) 
4 0 12 (1984 1024 1024 ) (1760 1024 1024 ) (1760 1024 -448 ) (1984 1024 -448 ) 
4 0 2 (1760 1024 1024 ) (1760 1216 1024 ) (1760 1216 -448 ) (1760 1024 -448 ) 
4 0 3 (1760 1216 -512 ) (1760 1216 -1024 ) (1760 1024 -1024 ) (1760 1024 -512 ) 
4 0 1 (1760 1216 1024 ) (1760 1984 1024 ) (1760 1984 -1024 ) (1760 1216 -1024 ) 
4 1 7 (1024 1984 -448 ) (1024 1984 -1024 ) (1024 1216 -1024 ) (1024 1216 -448 ) 
4 1 5 (1024 1984 516 ) (1024 1984 -448 ) (1024 1216 -448 ) (1024 1216 516 ) 
4 1 4 (1024 1216 1024 ) (1024 1984 1024 ) (1024 1984 516 ) (1024 1216 516 ) 
4 1 2 (1760 1216 -448 ) (1760 1216 1024 ) (1024 1216 1024 ) (1024 1216 -448 ) 
4 1 3 (1024 1216 -1024 ) (1760 1216 -1024 ) (1760 1216 -512 ) (1024 1216 -512 ) 
4 2 13 (1679 1024 1024 ) (1024 1024 1024 ) (1024 1024 -448 ) (1679 1024 -448 ) 
4 2 12 (1760 1024 1024 ) (1679 1024 1024 ) (1679 1024 -448 ) (1760 1024 -448 ) 
4 2 5 (1024 1024 -448 ) (1024 1024 516 ) (1024 1216 516 ) (1024 1216 -448 ) 
4 2 4 (1024 1024 516 ) (1024 1024 1024 ) (1024 1216 1024 ) (1024 1216 516 ) 
4 3 17 (1024 1024 -953 ) (1024 1024 -1024 ) (1760 1024 -1024 ) (1760 1024 -953 ) 
4 3 16 (1024 1024 -512 ) (1024 1024 -953 ) (1760 1024 -953 ) (1760 1024 -512 ) 
4 3 8 (1024 1024 -1024 ) (1024 1024 -512 ) (1024 1216 -512 ) (1024 1216 -1024 ) 
4 4 82 (0 1024 516 ) (0 1024 1024 ) (0 1984 1024 ) (0 1984 516 ) 
4 4 22 (140 1024 1024 ) (0 1024 1024 ) (0 1024 516 ) (140 1024 516 ) 
4 4 21 (777 1024 1024 ) (140 1024 1024 ) (140 1024 516 ) (777 1024 516 ) 
4 4 19 (1024 1024 516 ) (1024 1024 1024 ) (777 1024 1024 ) (777 1024 516 ) 
4 4 6 (0 1984 516 ) (140 1984 516 ) (140 1288 516 ) (0 1288 516 ) 
4 4 5 (140 1984 516 ) (1024 1984 516 ) (1024 1024 516 ) (140 1024 516 ) 
4 5 21 (777 1024 516 ) (140 1024 516 ) (140 1024 -448 ) (777 1024 -448 ) 
4 5 19 (1024 1024 -448 ) (1024 1024 516 ) (777 1024 516 ) (777 1024 -448 ) 
4 5 9 (664 1024 -448 ) (280 1024 -448 ) (280 1216 -448 ) (664 1216 -448 ) 
4 5 7 (1024 1984 -448 ) (1024 1216 -448 ) (140 1216 -448 ) (140 1984 -448 ) 
4 5 6 (140 1288 516 ) (140 1984 516 ) (140 1984 -448 ) (140 1288 -448 ) 
4 6 83 (0 1288 516 ) (0 1984 516 ) (0 1984 -448 ) (0 1288 -448 ) 
4 6 7 (0 1288 -448 ) (0 1984 -448 ) (140 1984 -448 ) (140 1288 -448 ) 
4 7 84 (0 1216 -1024 ) (0 1216 -448 ) (0 1984 -448 ) (0 1984 -1024 ) 
4 7 11 (0 1216 -512 ) (0 1216 -1024 ) (280 1216 -1024 ) (280 1216 -512 ) 
4 7 9 (664 1216 -448 ) (280 1216 -448 ) (280 1216 -456 ) (664 1216 -456 ) 
4 7 10 (280 1216 -568 ) (280 1216 -1024 ) (664 1216 -1024 ) (664 1216 -568 ) 
4 7 8 (664 1216 -512 ) (664 1216 -1024 ) (1024 1216 -1024 ) (1024 1216 -512 ) 
4 8 28 (1024 1024 -1024 ) (1024 1024 -992 ) (664 1024 -992 ) (664 1024 -1024 ) 
4 8 27 (1024 1024 -992 ) (1024 1024 -953 ) (664 1024 -953 ) (664 1024 -992 ) 
4 8 23 (1024 1024 -953 ) (1024 1024 -512 ) (664 1024 -512 ) (664 1024 -953 ) 
4 8 10 (664 1216 -568 ) (664 1216 -1024 ) (664 1024 -1024 ) (664 1024 -568 ) 
4 9 24 (664 1024 -456 ) (664 1024 -448 ) (280 1024 -448 ) (280 1024 -456 ) 
4 10 28 (664 1024 -1024 ) (664 1024 -992 ) (280 1024 -992 ) (280 1024 -1024 ) 
4 10 27 (664 1024 -992 ) (664 1024 -953 ) (280 1024 -953 ) (280 1024 -992 ) 
4 10 25 (664 1024 -953 ) (664 1024 -568 ) (280 1024 -568 ) (280 1024 -953 ) 
4 10 11 (280 1216 -568 ) (280 1216 -1024 ) (280 1024 -1024 ) (280 1024 -568 ) 
4 11 85 (0 1024 -1024 ) (0 1024 -512 ) (0 1216 -512 ) (0 1216 -1024 ) 
4 11 28 (280 1024 -1024 ) (280 1024 -992 ) (0 1024 -992 ) (0 1024 -1024 ) 
4 11 27 (280 1024 -992 ) (280 1024 -953 ) (0 1024 -953 ) (0 1024 -992 ) 
4 11 26 (280 1024 -953 ) (280 1024 -512 ) (0 1024 -512 ) (0 1024 -953 ) 
4 12 30 (1679 0 -448 ) (1984 0 -448 ) (1984 0 179 ) (1679 0 179 ) 
4 12 29 (1984 0 179 ) (1984 0 1024 ) (1679 0 1024 ) (1679 0 179 ) 
4 12 15 (1760 1024 -448 ) (1984 1024 -448 ) (1984 0 -448 ) (1760 0 -448 ) 
4 12 14 (1679 0 179 ) (1679 0 1024 ) (1679 1003.219971 1024 ) (1679 1003.219971 179 ) 
4 12 13 (1679 1024 -448 ) (1679 1003.219971 -448 ) (1679 1003.219971 1024 ) (1679 1024 1024 ) 
4 13 19 (1024 1003.219971 1024 ) (1024 1024 1024 ) (1024 1024 -448 ) (1024 1003.219971 -448 ) 
4 13 14 (1679 1003.219971 179 ) (1679 1003.219971 1024 ) (1024 1003.219971 1024 ) (1024 1003.219971 179 ) 
4 14 29 (1024 0 1024 ) (1024 0 179 ) (1679 0 179 ) (1679 0 1024 ) 
4 14 20 (1024 0 179 ) (1024 0 1024 ) (1024 1003.219971 1024 ) (1024 1003.219971 179 ) 
4 15 42 (1760 0 -1024 ) (1984 0 -1024 ) (1984 0 -512 ) (1760 0 -512 ) 
4 15 32 (1984 0 -512 ) (1984 0 -448 ) (1760 0 -448 ) (1760 0 -512 ) 
4 15 18 (1760 156 -1024 ) (1760 0 -1024 ) (1760 0 -992 ) (1760 156 -992 ) 
4 15 17 (1760 1024 -1024 ) (1760 156 -1024 ) (1760 156 -953 ) (1760 1024 -953 ) 
4 15 16 (1760 0 -953 ) (1760 0 -512 ) (1760 1024 -512 ) (1760 1024 -953 ) 
4 16 57 (1024 0 -908 ) (1024 0 -953 ) (1760 0 -953 ) (1760 0 -908 ) 
4 16 43 (1024 0 -512 ) (1024 0 -908 ) (1760 0 -908 ) (1760 0 -512 ) 
4 16 23 (1024 0 -953 ) (1024 0 -512 ) (1024 1024 -512 ) (1024 1024 -953 ) 
4 16 17 (1024 1024 -953 ) (1760 1024 -953 ) (1760 156 -953 ) (1024 156 -953 ) 
4 17 28 (1024 1024 -992 ) (1024 1024 -1024 ) (1024 156 -1024 ) (1024 156 -992 ) 
4 17 27 (1024 156 -953 ) (1024 1024 -953 ) (1024 1024 -992 ) (1024 156 -992 ) 
4 17 18 (1024 156 -1024 ) (1760 156 -1024 ) (1760 156 -992 ) (1024 156 -992 ) 
4 18 61 (1024 0 -992 ) (1024 0 -1024 ) (1760 0 -1024 ) (1760 0 -992 ) 
4 18 28 (1024 0 -1024 ) (1024 0 -992 ) (1024 156 -992 ) (1024 156 -1024 ) 
4 19 21 (777 1024 -448 ) (777 1003.219971 -448 ) (777 1003.219971 1024 ) (777 1024 1024 ) 
4 19 20 (777 1003.219971 1024 ) (777 1003.219971 179 ) (1024 1003.219971 179 ) (1024 1003.219971 1024 ) 
4 20 62 (1024 0 179 ) (1024 0 1024 ) (777 0 1024 ) (777 0 179 ) 
4 20 21 (777 0 179 ) (777 0 1024 ) (777 1003.219971 1024 ) (777 1003.219971 179 ) 
4 21 64 (140 0 -448 ) (777 0 -448 ) (777 0 1024 ) (140 0 1024 ) 
4 21 24 (280 1024 -448 ) (664 1024 -448 ) (664 0 -448 ) (280 0 -448 ) 
4 21 22 (140 0 516 ) (140 0 1024 ) (140 1024 1024 ) (140 1024 516 ) 
4 22 92 (0 0 516 ) (0 0 1024 ) (0 1024 1024 ) (0 1024 516 ) 
4 22 65 (0 0 1024 ) (0 0 516 ) (140 0 516 ) (140 0 1024 ) 
4 23 71 (664 0 -953 ) (1024 0 -953 ) (1024 0 -611.382996 ) (664 0 -611.382996 ) 
4 23 67 (1024 0 -611.382996 ) (1024 0 -512 ) (664 0 -512 ) (664 0 -611.382996 ) 
4 23 27 (664 156 -953 ) (664 1024 -953 ) (1024 1024 -953 ) (1024 156 -953 ) 
4 23 25 (664 1024 -953 ) (664 0 -953 ) (664 0 -568 ) (664 1024 -568 ) 
4 24 68 (664 0 -456 ) (664 0 -448 ) (280 0 -448 ) (280 0 -456 ) 
4 25 71 (280 0 -953 ) (664 0 -953 ) (664 0 -611.382996 ) (280 0 -611.382996 ) 
4 25 69 (664 0 -611.382996 ) (664 0 -568 ) (280 0 -568 ) (280 0 -611.382996 ) 
4 25 27 (280 156 -953 ) (280 1024 -953 ) (664 1024 -953 ) (664 156 -953 ) 
4 25 26 (280 1024 -953 ) (280 0 -953 ) (280 0 -568 ) (280 1024 -568 ) 
4 26 94 (0 0 -953 ) (0 0 -512 ) (0 156 -512 ) (0 156 -953 ) 
4 26 93 (0 156 -512 ) (0 1024 -512 ) (0 1024 -953 ) (0 156 -953 ) 
4 26 71 (0 0 -611.382996 ) (0 0 -953 ) (280 0 -953 ) (280 0 -611.382996 ) 
4 26 70 (0 0 -512 ) (0 0 -611.382996 ) (280 0 -611.382996 ) (280 0 -512 ) 
4 26 27 (0 156 -953 ) (0 1024 -953 ) (280 1024 -953 ) (280 156 -953 ) 
4 27 93 (0 156 -953 ) (0 1024 -953 ) (0 1024 -992 ) (0 156 -992 ) 
4 27 28 (0 1024 -992 ) (1024 1024 -992 ) (1024 156 -992 ) (0 156 -992 ) 
4 28 95 (0 0 -1024 ) (0 0 -992 ) (0 1024 -992 ) (0 1024 -1024 ) 
4 28 73 (0 0 -992 ) (0 0 -1024 ) (1024 0 -1024 ) (1024 0 -992 ) 
4 29 62 (1024 0 1024 ) (1024 0 179 ) (1024 -134 179 ) (1024 -134 1024 ) 
4 29 63 (1024 -134 179 ) (1024 -256 179 ) (1024 -256 1024 ) (1024 -134 1024 ) 
4 29 33 (1024 -256 1024 ) (1024 -256 179 ) (1984 -256 179 ) (1984 -256 1024 ) 
4 29 31 (1679 -134 179 ) (1679 -256 179 ) (1024 -256 179 ) (1024 -134 179 ) 
4 29 30 (1679 0 179 ) (1984 0 179 ) (1984 -256 179 ) (1679 -256 179 ) 
4 30 33 (1679 -256 -448 ) (1984 -256 -448 ) (1984 -256 179 ) (1679 -256 179 ) 
4 30 32 (1984 0 -448 ) (1984 -256 -448 ) (1760 -256 -448 ) (1760 0 -448 ) 
4 30 31 (1679 -134 -448 ) (1679 -256 -448 ) (1679 -256 179 ) (1679 -134 179 ) 
4 31 63 (1024 -134 -448 ) (1024 -256 -448 ) (1024 -256 179 ) (1024 -134 179 ) 
4 31 33 (1024 -256 179 ) (1024 -256 -448 ) (1679 -256 -448 ) (1679 -256 179 ) 
4 32 42 (1760 0 -512 ) (1984 0 -512 ) (1984 -256 -512 ) (1760 -256 -512 ) 
4 32 34 (1760 -256 -512 ) (1984 -256 -512 ) (1984 -256 -456 ) (1760 -256 -456 ) 
4 32 33 (1984 -256 -456 ) (1984 -256 -448 ) (1760 -256 -448 ) (1760 -256 -456 ) 
4 33 75 (1024 -640 -456 ) (1024 -640 -448 ) (1024 -256 -448 ) (1024 -256 -456 ) 
4 33 63 (1024 -640 -448 ) (1024 -640 1024 ) (1024 -256 1024 ) (1024 -256 -448 ) 
4 33 41 (1760 -640 -456 ) (1984 -640 -456 ) (1984 -640 -448 ) (1760 -640 -448 ) 
4 33 40 (1024 -640 1024 ) (1024 -640 -448 ) (1984 -640 -448 ) (1984 -640 1024 ) 
4 33 39 (1096 -480 -456 ) (1096 -479 -456 ) (1160 -479 -456 ) (1160 -480 -456 ) 
4 33 37 (1138 -468 -456 ) (1138 -479 -456 ) (1118 -479 -456 ) (1118 -468 -456 ) 
4 33 36 (1118 -416 -456 ) (1138 -416 -456 ) (1138 -468 -456 ) (1118 -468 -456 ) 
4 33 35 (1138 -416 -456 ) (1160 -416 -456 ) (1160 -479 -456 ) (1138 -479 -456 ) 
4 33 38 (1096 -479 -456 ) (1096 -416 -456 ) (1118 -416 -456 ) (1118 -479 -456 ) 
4 33 34 (1984 -640 -456 ) (1760 -640 -456 ) (1760 -256 -456 ) (1984 -256 -456 ) 
4 34 42 (1984 -640 -512 ) (1760 -640 -512 ) (1760 -256 -512 ) (1984 -256 -512 ) 
4 34 41 (1760 -640 -512 ) (1984 -640 -512 ) (1984 -640 -456 ) (1760 -640 -456 ) 
4 35 50 (1160 -468 -512 ) (1160 -479 -512 ) (1138 -479 -512 ) (1138 -468 -512 ) 
4 35 49 (1138 -416 -512 ) (1160 -416 -512 ) (1160 -468 -512 ) (1138 -468 -512 ) 
4 35 39 (1138 -479 -512 ) (1160 -479 -512 ) (1160 -479 -456 ) (1138 -479 -456 ) 
4 35 37 (1138 -468 -512 ) (1138 -479 -512 ) (1138 -479 -456 ) (1138 -468 -456 ) 
4 35 36 (1138 -416 -456 ) (1138 -416 -512 ) (1138 -468 -512 ) (1138 -468 -456 ) 
4 36 49 (1118 -416 -512 ) (1138 -416 -512 ) (1138 -468 -512 ) (1118 -468 -512 ) 
4 36 38 (1118 -416 -456 ) (1118 -416 -512 ) (1118 -468 -512 ) (1118 -468 -456 ) 
4 36 37 (1118 -468 -456 ) (1118 -468 -512 ) (1138 -468 -512 ) (1138 -468 -456 ) 
4 37 51 (1138 -468 -512 ) (1138 -479 -512 ) (1118 -479 -512 ) (1118 -468 -512 ) 
4 37 39 (1118 -479 -512 ) (1138 -479 -512 ) (1138 -479 -456 ) (1118 -479 -456 ) 
4 37 38 (1118 -468 -512 ) (1118 -479 -512 ) (1118 -479 -456 ) (1118 -468 -456 ) 
4 38 53 (1096 -479 -512 ) (1096 -468 -512 ) (1118 -468 -512 ) (1118 -479 -512 ) 
4 38 49 (1096 -468 -512 ) (1096 -416 -512 ) (1118 -416 -512 ) (1118 -468 -512 ) 
4 38 39 (1096 -479 -456 ) (1096 -479 -512 ) (1118 -479 -512 ) (1118 -479 -456 ) 
4 39 52 (1118 -479 -512 ) (1138 -479 -512 ) (1138 -480 -512 ) (1118 -480 -512 ) 
4 39 50 (1138 -479 -512 ) (1160 -479 -512 ) (1160 -480 -512 ) (1138 -480 -512 ) 
4 39 53 (1096 -480 -512 ) (1096 -479 -512 ) (1118 -479 -512 ) (1118 -480 -512 ) 
4 40 195 (1024 -1024 1024 ) (1024 -1024 -448 ) (1760 -1024 -448 ) (1760 -1024 1024 ) 
4 40 194 (1760 -1024 -448 ) (1984 -1024 -448 ) (1984 -1024 1024 ) (1760 -1024 1024 ) 
4 40 63 (1024 -1024 -448 ) (1024 -1024 1024 ) (1024 -640 1024 ) (1024 -640 -448 ) 
4 40 41 (1760 -640 -448 ) (1984 -640 -448 ) (1984 -1024 -448 ) (1760 -1024 -448 ) 
4 41 194 (1760 -1024 -512 ) (1984 -1024 -512 ) (1984 -1024 -448 ) (1760 -1024 -448 ) 
4 41 42 (1984 -1024 -512 ) (1760 -1024 -512 ) (1760 -640 -512 ) (1984 -640 -512 ) 
4 42 197 (1984 -1024 -1024 ) (1984 -1024 -512 ) (1760 -1024 -512 ) (1760 -1024 -1024 ) 
4 42 61 (1760 -1024 -1024 ) (1760 -1024 -992 ) (1760 0 -992 ) (1760 0 -1024 ) 
4 42 60 (1760 -1024 -992 ) (1760 -1024 -972 ) (1760 -256 -972 ) (1760 -256 -992 ) 
4 42 59 (1760 -256 -953 ) (1760 -224 -953 ) (1760 -224 -992 ) (1760 -256 -992 ) 
4 42 58 (1760 -256 -908 ) (1760 -97 -908 ) (1760 -97 -953 ) (1760 -256 -953 ) 
4 42 57 (1760 -59.877205 -908 ) (1760 0 -908 ) (1760 0 -953 ) (1760 -59.877205 -953 ) 
4 42 46 (1760 -1024 -908 ) (1760 -1024 -512 ) (1760 -370 -512 ) (1760 -370 -908 ) 
4 42 44 (1760 -97 -512 ) (1760 -59.877205 -512 ) (1760 -59.877205 -611.382996 ) (1760 -97 -611.382996 ) 
4 42 43 (1760 -59.877205 -512 ) (1760 0 -512 ) (1760 0 -908 ) (1760 -59.877205 -908 ) 
4 42 45 (1760 -370 -512 ) (1760 -97 -512 ) (1760 -97 -908 ) (1760 -370 -908 ) 
4 43 71 (1024 0 -611.382996 ) (1024 0 -908 ) (1024 -59.877205 -908 ) (1024 -59.877205 -611.382996 ) 
4 43 67 (1024 0 -512 ) (1024 0 -611.382996 ) (1024 -59.877205 -611.382996 ) (1024 -59.877205 -512 ) 
4 43 57 (1024 0 -908 ) (1760 0 -908 ) (1760 -59.877205 -908 ) (1024 -59.877205 -908 ) 
4 43 44 (1760 -59.877205 -611.382996 ) (1760 -59.877205 -512 ) (1024 -59.877205 -512 ) (1024 -59.877205 -611.382996 ) 
4 44 67 (1024 -97 -611.382996 ) (1024 -97 -512 ) (1024 -59.877205 -512 ) (1024 -59.877205 -611.382996 ) 
4 44 45 (1760 -97 -611.382996 ) (1760 -97 -512 ) (1024 -97 -512 ) (1024 -97 -611.382996 ) 
4 45 77 (1024 -256 -908 ) (1024 -370 -908 ) (1024 -370 -512 ) (1024 -256 -512 ) 
4 45 72 (1024 -97 -908 ) (1024 -256 -908 ) (1024 -256 -611.382996 ) (1024 -97 -611.382996 ) 
4 45 67 (1024 -256 -611.382996 ) (1024 -256 -512 ) (1024 -97 -512 ) (1024 -97 -611.382996 ) 
4 45 58 (1760 -97 -908 ) (1760 -256 -908 ) (1024 -256 -908 ) (1024 -97 -908 ) 
4 45 54 (1096 -370 -908 ) (1160 -370 -908 ) (1160 -370 -890 ) (1096 -370 -890 ) 
4 45 48 (1160 -370 -890 ) (1160 -370 -760 ) (1096 -370 -760 ) (1096 -370 -890 ) 
4 45 46 (1715 -370 -908 ) (1760 -370 -908 ) (1760 -370 -512 ) (1715 -370 -512 ) 
4 46 198 (1760 -1024 -908 ) (1760 -1024 -512 ) (1715 -1024 -512 ) (1715 -1024 -908 ) 
4 46 47 (1715 -864 -908 ) (1715 -1024 -908 ) (1715 -1024 -512 ) (1715 -864 -512 ) 
4 47 198 (1715 -1024 -512 ) (1160 -1024 -512 ) (1160 -1024 -908 ) (1715 -1024 -908 ) 
4 47 55 (1160 -864 -908 ) (1160 -1024 -908 ) (1160 -1024 -512 ) (1160 -864 -512 ) 
4 48 54 (1096 -416 -890 ) (1096 -370 -890 ) (1160 -370 -890 ) (1160 -416 -890 ) 
4 48 49 (1096 -416 -760 ) (1096 -416 -890 ) (1160 -416 -890 ) (1160 -416 -760 ) 
4 49 54 (1096 -429 -890 ) (1096 -416 -890 ) (1160 -416 -890 ) (1160 -429 -890 ) 
4 49 51 (1118 -468 -890 ) (1138 -468 -890 ) (1138 -468 -512 ) (1118 -468 -512 ) 
4 49 50 (1138 -468 -890 ) (1160 -468 -890 ) (1160 -468 -512 ) (1138 -468 -512 ) 
4 49 53 (1096 -468 -512 ) (1096 -468 -890 ) (1118 -468 -890 ) (1118 -468 -512 ) 
4 50 52 (1138 -479 -890 ) (1138 -480 -890 ) (1138 -480 -512 ) (1138 -479 -512 ) 
4 50 51 (1138 -468 -512 ) (1138 -468 -890 ) (1138 -479 -890 ) (1138 -479 -512 ) 
4 51 53 (1118 -468 -512 ) (1118 -468 -890 ) (1118 -479 -890 ) (1118 -479 -512 ) 
4 51 52 (1118 -479 -512 ) (1118 -479 -890 ) (1138 -479 -890 ) (1138 -479 -512 ) 
4 52 53 (1118 -479 -890 ) (1118 -480 -890 ) (1118 -480 -512 ) (1118 -479 -512 ) 
4 55 198 (1160 -1024 -512 ) (1096 -1024 -512 ) (1096 -1024 -908 ) (1160 -1024 -908 ) 
4 55 56 (1096 -864 -908 ) (1096 -1024 -908 ) (1096 -1024 -512 ) (1096 -864 -512 ) 
4 56 198 (1096 -1024 -512 ) (1024 -1024 -512 ) (1024 -1024 -908 ) (1096 -1024 -908 ) 
4 56 80 (1024 -864 -908 ) (1024 -1024 -908 ) (1024 -1024 -568 ) (1024 -864 -568 ) 
4 56 78 (1024 -1024 -568 ) (1024 -1024 -512 ) (1024 -864 -512 ) (1024 -864 -568 ) 
4 57 71 (1024 0 -908 ) (1024 0 -953 ) (1024 -59.877205 -953 ) (1024 -59.877205 -908 ) 
4 58 72 (1024 -97 -953 ) (1024 -256 -953 ) (1024 -256 -908 ) (1024 -97 -908 ) 
4 58 59 (1024 -256 -953 ) (1024 -224 -953 ) (1760 -224 -953 ) (1760 -256 -953 ) 
4 59 74 (1024 -224 -992 ) (1024 -256 -992 ) (1024 -256 -953 ) (1024 -224 -953 ) 
4 59 61 (1760 -224 -992 ) (1760 -256 -992 ) (1024 -256 -992 ) (1024 -224 -992 ) 
4 59 60 (1024 -256 -992 ) (1760 -256 -992 ) (1760 -256 -972 ) (1024 -256 -972 ) 
4 60 199 (1760 -1024 -992 ) (1760 -1024 -972 ) (1024 -1024 -972 ) (1024 -1024 -992 ) 
4 60 81 (1024 -256 -992 ) (1024 -1024 -992 ) (1024 -1024 -972 ) (1024 -256 -972 ) 
4 60 61 (1760 -256 -992 ) (1760 -1024 -992 ) (1024 -1024 -992 ) (1024 -256 -992 ) 
4 61 199 (1760 -1024 -1024 ) (1760 -1024 -992 ) (1024 -1024 -992 ) (1024 -1024 -1024 ) 
4 61 81 (1024 -256 -1024 ) (1024 -1024 -1024 ) (1024 -1024 -992 ) (1024 -256 -992 ) 
4 61 73 (1024 0 -992 ) (1024 0 -1024 ) (1024 -224 -1024 ) (1024 -224 -992 ) 
4 61 74 (1024 -224 -1024 ) (1024 -256 -1024 ) (1024 -256 -992 ) (1024 -224 -992 ) 
4 62 63 (777 -134 1024 ) (777 -134 179 ) (1024 -134 179 ) (1024 -134 1024 ) 
4 62 64 (777 -134 179 ) (777 -134 1024 ) (777 0 1024 ) (777 0 179 ) 
4 63 201 (1024 -1024 -448 ) (1024 -1024 1024 ) (777 -1024 1024 ) (777 -1024 -448 ) 
4 63 75 (1024 -256 -448 ) (1024 -640 -448 ) (777 -640 -448 ) (777 -256 -448 ) 
4 63 64 (777 -134 -448 ) (777 -1024 -448 ) (777 -1024 1024 ) (777 -134 1024 ) 
4 64 201 (777 -1024 1024 ) (140 -1024 1024 ) (140 -1024 -448 ) (777 -1024 -448 ) 
4 64 76 (664 -1024 -448 ) (280 -1024 -448 ) (280 -640 -448 ) (664 -640 -448 ) 
4 64 75 (777 -256 -448 ) (777 -640 -448 ) (140 -640 -448 ) (140 -256 -448 ) 
4 64 68 (280 0 -448 ) (664 0 -448 ) (664 -256 -448 ) (280 -256 -448 ) 
4 64 65 (140 -120 516 ) (140 -120 1024 ) (140 0 1024 ) (140 0 516 ) 
4 64 66 (140 -120 -448 ) (140 -1024 -448 ) (140 -1024 1024 ) (140 -120 1024 ) 
4 65 102 (0 -120 1024 ) (0 0 1024 ) (0 0 516 ) (0 -120 516 ) 
4 65 66 (140 -120 516 ) (140 -120 1024 ) (0 -120 1024 ) (0 -120 516 ) 
4 66 201 (140 -1024 1024 ) (0 -1024 1024 ) (0 -1024 -448 ) (140 -1024 -448 ) 
4 66 115 (0 -968 -300 ) (0 -856 -300 ) (0 -856 -448 ) (0 -968 -448 ) 
4 66 112 (0 -856 -300 ) (0 -848 -300 ) (0 -848 -448 ) (0 -856 -448 ) 
4 66 109 (0 -848 -300 ) (0 -804 -300 ) (0 -804 -448 ) (0 -848 -448 ) 
4 66 108 (0 -804 -300 ) (0 -120 -300 ) (0 -120 -448 ) (0 -804 -448 ) 
4 66 119 (0 -1024 -448 ) (0 -1024 -300 ) (0 -968 -300 ) (0 -968 -448 ) 
4 66 103 (0 -1024 -300 ) (0 -1024 1024 ) (0 -120 1024 ) (0 -120 -300 ) 
4 66 75 (0 -640 -448 ) (0 -256 -448 ) (140 -256 -448 ) (140 -640 -448 ) 
4 67 77 (1024 -256 -611.382996 ) (1024 -256 -512 ) (664 -256 -512 ) (664 -256 -611.382996 ) 
4 67 71 (664 -59.877205 -611.382996 ) (664 0 -611.382996 ) (1024 0 -611.382996 ) (1024 -59.877205 -611.382996 ) 
4 67 72 (1024 -256 -611.382996 ) (664 -256 -611.382996 ) (664 -97 -611.382996 ) (1024 -97 -611.382996 ) 
4 67 69 (664 0 -611.382996 ) (664 -256 -611.382996 ) (664 -256 -568 ) (664 0 -568 ) 
4 68 75 (664 -256 -448 ) (280 -256 -448 ) (280 -256 -456 ) (664 -256 -456 ) 
4 69 77 (280 -256 -568 ) (280 -256 -611.382996 ) (664 -256 -611.382996 ) (664 -256 -568 ) 
4 69 71 (280 -59.877205 -611.382996 ) (280 0 -611.382996 ) (664 0 -611.382996 ) (664 -59.877205 -611.382996 ) 
4 69 72 (664 -256 -611.382996 ) (280 -256 -611.382996 ) (280 -97 -611.382996 ) (664 -97 -611.382996 ) 
4 69 70 (280 0 -611.382996 ) (280 -256 -611.382996 ) (280 -256 -568 ) (280 0 -568 ) 
4 70 124 (0 -97 -512 ) (0 -59.877205 -512 ) (0 -59.877205 -611.382996 ) (0 -97 -611.382996 ) 
4 70 123 (0 -59.877205 -512 ) (0 0 -512 ) (0 0 -611.382996 ) (0 -59.877205 -611.382996 ) 
4 70 125 (0 -256 -611.382996 ) (0 -256 -512 ) (0 -97 -512 ) (0 -97 -611.382996 ) 
4 70 77 (0 -256 -512 ) (0 -256 -611.382996 ) (280 -256 -611.382996 ) (280 -256 -512 ) 
4 70 71 (0 -59.877205 -611.382996 ) (0 0 -611.382996 ) (280 0 -611.382996 ) (280 -59.877205 -611.382996 ) 
4 70 72 (280 -256 -611.382996 ) (0 -256 -611.382996 ) (0 -97 -611.382996 ) (280 -97 -611.382996 ) 
4 71 141 (0 0 -908 ) (0 0 -953 ) (0 -59.877205 -953 ) (0 -59.877205 -908 ) 
4 71 123 (0 -59.877205 -611.382996 ) (0 0 -611.382996 ) (0 0 -908 ) (0 -59.877205 -908 ) 
4 72 142 (0 -256 -953 ) (0 -256 -908 ) (0 -97 -908 ) (0 -97 -953 ) 
4 72 125 (0 -256 -908 ) (0 -256 -611.382996 ) (0 -97 -611.382996 ) (0 -97 -908 ) 
4 72 77 (1024 -256 -908 ) (1024 -256 -611.382996 ) (0 -256 -611.382996 ) (0 -256 -908 ) 
4 72 74 (1024 -256 -953 ) (0 -256 -953 ) (0 -224 -953 ) (1024 -224 -953 ) 
4 73 143 (0 0 -992 ) (0 0 -1024 ) (0 -224 -1024 ) (0 -224 -992 ) 
4 73 74 (0 -224 -1024 ) (1024 -224 -1024 ) (1024 -224 -992 ) (0 -224 -992 ) 
4 74 144 (0 -256 -1024 ) (0 -256 -953 ) (0 -224 -953 ) (0 -224 -1024 ) 
4 74 81 (1024 -256 -1024 ) (1024 -256 -972 ) (0 -256 -972 ) (0 -256 -1024 ) 
4 75 120 (0 -640 -448 ) (0 -256 -448 ) (0 -256 -456 ) (0 -640 -456 ) 
4 75 76 (664 -640 -448 ) (280 -640 -448 ) (280 -640 -456 ) (664 -640 -456 ) 
4 76 203 (664 -1024 -448 ) (280 -1024 -448 ) (280 -1024 -456 ) (664 -1024 -456 ) 
4 77 125 (0 -370 -512 ) (0 -256 -512 ) (0 -256 -908 ) (0 -370 -908 ) 
4 78 202 (1024 -1024 -568 ) (1024 -1024 -512 ) (664 -1024 -512 ) (664 -1024 -568 ) 
4 78 80 (1024 -1024 -568 ) (664 -1024 -568 ) (664 -864 -568 ) (1024 -864 -568 ) 
4 79 205 (280 -1024 -512 ) (0 -1024 -512 ) (0 -1024 -568 ) (280 -1024 -568 ) 
4 79 126 (0 -1024 -568 ) (0 -1024 -512 ) (0 -864 -512 ) (0 -864 -568 ) 
4 79 80 (280 -1024 -568 ) (0 -1024 -568 ) (0 -864 -568 ) (280 -864 -568 ) 
4 80 205 (280 -1024 -568 ) (0 -1024 -568 ) (0 -1024 -908 ) (280 -1024 -908 ) 
4 80 204 (664 -1024 -568 ) (280 -1024 -568 ) (280 -1024 -908 ) (664 -1024 -908 ) 
4 80 202 (1024 -1024 -908 ) (1024 -1024 -568 ) (664 -1024 -568 ) (664 -1024 -908 ) 
4 80 126 (0 -1024 -908 ) (0 -1024 -568 ) (0 -864 -568 ) (0 -864 -908 ) 
4 81 206 (1024 -1024 -1024 ) (1024 -1024 -972 ) (0 -1024 -972 ) (0 -1024 -1024 ) 
4 81 145 (0 -1024 -1024 ) (0 -1024 -972 ) (0 -256 -972 ) (0 -256 -1024 ) 
4 82 92 (0 1024 516 ) (0 1024 1024 ) (-1024 1024 1024 ) (-1024 1024 516 ) 
4 82 87 (-1024 1024 516 ) (-1024 1024 1024 ) (-1024 1288 1024 ) (-1024 1288 516 ) 
4 82 86 (-1024 1288 1024 ) (-1024 1984 1024 ) (-1024 1984 516 ) (-1024 1288 516 ) 
4 82 83 (-1024 1288 516 ) (-1024 1984 516 ) (0 1984 516 ) (0 1288 516 ) 
4 83 86 (-1024 1288 516 ) (-1024 1984 516 ) (-1024 1984 -448 ) (-1024 1288 -448 ) 
4 83 84 (-1024 1288 -448 ) (-1024 1984 -448 ) (0 1984 -448 ) (0 1288 -448 ) 
4 84 89 (-1024 1216 -448 ) (-1024 1984 -448 ) (-1024 1984 -1024 ) (-1024 1216 -1024 ) 
4 84 85 (-1024 1216 -1024 ) (0 1216 -1024 ) (0 1216 -512 ) (-1024 1216 -512 ) 
4 85 95 (0 1024 -1024 ) (0 1024 -992 ) (-1024 1024 -992 ) (-1024 1024 -1024 ) 
4 85 93 (0 1024 -992 ) (0 1024 -512 ) (-1024 1024 -512 ) (-1024 1024 -992 ) 
4 85 90 (-1024 1024 -1024 ) (-1024 1024 -512 ) (-1024 1216 -512 ) (-1024 1216 -1024 ) 
4 86 89 (-1216 1984 -448 ) (-1024 1984 -448 ) (-1024 1288 -448 ) (-1216 1288 -448 ) 
4 86 87 (-1216 1288 1024 ) (-1216 1288 516 ) (-1024 1288 516 ) (-1024 1288 1024 ) 
4 86 88 (-1216 1984 -448 ) (-1216 1288 -448 ) (-1216 1288 1024 ) (-1216 1984 1024 ) 
4 87 96 (-1024 1024 516 ) (-1024 1024 1024 ) (-1216 1024 1024 ) (-1216 1024 516 ) 
4 87 88 (-1216 1024 516 ) (-1216 1024 1024 ) (-1216 1288 1024 ) (-1216 1288 516 ) 
4 88 171 (-2048 1024 -448 ) (-2048 1024 1024 ) (-2048 1984 1024 ) (-2048 1984 -448 ) 
4 88 97 (-1216 1024 1024 ) (-2048 1024 1024 ) (-2048 1024 -448 ) (-1216 1024 -448 ) 
4 88 89 (-1732 1984 -448 ) (-1216 1984 -448 ) (-1216 1216 -448 ) (-1732 1216 -448 ) 
4 88 91 (-2048 1984 -448 ) (-1732 1984 -448 ) (-1732 1024 -448 ) (-2048 1024 -448 ) 
4 89 90 (-1732 1216 -512 ) (-1732 1216 -1024 ) (-1024 1216 -1024 ) (-1024 1216 -512 ) 
4 89 91 (-1732 1216 -448 ) (-1732 1984 -448 ) (-1732 1984 -1024 ) (-1732 1216 -1024 ) 
4 90 99 (-1024 1024 -1024 ) (-1024 1024 -512 ) (-1732 1024 -512 ) (-1732 1024 -1024 ) 
4 90 91 (-1732 1216 -512 ) (-1732 1216 -1024 ) (-1732 1024 -1024 ) (-1732 1024 -512 ) 
4 91 171 (-2048 1024 -1024 ) (-2048 1024 -448 ) (-2048 1984 -448 ) (-2048 1984 -1024 ) 
4 91 99 (-2048 1024 -512 ) (-2048 1024 -1024 ) (-1732 1024 -1024 ) (-1732 1024 -512 ) 
4 91 98 (-1732 1024 -448 ) (-2048 1024 -448 ) (-2048 1024 -512 ) (-1732 1024 -512 ) 
4 92 102 (0 0 516 ) (0 0 1024 ) (-1024 0 1024 ) (-1024 0 516 ) 
4 92 96 (-1024 0 516 ) (-1024 0 1024 ) (-1024 1024 1024 ) (-1024 1024 516 ) 
4 93 99 (-1024 156 -512 ) (-1024 1024 -512 ) (-1024 1024 -992 ) (-1024 156 -992 ) 
4 93 95 (-1024 156 -992 ) (-1024 1024 -992 ) (0 1024 -992 ) (0 156 -992 ) 
4 93 94 (0 156 -953 ) (0 156 -512 ) (-1024 156 -512 ) (-1024 156 -953 ) 
4 94 141 (0 0 -953 ) (0 0 -908 ) (-1024 0 -908 ) (-1024 0 -953 ) 
4 94 136 (-1024 0 -862.976990 ) (-1024 0 -908 ) (-740 0 -908 ) (-740 0 -862.976990 ) 
4 94 128 (-740 0 -512 ) (-1024 0 -512 ) (-1024 0 -862.976990 ) (-740 0 -862.976990 ) 
4 94 123 (0 0 -908 ) (0 0 -512 ) (-740 0 -512 ) (-740 0 -908 ) 
4 94 100 (-1024 0 -953 ) (-1024 0 -512 ) (-1024 156 -512 ) (-1024 156 -953 ) 
4 95 143 (0 0 -1024 ) (0 0 -992 ) (-1024 0 -992 ) (-1024 0 -1024 ) 
4 95 101 (-1024 0 -1024 ) (-1024 0 -992 ) (-1024 156 -992 ) (-1024 156 -1024 ) 
4 95 99 (-1024 156 -992 ) (-1024 1024 -992 ) (-1024 1024 -1024 ) (-1024 156 -1024 ) 
4 96 147 (-1024 0 516 ) (-1024 0 1024 ) (-1216 0 1024 ) (-1216 0 516 ) 
4 96 97 (-1216 0 516 ) (-1216 0 1024 ) (-1216 1024 1024 ) (-1216 1024 516 ) 
4 97 174 (-2048 0 -448 ) (-2048 0 1024 ) (-2048 156 1024 ) (-2048 156 -448 ) 
4 97 173 (-2048 156 1024 ) (-2048 1024 1024 ) (-2048 1024 -448 ) (-2048 156 -448 ) 
4 97 149 (-2048 0 516 ) (-2048 0 -448 ) (-1216 0 -448 ) (-1216 0 516 ) 
4 97 147 (-2048 0 1024 ) (-2048 0 516 ) (-1216 0 516 ) (-1216 0 1024 ) 
4 97 98 (-2048 1024 -448 ) (-1732 1024 -448 ) (-1732 0 -448 ) (-2048 0 -448 ) 
4 98 174 (-2048 0 -512 ) (-2048 0 -448 ) (-2048 156 -448 ) (-2048 156 -512 ) 
4 98 173 (-2048 156 -448 ) (-2048 1024 -448 ) (-2048 1024 -512 ) (-2048 156 -512 ) 
4 98 151 (-2048 0 -448 ) (-2048 0 -512 ) (-1732 0 -512 ) (-1732 0 -448 ) 
4 98 100 (-1732 156 -512 ) (-1732 0 -512 ) (-2048 0 -512 ) (-2048 156 -512 ) 
4 98 99 (-2048 1024 -512 ) (-1732 1024 -512 ) (-1732 156 -512 ) (-2048 156 -512 ) 
4 99 175 (-2048 1024 -992 ) (-2048 1024 -1024 ) (-2048 156 -1024 ) (-2048 156 -992 ) 
4 99 173 (-2048 156 -512 ) (-2048 1024 -512 ) (-2048 1024 -992 ) (-2048 156 -992 ) 
4 99 100 (-1024 156 -953 ) (-1024 156 -512 ) (-2048 156 -512 ) (-2048 156 -953 ) 
4 99 101 (-2048 156 -1024 ) (-1024 156 -1024 ) (-1024 156 -992 ) (-2048 156 -992 ) 
4 100 174 (-2048 0 -953 ) (-2048 0 -512 ) (-2048 156 -512 ) (-2048 156 -953 ) 
4 100 166 (-2048 0 -908 ) (-2048 0 -953 ) (-1024 0 -953 ) (-1024 0 -908 ) 
4 100 152 (-2048 0 -512 ) (-2048 0 -908 ) (-1024 0 -908 ) (-1024 0 -512 ) 
4 101 175 (-2048 0 -1024 ) (-2048 0 -992 ) (-2048 156 -992 ) (-2048 156 -1024 ) 
4 101 170 (-2048 0 -992 ) (-2048 0 -1024 ) (-1024 0 -1024 ) (-1024 0 -992 ) 
4 102 147 (-1024 0 1024 ) (-1024 0 516 ) (-1024 -120 516 ) (-1024 -120 1024 ) 
4 102 104 (-44 -120 1024 ) (-572 -120 1024 ) (-572 -120 516 ) (-44 -120 516 ) 
4 102 103 (0 -120 516 ) (0 -120 1024 ) (-44 -120 1024 ) (-44 -120 516 ) 
4 102 107 (-572 -120 1024 ) (-1024 -120 1024 ) (-1024 -120 516 ) (-572 -120 516 ) 
4 103 216 (0 -1024 -300 ) (0 -1024 1024 ) (-44 -1024 1024 ) (-44 -1024 -300 ) 
4 103 115 (-44 -968 -300 ) (-44 -856 -300 ) (0 -856 -300 ) (0 -968 -300 ) 
4 103 112 (-44 -856 -300 ) (-44 -848 -300 ) (0 -848 -300 ) (0 -856 -300 ) 
4 103 109 (-44 -848 -300 ) (-44 -804 -300 ) (0 -804 -300 ) (0 -848 -300 ) 
4 103 108 (-44 -804 -300 ) (-44 -120 -300 ) (0 -120 -300 ) (0 -804 -300 ) 
4 103 119 (0 -1024 -300 ) (-44 -1024 -300 ) (-44 -968 -300 ) (0 -968 -300 ) 
4 103 105 (-44 -968 -284 ) (-44 -968 1024 ) (-44 -800 1024 ) (-44 -800 -284 ) 
4 103 104 (-44 -120 1024 ) (-44 -120 -300 ) (-44 -800 -300 ) (-44 -800 1024 ) 
4 103 106 (-44 -968 -300 ) (-44 -1024 -300 ) (-44 -1024 1024 ) (-44 -968 1024 ) 
4 104 117 (-572 -800 -300 ) (-572 -120 -300 ) (-556 -120 -300 ) (-556 -800 -300 ) 
4 104 108 (-556 -120 -300 ) (-44 -120 -300 ) (-44 -800 -300 ) (-556 -800 -300 ) 
4 104 105 (-572 -800 1024 ) (-572 -800 -284 ) (-44 -800 -284 ) (-44 -800 1024 ) 
4 104 107 (-572 -120 1024 ) (-572 -120 -300 ) (-572 -800 -300 ) (-572 -800 1024 ) 
4 105 107 (-572 -968 -284 ) (-572 -968 1024 ) (-572 -800 1024 ) (-572 -800 -284 ) 
4 105 106 (-572 -968 1024 ) (-572 -968 -284 ) (-44 -968 -284 ) (-44 -968 1024 ) 
4 106 216 (-44 -1024 1024 ) (-572 -1024 1024 ) (-572 -1024 -300 ) (-44 -1024 -300 ) 
4 106 119 (-44 -1024 -300 ) (-572 -1024 -300 ) (-572 -968 -300 ) (-44 -968 -300 ) 
4 106 107 (-572 -968 -300 ) (-572 -1024 -300 ) (-572 -1024 1024 ) (-572 -968 1024 ) 
4 107 216 (-572 -1024 1024 ) (-1024 -1024 1024 ) (-1024 -1024 -300 ) (-572 -1024 -300 ) 
4 107 148 (-1024 -120 -300 ) (-1024 -1024 -300 ) (-1024 -1024 516 ) (-1024 -120 516 ) 
4 107 147 (-1024 -1024 516 ) (-1024 -1024 1024 ) (-1024 -120 1024 ) (-1024 -120 516 ) 
4 107 118 (-1024 -968 -300 ) (-1024 -800 -300 ) (-572 -800 -300 ) (-572 -968 -300 ) 
4 107 117 (-1024 -800 -300 ) (-1024 -120 -300 ) (-572 -120 -300 ) (-572 -800 -300 ) 
4 107 119 (-572 -1024 -300 ) (-1024 -1024 -300 ) (-1024 -968 -300 ) (-572 -968 -300 ) 
4 108 121 (-556 -640 -448 ) (-556 -256 -448 ) (-60 -256 -448 ) (-60 -640 -448 ) 
4 108 120 (0 -256 -448 ) (0 -640 -448 ) (-60 -640 -448 ) (-60 -256 -448 ) 
4 108 117 (-556 -120 -448 ) (-556 -800 -448 ) (-556 -800 -300 ) (-556 -120 -300 ) 
4 108 109 (-88 -804 -448 ) (0 -804 -448 ) (0 -804 -300 ) (-88 -804 -300 ) 
4 108 111 (-556 -804 -300 ) (-556 -804 -448 ) (-96 -804 -448 ) (-96 -804 -300 ) 
4 109 112 (-44 -848 -448 ) (0 -848 -448 ) (0 -848 -300 ) (-44 -848 -300 ) 
4 109 113 (-88 -848 -448 ) (-52 -848 -448 ) (-52 -848 -300 ) (-88 -848 -300 ) 
4 109 110 (-88 -812 -448 ) (-88 -848 -448 ) (-88 -848 -300 ) (-88 -812 -300 ) 
4 110 111 (-96 -812 -448 ) (-96 -848 -448 ) (-96 -848 -300 ) (-96 -812 -300 ) 
4 111 114 (-556 -848 -300 ) (-556 -848 -448 ) (-416 -848 -448 ) (-416 -848 -300 ) 
4 112 115 (-44 -856 -448 ) (0 -856 -448 ) (0 -856 -300 ) (-44 -856 -300 ) 
4 113 116 (-88 -856 -448 ) (-52 -856 -448 ) (-52 -856 -300 ) (-88 -856 -300 ) 
4 114 116 (-556 -856 -300 ) (-556 -856 -448 ) (-416 -856 -448 ) (-416 -856 -300 ) 
4 115 116 (-44 -856 -300 ) (-44 -856 -448 ) (-44 -952 -448 ) (-44 -952 -300 ) 
4 115 119 (-44 -968 -448 ) (0 -968 -448 ) (0 -968 -300 ) (-44 -968 -300 ) 
4 116 122 (-556 -952 -448 ) (-556 -864 -448 ) (-60 -864 -448 ) (-60 -952 -448 ) 
4 117 148 (-1024 -120 -448 ) (-1024 -800 -448 ) (-1024 -800 -300 ) (-1024 -120 -300 ) 
4 117 121 (-1024 -640 -448 ) (-1024 -256 -448 ) (-556 -256 -448 ) (-556 -640 -448 ) 
4 117 118 (-1024 -800 -448 ) (-572 -800 -448 ) (-572 -800 -300 ) (-1024 -800 -300 ) 
4 118 148 (-1024 -800 -448 ) (-1024 -968 -448 ) (-1024 -968 -300 ) (-1024 -800 -300 ) 
4 118 119 (-1024 -968 -448 ) (-572 -968 -448 ) (-572 -968 -300 ) (-1024 -968 -300 ) 
4 119 216 (0 -1024 -448 ) (0 -1024 -300 ) (-1024 -1024 -300 ) (-1024 -1024 -448 ) 
4 119 148 (-1024 -968 -448 ) (-1024 -1024 -448 ) (-1024 -1024 -300 ) (-1024 -968 -300 ) 
4 120 121 (-60 -640 -456 ) (-60 -640 -448 ) (-60 -256 -448 ) (-60 -256 -456 ) 
4 121 150 (-1024 -640 -456 ) (-1024 -640 -448 ) (-1024 -256 -448 ) (-1024 -256 -456 ) 
4 122 127 (-572 -864 -512 ) (-60 -864 -512 ) (-60 -952 -512 ) (-572 -952 -512 ) 
4 123 141 (-740 -59.877205 -908 ) (-740 0 -908 ) (0 0 -908 ) (0 -59.877205 -908 ) 
4 123 136 (-740 0 -908 ) (-740 -59.877205 -908 ) (-740 -59.877205 -862.976990 ) (-740 0 -862.976990 ) 
4 123 128 (-740 -59.877205 -862.976990 ) (-740 -59.877205 -512 ) (-740 0 -512 ) (-740 0 -862.976990 ) 
4 123 124 (-740 -59.877205 -512 ) (-740 -59.877205 -611.382996 ) (0 -59.877205 -611.382996 ) (0 -59.877205 -512 ) 
4 124 129 (-740 -97 -611.382996 ) (-740 -97 -512 ) (-740 -59.877205 -512 ) (-740 -59.877205 -611.382996 ) 
4 124 125 (-740 -97 -512 ) (-740 -97 -611.382996 ) (0 -97 -611.382996 ) (0 -97 -512 ) 
4 125 142 (-740 -256 -908 ) (-740 -97 -908 ) (0 -97 -908 ) (0 -256 -908 ) 
4 125 137 (-740 -97 -908 ) (-740 -370 -908 ) (-740 -370 -862.976990 ) (-740 -97 -862.976990 ) 
4 125 130 (-740 -370 -862.976990 ) (-740 -370 -512 ) (-740 -97 -512 ) (-740 -97 -862.976990 ) 
4 126 233 (0 -1024 -908 ) (0 -1024 -862.976990 ) (-60 -1024 -862.976990 ) (-60 -1024 -908 ) 
4 126 219 (0 -1024 -862.976990 ) (0 -1024 -512 ) (-60 -1024 -512 ) (-60 -1024 -862.976990 ) 
4 126 127 (-60 -864 -512 ) (-60 -864 -908 ) (-60 -952 -908 ) (-60 -952 -512 ) 
4 127 140 (-740 -864 -908 ) (-740 -952 -908 ) (-740 -952 -862.976990 ) (-740 -864 -862.976990 ) 
4 127 135 (-740 -952 -862.976990 ) (-740 -952 -704 ) (-740 -864 -704 ) (-740 -864 -862.976990 ) 
4 128 152 (-1024 0 -512 ) (-1024 0 -862.976990 ) (-1024 -59.877205 -862.976990 ) (-1024 -59.877205 -512 ) 
4 128 136 (-1024 0 -862.976990 ) (-740 0 -862.976990 ) (-740 -59.877205 -862.976990 ) (-1024 -59.877205 -862.976990 ) 
4 128 129 (-740 -59.877205 -611.382996 ) (-740 -59.877205 -512 ) (-1024 -59.877205 -512 ) (-1024 -59.877205 -611.382996 ) 
4 129 153 (-1024 -97 -611.382996 ) (-1024 -97 -512 ) (-1024 -59.877205 -512 ) (-1024 -59.877205 -611.382996 ) 
4 129 130 (-740 -97 -611.382996 ) (-740 -97 -512 ) (-1024 -97 -512 ) (-1024 -97 -611.382996 ) 
4 130 154 (-1024 -97 -862.976990 ) (-1024 -370 -862.976990 ) (-1024 -370 -512 ) (-1024 -97 -512 ) 
4 130 137 (-740 -97 -862.976990 ) (-740 -370 -862.976990 ) (-1024 -370 -862.976990 ) (-1024 -97 -862.976990 ) 
4 130 131 (-1024 -370 -862.976990 ) (-740 -370 -862.976990 ) (-740 -370 -792 ) (-1024 -370 -792 ) 
4 131 155 (-1024 -370 -862.976990 ) (-1024 -460 -862.976990 ) (-1024 -460 -792 ) (-1024 -370 -792 ) 
4 131 139 (-972 -460 -862.976990 ) (-1012 -460 -862.976990 ) (-1012 -424 -862.976990 ) (-972 -424 -862.976990 ) 
4 131 138 (-740 -424 -862.976990 ) (-740 -460 -862.976990 ) (-960 -460 -862.976990 ) (-960 -424 -862.976990 ) 
4 131 137 (-740 -370 -862.976990 ) (-740 -424 -862.976990 ) (-1024 -424 -862.976990 ) (-1024 -370 -862.976990 ) 
4 131 133 (-960 -460 -862.976990 ) (-740 -460 -862.976990 ) (-740 -460 -820 ) (-960 -460 -820 ) 
4 131 134 (-1012 -460 -862.976990 ) (-972 -460 -862.976990 ) (-972 -460 -820 ) (-1012 -460 -820 ) 
4 131 132 (-740 -460 -820 ) (-740 -460 -792 ) (-1024 -460 -792 ) (-1024 -460 -820 ) 
4 132 155 (-1024 -488 -820 ) (-1024 -488 -792 ) (-1024 -460 -792 ) (-1024 -460 -820 ) 
4 132 135 (-740 -488 -820 ) (-740 -488 -792 ) (-1024 -488 -792 ) (-1024 -488 -820 ) 
4 132 133 (-740 -488 -820 ) (-960 -488 -820 ) (-960 -460 -820 ) (-740 -460 -820 ) 
4 132 134 (-972 -488 -820 ) (-1012 -488 -820 ) (-1012 -460 -820 ) (-972 -460 -820 ) 
4 133 138 (-740 -460 -862.976990 ) (-740 -488 -862.976990 ) (-960 -488 -862.976990 ) (-960 -460 -862.976990 ) 
4 133 135 (-960 -488 -862.976990 ) (-740 -488 -862.976990 ) (-740 -488 -820 ) (-960 -488 -820 ) 
4 134 139 (-972 -488 -862.976990 ) (-1012 -488 -862.976990 ) (-1012 -460 -862.976990 ) (-972 -460 -862.976990 ) 
4 134 135 (-1012 -488 -862.976990 ) (-972 -488 -862.976990 ) (-972 -488 -820 ) (-1012 -488 -820 ) 
4 135 226 (-1024 -1024 -820 ) (-1024 -1024 -862.976990 ) (-740 -1024 -862.976990 ) (-740 -1024 -820 ) 
4 135 223 (-1024 -1024 -704 ) (-1024 -1024 -820 ) (-740 -1024 -820 ) (-740 -1024 -704 ) 
4 135 159 (-1024 -488 -862.976990 ) (-1024 -1024 -862.976990 ) (-1024 -1024 -704 ) (-1024 -488 -704 ) 
4 135 139 (-972 -524 -862.976990 ) (-1012 -524 -862.976990 ) (-1012 -488 -862.976990 ) (-972 -488 -862.976990 ) 
4 135 138 (-740 -488 -862.976990 ) (-740 -524 -862.976990 ) (-960 -524 -862.976990 ) (-960 -488 -862.976990 ) 
4 135 140 (-740 -524 -862.976990 ) (-740 -1024 -862.976990 ) (-1024 -1024 -862.976990 ) (-1024 -524 -862.976990 ) 
4 136 152 (-1024 0 -862.976990 ) (-1024 0 -908 ) (-1024 -59.877205 -908 ) (-1024 -59.877205 -862.976990 ) 
4 136 141 (-1024 -59.877205 -908 ) (-1024 0 -908 ) (-740 0 -908 ) (-740 -59.877205 -908 ) 
4 137 160 (-1024 -370 -908 ) (-1024 -424 -908 ) (-1024 -424 -862.976990 ) (-1024 -370 -862.976990 ) 
4 137 154 (-1024 -97 -908 ) (-1024 -370 -908 ) (-1024 -370 -862.976990 ) (-1024 -97 -862.976990 ) 
4 137 142 (-1024 -256 -908 ) (-1024 -97 -908 ) (-740 -97 -908 ) (-740 -256 -908 ) 
4 137 139 (-1012 -424 -908 ) (-972 -424 -908 ) (-972 -424 -862.976990 ) (-1012 -424 -862.976990 ) 
4 137 138 (-960 -424 -908 ) (-740 -424 -908 ) (-740 -424 -862.976990 ) (-960 -424 -862.976990 ) 
4 138 140 (-960 -524 -908 ) (-740 -524 -908 ) (-740 -524 -862.976990 ) (-960 -524 -862.976990 ) 
4 139 140 (-1012 -524 -908 ) (-972 -524 -908 ) (-972 -524 -862.976990 ) (-1012 -524 -862.976990 ) 
4 140 234 (-1024 -1024 -862.976990 ) (-1024 -1024 -908 ) (-740 -1024 -908 ) (-740 -1024 -862.976990 ) 
4 140 160 (-1024 -524 -908 ) (-1024 -1024 -908 ) (-1024 -1024 -862.976990 ) (-1024 -524 -862.976990 ) 
4 141 166 (-1024 0 -908 ) (-1024 0 -953 ) (-1024 -59.877205 -953 ) (-1024 -59.877205 -908 ) 
4 142 168 (-1024 -224 -953 ) (-1024 -256 -953 ) (-1024 -256 -908 ) (-1024 -224 -908 ) 
4 142 167 (-1024 -97 -953 ) (-1024 -224 -953 ) (-1024 -224 -908 ) (-1024 -97 -908 ) 
4 142 144 (-1024 -256 -953 ) (-1024 -224 -953 ) (0 -224 -953 ) (0 -256 -953 ) 
4 143 170 (-1024 0 -992 ) (-1024 0 -1024 ) (-1024 -224 -1024 ) (-1024 -224 -992 ) 
4 143 144 (-1024 -224 -1024 ) (0 -224 -1024 ) (0 -224 -992 ) (-1024 -224 -992 ) 
4 144 170 (-1024 -224 -1024 ) (-1024 -256 -1024 ) (-1024 -256 -992 ) (-1024 -224 -992 ) 
4 144 168 (-1024 -256 -992 ) (-1024 -256 -953 ) (-1024 -224 -953 ) (-1024 -224 -992 ) 
4 144 145 (-1024 -256 -1024 ) (0 -256 -1024 ) (0 -256 -972 ) (-1024 -256 -972 ) 
4 145 246 (0 -1024 -1024 ) (0 -1024 -972 ) (-1024 -1024 -972 ) (-1024 -1024 -1024 ) 
4 145 170 (-1024 -256 -1024 ) (-1024 -1024 -1024 ) (-1024 -1024 -992 ) (-1024 -256 -992 ) 
4 145 169 (-1024 -1024 -992 ) (-1024 -1024 -972 ) (-1024 -256 -972 ) (-1024 -256 -992 ) 
4 147 249 (-1024 -1024 516 ) (-1024 -1024 1024 ) (-2048 -1024 1024 ) (-2048 -1024 516 ) 
4 147 180 (-2048 -1024 516 ) (-2048 -1024 1024 ) (-2048 -224 1024 ) (-2048 -224 516 ) 
4 147 177 (-2048 -97 1024 ) (-2048 -59.877205 1024 ) (-2048 -59.877205 516 ) (-2048 -97 516 ) 
4 147 176 (-2048 -59.877205 1024 ) (-2048 0 1024 ) (-2048 0 516 ) (-2048 -59.877205 516 ) 
4 147 178 (-2048 -224 1024 ) (-2048 -97 1024 ) (-2048 -97 516 ) (-2048 -224 516 ) 
4 147 148 (-1024 -120 516 ) (-1024 -1024 516 ) (-1216 -1024 516 ) (-1216 -120 516 ) 
4 147 149 (-2048 -1024 516 ) (-2048 0 516 ) (-1216 0 516 ) (-1216 -1024 516 ) 
4 148 249 (-1024 -1024 -448 ) (-1024 -1024 516 ) (-1216 -1024 516 ) (-1216 -1024 -448 ) 
4 148 150 (-1216 -640 -448 ) (-1216 -256 -448 ) (-1024 -256 -448 ) (-1024 -640 -448 ) 
4 148 149 (-1216 -120 -448 ) (-1216 -1024 -448 ) (-1216 -1024 516 ) (-1216 -120 516 ) 
4 149 249 (-1216 -1024 516 ) (-2048 -1024 516 ) (-2048 -1024 -448 ) (-1216 -1024 -448 ) 
4 149 180 (-2048 -1024 -448 ) (-2048 -1024 516 ) (-2048 -224 516 ) (-2048 -224 -448 ) 
4 149 177 (-2048 -97 516 ) (-2048 -59.877205 516 ) (-2048 -59.877205 -448 ) (-2048 -97 -448 ) 
4 149 176 (-2048 -59.877205 516 ) (-2048 0 516 ) (-2048 0 -448 ) (-2048 -59.877205 -448 ) 
4 149 178 (-2048 -224 516 ) (-2048 -97 516 ) (-2048 -97 -448 ) (-2048 -224 -448 ) 
4 149 150 (-1732 -640 -448 ) (-1732 -256 -448 ) (-1216 -256 -448 ) (-1216 -640 -448 ) 
4 149 151 (-1732 -1024 -448 ) (-2048 -1024 -448 ) (-2048 0 -448 ) (-1732 0 -448 ) 
4 150 151 (-1732 -640 -456 ) (-1732 -640 -448 ) (-1732 -256 -448 ) (-1732 -256 -456 ) 
4 151 251 (-1732 -1024 -448 ) (-2048 -1024 -448 ) (-2048 -1024 -512 ) (-1732 -1024 -512 ) 
4 151 180 (-2048 -1024 -512 ) (-2048 -1024 -448 ) (-2048 -224 -448 ) (-2048 -224 -512 ) 
4 151 177 (-2048 -97 -448 ) (-2048 -59.877205 -448 ) (-2048 -59.877205 -512 ) (-2048 -97 -512 ) 
4 151 176 (-2048 -59.877205 -448 ) (-2048 0 -448 ) (-2048 0 -512 ) (-2048 -59.877205 -512 ) 
4 151 178 (-2048 -224 -448 ) (-2048 -97 -448 ) (-2048 -97 -512 ) (-2048 -224 -512 ) 
4 151 165 (-2048 -1024 -512 ) (-2048 -370 -512 ) (-1732 -370 -512 ) (-1732 -1024 -512 ) 
4 151 153 (-2048 -97 -512 ) (-2048 -59.877205 -512 ) (-1732 -59.877205 -512 ) (-1732 -97 -512 ) 
4 151 152 (-2048 -59.877205 -512 ) (-2048 0 -512 ) (-1732 0 -512 ) (-1732 -59.877205 -512 ) 
4 151 154 (-2048 -370 -512 ) (-2048 -97 -512 ) (-1732 -97 -512 ) (-1732 -370 -512 ) 
4 152 176 (-2048 -59.877205 -512 ) (-2048 0 -512 ) (-2048 0 -908 ) (-2048 -59.877205 -908 ) 
4 152 166 (-2048 -59.877205 -908 ) (-2048 0 -908 ) (-1024 0 -908 ) (-1024 -59.877205 -908 ) 
4 152 153 (-1024 -59.877205 -611.382996 ) (-1024 -59.877205 -512 ) (-2048 -59.877205 -512 ) (-2048 -59.877205 -611.382996 ) 
4 153 177 (-2048 -97 -512 ) (-2048 -59.877205 -512 ) (-2048 -59.877205 -611.382996 ) (-2048 -97 -611.382996 ) 
4 153 154 (-1024 -97 -611.382996 ) (-1024 -97 -512 ) (-2048 -97 -512 ) (-2048 -97 -611.382996 ) 
4 154 180 (-2048 -370 -512 ) (-2048 -224 -512 ) (-2048 -224 -908 ) (-2048 -370 -908 ) 
4 154 178 (-2048 -224 -512 ) (-2048 -97 -512 ) (-2048 -97 -908 ) (-2048 -224 -908 ) 
4 154 168 (-1732 -224 -908 ) (-1024 -224 -908 ) (-1024 -256 -908 ) (-1732 -256 -908 ) 
4 154 167 (-2048 -224 -908 ) (-2048 -97 -908 ) (-1024 -97 -908 ) (-1024 -224 -908 ) 
4 154 164 (-1732 -370 -908 ) (-1140 -370 -908 ) (-1140 -370 -512 ) (-1732 -370 -512 ) 
4 154 165 (-2048 -370 -908 ) (-1732 -370 -908 ) (-1732 -370 -512 ) (-2048 -370 -512 ) 
4 154 161 (-1076 -370 -908 ) (-1064 -370 -908 ) (-1064 -370 -862.976990 ) (-1076 -370 -862.976990 ) 
4 154 160 (-1064 -370 -908 ) (-1024 -370 -908 ) (-1024 -370 -862.976990 ) (-1064 -370 -862.976990 ) 
4 154 163 (-1140 -370 -908 ) (-1076 -370 -908 ) (-1076 -370 -862.976990 ) (-1140 -370 -862.976990 ) 
4 154 156 (-1064 -370 -792 ) (-1076 -370 -792 ) (-1076 -370 -862.976990 ) (-1064 -370 -862.976990 ) 
4 154 155 (-1024 -370 -862.976990 ) (-1024 -370 -792 ) (-1064 -370 -792 ) (-1064 -370 -862.976990 ) 
4 154 158 (-1076 -370 -792 ) (-1140 -370 -792 ) (-1140 -370 -862.976990 ) (-1076 -370 -862.976990 ) 
4 155 160 (-1064 -370 -862.976990 ) (-1024 -370 -862.976990 ) (-1024 -488 -862.976990 ) (-1064 -488 -862.976990 ) 
4 155 159 (-1064 -488 -862.976990 ) (-1024 -488 -862.976990 ) (-1024 -488 -792 ) (-1064 -488 -792 ) 
4 155 157 (-1064 -488 -820 ) (-1064 -488 -792 ) (-1064 -460 -792 ) (-1064 -460 -820 ) 
4 155 156 (-1064 -370 -862.976990 ) (-1064 -460 -862.976990 ) (-1064 -460 -792 ) (-1064 -370 -792 ) 
4 156 161 (-1076 -370 -862.976990 ) (-1064 -370 -862.976990 ) (-1064 -424 -862.976990 ) (-1076 -424 -862.976990 ) 
4 156 157 (-1076 -460 -792 ) (-1076 -460 -820 ) (-1064 -460 -820 ) (-1064 -460 -792 ) 
4 156 158 (-1076 -370 -862.976990 ) (-1076 -460 -862.976990 ) (-1076 -460 -792 ) (-1076 -370 -792 ) 
4 157 159 (-1064 -488 -820 ) (-1064 -488 -792 ) (-1076 -488 -792 ) (-1076 -488 -820 ) 
4 157 158 (-1076 -488 -820 ) (-1076 -488 -792 ) (-1076 -460 -792 ) (-1076 -460 -820 ) 
4 158 164 (-1140 -370 -792 ) (-1140 -370 -862.976990 ) (-1140 -371 -862.976990 ) (-1140 -371 -792 ) 
4 158 163 (-1140 -488 -862.976990 ) (-1140 -370 -862.976990 ) (-1076 -370 -862.976990 ) (-1076 -488 -862.976990 ) 
4 158 159 (-1140 -488 -792 ) (-1140 -488 -862.976990 ) (-1076 -488 -862.976990 ) (-1076 -488 -792 ) 
4 159 252 (-1024 -1024 -862.976990 ) (-1024 -1024 -704 ) (-1140 -1024 -704 ) (-1140 -1024 -862.976990 ) 
4 159 162 (-1064 -524 -862.976990 ) (-1064 -1024 -862.976990 ) (-1076 -1024 -862.976990 ) (-1076 -524 -862.976990 ) 
4 159 160 (-1064 -488 -862.976990 ) (-1024 -488 -862.976990 ) (-1024 -1024 -862.976990 ) (-1064 -1024 -862.976990 ) 
4 159 163 (-1140 -1024 -862.976990 ) (-1140 -488 -862.976990 ) (-1076 -488 -862.976990 ) (-1076 -1024 -862.976990 ) 
4 160 252 (-1024 -1024 -908 ) (-1024 -1024 -862.976990 ) (-1064 -1024 -862.976990 ) (-1064 -1024 -908 ) 
4 160 161 (-1064 -424 -862.976990 ) (-1064 -370 -862.976990 ) (-1064 -370 -908 ) (-1064 -424 -908 ) 
4 160 162 (-1064 -1024 -862.976990 ) (-1064 -524 -862.976990 ) (-1064 -524 -908 ) (-1064 -1024 -908 ) 
4 161 163 (-1076 -424 -862.976990 ) (-1076 -370 -862.976990 ) (-1076 -370 -908 ) (-1076 -424 -908 ) 
4 162 252 (-1064 -1024 -862.976990 ) (-1076 -1024 -862.976990 ) (-1076 -1024 -908 ) (-1064 -1024 -908 ) 
4 162 163 (-1076 -1024 -862.976990 ) (-1076 -524 -862.976990 ) (-1076 -524 -908 ) (-1076 -1024 -908 ) 
4 163 252 (-1076 -1024 -862.976990 ) (-1140 -1024 -862.976990 ) (-1140 -1024 -908 ) (-1076 -1024 -908 ) 
4 163 164 (-1140 -370 -862.976990 ) (-1140 -370 -908 ) (-1140 -371 -908 ) (-1140 -371 -862.976990 ) 
4 164 165 (-1732 -370 -512 ) (-1732 -370 -908 ) (-1732 -371 -908 ) (-1732 -371 -512 ) 
4 165 264 (-1732 -1024 -512 ) (-2048 -1024 -512 ) (-2048 -1024 -908 ) (-1732 -1024 -908 ) 
4 165 180 (-2048 -1024 -908 ) (-2048 -1024 -512 ) (-2048 -370 -512 ) (-2048 -370 -908 ) 
4 166 176 (-2048 -59.877205 -908 ) (-2048 0 -908 ) (-2048 0 -953 ) (-2048 -59.877205 -953 ) 
4 167 178 (-2048 -224 -908 ) (-2048 -97 -908 ) (-2048 -97 -953 ) (-2048 -224 -953 ) 
4 167 168 (-1024 -224 -953 ) (-1024 -224 -908 ) (-1732 -224 -908 ) (-1732 -224 -953 ) 
4 168 170 (-1732 -224 -992 ) (-1024 -224 -992 ) (-1024 -256 -992 ) (-1732 -256 -992 ) 
4 168 169 (-1732 -256 -992 ) (-1024 -256 -992 ) (-1024 -256 -972 ) (-1732 -256 -972 ) 
4 169 265 (-1024 -1024 -992 ) (-1024 -1024 -972 ) (-2048 -1024 -972 ) (-2048 -1024 -992 ) 
4 169 181 (-2048 -1024 -992 ) (-2048 -1024 -972 ) (-2048 -256 -972 ) (-2048 -256 -992 ) 
4 169 170 (-1024 -1024 -992 ) (-2048 -1024 -992 ) (-2048 -256 -992 ) (-1024 -256 -992 ) 
4 170 265 (-1024 -1024 -1024 ) (-1024 -1024 -992 ) (-2048 -1024 -992 ) (-2048 -1024 -1024 ) 
4 170 183 (-2048 -1024 -1024 ) (-2048 -1024 -992 ) (-2048 0 -992 ) (-2048 0 -1024 ) 
4 171 175 (-2048 1024 -1024 ) (-2048 1024 -992 ) (-3072 1024 -992 ) (-3072 1024 -1024 ) 
4 171 173 (-2048 1024 -992 ) (-2048 1024 1024 ) (-3072 1024 1024 ) (-3072 1024 -992 ) 
4 171 172 (-3072 1024 -1024 ) (-3072 1024 1024 ) (-3072 1984 1024 ) (-3072 1984 -1024 ) 
4 172 187 (-3072 1024 -1024 ) (-3072 1024 -992 ) (-3652 1024 -992 ) (-3652 1024 -1024 ) 
4 172 184 (-3072 1024 -992 ) (-3072 1024 1024 ) (-3650 1024 1024 ) (-3650 1024 -992 ) 
4 172 186 (-3650 1024 1024 ) (-3652 1024 1024 ) (-3652 1024 -992 ) (-3650 1024 -992 ) 
4 173 184 (-3072 1024 1024 ) (-3072 1024 -992 ) (-3072 156 -992 ) (-3072 156 1024 ) 
4 173 175 (-3072 156 -992 ) (-3072 1024 -992 ) (-2048 1024 -992 ) (-2048 156 -992 ) 
4 173 174 (-2048 156 -953 ) (-2048 156 1024 ) (-3072 156 1024 ) (-3072 156 -953 ) 
4 174 185 (-3072 0 -953 ) (-3072 0 1024 ) (-3072 156 1024 ) (-3072 156 -953 ) 
4 174 176 (-2048 0 -953 ) (-2048 0 1024 ) (-2595 0 1024 ) (-2595 0 -953 ) 
4 174 179 (-2595 0 1024 ) (-3072 0 1024 ) (-3072 0 -953 ) (-2595 0 -953 ) 
4 175 187 (-3072 1024 -992 ) (-3072 1024 -1024 ) (-3072 0 -1024 ) (-3072 0 -992 ) 
4 175 183 (-2048 0 -1024 ) (-2048 0 -992 ) (-3072 0 -992 ) (-3072 0 -1024 ) 
4 176 177 (-2595 -59.877205 1024 ) (-2595 -59.877205 -611.382996 ) (-2048 -59.877205 -611.382996 ) (-2048 -59.877205 1024 ) 
4 176 179 (-2595 0 -953 ) (-2595 -59.877205 -953 ) (-2595 -59.877205 1024 ) (-2595 0 1024 ) 
4 177 179 (-2595 -97 -611.382996 ) (-2595 -97 1024 ) (-2595 -59.877205 1024 ) (-2595 -59.877205 -611.382996 ) 
4 177 178 (-2595 -97 1024 ) (-2595 -97 -611.382996 ) (-2048 -97 -611.382996 ) (-2048 -97 1024 ) 
4 178 180 (-2048 -224 -908 ) (-2048 -224 1024 ) (-2595 -224 1024 ) (-2595 -224 -908 ) 
4 178 179 (-2595 -97 -953 ) (-2595 -224 -953 ) (-2595 -224 1024 ) (-2595 -97 1024 ) 
4 179 188 (-3072 0 1024 ) (-3072 0 -953 ) (-3072 -224 -953 ) (-3072 -224 1024 ) 
4 179 180 (-2595 -224 1024 ) (-3072 -224 1024 ) (-3072 -224 -908 ) (-2595 -224 -908 ) 
4 180 272 (-2048 -1024 -908 ) (-2048 -1024 1024 ) (-2368 -1024 1024 ) (-2368 -1024 -908 ) 
4 180 274 (-2368 -1024 1024 ) (-3072 -1024 1024 ) (-3072 -1024 -908 ) (-2368 -1024 -908 ) 
4 180 190 (-3072 -256 1024 ) (-3072 -224 1024 ) (-3072 -224 -908 ) (-3072 -256 -908 ) 
4 180 191 (-3072 -1024 -908 ) (-3072 -1024 1024 ) (-3072 -256 1024 ) (-3072 -256 -908 ) 
4 180 182 (-2368 -1024 -908 ) (-3072 -1024 -908 ) (-3072 -256 -908 ) (-2368 -256 -908 ) 
4 181 275 (-2048 -1024 -992 ) (-2048 -1024 -972 ) (-2368 -1024 -972 ) (-2368 -1024 -992 ) 
4 181 183 (-2048 -1024 -992 ) (-2368 -1024 -992 ) (-2368 -256 -992 ) (-2048 -256 -992 ) 
4 181 182 (-2368 -256 -972 ) (-2368 -256 -992 ) (-2368 -1024 -992 ) (-2368 -1024 -972 ) 
4 182 275 (-3072 -1024 -972 ) (-3072 -1024 -992 ) (-2368 -1024 -992 ) (-2368 -1024 -972 ) 
4 182 274 (-2368 -1024 -908 ) (-3072 -1024 -908 ) (-3072 -1024 -972 ) (-2368 -1024 -972 ) 
4 182 191 (-3072 -1024 -992 ) (-3072 -1024 -908 ) (-3072 -256 -908 ) (-3072 -256 -992 ) 
4 182 183 (-2368 -1024 -992 ) (-3072 -1024 -992 ) (-3072 -256 -992 ) (-2368 -256 -992 ) 
4 183 275 (-2048 -1024 -1024 ) (-2048 -1024 -992 ) (-3072 -1024 -992 ) (-3072 -1024 -1024 ) 
4 183 193 (-3072 -1024 -1024 ) (-3072 -1024 -992 ) (-3072 0 -992 ) (-3072 0 -1024 ) 
4 184 187 (-3650 156 -992 ) (-3650 1024 -992 ) (-3072 1024 -992 ) (-3072 156 -992 ) 
4 184 185 (-3650 156 1024 ) (-3650 156 -953 ) (-3072 156 -953 ) (-3072 156 1024 ) 
4 184 186 (-3650 1024 -992 ) (-3650 156 -992 ) (-3650 156 1024 ) (-3650 1024 1024 ) 
4 185 188 (-3072 0 -953 ) (-3072 0 1024 ) (-3650 0 1024 ) (-3650 0 -953 ) 
4 185 186 (-3650 0 -953 ) (-3650 0 1024 ) (-3650 156 1024 ) (-3650 156 -953 ) 
4 186 189 (-3650 0 1024 ) (-3652 0 1024 ) (-3652 0 -992 ) (-3650 0 -992 ) 
4 186 187 (-3650 0 -992 ) (-3652 0 -992 ) (-3652 1024 -992 ) (-3650 1024 -992 ) 
4 187 193 (-3072 0 -1024 ) (-3072 0 -992 ) (-3652 0 -992 ) (-3652 0 -1024 ) 
4 188 190 (-3072 -224 -908 ) (-3072 -224 1024 ) (-3650 -224 1024 ) (-3650 -224 -908 ) 
4 188 189 (-3650 -224 -953 ) (-3650 -224 1024 ) (-3650 0 1024 ) (-3650 0 -953 ) 
4 189 193 (-3652 -224 -992 ) (-3652 0 -992 ) (-3650 0 -992 ) (-3650 -224 -992 ) 
4 189 192 (-3652 -224 1024 ) (-3652 -224 -992 ) (-3650 -224 -992 ) (-3650 -224 1024 ) 
4 190 191 (-3650 -256 1024 ) (-3650 -256 -908 ) (-3072 -256 -908 ) (-3072 -256 1024 ) 
4 190 192 (-3650 -256 1024 ) (-3650 -224 1024 ) (-3650 -224 -908 ) (-3650 -256 -908 ) 
4 191 276 (-3072 -1024 -992 ) (-3072 -1024 1024 ) (-3650 -1024 1024 ) (-3650 -1024 -992 ) 
4 191 193 (-3072 -1024 -992 ) (-3650 -1024 -992 ) (-3650 -256 -992 ) (-3072 -256 -992 ) 
4 191 192 (-3650 -1024 1024 ) (-3650 -256 1024 ) (-3650 -256 -992 ) (-3650 -1024 -992 ) 
4 192 276 (-3650 -1024 1024 ) (-3652 -1024 1024 ) (-3652 -1024 -992 ) (-3650 -1024 -992 ) 
4 192 193 (-3650 -1024 -992 ) (-3652 -1024 -992 ) (-3652 -224 -992 ) (-3650 -224 -992 ) 
4 193 276 (-3072 -1024 -1024 ) (-3072 -1024 -992 ) (-3652 -1024 -992 ) (-3652 -1024 -1024 ) 
4 194 208 (1760 -2048 -512 ) (1984 -2048 -512 ) (1984 -2048 1024 ) (1760 -2048 1024 ) 
4 194 197 (1760 -1024 -512 ) (1984 -1024 -512 ) (1984 -2048 -512 ) (1760 -2048 -512 ) 
4 194 195 (1760 -1688 -448 ) (1760 -1688 1024 ) (1760 -1024 1024 ) (1760 -1024 -448 ) 
4 194 196 (1760 -1688 -512 ) (1760 -2048 -512 ) (1760 -2048 1024 ) (1760 -1688 1024 ) 
4 195 201 (1024 -1024 1024 ) (1024 -1024 -448 ) (1024 -1688 -448 ) (1024 -1688 1024 ) 
4 195 196 (1760 -1688 -448 ) (1760 -1688 1024 ) (1024 -1688 1024 ) (1024 -1688 -448 ) 
4 196 208 (1024 -2048 1024 ) (1024 -2048 -512 ) (1760 -2048 -512 ) (1760 -2048 1024 ) 
4 196 207 (1024 -1688 -512 ) (1024 -2048 -512 ) (1024 -2048 1024 ) (1024 -1688 1024 ) 
4 196 200 (1760 -1688 -512 ) (1760 -2048 -512 ) (1024 -2048 -512 ) (1024 -1688 -512 ) 
4 197 208 (1760 -2048 -1024 ) (1984 -2048 -1024 ) (1984 -2048 -512 ) (1760 -2048 -512 ) 
4 197 198 (1760 -1688 -908 ) (1760 -1688 -512 ) (1760 -1024 -512 ) (1760 -1024 -908 ) 
4 197 199 (1760 -1024 -1024 ) (1760 -1688 -1024 ) (1760 -1688 -972 ) (1760 -1024 -972 ) 
4 197 200 (1760 -1688 -1024 ) (1760 -2048 -1024 ) (1760 -2048 -512 ) (1760 -1688 -512 ) 
4 198 202 (1024 -1024 -512 ) (1024 -1024 -908 ) (1024 -1688 -908 ) (1024 -1688 -512 ) 
4 198 200 (1760 -1688 -908 ) (1760 -1688 -512 ) (1024 -1688 -512 ) (1024 -1688 -908 ) 
4 199 206 (1024 -1024 -972 ) (1024 -1024 -1024 ) (1024 -1688 -1024 ) (1024 -1688 -972 ) 
4 199 200 (1024 -1688 -1024 ) (1760 -1688 -1024 ) (1760 -1688 -972 ) (1024 -1688 -972 ) 
4 200 208 (1024 -2048 -512 ) (1024 -2048 -1024 ) (1760 -2048 -1024 ) (1760 -2048 -512 ) 
4 200 207 (1024 -1688 -1024 ) (1024 -2048 -1024 ) (1024 -2048 -512 ) (1024 -1688 -512 ) 
4 201 216 (0 -1024 1024 ) (0 -1024 -448 ) (0 -1688 -448 ) (0 -1688 1024 ) 
4 201 207 (1024 -1688 -448 ) (1024 -1688 1024 ) (0 -1688 1024 ) (0 -1688 -448 ) 
4 201 203 (664 -1688 -448 ) (280 -1688 -448 ) (280 -1024 -448 ) (664 -1024 -448 ) 
4 202 207 (1024 -1688 -908 ) (1024 -1688 -512 ) (664 -1688 -512 ) (664 -1688 -908 ) 
4 202 204 (664 -1024 -908 ) (664 -1688 -908 ) (664 -1688 -568 ) (664 -1024 -568 ) 
4 203 207 (664 -1688 -448 ) (280 -1688 -448 ) (280 -1688 -456 ) (664 -1688 -456 ) 
4 204 207 (280 -1688 -568 ) (280 -1688 -908 ) (664 -1688 -908 ) (664 -1688 -568 ) 
4 204 205 (280 -1024 -908 ) (280 -1688 -908 ) (280 -1688 -568 ) (280 -1024 -568 ) 
4 205 243 (0 -1216 -908 ) (0 -1688 -908 ) (0 -1688 -862.976990 ) (0 -1216 -862.976990 ) 
4 205 241 (0 -1211.829956 -908 ) (0 -1216 -908 ) (0 -1216 -862.976990 ) (0 -1211.829956 -862.976990 ) 
4 205 235 (0 -1111.829956 -908 ) (0 -1211.829956 -908 ) (0 -1211.829956 -862.976990 ) (0 -1111.829956 -862.976990 ) 
4 205 233 (0 -1024 -862.976990 ) (0 -1024 -908 ) (0 -1111.829956 -908 ) (0 -1111.829956 -862.976990 ) 
4 205 220 (0 -1216 -862.976990 ) (0 -1688 -862.976990 ) (0 -1688 -512 ) (0 -1216 -512 ) 
4 205 219 (0 -1024 -512 ) (0 -1024 -862.976990 ) (0 -1216 -862.976990 ) (0 -1216 -512 ) 
4 205 207 (0 -1688 -512 ) (0 -1688 -908 ) (280 -1688 -908 ) (280 -1688 -512 ) 
4 206 248 (0 -1132 -1024 ) (0 -1688 -1024 ) (0 -1688 -972 ) (0 -1132 -972 ) 
4 206 246 (0 -1024 -972 ) (0 -1024 -1024 ) (0 -1132 -1024 ) (0 -1132 -972 ) 
4 206 207 (1024 -1688 -1024 ) (1024 -1688 -972 ) (0 -1688 -972 ) (0 -1688 -1024 ) 
4 207 248 (0 -2048 -1024 ) (0 -2048 -972 ) (0 -1688 -972 ) (0 -1688 -1024 ) 
4 207 247 (0 -2048 -972 ) (0 -2048 -908 ) (0 -1688 -908 ) (0 -1688 -972 ) 
4 207 243 (0 -2048 -908 ) (0 -2048 -862.976990 ) (0 -1688 -862.976990 ) (0 -1688 -908 ) 
4 207 220 (0 -2048 -862.976990 ) (0 -2048 -512 ) (0 -1688 -512 ) (0 -1688 -862.976990 ) 
4 207 217 (0 -2048 -512 ) (0 -2048 -448 ) (0 -1688 -448 ) (0 -1688 -512 ) 
4 207 216 (0 -2048 -448 ) (0 -2048 1024 ) (0 -1688 1024 ) (0 -1688 -448 ) 
4 207 209 (1024 -2048 -1024 ) (1024 -2048 1024 ) (0 -2048 1024 ) (0 -2048 -1024 ) 
4 208 210 (1024 -3072 1024 ) (1024 -3072 -1024 ) (1984 -3072 -1024 ) (1984 -3072 1024 ) 
4 208 209 (1024 -3072 -1024 ) (1024 -3072 1024 ) (1024 -2048 1024 ) (1024 -2048 -1024 ) 
4 209 268 (0 -3072 -1024 ) (0 -3072 1024 ) (0 -2048 1024 ) (0 -2048 -1024 ) 
4 209 211 (0 -3072 1024 ) (0 -3072 -1024 ) (1024 -3072 -1024 ) (1024 -3072 1024 ) 
4 210 212 (1024 -4096 1024 ) (1024 -4096 -1024 ) (1984 -4096 -1024 ) (1984 -4096 1024 ) 
4 210 211 (1024 -3072 1024 ) (1024 -3072 -1024 ) (1024 -4096 -1024 ) (1024 -4096 1024 ) 
4 211 270 (0 -4096 -1024 ) (0 -4096 1024 ) (0 -3072 1024 ) (0 -3072 -1024 ) 
4 211 213 (1024 -4096 -1024 ) (1024 -4096 1024 ) (0 -4096 1024 ) (0 -4096 -1024 ) 
4 212 214 (1024 -5120 1024 ) (1024 -5120 -1024 ) (1984 -5120 -1024 ) (1984 -5120 1024 ) 
4 212 213 (1024 -4096 1024 ) (1024 -4096 -1024 ) (1024 -5120 -1024 ) (1024 -5120 1024 ) 
4 213 281 (0 -5120 -1024 ) (0 -5120 1024 ) (0 -4096 1024 ) (0 -4096 -1024 ) 
4 213 215 (1024 -5120 -1024 ) (1024 -5120 1024 ) (0 -5120 1024 ) (0 -5120 -1024 ) 
4 214 215 (1024 -5824 -1024 ) (1024 -5824 1024 ) (1024 -5120 1024 ) (1024 -5120 -1024 ) 
4 215 283 (0 -5824 -1024 ) (0 -5824 1024 ) (0 -5120 1024 ) (0 -5120 -1024 ) 
4 216 268 (0 -2048 -448 ) (0 -2048 1024 ) (-1024 -2048 1024 ) (-1024 -2048 -448 ) 
4 216 249 (-1024 -1024 1024 ) (-1024 -1024 -448 ) (-1024 -2048 -448 ) (-1024 -2048 1024 ) 
4 216 218 (-60 -2048 -448 ) (-1024 -2048 -448 ) (-1024 -1688 -448 ) (-60 -1688 -448 ) 
4 216 217 (0 -2048 -448 ) (-60 -2048 -448 ) (-60 -1688 -448 ) (0 -1688 -448 ) 
4 217 268 (0 -2048 -512 ) (0 -2048 -448 ) (-60 -2048 -448 ) (-60 -2048 -512 ) 
4 217 220 (0 -1688 -512 ) (0 -2048 -512 ) (-60 -2048 -512 ) (-60 -1688 -512 ) 
4 217 218 (-60 -1688 -512 ) (-60 -2048 -512 ) (-60 -2048 -448 ) (-60 -1688 -448 ) 
4 218 268 (-60 -2048 -448 ) (-1024 -2048 -448 ) (-1024 -2048 -512 ) (-60 -2048 -512 ) 
4 218 250 (-1024 -1688 -512 ) (-1024 -2048 -512 ) (-1024 -2048 -448 ) (-1024 -1688 -448 ) 
4 218 225 (-1024 -2048 -512 ) (-1024 -1688 -512 ) (-740 -1688 -512 ) (-740 -2048 -512 ) 
4 218 221 (-739 -1688 -512 ) (-60 -1688 -512 ) (-60 -2048 -512 ) (-739 -2048 -512 ) 
4 218 222 (-740 -1688 -512 ) (-739 -1688 -512 ) (-739 -2048 -512 ) (-740 -2048 -512 ) 
4 219 241 (0 -1211.829956 -862.976990 ) (0 -1216 -862.976990 ) (-60 -1216 -862.976990 ) (-60 -1211.829956 -862.976990 ) 
4 219 235 (0 -1111.829956 -862.976990 ) (0 -1211.829956 -862.976990 ) (-60 -1211.829956 -862.976990 ) (-60 -1111.829956 -862.976990 ) 
4 219 233 (-60 -1024 -862.976990 ) (0 -1024 -862.976990 ) (0 -1111.829956 -862.976990 ) (-60 -1111.829956 -862.976990 ) 
4 219 220 (-60 -1216 -862.976990 ) (0 -1216 -862.976990 ) (0 -1216 -512 ) (-60 -1216 -512 ) 
4 220 268 (0 -2048 -862.976990 ) (0 -2048 -512 ) (-60 -2048 -512 ) (-60 -2048 -862.976990 ) 
4 220 243 (0 -2048 -862.976990 ) (-60 -2048 -862.976990 ) (-60 -1216 -862.976990 ) (0 -1216 -862.976990 ) 
4 220 221 (-60 -1232 -862.976990 ) (-60 -2048 -862.976990 ) (-60 -2048 -512 ) (-60 -1232 -512 ) 
4 221 268 (-60 -2048 -512 ) (-739 -2048 -512 ) (-739 -2048 -862.976990 ) (-60 -2048 -862.976990 ) 
4 221 244 (-60 -2048 -862.976990 ) (-739 -2048 -862.976990 ) (-739 -1232 -862.976990 ) (-60 -1232 -862.976990 ) 
4 221 222 (-739 -1232 -862.976990 ) (-739 -2048 -862.976990 ) (-739 -2048 -512 ) (-739 -1232 -512 ) 
4 222 268 (-739 -2048 -512 ) (-740 -2048 -512 ) (-740 -2048 -862.976990 ) (-739 -2048 -862.976990 ) 
4 222 245 (-739 -2048 -862.976990 ) (-740 -2048 -862.976990 ) (-740 -1216 -862.976990 ) (-739 -1216 -862.976990 ) 
4 222 232 (-740 -1216 -862.976990 ) (-740 -2048 -862.976990 ) (-740 -2048 -820 ) (-740 -1216 -820 ) 
4 222 224 (-740 -1216 -792 ) (-740 -1216 -820 ) (-740 -1232 -820 ) (-740 -1232 -792 ) 
4 222 225 (-740 -2048 -820 ) (-740 -2048 -512 ) (-740 -1232 -512 ) (-740 -1232 -820 ) 
4 223 252 (-1024 -1024 -704 ) (-1024 -1024 -820 ) (-1024 -1040 -820 ) (-1024 -1040 -704 ) 
4 223 226 (-1024 -1024 -820 ) (-740 -1024 -820 ) (-740 -1040 -820 ) (-1024 -1040 -820 ) 
4 223 224 (-1024 -1040 -820 ) (-740 -1040 -820 ) (-740 -1040 -792 ) (-1024 -1040 -792 ) 
4 224 254 (-1024 -1040 -820 ) (-1024 -1232 -820 ) (-1024 -1232 -792 ) (-1024 -1040 -792 ) 
4 224 231 (-972 -1175.829956 -820 ) (-1012 -1175.829956 -820 ) (-1012 -1147.829956 -820 ) (-972 -1147.829956 -820 ) 
4 224 229 (-868 -1175.829956 -820 ) (-908 -1175.829956 -820 ) (-908 -1147.829956 -820 ) (-868 -1147.829956 -820 ) 
4 224 230 (-920 -1175.829956 -820 ) (-960 -1175.829956 -820 ) (-960 -1147.829956 -820 ) (-920 -1147.829956 -820 ) 
4 224 228 (-816 -1175.829956 -820 ) (-856 -1175.829956 -820 ) (-856 -1147.829956 -820 ) (-816 -1147.829956 -820 ) 
4 224 227 (-740 -1147.829956 -820 ) (-740 -1175.829956 -820 ) (-804 -1175.829956 -820 ) (-804 -1147.829956 -820 ) 
4 224 226 (-740 -1040 -820 ) (-740 -1147.829956 -820 ) (-1024 -1147.829956 -820 ) (-1024 -1040 -820 ) 
4 224 232 (-740 -1175.829956 -820 ) (-740 -1232 -820 ) (-1024 -1232 -820 ) (-1024 -1175.829956 -820 ) 
4 224 225 (-1024 -1232 -820 ) (-740 -1232 -820 ) (-740 -1232 -792 ) (-1024 -1232 -792 ) 
4 225 268 (-740 -2048 -512 ) (-1024 -2048 -512 ) (-1024 -2048 -820 ) (-740 -2048 -820 ) 
4 225 254 (-1024 -1232 -820 ) (-1024 -2048 -820 ) (-1024 -2048 -792 ) (-1024 -1232 -792 ) 
4 225 253 (-1024 -2048 -792 ) (-1024 -2048 -512 ) (-1024 -1232 -512 ) (-1024 -1232 -792 ) 
4 225 232 (-740 -1232 -820 ) (-740 -2048 -820 ) (-1024 -2048 -820 ) (-1024 -1232 -820 ) 
4 226 254 (-1024 -1040 -862.976990 ) (-1024 -1147.829956 -862.976990 ) (-1024 -1147.829956 -820 ) (-1024 -1040 -820 ) 
4 226 252 (-1024 -1024 -820 ) (-1024 -1024 -862.976990 ) (-1024 -1040 -862.976990 ) (-1024 -1040 -820 ) 
4 226 239 (-960 -1111.829956 -862.976990 ) (-920 -1111.829956 -862.976990 ) (-920 -1147.829956 -862.976990 ) (-960 -1147.829956 -862.976990 ) 
4 226 240 (-1012 -1111.829956 -862.976990 ) (-972 -1111.829956 -862.976990 ) (-972 -1147.829956 -862.976990 ) (-1012 -1147.829956 -862.976990 ) 
4 226 238 (-908 -1111.829956 -862.976990 ) (-868 -1111.829956 -862.976990 ) (-868 -1147.829956 -862.976990 ) (-908 -1147.829956 -862.976990 ) 
4 226 236 (-804 -1111.829956 -862.976990 ) (-740 -1111.829956 -862.976990 ) (-740 -1147.829956 -862.976990 ) (-804 -1147.829956 -862.976990 ) 
4 226 237 (-856 -1111.829956 -862.976990 ) (-816 -1111.829956 -862.976990 ) (-816 -1147.829956 -862.976990 ) (-856 -1147.829956 -862.976990 ) 
4 226 234 (-1024 -1111.829956 -862.976990 ) (-1024 -1024 -862.976990 ) (-740 -1024 -862.976990 ) (-740 -1111.829956 -862.976990 ) 
4 226 231 (-1012 -1147.829956 -862.976990 ) (-972 -1147.829956 -862.976990 ) (-972 -1147.829956 -820 ) (-1012 -1147.829956 -820 ) 
4 226 229 (-908 -1147.829956 -862.976990 ) (-868 -1147.829956 -862.976990 ) (-868 -1147.829956 -820 ) (-908 -1147.829956 -820 ) 
4 226 230 (-960 -1147.829956 -862.976990 ) (-920 -1147.829956 -862.976990 ) (-920 -1147.829956 -820 ) (-960 -1147.829956 -820 ) 
4 226 228 (-856 -1147.829956 -862.976990 ) (-816 -1147.829956 -862.976990 ) (-816 -1147.829956 -820 ) (-856 -1147.829956 -820 ) 
4 226 227 (-804 -1147.829956 -862.976990 ) (-740 -1147.829956 -862.976990 ) (-740 -1147.829956 -820 ) (-804 -1147.829956 -820 ) 
4 227 236 (-804 -1147.829956 -862.976990 ) (-740 -1147.829956 -862.976990 ) (-740 -1175.829956 -862.976990 ) (-804 -1175.829956 -862.976990 ) 
4 227 232 (-804 -1175.829956 -862.976990 ) (-740 -1175.829956 -862.976990 ) (-740 -1175.829956 -820 ) (-804 -1175.829956 -820 ) 
4 228 237 (-856 -1147.829956 -862.976990 ) (-816 -1147.829956 -862.976990 ) (-816 -1175.829956 -862.976990 ) (-856 -1175.829956 -862.976990 ) 
4 228 232 (-856 -1175.829956 -862.976990 ) (-816 -1175.829956 -862.976990 ) (-816 -1175.829956 -820 ) (-856 -1175.829956 -820 ) 
4 229 238 (-908 -1147.829956 -862.976990 ) (-868 -1147.829956 -862.976990 ) (-868 -1175.829956 -862.976990 ) (-908 -1175.829956 -862.976990 ) 
4 229 232 (-908 -1175.829956 -862.976990 ) (-868 -1175.829956 -862.976990 ) (-868 -1175.829956 -820 ) (-908 -1175.829956 -820 ) 
4 230 239 (-960 -1147.829956 -862.976990 ) (-920 -1147.829956 -862.976990 ) (-920 -1175.829956 -862.976990 ) (-960 -1175.829956 -862.976990 ) 
4 230 232 (-960 -1175.829956 -862.976990 ) (-920 -1175.829956 -862.976990 ) (-920 -1175.829956 -820 ) (-960 -1175.829956 -820 ) 
4 231 240 (-1012 -1147.829956 -862.976990 ) (-972 -1147.829956 -862.976990 ) (-972 -1175.829956 -862.976990 ) (-1012 -1175.829956 -862.976990 ) 
4 231 232 (-1012 -1175.829956 -862.976990 ) (-972 -1175.829956 -862.976990 ) (-972 -1175.829956 -820 ) (-1012 -1175.829956 -820 ) 
4 232 268 (-1024 -2048 -820 ) (-1024 -2048 -862.976990 ) (-740 -2048 -862.976990 ) (-740 -2048 -820 ) 
4 232 254 (-1024 -1175.829956 -862.976990 ) (-1024 -2048 -862.976990 ) (-1024 -2048 -820 ) (-1024 -1175.829956 -820 ) 
4 232 245 (-740 -2048 -862.976990 ) (-1024 -2048 -862.976990 ) (-1024 -1216 -862.976990 ) (-740 -1216 -862.976990 ) 
4 232 242 (-1024 -1216 -862.976990 ) (-1024 -1211.829956 -862.976990 ) (-740 -1211.829956 -862.976990 ) (-740 -1216 -862.976990 ) 
4 232 239 (-960 -1175.829956 -862.976990 ) (-920 -1175.829956 -862.976990 ) (-920 -1211.829956 -862.976990 ) (-960 -1211.829956 -862.976990 ) 
4 232 240 (-1012 -1175.829956 -862.976990 ) (-972 -1175.829956 -862.976990 ) (-972 -1211.829956 -862.976990 ) (-1012 -1211.829956 -862.976990 ) 
4 232 238 (-908 -1175.829956 -862.976990 ) (-868 -1175.829956 -862.976990 ) (-868 -1211.829956 -862.976990 ) (-908 -1211.829956 -862.976990 ) 
4 232 236 (-804 -1175.829956 -862.976990 ) (-740 -1175.829956 -862.976990 ) (-740 -1211.829956 -862.976990 ) (-804 -1211.829956 -862.976990 ) 
4 232 237 (-856 -1175.829956 -862.976990 ) (-816 -1175.829956 -862.976990 ) (-816 -1211.829956 -862.976990 ) (-856 -1211.829956 -862.976990 ) 
4 233 235 (-60 -1111.829956 -908 ) (0 -1111.829956 -908 ) (0 -1111.829956 -862.976990 ) (-60 -1111.829956 -862.976990 ) 
4 234 259 (-1024 -1040 -908 ) (-1024 -1111.829956 -908 ) (-1024 -1111.829956 -862.976990 ) (-1024 -1040 -862.976990 ) 
4 234 252 (-1024 -1024 -862.976990 ) (-1024 -1024 -908 ) (-1024 -1040 -908 ) (-1024 -1040 -862.976990 ) 
4 234 239 (-960 -1111.829956 -908 ) (-920 -1111.829956 -908 ) (-920 -1111.829956 -862.976990 ) (-960 -1111.829956 -862.976990 ) 
4 234 240 (-1012 -1111.829956 -908 ) (-972 -1111.829956 -908 ) (-972 -1111.829956 -862.976990 ) (-1012 -1111.829956 -862.976990 ) 
4 234 238 (-908 -1111.829956 -908 ) (-868 -1111.829956 -908 ) (-868 -1111.829956 -862.976990 ) (-908 -1111.829956 -862.976990 ) 
4 234 236 (-804 -1111.829956 -908 ) (-740 -1111.829956 -908 ) (-740 -1111.829956 -862.976990 ) (-804 -1111.829956 -862.976990 ) 
4 234 237 (-856 -1111.829956 -908 ) (-816 -1111.829956 -908 ) (-816 -1111.829956 -862.976990 ) (-856 -1111.829956 -862.976990 ) 
4 235 241 (-60 -1211.829956 -908 ) (0 -1211.829956 -908 ) (0 -1211.829956 -862.976990 ) (-60 -1211.829956 -862.976990 ) 
4 236 242 (-804 -1211.829956 -908 ) (-740 -1211.829956 -908 ) (-740 -1211.829956 -862.976990 ) (-804 -1211.829956 -862.976990 ) 
4 237 242 (-856 -1211.829956 -908 ) (-816 -1211.829956 -908 ) (-816 -1211.829956 -862.976990 ) (-856 -1211.829956 -862.976990 ) 
4 238 242 (-908 -1211.829956 -908 ) (-868 -1211.829956 -908 ) (-868 -1211.829956 -862.976990 ) (-908 -1211.829956 -862.976990 ) 
4 239 242 (-960 -1211.829956 -908 ) (-920 -1211.829956 -908 ) (-920 -1211.829956 -862.976990 ) (-960 -1211.829956 -862.976990 ) 
4 240 242 (-1012 -1211.829956 -908 ) (-972 -1211.829956 -908 ) (-972 -1211.829956 -862.976990 ) (-1012 -1211.829956 -862.976990 ) 
4 241 243 (-60 -1216 -908 ) (0 -1216 -908 ) (0 -1216 -862.976990 ) (-60 -1216 -862.976990 ) 
4 242 259 (-1024 -1211.829956 -908 ) (-1024 -1216 -908 ) (-1024 -1216 -862.976990 ) (-1024 -1211.829956 -862.976990 ) 
4 242 245 (-1024 -1216 -908 ) (-740 -1216 -908 ) (-740 -1216 -862.976990 ) (-1024 -1216 -862.976990 ) 
4 243 268 (0 -2048 -908 ) (0 -2048 -862.976990 ) (-60 -2048 -862.976990 ) (-60 -2048 -908 ) 
4 243 247 (0 -2048 -908 ) (-60 -2048 -908 ) (-60 -1688 -908 ) (0 -1688 -908 ) 
4 243 244 (-60 -1232 -908 ) (-60 -2048 -908 ) (-60 -2048 -862.976990 ) (-60 -1232 -862.976990 ) 
4 244 268 (-60 -2048 -862.976990 ) (-739 -2048 -862.976990 ) (-739 -2048 -908 ) (-60 -2048 -908 ) 
4 244 247 (-60 -2048 -908 ) (-739 -2048 -908 ) (-739 -1688 -908 ) (-60 -1688 -908 ) 
4 244 245 (-739 -1232 -908 ) (-739 -2048 -908 ) (-739 -2048 -862.976990 ) (-739 -1232 -862.976990 ) 
4 245 268 (-739 -2048 -862.976990 ) (-1024 -2048 -862.976990 ) (-1024 -2048 -908 ) (-739 -2048 -908 ) 
4 245 259 (-1024 -1216 -908 ) (-1024 -2048 -908 ) (-1024 -2048 -862.976990 ) (-1024 -1216 -862.976990 ) 
4 245 247 (-739 -2048 -908 ) (-1024 -2048 -908 ) (-1024 -1688 -908 ) (-739 -1688 -908 ) 
4 246 265 (-1024 -1024 -972 ) (-1024 -1024 -1024 ) (-1024 -1132 -1024 ) (-1024 -1132 -972 ) 
4 246 248 (-1024 -1132 -972 ) (-1024 -1132 -1024 ) (0 -1132 -1024 ) (0 -1132 -972 ) 
4 247 268 (0 -2048 -972 ) (0 -2048 -908 ) (-1024 -2048 -908 ) (-1024 -2048 -972 ) 
4 247 266 (-1024 -2048 -972 ) (-1024 -2048 -908 ) (-1024 -1688 -908 ) (-1024 -1688 -972 ) 
4 247 248 (0 -2048 -972 ) (-1024 -2048 -972 ) (-1024 -1688 -972 ) (0 -1688 -972 ) 
4 248 268 (0 -2048 -1024 ) (0 -2048 -972 ) (-1024 -2048 -972 ) (-1024 -2048 -1024 ) 
4 248 267 (-1024 -2048 -1024 ) (-1024 -2048 -972 ) (-1024 -1132 -972 ) (-1024 -1132 -1024 ) 
4 249 272 (-2048 -1024 1024 ) (-2048 -1024 -448 ) (-2048 -1688 -448 ) (-2048 -1688 1024 ) 
4 249 273 (-2048 -1688 -448 ) (-2048 -2048 -448 ) (-2048 -2048 1024 ) (-2048 -1688 1024 ) 
4 249 269 (-1024 -2048 -448 ) (-1024 -2048 1024 ) (-2048 -2048 1024 ) (-2048 -2048 -448 ) 
4 249 250 (-1024 -1688 -448 ) (-1024 -2048 -448 ) (-1732 -2048 -448 ) (-1732 -1688 -448 ) 
4 249 251 (-2048 -1024 -448 ) (-1732 -1024 -448 ) (-1732 -2048 -448 ) (-2048 -2048 -448 ) 
4 250 269 (-1024 -2048 -512 ) (-1024 -2048 -448 ) (-1732 -2048 -448 ) (-1732 -2048 -512 ) 
4 250 263 (-1140 -2048 -512 ) (-1732 -2048 -512 ) (-1732 -1688 -512 ) (-1140 -1688 -512 ) 
4 250 253 (-1024 -2048 -512 ) (-1140 -2048 -512 ) (-1140 -1688 -512 ) (-1024 -1688 -512 ) 
4 250 251 (-1732 -1688 -512 ) (-1732 -2048 -512 ) (-1732 -2048 -448 ) (-1732 -1688 -448 ) 
4 251 272 (-2048 -1024 -448 ) (-2048 -1024 -512 ) (-2048 -1688 -512 ) (-2048 -1688 -448 ) 
4 251 273 (-2048 -1688 -512 ) (-2048 -2048 -512 ) (-2048 -2048 -448 ) (-2048 -1688 -448 ) 
4 251 269 (-1732 -2048 -448 ) (-2048 -2048 -448 ) (-2048 -2048 -512 ) (-1732 -2048 -512 ) 
4 251 264 (-1732 -2048 -512 ) (-2048 -2048 -512 ) (-2048 -1024 -512 ) (-1732 -1024 -512 ) 
4 252 260 (-1076 -1040 -908 ) (-1064 -1040 -908 ) (-1064 -1040 -862.976990 ) (-1076 -1040 -862.976990 ) 
4 252 259 (-1064 -1040 -908 ) (-1024 -1040 -908 ) (-1024 -1040 -862.976990 ) (-1064 -1040 -862.976990 ) 
4 252 262 (-1140 -1040 -862.976990 ) (-1140 -1040 -908 ) (-1076 -1040 -908 ) (-1076 -1040 -862.976990 ) 
4 252 255 (-1076 -1040 -862.976990 ) (-1064 -1040 -862.976990 ) (-1064 -1040 -792 ) (-1076 -1040 -792 ) 
4 252 254 (-1064 -1040 -862.976990 ) (-1024 -1040 -862.976990 ) (-1024 -1040 -792 ) (-1064 -1040 -792 ) 
4 252 258 (-1140 -1040 -792 ) (-1140 -1040 -862.976990 ) (-1076 -1040 -862.976990 ) (-1076 -1040 -792 ) 
4 253 269 (-1024 -2048 -792 ) (-1024 -2048 -512 ) (-1140 -2048 -512 ) (-1140 -2048 -792 ) 
4 253 263 (-1140 -2048 -792 ) (-1140 -2048 -512 ) (-1140 -1688 -512 ) (-1140 -1688 -792 ) 
4 253 257 (-1064 -2048 -792 ) (-1076 -2048 -792 ) (-1076 -1232 -792 ) (-1064 -1232 -792 ) 
4 253 254 (-1024 -2048 -792 ) (-1064 -2048 -792 ) (-1064 -1232 -792 ) (-1024 -1232 -792 ) 
4 253 258 (-1076 -2048 -792 ) (-1140 -2048 -792 ) (-1140 -1232 -792 ) (-1076 -1232 -792 ) 
4 254 269 (-1024 -2048 -862.976990 ) (-1024 -2048 -792 ) (-1064 -2048 -792 ) (-1064 -2048 -862.976990 ) 
4 254 259 (-1064 -1040 -862.976990 ) (-1024 -1040 -862.976990 ) (-1024 -2048 -862.976990 ) (-1064 -2048 -862.976990 ) 
4 254 256 (-1064 -1175.829956 -820 ) (-1064 -1175.829956 -792 ) (-1064 -1147.829956 -792 ) (-1064 -1147.829956 -820 ) 
4 254 255 (-1064 -1040 -862.976990 ) (-1064 -1147.829956 -862.976990 ) (-1064 -1147.829956 -792 ) (-1064 -1040 -792 ) 
4 254 257 (-1064 -1175.829956 -862.976990 ) (-1064 -2048 -862.976990 ) (-1064 -2048 -792 ) (-1064 -1175.829956 -792 ) 
4 255 260 (-1076 -1040 -862.976990 ) (-1064 -1040 -862.976990 ) (-1064 -1111.829956 -862.976990 ) (-1076 -1111.829956 -862.976990 ) 
4 255 256 (-1076 -1147.829956 -792 ) (-1076 -1147.829956 -820 ) (-1064 -1147.829956 -820 ) (-1064 -1147.829956 -792 ) 
4 255 258 (-1076 -1040 -862.976990 ) (-1076 -1147.829956 -862.976990 ) (-1076 -1147.829956 -792 ) (-1076 -1040 -792 ) 
4 256 258 (-1076 -1175.829956 -820 ) (-1076 -1175.829956 -792 ) (-1076 -1147.829956 -792 ) (-1076 -1147.829956 -820 ) 
4 256 257 (-1076 -1175.829956 -792 ) (-1076 -1175.829956 -820 ) (-1064 -1175.829956 -820 ) (-1064 -1175.829956 -792 ) 
4 257 269 (-1064 -2048 -792 ) (-1076 -2048 -792 ) (-1076 -2048 -862.976990 ) (-1064 -2048 -862.976990 ) 
4 257 261 (-1064 -1211.829956 -862.976990 ) (-1064 -2048 -862.976990 ) (-1076 -2048 -862.976990 ) (-1076 -1211.829956 -862.976990 ) 
4 257 258 (-1076 -1175.829956 -862.976990 ) (-1076 -2048 -862.976990 ) (-1076 -2048 -792 ) (-1076 -1175.829956 -792 ) 
4 258 269 (-1076 -2048 -792 ) (-1140 -2048 -792 ) (-1140 -2048 -862.976990 ) (-1076 -2048 -862.976990 ) 
4 258 263 (-1140 -2048 -862.976990 ) (-1140 -2048 -792 ) (-1140 -1688 -792 ) (-1140 -1688 -862.976990 ) 
4 258 262 (-1140 -2048 -862.976990 ) (-1140 -1040 -862.976990 ) (-1076 -1040 -862.976990 ) (-1076 -2048 -862.976990 ) 
4 259 269 (-1024 -2048 -908 ) (-1024 -2048 -862.976990 ) (-1064 -2048 -862.976990 ) (-1064 -2048 -908 ) 
4 259 266 (-1024 -1688 -908 ) (-1024 -2048 -908 ) (-1064 -2048 -908 ) (-1064 -1688 -908 ) 
4 259 260 (-1064 -1111.829956 -862.976990 ) (-1064 -1040 -862.976990 ) (-1064 -1040 -908 ) (-1064 -1111.829956 -908 ) 
4 259 261 (-1064 -2048 -862.976990 ) (-1064 -1211.829956 -862.976990 ) (-1064 -1211.829956 -908 ) (-1064 -2048 -908 ) 
4 260 262 (-1076 -1111.829956 -862.976990 ) (-1076 -1040 -862.976990 ) (-1076 -1040 -908 ) (-1076 -1111.829956 -908 ) 
4 261 269 (-1064 -2048 -862.976990 ) (-1076 -2048 -862.976990 ) (-1076 -2048 -908 ) (-1064 -2048 -908 ) 
4 261 266 (-1064 -2048 -908 ) (-1076 -2048 -908 ) (-1076 -1688 -908 ) (-1064 -1688 -908 ) 
4 261 262 (-1076 -2048 -862.976990 ) (-1076 -1211.829956 -862.976990 ) (-1076 -1211.829956 -908 ) (-1076 -2048 -908 ) 
4 262 269 (-1076 -2048 -862.976990 ) (-1140 -2048 -862.976990 ) (-1140 -2048 -908 ) (-1076 -2048 -908 ) 
4 262 266 (-1076 -2048 -908 ) (-1140 -2048 -908 ) (-1140 -1688 -908 ) (-1076 -1688 -908 ) 
4 262 263 (-1140 -1688 -908 ) (-1140 -2048 -908 ) (-1140 -2048 -862.976990 ) (-1140 -1688 -862.976990 ) 
4 263 269 (-1140 -2048 -512 ) (-1732 -2048 -512 ) (-1732 -2048 -908 ) (-1140 -2048 -908 ) 
4 263 266 (-1140 -1688 -908 ) (-1140 -2048 -908 ) (-1732 -2048 -908 ) (-1732 -1688 -908 ) 
4 263 264 (-1732 -1688 -908 ) (-1732 -2048 -908 ) (-1732 -2048 -512 ) (-1732 -1688 -512 ) 
4 264 272 (-2048 -1024 -512 ) (-2048 -1024 -908 ) (-2048 -1688 -908 ) (-2048 -1688 -512 ) 
4 264 273 (-2048 -1688 -908 ) (-2048 -2048 -908 ) (-2048 -2048 -512 ) (-2048 -1688 -512 ) 
4 264 269 (-1732 -2048 -512 ) (-2048 -2048 -512 ) (-2048 -2048 -908 ) (-1732 -2048 -908 ) 
4 264 266 (-1732 -1688 -908 ) (-1732 -2048 -908 ) (-2048 -2048 -908 ) (-2048 -1688 -908 ) 
4 265 275 (-2048 -1024 -972 ) (-2048 -1024 -1024 ) (-2048 -1132 -1024 ) (-2048 -1132 -972 ) 
4 265 267 (-2048 -1132 -972 ) (-2048 -1132 -1024 ) (-1024 -1132 -1024 ) (-1024 -1132 -972 ) 
4 266 273 (-2048 -2048 -972 ) (-2048 -2048 -908 ) (-2048 -1688 -908 ) (-2048 -1688 -972 ) 
4 266 269 (-1024 -2048 -972 ) (-1024 -2048 -908 ) (-2048 -2048 -908 ) (-2048 -2048 -972 ) 
4 266 267 (-1024 -1688 -972 ) (-1024 -2048 -972 ) (-2048 -2048 -972 ) (-2048 -1688 -972 ) 
4 267 275 (-2048 -2048 -1024 ) (-2048 -2048 -972 ) (-2048 -1132 -972 ) (-2048 -1132 -1024 ) 
4 267 269 (-1024 -2048 -1024 ) (-1024 -2048 -972 ) (-2048 -2048 -972 ) (-2048 -2048 -1024 ) 
4 268 270 (0 -3072 -1024 ) (0 -3072 1024 ) (-1024 -3072 1024 ) (-1024 -3072 -1024 ) 
4 268 269 (-1024 -3072 -1024 ) (-1024 -3072 1024 ) (-1024 -2048 1024 ) (-1024 -2048 -1024 ) 
4 269 277 (-2048 -3072 -1024 ) (-2048 -3072 1024 ) (-2048 -2048 1024 ) (-2048 -2048 -1024 ) 
4 269 271 (-2048 -3072 1024 ) (-2048 -3072 -1024 ) (-1024 -3072 -1024 ) (-1024 -3072 1024 ) 
4 270 281 (0 -4096 -1024 ) (0 -4096 1024 ) (-1024 -4096 1024 ) (-1024 -4096 -1024 ) 
4 270 271 (-1024 -3072 1024 ) (-1024 -3072 -1024 ) (-1024 -4096 -1024 ) (-1024 -4096 1024 ) 
4 271 282 (-1024 -4096 -1024 ) (-1024 -4096 1024 ) (-2048 -4096 1024 ) (-2048 -4096 -1024 ) 
4 271 278 (-2048 -4096 -1024 ) (-2048 -4096 1024 ) (-2048 -3072 1024 ) (-2048 -3072 -1024 ) 
4 272 273 (-2368 -1688 1024 ) (-2368 -1688 -908 ) (-2048 -1688 -908 ) (-2048 -1688 1024 ) 
4 272 274 (-2368 -1688 -908 ) (-2368 -1688 1024 ) (-2368 -1024 1024 ) (-2368 -1024 -908 ) 
4 273 277 (-2048 -2048 -972 ) (-2048 -2048 1024 ) (-2368 -2048 1024 ) (-2368 -2048 -972 ) 
4 273 275 (-2048 -2048 -972 ) (-2368 -2048 -972 ) (-2368 -1688 -972 ) (-2048 -1688 -972 ) 
4 273 274 (-2368 -1688 -972 ) (-2368 -2048 -972 ) (-2368 -2048 1024 ) (-2368 -1688 1024 ) 
4 274 277 (-2368 -2048 1024 ) (-3072 -2048 1024 ) (-3072 -2048 -972 ) (-2368 -2048 -972 ) 
4 274 276 (-3072 -1024 1024 ) (-3072 -1024 -972 ) (-3072 -2048 -972 ) (-3072 -2048 1024 ) 
4 274 275 (-2368 -2048 -972 ) (-3072 -2048 -972 ) (-3072 -1024 -972 ) (-2368 -1024 -972 ) 
4 275 277 (-2048 -2048 -1024 ) (-2048 -2048 -972 ) (-3072 -2048 -972 ) (-3072 -2048 -1024 ) 
4 275 276 (-3072 -1024 -972 ) (-3072 -1024 -1024 ) (-3072 -2048 -1024 ) (-3072 -2048 -972 ) 
4 276 279 (-3072 -2048 -1024 ) (-3072 -2048 1024 ) (-3652 -2048 1024 ) (-3652 -2048 -1024 ) 
4 277 279 (-3072 -2048 1024 ) (-3072 -2048 -1024 ) (-3072 -3072 -1024 ) (-3072 -3072 1024 ) 
4 277 278 (-2048 -3072 -1024 ) (-2048 -3072 1024 ) (-3072 -3072 1024 ) (-3072 -3072 -1024 ) 
4 278 285 (-2048 -4096 -1024 ) (-2048 -4096 1024 ) (-3072 -4096 1024 ) (-3072 -4096 -1024 ) 
4 278 280 (-3072 -4096 -1024 ) (-3072 -4096 1024 ) (-3072 -3072 1024 ) (-3072 -3072 -1024 ) 
4 279 280 (-3072 -3072 -1024 ) (-3072 -3072 1024 ) (-3652 -3072 1024 ) (-3652 -3072 -1024 ) 
4 280 286 (-3072 -4096 -1024 ) (-3072 -4096 1024 ) (-3652 -4096 1024 ) (-3652 -4096 -1024 ) 
4 281 283 (0 -5120 -1024 ) (0 -5120 1024 ) (-1024 -5120 1024 ) (-1024 -5120 -1024 ) 
4 281 282 (-1024 -4096 1024 ) (-1024 -4096 -1024 ) (-1024 -5120 -1024 ) (-1024 -5120 1024 ) 
4 282 285 (-2048 -4096 1024 ) (-2048 -4096 -1024 ) (-2048 -5120 -1024 ) (-2048 -5120 1024 ) 
4 282 284 (-1024 -5120 -1024 ) (-1024 -5120 1024 ) (-2048 -5120 1024 ) (-2048 -5120 -1024 ) 
4 283 284 (-1024 -5824 -1024 ) (-1024 -5824 1024 ) (-1024 -5120 1024 ) (-1024 -5120 -1024 ) 
4 284 287 (-2048 -5824 -1024 ) (-2048 -5824 1024 ) (-2048 -5120 1024 ) (-2048 -5120 -1024 ) 
4 285 287 (-2048 -5120 -1024 ) (-2048 -5120 1024 ) (-3072 -5120 1024 ) (-3072 -5120 -1024 ) 
4 285 286 (-3072 -4096 1024 ) (-3072 -4096 -1024 ) (-3072 -5120 -1024 ) (-3072 -5120 1024 ) 
4 286 288 (-3072 -5120 -1024 ) (-3072 -5120 1024 ) (-3652 -5120 1024 ) (-3652 -5120 -1024 ) 
4 287 288 (-3072 -5120 1024 ) (-3072 -5120 -1024 ) (-3072 -5824 -1024 ) (-3072 -5824 1024 ) 
