PRT1
205
598
4 0 11 (1760 1024 -953 ) (1760 1024 -1024 ) (1984 1024 -1024 ) (1984 1024 -953 ) 
4 0 8 (1984 1024 1024 ) (1760 1024 1024 ) (1760 1024 -953 ) (1984 1024 -953 ) 
4 0 2 (1760 1024 1024 ) (1760 1216 1024 ) (1760 1216 -448 ) (1760 1024 -448 ) 
4 0 3 (1760 1216 -512 ) (1760 1216 -1024 ) (1760 1024 -1024 ) (1760 1024 -512 ) 
4 0 1 (1760 1216 1024 ) (1760 1984 1024 ) (1760 1984 -1024 ) (1760 1216 -1024 ) 
4 1 5 (1024 1984 -448 ) (1024 1984 -1024 ) (1024 1216 -1024 ) (1024 1216 -448 ) 
4 1 4 (1024 1216 1024 ) (1024 1984 1024 ) (1024 1984 -448 ) (1024 1216 -448 ) 
4 1 2 (1760 1216 -448 ) (1760 1216 1024 ) (1024 1216 1024 ) (1024 1216 -448 ) 
4 1 3 (1024 1216 -1024 ) (1760 1216 -1024 ) (1760 1216 -512 ) (1024 1216 -512 ) 
4 2 9 (1760 1024 1024 ) (1024 1024 1024 ) (1024 1024 -448 ) (1760 1024 -448 ) 
4 2 4 (1024 1024 -448 ) (1024 1024 1024 ) (1024 1216 1024 ) (1024 1216 -448 ) 
4 3 12 (1024 1024 -953 ) (1024 1024 -1024 ) (1760 1024 -1024 ) (1760 1024 -953 ) 
4 3 10 (1024 1024 -512 ) (1024 1024 -953 ) (1760 1024 -953 ) (1760 1024 -512 ) 
4 3 7 (1024 1024 -1024 ) (1024 1024 -512 ) (1024 1216 -512 ) (1024 1216 -1024 ) 
4 4 67 (0 1024 -448 ) (0 1024 1024 ) (0 1984 1024 ) (0 1984 -448 ) 
4 4 14 (1024 1024 -448 ) (1024 1024 1024 ) (0 1024 1024 ) (0 1024 -448 ) 
4 4 6 (664 1024 -448 ) (280 1024 -448 ) (280 1216 -448 ) (664 1216 -448 ) 
4 4 5 (0 1984 -448 ) (1024 1984 -448 ) (1024 1216 -448 ) (0 1216 -448 ) 
4 5 68 (0 1216 -448 ) (0 1984 -448 ) (0 1984 -1024 ) (0 1216 -1024 ) 
4 5 6 (664 1216 -448 ) (280 1216 -448 ) (280 1216 -512 ) (664 1216 -512 ) 
4 5 7 (0 1216 -1024 ) (1024 1216 -1024 ) (1024 1216 -512 ) (0 1216 -512 ) 
4 6 15 (664 1024 -448 ) (280 1024 -448 ) (280 1024 -512 ) (664 1024 -512 ) 
4 6 7 (280 1216 -512 ) (664 1216 -512 ) (664 1024 -512 ) (280 1024 -512 ) 
4 7 69 (0 1024 -1024 ) (0 1024 -512 ) (0 1216 -512 ) (0 1216 -1024 ) 
4 7 16 (1024 1024 -1024 ) (1024 1024 -512 ) (0 1024 -512 ) (0 1024 -1024 ) 
4 8 19 (1760 0 -953 ) (1984 0 -953 ) (1984 0 1024 ) (1760 0 1024 ) 
4 8 11 (1760 1024 -953 ) (1984 1024 -953 ) (1984 0 -953 ) (1760 0 -953 ) 
4 8 9 (1760 0 -448 ) (1760 0 1024 ) (1760 1024 1024 ) (1760 1024 -448 ) 
4 8 10 (1760 1024 -953 ) (1760 0 -953 ) (1760 0 -512 ) (1760 1024 -512 ) 
4 9 20 (1024 0 1024 ) (1024 0 -448 ) (1760 0 -448 ) (1760 0 1024 ) 
4 9 14 (1024 0 -448 ) (1024 0 1024 ) (1024 1024 1024 ) (1024 1024 -448 ) 
4 10 27 (1024 0 -512 ) (1024 0 -953 ) (1760 0 -953 ) (1760 0 -512 ) 
4 10 17 (1024 0 -953 ) (1024 0 -512 ) (1024 156 -512 ) (1024 156 -953 ) 
4 10 16 (1024 156 -512 ) (1024 1024 -512 ) (1024 1024 -953 ) (1024 156 -953 ) 
4 10 12 (1024 1024 -953 ) (1760 1024 -953 ) (1760 156 -953 ) (1024 156 -953 ) 
4 11 19 (1760 0 -1024 ) (1984 0 -1024 ) (1984 0 -953 ) (1760 0 -953 ) 
4 11 13 (1760 156 -1024 ) (1760 0 -1024 ) (1760 0 -992 ) (1760 156 -992 ) 
4 11 12 (1760 1024 -1024 ) (1760 156 -1024 ) (1760 156 -953 ) (1760 1024 -953 ) 
4 12 16 (1024 156 -953 ) (1024 1024 -953 ) (1024 1024 -1024 ) (1024 156 -1024 ) 
4 12 13 (1024 156 -1024 ) (1760 156 -1024 ) (1760 156 -992 ) (1024 156 -992 ) 
4 13 30 (1024 0 -992 ) (1024 0 -1024 ) (1760 0 -1024 ) (1760 0 -992 ) 
4 13 18 (1024 0 -1024 ) (1024 0 -992 ) (1024 156 -992 ) (1024 156 -1024 ) 
4 14 74 (0 0 -448 ) (0 0 1024 ) (0 1024 1024 ) (0 1024 -448 ) 
4 14 54 (0 0 1024 ) (0 0 -448 ) (1024 0 -448 ) (1024 0 1024 ) 
4 14 15 (664 0 -448 ) (280 0 -448 ) (280 1024 -448 ) (664 1024 -448 ) 
4 15 56 (280 0 -512 ) (664 0 -512 ) (664 0 -448 ) (280 0 -448 ) 
4 15 17 (664 156 -512 ) (664 0 -512 ) (280 0 -512 ) (280 156 -512 ) 
4 15 16 (280 1024 -512 ) (664 1024 -512 ) (664 156 -512 ) (280 156 -512 ) 
4 16 75 (0 156 -512 ) (0 1024 -512 ) (0 1024 -1024 ) (0 156 -1024 ) 
4 16 17 (1024 156 -953 ) (1024 156 -512 ) (0 156 -512 ) (0 156 -953 ) 
4 16 18 (0 156 -1024 ) (1024 156 -1024 ) (1024 156 -992 ) (0 156 -992 ) 
4 17 76 (0 0 -953 ) (0 0 -512 ) (0 156 -512 ) (0 156 -953 ) 
4 17 58 (0 0 -512 ) (0 0 -953 ) (1024 0 -953 ) (1024 0 -512 ) 
4 18 77 (0 0 -1024 ) (0 0 -992 ) (0 156 -992 ) (0 156 -1024 ) 
4 18 66 (0 0 -992 ) (0 0 -1024 ) (1024 0 -1024 ) (1024 0 -992 ) 
4 19 145 (1984 -1024 -1024 ) (1984 -1024 -512 ) (1760 -1024 -512 ) (1760 -1024 -1024 ) 
4 19 142 (1984 -1024 -512 ) (1984 -1024 1024 ) (1760 -1024 1024 ) (1760 -1024 -512 ) 
4 19 53 (1760 -1024 -1024 ) (1760 -1024 -975 ) (1760 -864 -975 ) (1760 -864 -1024 ) 
4 19 52 (1760 -1024 -911 ) (1760 -1024 -512 ) (1760 -864 -512 ) (1760 -864 -911 ) 
4 19 39 (1760 -224 -975 ) (1760 -224 -1024 ) (1760 -864 -1024 ) (1760 -864 -975 ) 
4 19 32 (1760 -864 -512 ) (1760 -256 -512 ) (1760 -256 -911 ) (1760 -864 -911 ) 
4 19 31 (1760 -256 -512 ) (1760 -224 -512 ) (1760 -224 -975 ) (1760 -256 -975 ) 
4 19 30 (1760 0 -992 ) (1760 0 -1024 ) (1760 -224 -1024 ) (1760 -224 -992 ) 
4 19 28 (1760 -97 -512 ) (1760 -59.877205 -512 ) (1760 -59.877205 -611.382996 ) (1760 -97 -611.382996 ) 
4 19 27 (1760 -59.877205 -512 ) (1760 0 -512 ) (1760 0 -953 ) (1760 -59.877205 -953 ) 
4 19 29 (1760 -224 -512 ) (1760 -97 -512 ) (1760 -97 -953 ) (1760 -224 -953 ) 
4 19 26 (1760 -640 -448 ) (1760 -479 -448 ) (1760 -479 -512 ) (1760 -640 -512 ) 
4 19 21 (1760 -479 -448 ) (1760 -256 -448 ) (1760 -256 -512 ) (1760 -479 -512 ) 
4 19 20 (1760 -1024 -448 ) (1760 -1024 1024 ) (1760 0 1024 ) (1760 0 -448 ) 
4 20 143 (1760 -1024 -448 ) (1760 -1024 1024 ) (1024 -1024 1024 ) (1024 -1024 -448 ) 
4 20 54 (1024 0 1024 ) (1024 0 -448 ) (1024 -1024 -448 ) (1024 -1024 1024 ) 
4 20 26 (1760 -479 -448 ) (1760 -640 -448 ) (1024 -640 -448 ) (1024 -479 -448 ) 
4 20 23 (1138 -479 -448 ) (1118 -479 -448 ) (1118 -468 -448 ) (1138 -468 -448 ) 
4 20 22 (1118 -468 -448 ) (1118 -256 -448 ) (1138 -256 -448 ) (1138 -468 -448 ) 
4 20 21 (1760 -256 -448 ) (1760 -479 -448 ) (1138 -479 -448 ) (1138 -256 -448 ) 
4 20 25 (1118 -479 -448 ) (1024 -479 -448 ) (1024 -256 -448 ) (1118 -256 -448 ) 
4 21 42 (1160 -416 -512 ) (1160 -479 -512 ) (1138 -479 -512 ) (1138 -416 -512 ) 
4 21 40 (1138 -256 -512 ) (1160 -256 -512 ) (1160 -370 -512 ) (1138 -370 -512 ) 
4 21 33 (1160 -256 -512 ) (1715 -256 -512 ) (1715 -370 -512 ) (1160 -370 -512 ) 
4 21 32 (1715 -256 -512 ) (1760 -256 -512 ) (1760 -479 -512 ) (1715 -479 -512 ) 
4 21 26 (1138 -479 -512 ) (1760 -479 -512 ) (1760 -479 -448 ) (1138 -479 -448 ) 
4 21 24 (1138 -468 -512 ) (1138 -479 -512 ) (1138 -479 -456 ) (1138 -468 -456 ) 
4 21 23 (1138 -479 -456 ) (1138 -479 -448 ) (1138 -468 -448 ) (1138 -468 -456 ) 
4 21 22 (1138 -256 -448 ) (1138 -256 -512 ) (1138 -468 -512 ) (1138 -468 -448 ) 
4 22 43 (1138 -416 -512 ) (1138 -468 -512 ) (1118 -468 -512 ) (1118 -416 -512 ) 
4 22 40 (1118 -256 -512 ) (1138 -256 -512 ) (1138 -370 -512 ) (1118 -370 -512 ) 
4 22 24 (1118 -468 -456 ) (1118 -468 -512 ) (1138 -468 -512 ) (1138 -468 -456 ) 
4 22 23 (1118 -468 -448 ) (1118 -468 -456 ) (1138 -468 -456 ) (1138 -468 -448 ) 
4 22 25 (1118 -256 -448 ) (1118 -256 -512 ) (1118 -468 -512 ) (1118 -468 -448 ) 
4 23 26 (1138 -479 -456 ) (1138 -479 -448 ) (1118 -479 -448 ) (1118 -479 -456 ) 
4 23 25 (1118 -479 -456 ) (1118 -479 -448 ) (1118 -468 -448 ) (1118 -468 -456 ) 
4 23 24 (1118 -479 -456 ) (1118 -468 -456 ) (1138 -468 -456 ) (1138 -479 -456 ) 
4 24 44 (1138 -468 -512 ) (1138 -479 -512 ) (1118 -479 -512 ) (1118 -468 -512 ) 
4 24 26 (1118 -479 -512 ) (1138 -479 -512 ) (1138 -479 -456 ) (1118 -479 -456 ) 
4 24 25 (1118 -468 -512 ) (1118 -479 -512 ) (1118 -479 -456 ) (1118 -468 -456 ) 
4 25 55 (1024 -256 -512 ) (1024 -479 -512 ) (1024 -479 -448 ) (1024 -256 -448 ) 
4 25 48 (1024 -370 -512 ) (1024 -256 -512 ) (1096 -256 -512 ) (1096 -370 -512 ) 
4 25 46 (1118 -416 -512 ) (1118 -479 -512 ) (1096 -479 -512 ) (1096 -416 -512 ) 
4 25 40 (1096 -256 -512 ) (1118 -256 -512 ) (1118 -370 -512 ) (1096 -370 -512 ) 
4 25 26 (1024 -479 -512 ) (1118 -479 -512 ) (1118 -479 -448 ) (1024 -479 -448 ) 
4 26 55 (1024 -479 -512 ) (1024 -640 -512 ) (1024 -640 -448 ) (1024 -479 -448 ) 
4 26 45 (1118 -479 -512 ) (1138 -479 -512 ) (1138 -480 -512 ) (1118 -480 -512 ) 
4 26 42 (1138 -479 -512 ) (1160 -479 -512 ) (1160 -480 -512 ) (1138 -480 -512 ) 
4 26 46 (1096 -479 -512 ) (1118 -479 -512 ) (1118 -480 -512 ) (1096 -480 -512 ) 
4 26 32 (1715 -479 -512 ) (1760 -479 -512 ) (1760 -640 -512 ) (1715 -640 -512 ) 
4 27 58 (1024 0 -512 ) (1024 0 -953 ) (1024 -59.877205 -953 ) (1024 -59.877205 -512 ) 
4 27 28 (1760 -59.877205 -611.382996 ) (1760 -59.877205 -512 ) (1024 -59.877205 -512 ) (1024 -59.877205 -611.382996 ) 
4 28 59 (1024 -97 -611.382996 ) (1024 -97 -512 ) (1024 -59.877205 -512 ) (1024 -59.877205 -611.382996 ) 
4 28 29 (1760 -97 -611.382996 ) (1760 -97 -512 ) (1024 -97 -512 ) (1024 -97 -611.382996 ) 
4 29 60 (1024 -97 -953 ) (1024 -224 -953 ) (1024 -224 -512 ) (1024 -97 -512 ) 
4 29 49 (1024 -224 -908 ) (1024 -224 -953 ) (1160 -224 -953 ) (1160 -224 -908 ) 
4 29 48 (1096 -224 -512 ) (1024 -224 -512 ) (1024 -224 -908 ) (1096 -224 -908 ) 
4 29 47 (1096 -224 -890 ) (1096 -224 -908 ) (1160 -224 -908 ) (1160 -224 -890 ) 
4 29 40 (1160 -224 -512 ) (1096 -224 -512 ) (1096 -224 -890 ) (1160 -224 -890 ) 
4 29 38 (1160 -224 -919 ) (1160 -224 -953 ) (1715 -224 -953 ) (1715 -224 -919 ) 
4 29 34 (1160 -224 -628 ) (1160 -224 -919 ) (1229 -224 -919 ) (1229 -224 -628 ) 
4 29 33 (1715 -224 -512 ) (1160 -224 -512 ) (1160 -224 -628 ) (1715 -224 -628 ) 
4 29 31 (1760 -224 -953 ) (1760 -224 -512 ) (1715 -224 -512 ) (1715 -224 -953 ) 
4 30 66 (1024 0 -992 ) (1024 0 -1024 ) (1024 -224 -1024 ) (1024 -224 -992 ) 
4 30 49 (1160 -224 -992 ) (1024 -224 -992 ) (1024 -224 -1024 ) (1160 -224 -1024 ) 
4 30 39 (1760 -224 -1024 ) (1760 -224 -992 ) (1160 -224 -992 ) (1160 -224 -1024 ) 
4 31 39 (1715 -256 -975 ) (1715 -224 -975 ) (1760 -224 -975 ) (1760 -256 -975 ) 
4 31 38 (1715 -224 -919 ) (1715 -224 -975 ) (1715 -256 -975 ) (1715 -256 -919 ) 
4 31 33 (1715 -224 -512 ) (1715 -224 -628 ) (1715 -256 -628 ) (1715 -256 -512 ) 
4 31 32 (1715 -256 -512 ) (1715 -256 -911 ) (1760 -256 -911 ) (1760 -256 -512 ) 
4 32 52 (1760 -864 -911 ) (1760 -864 -512 ) (1715 -864 -512 ) (1715 -864 -911 ) 
4 32 36 (1715 -864 -911 ) (1715 -864 -908 ) (1715 -371 -908 ) (1715 -371 -911 ) 
4 32 33 (1715 -370 -512 ) (1715 -256 -512 ) (1715 -256 -628 ) (1715 -370 -628 ) 
4 33 40 (1160 -224 -512 ) (1160 -224 -628 ) (1160 -370 -628 ) (1160 -370 -512 ) 
4 33 35 (1160 -370 -628 ) (1160 -256 -628 ) (1229 -256 -628 ) (1229 -370 -628 ) 
4 33 34 (1160 -256 -628 ) (1160 -224 -628 ) (1229 -224 -628 ) (1229 -256 -628 ) 
4 34 49 (1160 -224 -908 ) (1160 -224 -919 ) (1160 -256 -919 ) (1160 -256 -908 ) 
4 34 47 (1160 -224 -890 ) (1160 -224 -908 ) (1160 -256 -908 ) (1160 -256 -890 ) 
4 34 40 (1160 -224 -628 ) (1160 -224 -890 ) (1160 -256 -890 ) (1160 -256 -628 ) 
4 34 38 (1160 -256 -919 ) (1160 -224 -919 ) (1229 -224 -919 ) (1229 -256 -919 ) 
4 34 35 (1229 -256 -911 ) (1229 -256 -628 ) (1160 -256 -628 ) (1160 -256 -911 ) 
4 35 50 (1160 -370 -911 ) (1160 -370 -908 ) (1160 -256 -908 ) (1160 -256 -911 ) 
4 35 47 (1160 -370 -908 ) (1160 -370 -890 ) (1160 -256 -890 ) (1160 -256 -908 ) 
4 35 40 (1160 -370 -890 ) (1160 -370 -628 ) (1160 -256 -628 ) (1160 -256 -890 ) 
4 35 37 (1229 -370 -911 ) (1229 -370 -908 ) (1160 -370 -908 ) (1160 -370 -911 ) 
4 36 52 (1229 -864 -911 ) (1715 -864 -911 ) (1715 -864 -908 ) (1229 -864 -908 ) 
4 36 37 (1229 -371 -911 ) (1229 -864 -911 ) (1229 -864 -908 ) (1229 -371 -908 ) 
4 37 52 (1160 -864 -908 ) (1160 -864 -911 ) (1229 -864 -911 ) (1229 -864 -908 ) 
4 37 50 (1160 -864 -911 ) (1160 -864 -908 ) (1160 -370 -908 ) (1160 -370 -911 ) 
4 38 49 (1160 -224 -919 ) (1160 -224 -975 ) (1160 -256 -975 ) (1160 -256 -919 ) 
4 38 39 (1160 -256 -975 ) (1160 -224 -975 ) (1715 -224 -975 ) (1715 -256 -975 ) 
4 39 53 (1760 -864 -1024 ) (1760 -864 -975 ) (1160 -864 -975 ) (1160 -864 -1024 ) 
4 39 51 (1160 -256 -1024 ) (1160 -864 -1024 ) (1160 -864 -975 ) (1160 -256 -975 ) 
4 39 49 (1160 -224 -975 ) (1160 -224 -1024 ) (1160 -256 -1024 ) (1160 -256 -975 ) 
4 40 48 (1096 -224 -512 ) (1096 -224 -890 ) (1096 -370 -890 ) (1096 -370 -512 ) 
4 40 47 (1096 -370 -890 ) (1096 -224 -890 ) (1160 -224 -890 ) (1160 -370 -890 ) 
4 40 41 (1096 -370 -760 ) (1096 -370 -890 ) (1160 -370 -890 ) (1160 -370 -760 ) 
4 41 47 (1096 -416 -890 ) (1096 -370 -890 ) (1160 -370 -890 ) (1160 -416 -890 ) 
4 41 43 (1118 -416 -890 ) (1138 -416 -890 ) (1138 -416 -760 ) (1118 -416 -760 ) 
4 41 42 (1138 -416 -890 ) (1160 -416 -890 ) (1160 -416 -760 ) (1138 -416 -760 ) 
4 41 46 (1096 -416 -760 ) (1096 -416 -890 ) (1118 -416 -890 ) (1118 -416 -760 ) 
4 42 47 (1138 -429 -890 ) (1138 -416 -890 ) (1160 -416 -890 ) (1160 -429 -890 ) 
4 42 44 (1138 -468 -890 ) (1138 -479 -890 ) (1138 -479 -512 ) (1138 -468 -512 ) 
4 42 43 (1138 -416 -512 ) (1138 -416 -890 ) (1138 -468 -890 ) (1138 -468 -512 ) 
4 42 45 (1138 -479 -890 ) (1138 -480 -890 ) (1138 -480 -512 ) (1138 -479 -512 ) 
4 43 47 (1118 -429 -890 ) (1118 -416 -890 ) (1138 -416 -890 ) (1138 -429 -890 ) 
4 43 46 (1118 -416 -512 ) (1118 -416 -890 ) (1118 -468 -890 ) (1118 -468 -512 ) 
4 43 44 (1118 -468 -512 ) (1118 -468 -890 ) (1138 -468 -890 ) (1138 -468 -512 ) 
4 44 45 (1118 -479 -512 ) (1118 -479 -890 ) (1138 -479 -890 ) (1138 -479 -512 ) 
4 44 46 (1118 -468 -890 ) (1118 -479 -890 ) (1118 -479 -512 ) (1118 -468 -512 ) 
4 45 46 (1118 -479 -890 ) (1118 -480 -890 ) (1118 -480 -512 ) (1118 -479 -512 ) 
4 46 47 (1096 -429 -890 ) (1096 -416 -890 ) (1118 -416 -890 ) (1118 -429 -890 ) 
4 47 50 (1160 -256 -908 ) (1160 -429 -908 ) (1096 -429 -908 ) (1096 -256 -908 ) 
4 47 49 (1096 -224 -908 ) (1160 -224 -908 ) (1160 -256 -908 ) (1096 -256 -908 ) 
4 47 48 (1096 -224 -890 ) (1096 -224 -908 ) (1096 -370 -908 ) (1096 -370 -890 ) 
4 48 61 (1024 -370 -512 ) (1024 -256 -512 ) (1024 -256 -908 ) (1024 -370 -908 ) 
4 48 60 (1024 -256 -512 ) (1024 -224 -512 ) (1024 -224 -908 ) (1024 -256 -908 ) 
4 48 50 (1096 -256 -908 ) (1096 -370 -908 ) (1024 -370 -908 ) (1024 -256 -908 ) 
4 48 49 (1024 -224 -908 ) (1096 -224 -908 ) (1096 -256 -908 ) (1024 -256 -908 ) 
4 49 66 (1024 -224 -992 ) (1024 -224 -1024 ) (1024 -256 -1024 ) (1024 -256 -992 ) 
4 49 64 (1024 -224 -953 ) (1024 -224 -992 ) (1024 -256 -992 ) (1024 -256 -953 ) 
4 49 60 (1024 -256 -908 ) (1024 -224 -908 ) (1024 -224 -953 ) (1024 -256 -953 ) 
4 49 50 (1160 -256 -911 ) (1160 -256 -908 ) (1024 -256 -908 ) (1024 -256 -911 ) 
4 49 51 (1024 -256 -1024 ) (1160 -256 -1024 ) (1160 -256 -975 ) (1024 -256 -975 ) 
4 50 63 (1024 -864 -911 ) (1024 -864 -908 ) (1024 -370 -908 ) (1024 -370 -911 ) 
4 50 61 (1024 -370 -908 ) (1024 -256 -908 ) (1024 -256 -911 ) (1024 -370 -911 ) 
4 50 52 (1160 -864 -911 ) (1160 -864 -908 ) (1024 -864 -908 ) (1024 -864 -911 ) 
4 51 66 (1024 -864 -1024 ) (1024 -864 -992 ) (1024 -256 -992 ) (1024 -256 -1024 ) 
4 51 65 (1024 -864 -992 ) (1024 -864 -975 ) (1024 -256 -975 ) (1024 -256 -992 ) 
4 51 53 (1160 -864 -1024 ) (1160 -864 -975 ) (1024 -864 -975 ) (1024 -864 -1024 ) 
4 52 146 (1760 -1024 -911 ) (1760 -1024 -512 ) (1024 -1024 -512 ) (1024 -1024 -911 ) 
4 52 63 (1024 -1024 -911 ) (1024 -1024 -908 ) (1024 -864 -908 ) (1024 -864 -911 ) 
4 52 62 (1024 -1024 -908 ) (1024 -1024 -512 ) (1024 -864 -512 ) (1024 -864 -908 ) 
4 53 147 (1760 -1024 -1024 ) (1760 -1024 -975 ) (1024 -1024 -975 ) (1024 -1024 -1024 ) 
4 53 66 (1024 -1024 -1024 ) (1024 -1024 -992 ) (1024 -864 -992 ) (1024 -864 -1024 ) 
4 53 65 (1024 -1024 -992 ) (1024 -1024 -975 ) (1024 -864 -975 ) (1024 -864 -992 ) 
4 54 149 (1024 -1024 -448 ) (1024 -1024 1024 ) (0 -1024 1024 ) (0 -1024 -448 ) 
4 54 83 (0 -1024 -448 ) (0 -1024 1024 ) (0 0 1024 ) (0 0 -448 ) 
4 54 57 (0 -640 -448 ) (0 -256 -448 ) (280 -256 -448 ) (280 -640 -448 ) 
4 54 56 (664 -1024 -448 ) (280 -1024 -448 ) (280 0 -448 ) (664 0 -448 ) 
4 54 55 (664 -640 -448 ) (664 -256 -448 ) (1024 -256 -448 ) (1024 -640 -448 ) 
4 55 61 (1024 -256 -512 ) (1024 -370 -512 ) (664 -370 -512 ) (664 -256 -512 ) 
4 55 56 (664 -256 -512 ) (664 -640 -512 ) (664 -640 -448 ) (664 -256 -448 ) 
4 56 150 (664 -1024 -448 ) (280 -1024 -448 ) (280 -1024 -512 ) (664 -1024 -512 ) 
4 56 62 (664 -864 -512 ) (664 -1024 -512 ) (280 -1024 -512 ) (280 -864 -512 ) 
4 56 61 (664 -256 -512 ) (664 -370 -512 ) (280 -370 -512 ) (280 -256 -512 ) 
4 56 60 (664 -97 -512 ) (664 -256 -512 ) (280 -256 -512 ) (280 -97 -512 ) 
4 56 59 (664 -59.877205 -512 ) (664 -97 -512 ) (280 -97 -512 ) (280 -59.877205 -512 ) 
4 56 58 (280 0 -512 ) (664 0 -512 ) (664 -59.877205 -512 ) (280 -59.877205 -512 ) 
4 56 57 (280 -256 -512 ) (280 -640 -512 ) (280 -640 -448 ) (280 -256 -448 ) 
4 57 84 (0 -640 -448 ) (0 -256 -448 ) (0 -256 -512 ) (0 -640 -512 ) 
4 57 61 (0 -370 -512 ) (0 -256 -512 ) (280 -256 -512 ) (280 -370 -512 ) 
4 58 96 (0 0 -908 ) (0 0 -953 ) (0 -59.877205 -953 ) (0 -59.877205 -908 ) 
4 58 87 (0 -59.877205 -512 ) (0 0 -512 ) (0 0 -908 ) (0 -59.877205 -908 ) 
4 58 59 (1024 -59.877205 -611.382996 ) (1024 -59.877205 -512 ) (0 -59.877205 -512 ) (0 -59.877205 -611.382996 ) 
4 59 88 (0 -97 -512 ) (0 -59.877205 -512 ) (0 -59.877205 -611.382996 ) (0 -97 -611.382996 ) 
4 59 60 (1024 -97 -611.382996 ) (1024 -97 -512 ) (0 -97 -512 ) (0 -97 -611.382996 ) 
4 60 97 (0 -97 -908 ) (0 -97 -953 ) (0 -256 -953 ) (0 -256 -908 ) 
4 60 89 (0 -256 -512 ) (0 -97 -512 ) (0 -97 -908 ) (0 -256 -908 ) 
4 60 64 (0 -256 -953 ) (0 -224 -953 ) (1024 -224 -953 ) (1024 -256 -953 ) 
4 60 61 (1024 -256 -911 ) (1024 -256 -512 ) (0 -256 -512 ) (0 -256 -911 ) 
4 61 98 (0 -256 -908 ) (0 -256 -911 ) (0 -370 -911 ) (0 -370 -908 ) 
4 61 89 (0 -370 -512 ) (0 -256 -512 ) (0 -256 -908 ) (0 -370 -908 ) 
4 61 63 (1024 -370 -911 ) (1024 -370 -908 ) (0 -370 -908 ) (0 -370 -911 ) 
4 62 152 (1024 -1024 -908 ) (1024 -1024 -512 ) (0 -1024 -512 ) (0 -1024 -908 ) 
4 62 90 (0 -1024 -908 ) (0 -1024 -512 ) (0 -864 -512 ) (0 -864 -908 ) 
4 62 63 (1024 -1024 -908 ) (0 -1024 -908 ) (0 -864 -908 ) (1024 -864 -908 ) 
4 63 152 (1024 -1024 -911 ) (1024 -1024 -908 ) (0 -1024 -908 ) (0 -1024 -911 ) 
4 63 98 (0 -1024 -911 ) (0 -1024 -908 ) (0 -370 -908 ) (0 -370 -911 ) 
4 64 99 (0 -256 -953 ) (0 -224 -953 ) (0 -224 -992 ) (0 -256 -992 ) 
4 64 66 (0 -256 -992 ) (0 -224 -992 ) (1024 -224 -992 ) (1024 -256 -992 ) 
4 64 65 (0 -256 -992 ) (1024 -256 -992 ) (1024 -256 -975 ) (0 -256 -975 ) 
4 65 153 (1024 -1024 -992 ) (1024 -1024 -975 ) (0 -1024 -975 ) (0 -1024 -992 ) 
4 65 100 (0 -1024 -992 ) (0 -1024 -975 ) (0 -256 -975 ) (0 -256 -992 ) 
4 65 66 (0 -1024 -992 ) (0 -256 -992 ) (1024 -256 -992 ) (1024 -1024 -992 ) 
4 66 153 (1024 -1024 -1024 ) (1024 -1024 -992 ) (0 -1024 -992 ) (0 -1024 -1024 ) 
4 66 101 (0 -1024 -1024 ) (0 -1024 -992 ) (0 0 -992 ) (0 0 -1024 ) 
4 67 74 (0 1024 -448 ) (0 1024 1024 ) (-1024 1024 1024 ) (-1024 1024 -448 ) 
4 67 70 (-1024 1024 -448 ) (-1024 1024 1024 ) (-1024 1984 1024 ) (-1024 1984 -448 ) 
4 67 68 (-1024 1216 -448 ) (-1024 1984 -448 ) (0 1984 -448 ) (0 1216 -448 ) 
4 68 71 (-1024 1216 -448 ) (-1024 1984 -448 ) (-1024 1984 -1024 ) (-1024 1216 -1024 ) 
4 68 69 (-1024 1216 -1024 ) (0 1216 -1024 ) (0 1216 -512 ) (-1024 1216 -512 ) 
4 69 75 (0 1024 -1024 ) (0 1024 -512 ) (-1024 1024 -512 ) (-1024 1024 -1024 ) 
4 69 72 (-1024 1024 -1024 ) (-1024 1024 -512 ) (-1024 1216 -512 ) (-1024 1216 -1024 ) 
4 70 118 (-2048 1024 -448 ) (-2048 1024 1024 ) (-2048 1984 1024 ) (-2048 1984 -448 ) 
4 70 78 (-1024 1024 -448 ) (-1024 1024 1024 ) (-1732 1024 1024 ) (-1732 1024 -448 ) 
4 70 79 (-1732 1024 1024 ) (-2048 1024 1024 ) (-2048 1024 -448 ) (-1732 1024 -448 ) 
4 70 71 (-1732 1984 -448 ) (-1024 1984 -448 ) (-1024 1216 -448 ) (-1732 1216 -448 ) 
4 70 73 (-2048 1984 -448 ) (-1732 1984 -448 ) (-1732 1024 -448 ) (-2048 1024 -448 ) 
4 71 72 (-1732 1216 -512 ) (-1732 1216 -1024 ) (-1024 1216 -1024 ) (-1024 1216 -512 ) 
4 71 73 (-1732 1216 -448 ) (-1732 1984 -448 ) (-1732 1984 -1024 ) (-1732 1216 -1024 ) 
4 72 80 (-1024 1024 -1024 ) (-1024 1024 -512 ) (-1732 1024 -512 ) (-1732 1024 -1024 ) 
4 72 73 (-1732 1216 -512 ) (-1732 1216 -1024 ) (-1732 1024 -1024 ) (-1732 1024 -512 ) 
4 73 118 (-2048 1024 -1024 ) (-2048 1024 -448 ) (-2048 1984 -448 ) (-2048 1984 -1024 ) 
4 73 80 (-2048 1024 -512 ) (-2048 1024 -1024 ) (-1732 1024 -1024 ) (-1732 1024 -512 ) 
4 73 79 (-1732 1024 -448 ) (-2048 1024 -448 ) (-2048 1024 -512 ) (-1732 1024 -512 ) 
4 74 83 (0 0 -448 ) (0 0 1024 ) (-1024 0 1024 ) (-1024 0 -448 ) 
4 74 78 (-1024 0 -448 ) (-1024 0 1024 ) (-1024 1024 1024 ) (-1024 1024 -448 ) 
4 75 80 (-1024 156 -512 ) (-1024 1024 -512 ) (-1024 1024 -1024 ) (-1024 156 -1024 ) 
4 75 76 (0 156 -953 ) (0 156 -512 ) (-1024 156 -512 ) (-1024 156 -953 ) 
4 75 77 (-1024 156 -1024 ) (0 156 -1024 ) (0 156 -992 ) (-1024 156 -992 ) 
4 76 96 (0 0 -953 ) (0 0 -908 ) (-1024 0 -908 ) (-1024 0 -953 ) 
4 76 87 (0 0 -908 ) (0 0 -512 ) (-1024 0 -512 ) (-1024 0 -908 ) 
4 76 81 (-1024 0 -953 ) (-1024 0 -512 ) (-1024 156 -512 ) (-1024 156 -953 ) 
4 77 101 (0 0 -1024 ) (0 0 -992 ) (-1024 0 -992 ) (-1024 0 -1024 ) 
4 77 82 (-1024 0 -1024 ) (-1024 0 -992 ) (-1024 156 -992 ) (-1024 156 -1024 ) 
4 78 103 (-1024 0 -448 ) (-1024 0 1024 ) (-1732 0 1024 ) (-1732 0 -448 ) 
4 78 79 (-1732 0 -448 ) (-1732 0 1024 ) (-1732 1024 1024 ) (-1732 1024 -448 ) 
4 79 121 (-2048 0 -512 ) (-2048 0 1024 ) (-2048 156 1024 ) (-2048 156 -512 ) 
4 79 120 (-2048 156 1024 ) (-2048 1024 1024 ) (-2048 1024 -512 ) (-2048 156 -512 ) 
4 79 105 (-2048 0 -448 ) (-2048 0 -512 ) (-1732 0 -512 ) (-1732 0 -448 ) 
4 79 103 (-2048 0 1024 ) (-2048 0 -448 ) (-1732 0 -448 ) (-1732 0 1024 ) 
4 79 81 (-1732 156 -512 ) (-1732 0 -512 ) (-2048 0 -512 ) (-2048 156 -512 ) 
4 79 80 (-2048 1024 -512 ) (-1732 1024 -512 ) (-1732 156 -512 ) (-2048 156 -512 ) 
4 80 122 (-2048 1024 -992 ) (-2048 1024 -1024 ) (-2048 156 -1024 ) (-2048 156 -992 ) 
4 80 120 (-2048 156 -512 ) (-2048 1024 -512 ) (-2048 1024 -992 ) (-2048 156 -992 ) 
4 80 81 (-1024 156 -953 ) (-1024 156 -512 ) (-2048 156 -512 ) (-2048 156 -953 ) 
4 80 82 (-2048 156 -1024 ) (-1024 156 -1024 ) (-1024 156 -992 ) (-2048 156 -992 ) 
4 81 121 (-2048 0 -953 ) (-2048 0 -512 ) (-2048 156 -512 ) (-2048 156 -953 ) 
4 81 106 (-2048 0 -512 ) (-2048 0 -953 ) (-1024 0 -953 ) (-1024 0 -512 ) 
4 82 122 (-2048 0 -1024 ) (-2048 0 -992 ) (-2048 156 -992 ) (-2048 156 -1024 ) 
4 82 117 (-2048 0 -992 ) (-2048 0 -1024 ) (-1024 0 -1024 ) (-1024 0 -992 ) 
4 83 163 (0 -1024 -448 ) (0 -1024 1024 ) (-1024 -1024 1024 ) (-1024 -1024 -448 ) 
4 83 103 (-1024 0 1024 ) (-1024 0 -448 ) (-1024 -1024 -448 ) (-1024 -1024 1024 ) 
4 83 86 (-572 -864 -448 ) (-60 -864 -448 ) (-60 -952 -448 ) (-572 -952 -448 ) 
4 83 85 (-1024 -640 -448 ) (-1024 -256 -448 ) (-60 -256 -448 ) (-60 -640 -448 ) 
4 83 84 (-60 -640 -448 ) (-60 -256 -448 ) (0 -256 -448 ) (0 -640 -448 ) 
4 84 89 (0 -256 -512 ) (0 -370 -512 ) (-60 -370 -512 ) (-60 -256 -512 ) 
4 84 85 (-60 -256 -512 ) (-60 -640 -512 ) (-60 -640 -448 ) (-60 -256 -448 ) 
4 85 104 (-1024 -256 -512 ) (-1024 -640 -512 ) (-1024 -640 -448 ) (-1024 -256 -448 ) 
4 85 94 (-1024 -488 -512 ) (-1024 -460 -512 ) (-1012 -460 -512 ) (-1012 -488 -512 ) 
4 85 93 (-1024 -460 -512 ) (-1024 -370 -512 ) (-1012 -370 -512 ) (-1012 -460 -512 ) 
4 85 92 (-1012 -370 -512 ) (-740 -370 -512 ) (-740 -488 -512 ) (-1012 -488 -512 ) 
4 85 89 (-1024 -370 -512 ) (-1024 -256 -512 ) (-60 -256 -512 ) (-60 -370 -512 ) 
4 86 91 (-572 -864 -512 ) (-60 -864 -512 ) (-60 -952 -512 ) (-572 -952 -512 ) 
4 87 106 (-1024 0 -512 ) (-1024 0 -908 ) (-1024 -59.877205 -908 ) (-1024 -59.877205 -512 ) 
4 87 96 (-1024 -59.877205 -908 ) (-1024 0 -908 ) (0 0 -908 ) (0 -59.877205 -908 ) 
4 87 88 (0 -59.877205 -611.382996 ) (0 -59.877205 -512 ) (-1024 -59.877205 -512 ) (-1024 -59.877205 -611.382996 ) 
4 88 107 (-1024 -97 -611.382996 ) (-1024 -97 -512 ) (-1024 -59.877205 -512 ) (-1024 -59.877205 -611.382996 ) 
4 88 89 (0 -97 -611.382996 ) (0 -97 -512 ) (-1024 -97 -512 ) (-1024 -97 -611.382996 ) 
4 89 111 (-1024 -256 -908 ) (-1024 -370 -908 ) (-1024 -370 -512 ) (-1024 -256 -512 ) 
4 89 109 (-1024 -224 -908 ) (-1024 -256 -908 ) (-1024 -256 -512 ) (-1024 -224 -512 ) 
4 89 108 (-1024 -97 -908 ) (-1024 -224 -908 ) (-1024 -224 -512 ) (-1024 -97 -512 ) 
4 89 98 (-1024 -370 -908 ) (-1024 -256 -908 ) (0 -256 -908 ) (0 -370 -908 ) 
4 89 97 (-1024 -256 -908 ) (-1024 -97 -908 ) (0 -97 -908 ) (0 -256 -908 ) 
4 89 93 (-1024 -370 -908 ) (-1012 -370 -908 ) (-1012 -370 -512 ) (-1024 -370 -512 ) 
4 89 92 (-1012 -370 -908 ) (-740 -370 -908 ) (-740 -370 -512 ) (-1012 -370 -512 ) 
4 90 166 (0 -1024 -908 ) (0 -1024 -512 ) (-60 -1024 -512 ) (-60 -1024 -908 ) 
4 90 98 (0 -864 -908 ) (0 -1024 -908 ) (-60 -1024 -908 ) (-60 -864 -908 ) 
4 90 91 (-60 -864 -512 ) (-60 -864 -908 ) (-60 -952 -908 ) (-60 -952 -512 ) 
4 91 98 (-740 -952 -908 ) (-740 -864 -908 ) (-60 -864 -908 ) (-60 -952 -908 ) 
4 91 95 (-740 -864 -908 ) (-740 -952 -908 ) (-740 -952 -704 ) (-740 -864 -704 ) 
4 92 98 (-1012 -370 -908 ) (-740 -370 -908 ) (-740 -488 -908 ) (-1012 -488 -908 ) 
4 92 95 (-1012 -488 -908 ) (-740 -488 -908 ) (-740 -488 -704 ) (-1012 -488 -704 ) 
4 92 94 (-1012 -488 -820 ) (-1012 -488 -512 ) (-1012 -460 -512 ) (-1012 -460 -820 ) 
4 92 93 (-1012 -370 -512 ) (-1012 -370 -908 ) (-1012 -460 -908 ) (-1012 -460 -512 ) 
4 93 111 (-1024 -370 -908 ) (-1024 -460 -908 ) (-1024 -460 -512 ) (-1024 -370 -512 ) 
4 93 98 (-1024 -460 -908 ) (-1024 -370 -908 ) (-1012 -370 -908 ) (-1012 -460 -908 ) 
4 93 94 (-1012 -460 -820 ) (-1012 -460 -512 ) (-1024 -460 -512 ) (-1024 -460 -820 ) 
4 94 111 (-1024 -488 -820 ) (-1024 -488 -512 ) (-1024 -460 -512 ) (-1024 -460 -820 ) 
4 94 95 (-1012 -488 -820 ) (-1012 -488 -704 ) (-1024 -488 -704 ) (-1024 -488 -820 ) 
4 95 170 (-1024 -1024 -704 ) (-1024 -1024 -908 ) (-740 -1024 -908 ) (-740 -1024 -704 ) 
4 95 112 (-1024 -488 -908 ) (-1024 -1024 -908 ) (-1024 -1024 -704 ) (-1024 -488 -704 ) 
4 95 98 (-1024 -1024 -908 ) (-1024 -488 -908 ) (-740 -488 -908 ) (-740 -1024 -908 ) 
4 96 106 (-1024 0 -908 ) (-1024 0 -953 ) (-1024 -59.877205 -953 ) (-1024 -59.877205 -908 ) 
4 97 109 (-1024 -224 -953 ) (-1024 -256 -953 ) (-1024 -256 -908 ) (-1024 -224 -908 ) 
4 97 108 (-1024 -97 -953 ) (-1024 -224 -953 ) (-1024 -224 -908 ) (-1024 -97 -908 ) 
4 97 99 (-1024 -256 -953 ) (-1024 -224 -953 ) (0 -224 -953 ) (0 -256 -953 ) 
4 97 98 (0 -256 -911 ) (0 -256 -908 ) (-1024 -256 -908 ) (-1024 -256 -911 ) 
4 98 172 (0 -1024 -911 ) (0 -1024 -908 ) (-1024 -1024 -908 ) (-1024 -1024 -911 ) 
4 98 112 (-1024 -1024 -911 ) (-1024 -1024 -908 ) (-1024 -488 -908 ) (-1024 -488 -911 ) 
4 98 111 (-1024 -488 -908 ) (-1024 -256 -908 ) (-1024 -256 -911 ) (-1024 -488 -911 ) 
4 99 109 (-1024 -224 -992 ) (-1024 -256 -992 ) (-1024 -256 -953 ) (-1024 -224 -953 ) 
4 99 101 (-1024 -256 -992 ) (-1024 -224 -992 ) (0 -224 -992 ) (0 -256 -992 ) 
4 99 100 (-1024 -256 -992 ) (0 -256 -992 ) (0 -256 -975 ) (-1024 -256 -975 ) 
4 100 173 (0 -1024 -992 ) (0 -1024 -975 ) (-1024 -1024 -975 ) (-1024 -1024 -992 ) 
4 100 116 (-1024 -256 -992 ) (-1024 -1024 -992 ) (-1024 -1024 -975 ) (-1024 -256 -975 ) 
4 100 101 (0 -1024 -992 ) (-1024 -1024 -992 ) (-1024 -256 -992 ) (0 -256 -992 ) 
4 101 173 (0 -1024 -1024 ) (0 -1024 -992 ) (-1024 -1024 -992 ) (-1024 -1024 -1024 ) 
4 101 117 (-1024 0 -992 ) (-1024 0 -1024 ) (-1024 -1024 -1024 ) (-1024 -1024 -992 ) 
4 103 175 (-1024 -1024 -448 ) (-1024 -1024 1024 ) (-1732 -1024 1024 ) (-1732 -1024 -448 ) 
4 103 177 (-1732 -1024 1024 ) (-2048 -1024 1024 ) (-2048 -1024 -448 ) (-1732 -1024 -448 ) 
4 103 128 (-2048 -1024 -448 ) (-2048 -1024 1024 ) (-2048 -256 1024 ) (-2048 -256 -448 ) 
4 103 127 (-2048 -256 1024 ) (-2048 -224 1024 ) (-2048 -224 -448 ) (-2048 -256 -448 ) 
4 103 124 (-2048 -97 1024 ) (-2048 -59.877205 1024 ) (-2048 -59.877205 -448 ) (-2048 -97 -448 ) 
4 103 123 (-2048 -59.877205 1024 ) (-2048 0 1024 ) (-2048 0 -448 ) (-2048 -59.877205 -448 ) 
4 103 125 (-2048 -224 1024 ) (-2048 -97 1024 ) (-2048 -97 -448 ) (-2048 -224 -448 ) 
4 103 104 (-1732 -640 -448 ) (-1732 -256 -448 ) (-1024 -256 -448 ) (-1024 -640 -448 ) 
4 103 105 (-1732 -1024 -448 ) (-2048 -1024 -448 ) (-2048 0 -448 ) (-1732 0 -448 ) 
4 104 113 (-1732 -371 -512 ) (-1732 -256 -512 ) (-1140 -256 -512 ) (-1140 -371 -512 ) 
4 104 111 (-1024 -256 -512 ) (-1024 -488 -512 ) (-1140 -488 -512 ) (-1140 -256 -512 ) 
4 104 105 (-1732 -256 -512 ) (-1732 -640 -512 ) (-1732 -640 -448 ) (-1732 -256 -448 ) 
4 105 177 (-1732 -1024 -448 ) (-2048 -1024 -448 ) (-2048 -1024 -512 ) (-1732 -1024 -512 ) 
4 105 128 (-2048 -1024 -512 ) (-2048 -1024 -448 ) (-2048 -256 -448 ) (-2048 -256 -512 ) 
4 105 127 (-2048 -256 -448 ) (-2048 -224 -448 ) (-2048 -224 -512 ) (-2048 -256 -512 ) 
4 105 124 (-2048 -97 -448 ) (-2048 -59.877205 -448 ) (-2048 -59.877205 -512 ) (-2048 -97 -512 ) 
4 105 123 (-2048 -59.877205 -448 ) (-2048 0 -448 ) (-2048 0 -512 ) (-2048 -59.877205 -512 ) 
4 105 125 (-2048 -224 -448 ) (-2048 -97 -448 ) (-2048 -97 -512 ) (-2048 -224 -512 ) 
4 105 115 (-2048 -1024 -512 ) (-2048 -256 -512 ) (-1732 -256 -512 ) (-1732 -1024 -512 ) 
4 105 110 (-2048 -256 -512 ) (-2048 -224 -512 ) (-1732 -224 -512 ) (-1732 -256 -512 ) 
4 105 107 (-2048 -97 -512 ) (-2048 -59.877205 -512 ) (-1732 -59.877205 -512 ) (-1732 -97 -512 ) 
4 105 106 (-2048 -59.877205 -512 ) (-2048 0 -512 ) (-1732 0 -512 ) (-1732 -59.877205 -512 ) 
4 105 108 (-2048 -224 -512 ) (-2048 -97 -512 ) (-1732 -97 -512 ) (-1732 -224 -512 ) 
4 106 123 (-2048 -59.877205 -512 ) (-2048 0 -512 ) (-2048 0 -953 ) (-2048 -59.877205 -953 ) 
4 106 107 (-1024 -59.877205 -611.382996 ) (-1024 -59.877205 -512 ) (-2048 -59.877205 -512 ) (-2048 -59.877205 -611.382996 ) 
4 107 124 (-2048 -97 -512 ) (-2048 -59.877205 -512 ) (-2048 -59.877205 -611.382996 ) (-2048 -97 -611.382996 ) 
4 107 108 (-1024 -97 -611.382996 ) (-1024 -97 -512 ) (-2048 -97 -512 ) (-2048 -97 -611.382996 ) 
4 108 125 (-2048 -224 -512 ) (-2048 -97 -512 ) (-2048 -97 -953 ) (-2048 -224 -953 ) 
4 108 110 (-1732 -224 -512 ) (-2048 -224 -512 ) (-2048 -224 -908 ) (-1732 -224 -908 ) 
4 108 109 (-1024 -224 -953 ) (-1024 -224 -512 ) (-1732 -224 -512 ) (-1732 -224 -953 ) 
4 109 117 (-1732 -224 -992 ) (-1024 -224 -992 ) (-1024 -256 -992 ) (-1732 -256 -992 ) 
4 109 116 (-1732 -256 -992 ) (-1024 -256 -992 ) (-1024 -256 -975 ) (-1732 -256 -975 ) 
4 109 113 (-1140 -256 -512 ) (-1732 -256 -512 ) (-1732 -256 -911 ) (-1140 -256 -911 ) 
4 109 111 (-1024 -256 -911 ) (-1024 -256 -512 ) (-1140 -256 -512 ) (-1140 -256 -911 ) 
4 109 110 (-1732 -224 -512 ) (-1732 -224 -908 ) (-1732 -256 -908 ) (-1732 -256 -512 ) 
4 110 127 (-2048 -256 -512 ) (-2048 -224 -512 ) (-2048 -224 -908 ) (-2048 -256 -908 ) 
4 110 115 (-1732 -256 -908 ) (-1732 -256 -512 ) (-2048 -256 -512 ) (-2048 -256 -908 ) 
4 111 114 (-1140 -371 -911 ) (-1140 -488 -911 ) (-1140 -488 -908 ) (-1140 -371 -908 ) 
4 111 113 (-1140 -256 -512 ) (-1140 -256 -911 ) (-1140 -371 -911 ) (-1140 -371 -512 ) 
4 111 112 (-1140 -488 -704 ) (-1140 -488 -911 ) (-1024 -488 -911 ) (-1024 -488 -704 ) 
4 112 181 (-1024 -1024 -911 ) (-1024 -1024 -908 ) (-1140 -1024 -908 ) (-1140 -1024 -911 ) 
4 112 178 (-1024 -1024 -908 ) (-1024 -1024 -704 ) (-1140 -1024 -704 ) (-1140 -1024 -908 ) 
4 112 114 (-1140 -488 -911 ) (-1140 -1024 -911 ) (-1140 -1024 -908 ) (-1140 -488 -908 ) 
4 113 114 (-1732 -371 -908 ) (-1732 -371 -911 ) (-1140 -371 -911 ) (-1140 -371 -908 ) 
4 113 115 (-1732 -256 -512 ) (-1732 -256 -911 ) (-1732 -371 -911 ) (-1732 -371 -512 ) 
4 114 181 (-1732 -1024 -908 ) (-1732 -1024 -911 ) (-1140 -1024 -911 ) (-1140 -1024 -908 ) 
4 114 115 (-1732 -371 -911 ) (-1732 -1024 -911 ) (-1732 -1024 -908 ) (-1732 -371 -908 ) 
4 115 181 (-2048 -1024 -908 ) (-2048 -1024 -911 ) (-1732 -1024 -911 ) (-1732 -1024 -908 ) 
4 115 180 (-1732 -1024 -512 ) (-2048 -1024 -512 ) (-2048 -1024 -908 ) (-1732 -1024 -908 ) 
4 115 128 (-2048 -1024 -911 ) (-2048 -1024 -512 ) (-2048 -256 -512 ) (-2048 -256 -911 ) 
4 116 182 (-1024 -1024 -992 ) (-1024 -1024 -975 ) (-2048 -1024 -975 ) (-2048 -1024 -992 ) 
4 116 129 (-2048 -1024 -992 ) (-2048 -1024 -975 ) (-2048 -256 -975 ) (-2048 -256 -992 ) 
4 116 117 (-2048 -1024 -992 ) (-2048 -256 -992 ) (-1024 -256 -992 ) (-1024 -1024 -992 ) 
4 117 182 (-1024 -1024 -1024 ) (-1024 -1024 -992 ) (-2048 -1024 -992 ) (-2048 -1024 -1024 ) 
4 117 131 (-2048 -1024 -1024 ) (-2048 -1024 -992 ) (-2048 0 -992 ) (-2048 0 -1024 ) 
4 118 122 (-2048 1024 -1024 ) (-2048 1024 -992 ) (-3072 1024 -992 ) (-3072 1024 -1024 ) 
4 118 120 (-2048 1024 -992 ) (-2048 1024 1024 ) (-3072 1024 1024 ) (-3072 1024 -992 ) 
4 118 119 (-3072 1024 -1024 ) (-3072 1024 1024 ) (-3072 1984 1024 ) (-3072 1984 -1024 ) 
4 119 135 (-3072 1024 -1024 ) (-3072 1024 -992 ) (-3652 1024 -992 ) (-3652 1024 -1024 ) 
4 119 132 (-3072 1024 -992 ) (-3072 1024 1024 ) (-3650 1024 1024 ) (-3650 1024 -992 ) 
4 119 134 (-3650 1024 1024 ) (-3652 1024 1024 ) (-3652 1024 -992 ) (-3650 1024 -992 ) 
4 120 132 (-3072 1024 1024 ) (-3072 1024 -992 ) (-3072 156 -992 ) (-3072 156 1024 ) 
4 120 122 (-3072 156 -992 ) (-3072 1024 -992 ) (-2048 1024 -992 ) (-2048 156 -992 ) 
4 120 121 (-2048 156 -953 ) (-2048 156 1024 ) (-3072 156 1024 ) (-3072 156 -953 ) 
4 121 133 (-3072 0 -953 ) (-3072 0 1024 ) (-3072 156 1024 ) (-3072 156 -953 ) 
4 121 123 (-2048 0 -953 ) (-2048 0 1024 ) (-2595 0 1024 ) (-2595 0 -953 ) 
4 121 126 (-2595 0 1024 ) (-3072 0 1024 ) (-3072 0 -953 ) (-2595 0 -953 ) 
4 122 135 (-3072 1024 -992 ) (-3072 1024 -1024 ) (-3072 0 -1024 ) (-3072 0 -992 ) 
4 122 131 (-2048 0 -1024 ) (-2048 0 -992 ) (-3072 0 -992 ) (-3072 0 -1024 ) 
4 123 124 (-2595 -59.877205 1024 ) (-2595 -59.877205 -611.382996 ) (-2048 -59.877205 -611.382996 ) (-2048 -59.877205 1024 ) 
4 123 126 (-2595 0 -953 ) (-2595 -59.877205 -953 ) (-2595 -59.877205 1024 ) (-2595 0 1024 ) 
4 124 126 (-2595 -97 -611.382996 ) (-2595 -97 1024 ) (-2595 -59.877205 1024 ) (-2595 -59.877205 -611.382996 ) 
4 124 125 (-2595 -97 1024 ) (-2595 -97 -611.382996 ) (-2048 -97 -611.382996 ) (-2048 -97 1024 ) 
4 125 127 (-2048 -224 -908 ) (-2048 -224 1024 ) (-2595 -224 1024 ) (-2595 -224 -908 ) 
4 125 126 (-2595 -97 -953 ) (-2595 -224 -953 ) (-2595 -224 1024 ) (-2595 -97 1024 ) 
4 126 136 (-3072 0 1024 ) (-3072 0 -953 ) (-3072 -224 -953 ) (-3072 -224 1024 ) 
4 126 127 (-2595 -224 1024 ) (-3072 -224 1024 ) (-3072 -224 -908 ) (-2595 -224 -908 ) 
4 127 138 (-3072 -224 1024 ) (-3072 -224 -908 ) (-3072 -256 -908 ) (-3072 -256 1024 ) 
4 127 128 (-2368 -256 -908 ) (-2048 -256 -908 ) (-2048 -256 1024 ) (-2368 -256 1024 ) 
4 127 130 (-3072 -256 1024 ) (-3072 -256 -908 ) (-2368 -256 -908 ) (-2368 -256 1024 ) 
4 128 188 (-2048 -1024 -911 ) (-2048 -1024 1024 ) (-2368 -1024 1024 ) (-2368 -1024 -911 ) 
4 128 130 (-2368 -1024 1024 ) (-2368 -256 1024 ) (-2368 -256 -911 ) (-2368 -1024 -911 ) 
4 129 191 (-2048 -1024 -992 ) (-2048 -1024 -975 ) (-2368 -1024 -975 ) (-2368 -1024 -992 ) 
4 129 131 (-2048 -1024 -992 ) (-2368 -1024 -992 ) (-2368 -256 -992 ) (-2048 -256 -992 ) 
4 129 130 (-2368 -256 -975 ) (-2368 -256 -992 ) (-2368 -1024 -992 ) (-2368 -1024 -975 ) 
4 130 191 (-3072 -1024 -975 ) (-3072 -1024 -992 ) (-2368 -1024 -992 ) (-2368 -1024 -975 ) 
4 130 190 (-2368 -1024 1024 ) (-3072 -1024 1024 ) (-3072 -1024 -975 ) (-2368 -1024 -975 ) 
4 130 139 (-3072 -1024 -992 ) (-3072 -1024 1024 ) (-3072 -256 1024 ) (-3072 -256 -992 ) 
4 130 131 (-2368 -1024 -992 ) (-3072 -1024 -992 ) (-3072 -256 -992 ) (-2368 -256 -992 ) 
4 131 191 (-2048 -1024 -1024 ) (-2048 -1024 -992 ) (-3072 -1024 -992 ) (-3072 -1024 -1024 ) 
4 131 141 (-3072 -1024 -1024 ) (-3072 -1024 -992 ) (-3072 0 -992 ) (-3072 0 -1024 ) 
4 132 135 (-3650 156 -992 ) (-3650 1024 -992 ) (-3072 1024 -992 ) (-3072 156 -992 ) 
4 132 133 (-3650 156 1024 ) (-3650 156 -953 ) (-3072 156 -953 ) (-3072 156 1024 ) 
4 132 134 (-3650 1024 -992 ) (-3650 156 -992 ) (-3650 156 1024 ) (-3650 1024 1024 ) 
4 133 136 (-3072 0 -953 ) (-3072 0 1024 ) (-3650 0 1024 ) (-3650 0 -953 ) 
4 133 134 (-3650 0 -953 ) (-3650 0 1024 ) (-3650 156 1024 ) (-3650 156 -953 ) 
4 134 137 (-3650 0 1024 ) (-3652 0 1024 ) (-3652 0 -992 ) (-3650 0 -992 ) 
4 134 135 (-3650 0 -992 ) (-3652 0 -992 ) (-3652 1024 -992 ) (-3650 1024 -992 ) 
4 135 141 (-3072 0 -1024 ) (-3072 0 -992 ) (-3652 0 -992 ) (-3652 0 -1024 ) 
4 136 138 (-3072 -224 -908 ) (-3072 -224 1024 ) (-3650 -224 1024 ) (-3650 -224 -908 ) 
4 136 137 (-3650 -224 -953 ) (-3650 -224 1024 ) (-3650 0 1024 ) (-3650 0 -953 ) 
4 137 141 (-3652 -224 -992 ) (-3652 0 -992 ) (-3650 0 -992 ) (-3650 -224 -992 ) 
4 137 140 (-3652 -224 1024 ) (-3652 -224 -992 ) (-3650 -224 -992 ) (-3650 -224 1024 ) 
4 138 139 (-3650 -256 1024 ) (-3650 -256 -908 ) (-3072 -256 -908 ) (-3072 -256 1024 ) 
4 138 140 (-3650 -256 1024 ) (-3650 -224 1024 ) (-3650 -224 -908 ) (-3650 -256 -908 ) 
4 139 192 (-3072 -1024 -992 ) (-3072 -1024 1024 ) (-3650 -1024 1024 ) (-3650 -1024 -992 ) 
4 139 141 (-3072 -1024 -992 ) (-3650 -1024 -992 ) (-3650 -256 -992 ) (-3072 -256 -992 ) 
4 139 140 (-3650 -1024 1024 ) (-3650 -256 1024 ) (-3650 -256 -992 ) (-3650 -1024 -992 ) 
4 140 192 (-3650 -1024 1024 ) (-3652 -1024 1024 ) (-3652 -1024 -992 ) (-3650 -1024 -992 ) 
4 140 141 (-3650 -1024 -992 ) (-3652 -1024 -992 ) (-3652 -224 -992 ) (-3650 -224 -992 ) 
4 141 192 (-3072 -1024 -1024 ) (-3072 -1024 -992 ) (-3652 -1024 -992 ) (-3652 -1024 -1024 ) 
4 142 155 (1760 -2048 -512 ) (1984 -2048 -512 ) (1984 -2048 1024 ) (1760 -2048 1024 ) 
4 142 145 (1760 -1024 -512 ) (1984 -1024 -512 ) (1984 -2048 -512 ) (1760 -2048 -512 ) 
4 142 143 (1760 -1688 -448 ) (1760 -1688 1024 ) (1760 -1024 1024 ) (1760 -1024 -448 ) 
4 142 144 (1760 -1688 -512 ) (1760 -2048 -512 ) (1760 -2048 1024 ) (1760 -1688 1024 ) 
4 143 149 (1024 -1024 1024 ) (1024 -1024 -448 ) (1024 -1688 -448 ) (1024 -1688 1024 ) 
4 143 144 (1760 -1688 -448 ) (1760 -1688 1024 ) (1024 -1688 1024 ) (1024 -1688 -448 ) 
4 144 155 (1024 -2048 1024 ) (1024 -2048 -512 ) (1760 -2048 -512 ) (1760 -2048 1024 ) 
4 144 151 (1024 -1688 -512 ) (1024 -2048 -512 ) (1024 -2048 -448 ) (1024 -1688 -448 ) 
4 144 149 (1024 -2048 -448 ) (1024 -2048 1024 ) (1024 -1688 1024 ) (1024 -1688 -448 ) 
4 144 148 (1760 -1688 -512 ) (1760 -2048 -512 ) (1024 -2048 -512 ) (1024 -1688 -512 ) 
4 145 155 (1760 -2048 -1024 ) (1984 -2048 -1024 ) (1984 -2048 -512 ) (1760 -2048 -512 ) 
4 145 146 (1760 -1688 -911 ) (1760 -1688 -512 ) (1760 -1024 -512 ) (1760 -1024 -911 ) 
4 145 147 (1760 -1024 -1024 ) (1760 -1688 -1024 ) (1760 -1688 -975 ) (1760 -1024 -975 ) 
4 145 148 (1760 -1688 -1024 ) (1760 -2048 -1024 ) (1760 -2048 -512 ) (1760 -1688 -512 ) 
4 146 152 (1024 -1024 -512 ) (1024 -1024 -911 ) (1024 -1688 -911 ) (1024 -1688 -512 ) 
4 146 148 (1760 -1688 -911 ) (1760 -1688 -512 ) (1024 -1688 -512 ) (1024 -1688 -911 ) 
4 147 153 (1024 -1024 -975 ) (1024 -1024 -1024 ) (1024 -1688 -1024 ) (1024 -1688 -975 ) 
4 147 148 (1024 -1688 -1024 ) (1760 -1688 -1024 ) (1760 -1688 -975 ) (1024 -1688 -975 ) 
4 148 155 (1024 -2048 -512 ) (1024 -2048 -1024 ) (1760 -2048 -1024 ) (1760 -2048 -512 ) 
4 148 154 (1024 -1688 -1024 ) (1024 -2048 -1024 ) (1024 -2048 -512 ) (1024 -1688 -512 ) 
4 149 163 (0 -1024 1024 ) (0 -1024 -448 ) (0 -2048 -448 ) (0 -2048 1024 ) 
4 149 156 (1024 -2048 -448 ) (1024 -2048 1024 ) (0 -2048 1024 ) (0 -2048 -448 ) 
4 149 150 (280 -1024 -448 ) (664 -1024 -448 ) (664 -1688 -448 ) (280 -1688 -448 ) 
4 149 151 (1024 -2048 -448 ) (0 -2048 -448 ) (0 -1688 -448 ) (1024 -1688 -448 ) 
4 150 152 (280 -1024 -512 ) (664 -1024 -512 ) (664 -1688 -512 ) (280 -1688 -512 ) 
4 150 151 (280 -1688 -512 ) (664 -1688 -512 ) (664 -1688 -448 ) (280 -1688 -448 ) 
4 151 164 (0 -1688 -512 ) (0 -2048 -512 ) (0 -2048 -448 ) (0 -1688 -448 ) 
4 151 156 (1024 -2048 -512 ) (1024 -2048 -448 ) (0 -2048 -448 ) (0 -2048 -512 ) 
4 151 154 (1024 -1688 -512 ) (1024 -2048 -512 ) (0 -2048 -512 ) (0 -1688 -512 ) 
4 152 172 (0 -1024 -908 ) (0 -1024 -911 ) (0 -1688 -911 ) (0 -1688 -908 ) 
4 152 167 (0 -1216 -908 ) (0 -1688 -908 ) (0 -1688 -512 ) (0 -1216 -512 ) 
4 152 166 (0 -1024 -512 ) (0 -1024 -908 ) (0 -1216 -908 ) (0 -1216 -512 ) 
4 152 154 (1024 -1688 -911 ) (1024 -1688 -512 ) (0 -1688 -512 ) (0 -1688 -911 ) 
4 153 173 (0 -1024 -975 ) (0 -1024 -1024 ) (0 -1688 -1024 ) (0 -1688 -975 ) 
4 153 154 (0 -1688 -1024 ) (1024 -1688 -1024 ) (1024 -1688 -975 ) (0 -1688 -975 ) 
4 154 174 (0 -1688 -1024 ) (0 -2048 -1024 ) (0 -2048 -908 ) (0 -1688 -908 ) 
4 154 167 (0 -2048 -908 ) (0 -2048 -512 ) (0 -1688 -512 ) (0 -1688 -908 ) 
4 154 156 (1024 -2048 -1024 ) (1024 -2048 -512 ) (0 -2048 -512 ) (0 -2048 -1024 ) 
4 155 157 (1024 -3072 1024 ) (1024 -3072 -1024 ) (1984 -3072 -1024 ) (1984 -3072 1024 ) 
4 155 156 (1024 -3072 -1024 ) (1024 -3072 1024 ) (1024 -2048 1024 ) (1024 -2048 -1024 ) 
4 156 184 (0 -3072 -1024 ) (0 -3072 1024 ) (0 -2048 1024 ) (0 -2048 -1024 ) 
4 156 158 (0 -3072 1024 ) (0 -3072 -1024 ) (1024 -3072 -1024 ) (1024 -3072 1024 ) 
4 157 159 (1024 -4096 1024 ) (1024 -4096 -1024 ) (1984 -4096 -1024 ) (1984 -4096 1024 ) 
4 157 158 (1024 -3072 1024 ) (1024 -3072 -1024 ) (1024 -4096 -1024 ) (1024 -4096 1024 ) 
4 158 186 (0 -4096 -1024 ) (0 -4096 1024 ) (0 -3072 1024 ) (0 -3072 -1024 ) 
4 158 160 (1024 -4096 -1024 ) (1024 -4096 1024 ) (0 -4096 1024 ) (0 -4096 -1024 ) 
4 159 161 (1024 -5120 1024 ) (1024 -5120 -1024 ) (1984 -5120 -1024 ) (1984 -5120 1024 ) 
4 159 160 (1024 -4096 1024 ) (1024 -4096 -1024 ) (1024 -5120 -1024 ) (1024 -5120 1024 ) 
4 160 197 (0 -5120 -1024 ) (0 -5120 1024 ) (0 -4096 1024 ) (0 -4096 -1024 ) 
4 160 162 (1024 -5120 -1024 ) (1024 -5120 1024 ) (0 -5120 1024 ) (0 -5120 -1024 ) 
4 161 162 (1024 -5824 -1024 ) (1024 -5824 1024 ) (1024 -5120 1024 ) (1024 -5120 -1024 ) 
4 162 199 (0 -5824 -1024 ) (0 -5824 1024 ) (0 -5120 1024 ) (0 -5120 -1024 ) 
4 163 184 (0 -2048 -448 ) (0 -2048 1024 ) (-1024 -2048 1024 ) (-1024 -2048 -448 ) 
4 163 175 (-1024 -1024 1024 ) (-1024 -1024 -448 ) (-1024 -1688 -448 ) (-1024 -1688 1024 ) 
4 163 176 (-1024 -1688 -448 ) (-1024 -2048 -448 ) (-1024 -2048 1024 ) (-1024 -1688 1024 ) 
4 163 165 (-1024 -2048 -448 ) (-1024 -1688 -448 ) (-60 -1688 -448 ) (-60 -2048 -448 ) 
4 163 164 (0 -1688 -448 ) (0 -2048 -448 ) (-60 -2048 -448 ) (-60 -1688 -448 ) 
4 164 184 (0 -2048 -512 ) (0 -2048 -448 ) (-60 -2048 -448 ) (-60 -2048 -512 ) 
4 164 167 (0 -2048 -512 ) (-60 -2048 -512 ) (-60 -1688 -512 ) (0 -1688 -512 ) 
4 164 165 (-60 -1688 -512 ) (-60 -2048 -512 ) (-60 -2048 -448 ) (-60 -1688 -448 ) 
4 165 184 (-60 -2048 -448 ) (-1024 -2048 -448 ) (-1024 -2048 -512 ) (-60 -2048 -512 ) 
4 165 176 (-1024 -1688 -512 ) (-1024 -2048 -512 ) (-1024 -2048 -448 ) (-1024 -1688 -448 ) 
4 165 171 (-740 -2048 -512 ) (-1024 -2048 -512 ) (-1024 -1688 -512 ) (-740 -1688 -512 ) 
4 165 168 (-60 -2048 -512 ) (-739 -2048 -512 ) (-739 -1688 -512 ) (-60 -1688 -512 ) 
4 165 169 (-739 -2048 -512 ) (-740 -2048 -512 ) (-740 -1688 -512 ) (-739 -1688 -512 ) 
4 166 172 (-60 -1024 -908 ) (0 -1024 -908 ) (0 -1216 -908 ) (-60 -1216 -908 ) 
4 166 167 (-60 -1216 -908 ) (0 -1216 -908 ) (0 -1216 -512 ) (-60 -1216 -512 ) 
4 167 184 (0 -2048 -908 ) (0 -2048 -512 ) (-60 -2048 -512 ) (-60 -2048 -908 ) 
4 167 172 (0 -1216 -908 ) (0 -1688 -908 ) (-60 -1688 -908 ) (-60 -1216 -908 ) 
4 167 174 (0 -1688 -908 ) (0 -2048 -908 ) (-60 -2048 -908 ) (-60 -1688 -908 ) 
4 167 168 (-60 -1232 -908 ) (-60 -2048 -908 ) (-60 -2048 -512 ) (-60 -1232 -512 ) 
4 168 184 (-60 -2048 -512 ) (-739 -2048 -512 ) (-739 -2048 -908 ) (-60 -2048 -908 ) 
4 168 172 (-739 -1688 -908 ) (-739 -1232 -908 ) (-60 -1232 -908 ) (-60 -1688 -908 ) 
4 168 174 (-60 -2048 -908 ) (-739 -2048 -908 ) (-739 -1688 -908 ) (-60 -1688 -908 ) 
4 168 169 (-739 -1232 -908 ) (-739 -2048 -908 ) (-739 -2048 -512 ) (-739 -1232 -512 ) 
4 169 184 (-739 -2048 -512 ) (-740 -2048 -512 ) (-740 -2048 -908 ) (-739 -2048 -908 ) 
4 169 172 (-740 -1688 -908 ) (-740 -1216 -908 ) (-739 -1216 -908 ) (-739 -1688 -908 ) 
4 169 174 (-739 -2048 -908 ) (-740 -2048 -908 ) (-740 -1688 -908 ) (-739 -1688 -908 ) 
4 169 171 (-740 -1216 -908 ) (-740 -2048 -908 ) (-740 -2048 -512 ) (-740 -1216 -512 ) 
4 170 178 (-1024 -1024 -704 ) (-1024 -1024 -908 ) (-1024 -1040 -908 ) (-1024 -1040 -704 ) 
4 170 172 (-1024 -1040 -908 ) (-1024 -1024 -908 ) (-740 -1024 -908 ) (-740 -1040 -908 ) 
4 170 171 (-1024 -1040 -908 ) (-740 -1040 -908 ) (-740 -1040 -704 ) (-1024 -1040 -704 ) 
4 171 184 (-740 -2048 -512 ) (-1024 -2048 -512 ) (-1024 -2048 -908 ) (-740 -2048 -908 ) 
4 171 179 (-1024 -1040 -908 ) (-1024 -1688 -908 ) (-1024 -1688 -512 ) (-1024 -1040 -512 ) 
4 171 183 (-1024 -1688 -908 ) (-1024 -2048 -908 ) (-1024 -2048 -512 ) (-1024 -1688 -512 ) 
4 171 172 (-1024 -1688 -908 ) (-1024 -1040 -908 ) (-740 -1040 -908 ) (-740 -1688 -908 ) 
4 171 174 (-1024 -2048 -908 ) (-1024 -1688 -908 ) (-740 -1688 -908 ) (-740 -2048 -908 ) 
4 172 181 (-1024 -1024 -908 ) (-1024 -1024 -911 ) (-1024 -1688 -911 ) (-1024 -1688 -908 ) 
4 172 174 (0 -1688 -911 ) (0 -1688 -908 ) (-1024 -1688 -908 ) (-1024 -1688 -911 ) 
4 173 182 (-1024 -1024 -975 ) (-1024 -1024 -1024 ) (-1024 -1688 -1024 ) (-1024 -1688 -975 ) 
4 173 174 (-1024 -1688 -1024 ) (0 -1688 -1024 ) (0 -1688 -975 ) (-1024 -1688 -975 ) 
4 174 184 (0 -2048 -1024 ) (0 -2048 -908 ) (-1024 -2048 -908 ) (-1024 -2048 -1024 ) 
4 174 183 (-1024 -1688 -1024 ) (-1024 -2048 -1024 ) (-1024 -2048 -908 ) (-1024 -1688 -908 ) 
4 175 176 (-1732 -1688 1024 ) (-1732 -1688 -448 ) (-1024 -1688 -448 ) (-1024 -1688 1024 ) 
4 175 177 (-1732 -1688 -448 ) (-1732 -1688 1024 ) (-1732 -1024 1024 ) (-1732 -1024 -448 ) 
4 176 185 (-1024 -2048 -512 ) (-1024 -2048 1024 ) (-1732 -2048 1024 ) (-1732 -2048 -512 ) 
4 176 183 (-1024 -1688 -512 ) (-1024 -2048 -512 ) (-1732 -2048 -512 ) (-1732 -1688 -512 ) 
4 176 177 (-1732 -1688 -512 ) (-1732 -2048 -512 ) (-1732 -2048 1024 ) (-1732 -1688 1024 ) 
4 177 188 (-2048 -1024 1024 ) (-2048 -1024 -512 ) (-2048 -1688 -512 ) (-2048 -1688 1024 ) 
4 177 189 (-2048 -1688 -512 ) (-2048 -2048 -512 ) (-2048 -2048 1024 ) (-2048 -1688 1024 ) 
4 177 185 (-1732 -2048 1024 ) (-2048 -2048 1024 ) (-2048 -2048 -512 ) (-1732 -2048 -512 ) 
4 177 180 (-2048 -1024 -512 ) (-1732 -1024 -512 ) (-1732 -1688 -512 ) (-2048 -1688 -512 ) 
4 177 183 (-1732 -1688 -512 ) (-1732 -2048 -512 ) (-2048 -2048 -512 ) (-2048 -1688 -512 ) 
4 178 181 (-1140 -1040 -908 ) (-1140 -1024 -908 ) (-1024 -1024 -908 ) (-1024 -1040 -908 ) 
4 178 179 (-1140 -1040 -704 ) (-1140 -1040 -908 ) (-1024 -1040 -908 ) (-1024 -1040 -704 ) 
4 179 181 (-1024 -1688 -908 ) (-1140 -1688 -908 ) (-1140 -1040 -908 ) (-1024 -1040 -908 ) 
4 179 183 (-1024 -1688 -908 ) (-1024 -1688 -512 ) (-1140 -1688 -512 ) (-1140 -1688 -908 ) 
4 180 188 (-2048 -1024 -512 ) (-2048 -1024 -908 ) (-2048 -1688 -908 ) (-2048 -1688 -512 ) 
4 180 181 (-1732 -1688 -908 ) (-2048 -1688 -908 ) (-2048 -1024 -908 ) (-1732 -1024 -908 ) 
4 180 183 (-1732 -1688 -512 ) (-2048 -1688 -512 ) (-2048 -1688 -908 ) (-1732 -1688 -908 ) 
4 181 188 (-2048 -1024 -908 ) (-2048 -1024 -911 ) (-2048 -1688 -911 ) (-2048 -1688 -908 ) 
4 181 183 (-1024 -1688 -911 ) (-1024 -1688 -908 ) (-2048 -1688 -908 ) (-2048 -1688 -911 ) 
4 182 191 (-2048 -1024 -975 ) (-2048 -1024 -1024 ) (-2048 -1688 -1024 ) (-2048 -1688 -975 ) 
4 182 183 (-2048 -1688 -1024 ) (-1024 -1688 -1024 ) (-1024 -1688 -975 ) (-2048 -1688 -975 ) 
4 183 191 (-2048 -1688 -1024 ) (-2048 -2048 -1024 ) (-2048 -2048 -975 ) (-2048 -1688 -975 ) 
4 183 189 (-2048 -2048 -975 ) (-2048 -2048 -512 ) (-2048 -1688 -512 ) (-2048 -1688 -975 ) 
4 183 185 (-1024 -2048 -1024 ) (-1024 -2048 -512 ) (-2048 -2048 -512 ) (-2048 -2048 -1024 ) 
4 184 186 (0 -3072 -1024 ) (0 -3072 1024 ) (-1024 -3072 1024 ) (-1024 -3072 -1024 ) 
4 184 185 (-1024 -3072 -1024 ) (-1024 -3072 1024 ) (-1024 -2048 1024 ) (-1024 -2048 -1024 ) 
4 185 193 (-2048 -3072 -1024 ) (-2048 -3072 1024 ) (-2048 -2048 1024 ) (-2048 -2048 -1024 ) 
4 185 187 (-2048 -3072 1024 ) (-2048 -3072 -1024 ) (-1024 -3072 -1024 ) (-1024 -3072 1024 ) 
4 186 197 (0 -4096 -1024 ) (0 -4096 1024 ) (-1024 -4096 1024 ) (-1024 -4096 -1024 ) 
4 186 187 (-1024 -3072 1024 ) (-1024 -3072 -1024 ) (-1024 -4096 -1024 ) (-1024 -4096 1024 ) 
4 187 198 (-1024 -4096 -1024 ) (-1024 -4096 1024 ) (-2048 -4096 1024 ) (-2048 -4096 -1024 ) 
4 187 194 (-2048 -4096 -1024 ) (-2048 -4096 1024 ) (-2048 -3072 1024 ) (-2048 -3072 -1024 ) 
4 188 189 (-2368 -1688 1024 ) (-2368 -1688 -911 ) (-2048 -1688 -911 ) (-2048 -1688 1024 ) 
4 188 190 (-2368 -1688 -911 ) (-2368 -1688 1024 ) (-2368 -1024 1024 ) (-2368 -1024 -911 ) 
4 189 193 (-2048 -2048 -975 ) (-2048 -2048 1024 ) (-2368 -2048 1024 ) (-2368 -2048 -975 ) 
4 189 191 (-2048 -2048 -975 ) (-2368 -2048 -975 ) (-2368 -1688 -975 ) (-2048 -1688 -975 ) 
4 189 190 (-2368 -1688 -975 ) (-2368 -2048 -975 ) (-2368 -2048 1024 ) (-2368 -1688 1024 ) 
4 190 193 (-2368 -2048 1024 ) (-3072 -2048 1024 ) (-3072 -2048 -975 ) (-2368 -2048 -975 ) 
4 190 192 (-3072 -1024 1024 ) (-3072 -1024 -975 ) (-3072 -2048 -975 ) (-3072 -2048 1024 ) 
4 190 191 (-2368 -2048 -975 ) (-3072 -2048 -975 ) (-3072 -1024 -975 ) (-2368 -1024 -975 ) 
4 191 193 (-2048 -2048 -1024 ) (-2048 -2048 -975 ) (-3072 -2048 -975 ) (-3072 -2048 -1024 ) 
4 191 192 (-3072 -1024 -975 ) (-3072 -1024 -1024 ) (-3072 -2048 -1024 ) (-3072 -2048 -975 ) 
4 192 195 (-3072 -2048 -1024 ) (-3072 -2048 1024 ) (-3652 -2048 1024 ) (-3652 -2048 -1024 ) 
4 193 195 (-3072 -2048 1024 ) (-3072 -2048 -1024 ) (-3072 -3072 -1024 ) (-3072 -3072 1024 ) 
4 193 194 (-2048 -3072 -1024 ) (-2048 -3072 1024 ) (-3072 -3072 1024 ) (-3072 -3072 -1024 ) 
4 194 201 (-2048 -4096 -1024 ) (-2048 -4096 1024 ) (-3072 -4096 1024 ) (-3072 -4096 -1024 ) 
4 194 196 (-3072 -4096 -1024 ) (-3072 -4096 1024 ) (-3072 -3072 1024 ) (-3072 -3072 -1024 ) 
4 195 196 (-3072 -3072 -1024 ) (-3072 -3072 1024 ) (-3652 -3072 1024 ) (-3652 -3072 -1024 ) 
4 196 202 (-3072 -4096 -1024 ) (-3072 -4096 1024 ) (-3652 -4096 1024 ) (-3652 -4096 -1024 ) 
4 197 199 (0 -5120 -1024 ) (0 -5120 1024 ) (-1024 -5120 1024 ) (-1024 -5120 -1024 ) 
4 197 198 (-1024 -4096 1024 ) (-1024 -4096 -1024 ) (-1024 -5120 -1024 ) (-1024 -5120 1024 ) 
4 198 201 (-2048 -4096 1024 ) (-2048 -4096 -1024 ) (-2048 -5120 -1024 ) (-2048 -5120 1024 ) 
4 198 200 (-1024 -5120 -1024 ) (-1024 -5120 1024 ) (-2048 -5120 1024 ) (-2048 -5120 -1024 ) 
4 199 200 (-1024 -5824 -1024 ) (-1024 -5824 1024 ) (-1024 -5120 1024 ) (-1024 -5120 -1024 ) 
4 200 203 (-2048 -5824 -1024 ) (-2048 -5824 1024 ) (-2048 -5120 1024 ) (-2048 -5120 -1024 ) 
4 201 203 (-2048 -5120 -1024 ) (-2048 -5120 1024 ) (-3072 -5120 1024 ) (-3072 -5120 -1024 ) 
4 201 202 (-3072 -4096 1024 ) (-3072 -4096 -1024 ) (-3072 -5120 -1024 ) (-3072 -5120 1024 ) 
4 202 204 (-3072 -5120 -1024 ) (-3072 -5120 1024 ) (-3652 -5120 1024 ) (-3652 -5120 -1024 ) 
4 203 204 (-3072 -5120 1024 ) (-3072 -5120 -1024 ) (-3072 -5824 -1024 ) (-3072 -5824 1024 ) 
