


CustomMaterialManager: Cached KeyValues materials/models/weapons/v_models/knife_butterfly/knife_butterfly.vmt.
CustomMaterialManager: Cached KeyValues materials/models/weapons/v_models/knife_bayonet/knife_bayonet.vmt.
CustomMaterialManager: Cached KeyValues materials/models/weapons/v_models/knife_ct/knife_ct.vmt.
CustomMaterialManager: Cached KeyValues materials/models/weapons/v_models/knife_flip/knife_flip.vmt.
CustomMaterialManager: Cached KeyValues materials/models/weapons/v_models/knife_gut/knife_gut.vmt.
CustomMaterialManager: Cached KeyValues materials/models/weapons/v_models/knife_karam/karam.vmt.
CustomMaterialManager: Cached KeyValues materials/models/weapons/v_models/knife_m9_bay/knife_m9_bay.vmt.
CustomMaterialManager: Cached KeyValues materials/models/weapons/v_models/knife_t/knife_t.vmt.
CustomMaterialManager: Cached KeyValues materials/models/weapons/v_models/knife_tactical/knife_tactical.vmt.
CustomMaterialManager: Cached KeyValues materials/models/weapons/v_models/mach_m249para/m249.vmt.
CustomMaterialManager: Cached KeyValues materials/models/weapons/v_models/mach_negev/mach_negev.vmt.
CustomMaterialManager: Cached KeyValues materials/models/weapons/v_models/pist_223/pist_223.vmt.
CustomMaterialManager: Cached KeyValues materials/models/weapons/v_models/pist_cz_75/pist_cz_75.vmt.
CustomMaterialManager: Cached KeyValues materials/models/weapons/v_models/pist_deagle/pist_deagle.vmt.
CustomMaterialManager: Cached KeyValues materials/models/weapons/v_models/pist_elite/m9a1.vmt.
CustomMaterialManager: Cached KeyValues materials/models/weapons/v_models/pist_fiveseven/fiveseven.vmt.
CustomMaterialManager: Cached KeyValues materials/models/weapons/v_models/pist_glock18/pist_glock18.vmt.
CustomMaterialManager: Cached KeyValues materials/models/weapons/v_models/pist_hkp2000/pist_hkp2000.vmt.
CustomMaterialManager: Cached KeyValues materials/models/weapons/v_models/pist_p250/p250.vmt.
CustomMaterialManager: Cached KeyValues materials/models/weapons/v_models/pist_tec9/pist_tec9.vmt.
CustomMaterialManager: Cached KeyValues materials/models/weapons/v_models/rif_ak47/ak47.vmt.
CustomMaterialManager: Cached KeyValues materials/models/weapons/v_models/rif_aug/rif_aug.vmt.
CustomMaterialManager: Cached KeyValues materials/models/weapons/v_models/rif_famas/rif_famas.vmt.
CustomMaterialManager: Cached KeyValues materials/models/weapons/v_models/rif_galilar/rif_galilar.vmt.
CustomMaterialManager: Cached KeyValues materials/models/weapons/v_models/rif_m4a1/rif_m4a1.vmt.
CustomMaterialManager: Cached KeyValues materials/models/weapons/v_models/rif_m4a1_s/rif_m4a1_s.vmt.
CustomMaterialManager: Cached KeyValues materials/models/weapons/v_models/rif_sg556/rif_sg556.vmt.
CustomMaterialManager: Cached KeyValues materials/models/weapons/v_models/shot_mag7/shot_mag7.vmt.
CustomMaterialManager: Cached KeyValues materials/models/weapons/v_models/shot_nova/shot_nova.vmt.
CustomMaterialManager: Cached KeyValues materials/models/weapons/v_models/shot_sawedoff/shot_sawedoff_01.vmt.
CustomMaterialManager: Cached KeyValues materials/models/weapons/v_models/shot_xm1014/shot_xm1014.vmt.
CustomMaterialManager: Cached KeyValues materials/models/weapons/v_models/smg_bizon/bizon.vmt.
CustomMaterialManager: Cached KeyValues materials/models/weapons/v_models/smg_mac10/smg_mac10_1.vmt.
CustomMaterialManager: Cached KeyValues materials/models/weapons/v_models/smg_mp7/smg_mp7.vmt.
CustomMaterialManager: Cached KeyValues materials/models/weapons/v_models/smg_mp9/smg_mp9.vmt.
CustomMaterialManager: Cached KeyValues materials/models/weapons/v_models/smg_p90/smg_p90.vmt.
CustomMaterialManager: Cached KeyValues materials/models/weapons/v_models/smg_ump45/smg_ump45.vmt.
CustomMaterialManager: Cached KeyValues materials/models/weapons/v_models/snip_awp/awp.vmt.
CustomMaterialManager: Cached KeyValues materials/models/weapons/v_models/snip_g3sg1/snip_g3sg1.vmt.
CustomMaterialManager: Cached KeyValues materials/models/weapons/v_models/snip_scar20/snip_scar20.vmt.
CustomMaterialManager: Cached KeyValues materials/models/weapons/v_models/snip_ssg08/snip_ssg08.vmt.
CustomMaterialManager: Cached KeyValues materials/models/weapons/v_models/snip_ssg08/snip_ssg08_scope.vmt.
CustomMaterialManager: Cached KeyValues materials/models/weapons/v_models/pist_revolver/pist_revolver.vmt.
CustomMaterialManager: Cached KeyValues materials/models/weapons/v_models/knife_falchion_advanced/knife_falchion_advanced.vmt.
CustomMaterialManager: Cached KeyValues materials/models/weapons/v_models/knife_push/knife_push.vmt.
CustomMaterialManager: Cached KeyValues materials/models/weapons/v_models/knife_survival_bowie/knife_survival_bowie.vmt.
materialPath: C:\Program Files (x86)\Steam\steamapps\common\Counter-Strike Global Offensive\csgo\materials
Loading c:\users\jaeth\desktop\beta map\de_transit\de_transit_a1.vmf
Map revision 44
Patching WVT material: maps/de_transit_a1/asphalt/hr_c/hr_asphalt_001_wvt_patch
fixing up env_cubemap materials on brush sides...
0...1...2...3...4...5...6...7...8...9...100...1...2...3...4...5...6...7...8...9...10Processing areas...done (0)
Building Faces...done (0)
Chop Details...done (0)
Find Visible Detail Sides...
Merged 22 detail faces...done (0)
Merging details...done (0)
FixTjuncs...
PruneNodes...
WriteBSP...
done (0)
writing c:\users\jaeth\desktop\beta map\de_transit\de_transit_a1.prt...Building visibility clusters...
done (0)
Finding displacement neighbors...
Finding lightmap sample positions...
Displacement Alpha : 0...1...2...3...4...5...6...7...8...9...10
Building Physics collision data...
done (0) (43576 bytes)
Placing detail props : 0...1...2...3...4...5...6...7...8...9...10
Compacting texture/material tables...
Reduced 62 texinfos to 44
Reduced 7 texdatas to 6 (221 bytes to 193)
Writing c:\users\jaeth\desktop\beta map\de_transit\de_transit_a1.bsp
0 seconds elapsed



2 threads
reading c:\users\jaeth\desktop\beta map\de_transit\de_transit_a1.bsp
reading c:\users\jaeth\desktop\beta map\de_transit\de_transit_a1.prt
 260 portalclusters
 756 numportals
0...1...2...3...4...5...6...7...8...9...100...1...2...3...4...5...6...7...8...9...10Optimized: 192 visible clusters (0.00%)
Total clusters visible: 37304
Average clusters visible: 143
Building PAS...
Average clusters audible: 257
visdatasize:19005  compressed from 20800
writing c:\users\jaeth\desktop\beta map\de_transit\de_transit_a1.bsp
1 second elapsed



[Reading texlights from 'lights.rad']
[17 texlights parsed from 'lights.rad']

Loading c:\users\jaeth\desktop\beta map\de_transit\de_transit_a1.bsp
Loaded alpha texture materials\models\props\de_nuke\hr_nuke\chainlink_fence_001\chainlink_fence_wire_001_mip0.vtf
1488 faces
1391141 square feet [200324320.00 square inches]
0 Displacements
0 Square Feet [0.00 Square Inches]
1488 patches before subdivision
42400 patches after subdivision
12 direct lights
0...1...2...3...4...5...6...7...8...9...100...1...2...3...4...5...6...7...8...9...10transfers 2102283, max 356
transfer lists:  16.0 megs
0...1...2...3...4...5...6...7...8...9...10	Bounce #1 added RGB(101764, 26882, 3030)
0...1...2...3...4...5...6...7...8...9...10	Bounce #2 added RGB(47746, 3863, 8)
0...1...2...3...4...5...6...7...8...9...10	Bounce #3 added RGB(27078, 638, 0)
0...1...2...3...4...5...6...7...8...9...10	Bounce #4 added RGB(17534, 118, 0)
0...1...2...3...4...5...6...7...8...9...10	Bounce #5 added RGB(11609, 22, 0)
0...1...2...3...4...5...6...7...8...9...10	Bounce #6 added RGB(7878, 4, 0)
0...1...2...3...4...5...6...7...8...9...10	Bounce #7 added RGB(5362, 1, 0)
0...1...2...3...4...5...6...7...8...9...10	Bounce #8 added RGB(3686, 0, 0)
0...1...2...3...4...5...6...7...8...9...10	Bounce #9 added RGB(2534, 0, 0)
0...1...2...3...4...5...6...7...8...9...10	Bounce #10 added RGB(1753, 0, 0)
0...1...2...3...4...5...6...7...8...9...10	Bounce #11 added RGB(1212, 0, 0)
0...1...2...3...4...5...6...7...8...9...10	Bounce #12 added RGB(842, 0, 0)
0...1...2...3...4...5...6...7...8...9...10	Bounce #13 added RGB(585, 0, 0)
0...1...2...3...4...5...6...7...8...9...10	Bounce #14 added RGB(408, 0, 0)
0...1...2...3...4...5...6...7...8...9...10	Bounce #15 added RGB(285, 0, 0)
0...1...2...3...4...5...6...7...8...9...10	Bounce #16 added RGB(199, 0, 0)
0...1...2...3...4...5...6...7...8...9...10	Bounce #17 added RGB(139, 0, 0)
0...1...2...3...4...5...6...7...8...9...10	Bounce #18 added RGB(98, 0, 0)
0...1...2...3...4...5...6...7...8...9...10	Bounce #19 added RGB(69, 0, 0)
0...1...2...3...4...5...6...7...8...9...10	Bounce #20 added RGB(48, 0, 0)
0...1...2...3...4...5...6...7...8...9...10	Bounce #21 added RGB(34, 0, 0)
0...1...2...3...4...5...6...7...8...9...10	Bounce #22 added RGB(24, 0, 0)
0...1...2...3...4...5...6...7...8...9...10	Bounce #23 added RGB(17, 0, 0)
0...1...2...3...4...5...6...7...8...9...10	Bounce #24 added RGB(12, 0, 0)
0...1...2...3...4...5...6...7...8...9...10	Bounce #25 added RGB(8, 0, 0)
0...1...2...3...4...5...6...7...8...9...10	Bounce #26 added RGB(6, 0, 0)
0...1...2...3...4...5...6...7...8...9...10	Bounce #27 added RGB(4, 0, 0)
0...1...2...3...4...5...6...7...8...9...10	Bounce #28 added RGB(3, 0, 0)
0...1...2...3...4...5...6...7...8...9...10	Bounce #29 added RGB(2, 0, 0)
0...1...2...3...4...5...6...7...8...9...10	Bounce #30 added RGB(2, 0, 0)
0...1...2...3...4...5...6...7...8...9...10	Bounce #31 added RGB(1, 0, 0)
0...1...2...3...4...5...6...7...8...9...10	Bounce #32 added RGB(1, 0, 0)
Build Patch/Sample Hash Table(s).....Done<0.0114 sec>
0...1...2...3...4...5...6...7...8...9...10FinalLightFace Done
0 of 0 (0% of) surface lights went in leaf ambient cubes.
0...1...2...3...4...5...6...7...8...9...10Writing leaf ambient...done
Computing static prop lighting : 00...1...2...3...4...5...6...7...8...9...10
Ready to Finish

Object names       Objects/Maxobjs  Memory / Maxmem  Fullness 
------------       ---------------  ---------------  -------- 
models                   1/1024           48/49152    ( 0.1%) 
brushes                130/8192         1560/98304    ( 1.6%) 
brushsides             818/65536        6544/524288   ( 1.2%) 
planes                 546/65536       10920/1310720  ( 0.8%) 
vertexes              2034/65536       24408/786432   ( 3.1%) 
nodes                  597/65536       19104/2097152  ( 0.9%) 
texinfos                44/12288        3168/884736   ( 0.4%) 
texdata                  6/2048          192/65536    ( 0.3%) 
dispinfos                0/0               0/0        ( 0.0%) 
disp_verts               0/0               0/0        ( 0.0%) 
disp_tris                0/0               0/0        ( 0.0%) 
disp_multiblend          0/0               0/0        ( 0.0%) 
disp_lmsamples           0/0               0/0        ( 0.0%) 
faces                 1488/65536       83328/3670016  ( 2.3%) 
hdr faces                0/65536           0/3670016  ( 0.0%) 
origfaces              480/65536       26880/3670016  ( 0.7%) 
facebrushes            101/0             202/0        ( 0.0%) 
facebrushlists        1488/0            5952/0        ( 0.0%) 
leaves                 599/65536       19168/2097152  ( 0.9%) 
leaffaces             1937/65536        3874/131072   ( 3.0%) 
leafbrushes            470/65536         940/131072   ( 0.7%) 
areas                    3/1024           24/8192     ( 0.3%) 
surfedges             8686/512000      34744/2048000  ( 1.7%) 
edges                 4692/256000      18768/1024000  ( 1.8%) 
LDR worldlights         11/8192         1100/819200   ( 0.1%) 
HDR worldlights          0/8192            0/819200   ( 0.0%) 
leafwaterdata            0/32768           0/393216   ( 0.0%) 
waterstrips            106/32768        1060/327680   ( 0.3%) 
waterverts               0/65536           0/786432   ( 0.0%) 
waterindices          1581/65536        3162/131072   ( 2.4%) 
cubemapsamples           0/1024            0/16384    ( 0.0%) 
overlays                 0/1024            0/360448   ( 0.0%) 
LDR lightdata         [variable]     2233012/0        ( 0.0%) 
HDR lightdata         [variable]           0/0        ( 0.0%) 
visdata               [variable]       19005/16777216 ( 0.1%) 
entdata               [variable]        4204/393216   ( 1.1%) 
LDR ambient table      599/65536        2396/262144   ( 0.9%) 
HDR ambient table      599/65536        2396/262144   ( 0.9%) 
LDR leaf ambient      3109/65536       87052/1835008  ( 4.7%) 
HDR leaf ambient       599/65536       16772/1835008  ( 0.9%) 
occluders                0/0               0/0        ( 0.0%) 
occluder polygons        0/0               0/0        ( 0.0%) 
occluder vert ind        0/0               0/0        ( 0.0%) 
detail props          [variable]           1/12       ( 8.3%) 
static props          [variable]           1/2980     ( 0.0%) 
pakfile               [variable]     1234147/0        ( 0.0%) 
physics               [variable]       43576/4194304  ( 1.0%) 
physics terrain       [variable]           2/1048576  ( 0.0%) 

Level flags = 1d

Total triangle count: 3791
Writing c:\users\jaeth\desktop\beta map\de_transit\de_transit_a1.bsp
2 minutes, 29 seconds elapsed



[Reading texlights from 'lights.rad']
[17 texlights parsed from 'lights.rad']

Loading c:\users\jaeth\desktop\beta map\de_transit\de_transit_a1.bsp
Loaded alpha texture materials\models\props\de_nuke\hr_nuke\chainlink_fence_001\chainlink_fence_wire_001_mip0.vtf
1488 faces
1391141 square feet [200324320.00 square inches]
0 Displacements
0 Square Feet [0.00 Square Inches]
1488 patches before subdivision
42400 patches after subdivision
12 direct lights
0...1...2...3...4...5...6...7...8...9...100...1...2...3...4...5...6...7...8...9...10transfers 2102283, max 356
transfer lists:  16.0 megs
0...1...2...3...4...5...6...7...8...9...10	Bounce #1 added RGB(101763, 26881, 3030)
0...1...2...3...4...5...6...7...8...9...10	Bounce #2 added RGB(47746, 3863, 8)
0...1...2...3...4...5...6...7...8...9...10	Bounce #3 added RGB(27078, 638, 0)
0...1...2...3...4...5...6...7...8...9...10	Bounce #4 added RGB(17534, 118, 0)
0...1...2...3...4...5...6...7...8...9...10	Bounce #5 added RGB(11609, 22, 0)
0...1...2...3...4...5...6...7...8...9...10	Bounce #6 added RGB(7878, 4, 0)
0...1...2...3...4...5...6...7...8...9...10	Bounce #7 added RGB(5362, 1, 0)
0...1...2...3...4...5...6...7...8...9...10	Bounce #8 added RGB(3686, 0, 0)
0...1...2...3...4...5...6...7...8...9...10	Bounce #9 added RGB(2534, 0, 0)
0...1...2...3...4...5...6...7...8...9...10	Bounce #10 added RGB(1753, 0, 0)
0...1...2...3...4...5...6...7...8...9...10	Bounce #11 added RGB(1212, 0, 0)
0...1...2...3...4...5...6...7...8...9...10	Bounce #12 added RGB(842, 0, 0)
0...1...2...3...4...5...6...7...8...9...10	Bounce #13 added RGB(585, 0, 0)
0...1...2...3...4...5...6...7...8...9...10	Bounce #14 added RGB(408, 0, 0)
0...1...2...3...4...5...6...7...8...9...10	Bounce #15 added RGB(285, 0, 0)
0...1...2...3...4...5...6...7...8...9...10	Bounce #16 added RGB(199, 0, 0)
0...1...2...3...4...5...6...7...8...9...10	Bounce #17 added RGB(139, 0, 0)
0...1...2...3...4...5...6...7...8...9...10	Bounce #18 added RGB(98, 0, 0)
0...1...2...3...4...5...6...7...8...9...10	Bounce #19 added RGB(69, 0, 0)
0...1...2...3...4...5...6...7...8...9...10	Bounce #20 added RGB(48, 0, 0)
0...1...2...3...4...5...6...7...8...9...10	Bounce #21 added RGB(34, 0, 0)
0...1...2...3...4...5...6...7...8...9...10	Bounce #22 added RGB(24, 0, 0)
0...1...2...3...4...5...6...7...8...9...10	Bounce #23 added RGB(17, 0, 0)
0...1...2...3...4...5...6...7...8...9...10	Bounce #24 added RGB(12, 0, 0)
0...1...2...3...4...5...6...7...8...9...10	Bounce #25 added RGB(8, 0, 0)
0...1...2...3...4...5...6...7...8...9...10	Bounce #26 added RGB(6, 0, 0)
0...1...2...3...4...5...6...7...8...9...10	Bounce #27 added RGB(4, 0, 0)
0...1...2...3...4...5...6...7...8...9...10	Bounce #28 added RGB(3, 0, 0)
0...1...2...3...4...5...6...7...8...9...10	Bounce #29 added RGB(2, 0, 0)
0...1...2...3...4...5...6...7...8...9...10	Bounce #30 added RGB(2, 0, 0)
0...1...2...3...4...5...6...7...8...9...10	Bounce #31 added RGB(1, 0, 0)
0...1...2...3...4...5...6...7...8...9...10	Bounce #32 added RGB(1, 0, 0)
Build Patch/Sample Hash Table(s).....Done<0.0130 sec>
0...1...2...3...4...5...6...7...8...9...10FinalLightFace Done
0 of 0 (0% of) surface lights went in leaf ambient cubes.
0...1...2...3...4...5...6...7...8...9...10Writing leaf ambient...done
Computing static prop lighting : 00...1...2...3...4...5...6...7...8...9...10
Ready to Finish

Object names       Objects/Maxobjs  Memory / Maxmem  Fullness 
------------       ---------------  ---------------  -------- 
models                   1/1024           48/49152    ( 0.1%) 
brushes                130/8192         1560/98304    ( 1.6%) 
brushsides             818/65536        6544/524288   ( 1.2%) 
planes                 546/65536       10920/1310720  ( 0.8%) 
vertexes              2034/65536       24408/786432   ( 3.1%) 
nodes                  597/65536       19104/2097152  ( 0.9%) 
texinfos                44/12288        3168/884736   ( 0.4%) 
texdata                  6/2048          192/65536    ( 0.3%) 
dispinfos                0/0               0/0        ( 0.0%) 
disp_verts               0/0               0/0        ( 0.0%) 
disp_tris                0/0               0/0        ( 0.0%) 
disp_multiblend          0/0               0/0        ( 0.0%) 
disp_lmsamples           0/0               0/0        ( 0.0%) 
faces                 1488/65536       83328/3670016  ( 2.3%) 
hdr faces             1488/65536       83328/3670016  ( 2.3%) 
origfaces              480/65536       26880/3670016  ( 0.7%) 
facebrushes            101/0             202/0        ( 0.0%) 
facebrushlists        1488/0            5952/0        ( 0.0%) 
leaves                 599/65536       19168/2097152  ( 0.9%) 
leaffaces             1937/65536        3874/131072   ( 3.0%) 
leafbrushes            470/65536         940/131072   ( 0.7%) 
areas                    3/1024           24/8192     ( 0.3%) 
surfedges             8686/512000      34744/2048000  ( 1.7%) 
edges                 4692/256000      18768/1024000  ( 1.8%) 
LDR worldlights         11/8192         1100/819200   ( 0.1%) 
HDR worldlights         11/8192         1100/819200   ( 0.1%) 
leafwaterdata            0/32768           0/393216   ( 0.0%) 
waterstrips            106/32768        1060/327680   ( 0.3%) 
waterverts               0/65536           0/786432   ( 0.0%) 
waterindices          1581/65536        3162/131072   ( 2.4%) 
cubemapsamples           0/1024            0/16384    ( 0.0%) 
overlays                 0/1024            0/360448   ( 0.0%) 
LDR lightdata         [variable]     2233012/0        ( 0.0%) 
HDR lightdata         [variable]     2233012/0        ( 0.0%) 
visdata               [variable]       19005/16777216 ( 0.1%) 
entdata               [variable]        4204/393216   ( 1.1%) 
LDR ambient table      599/65536        2396/262144   ( 0.9%) 
HDR ambient table      599/65536        2396/262144   ( 0.9%) 
LDR leaf ambient      3109/65536       87052/1835008  ( 4.7%) 
HDR leaf ambient      3109/65536       87052/1835008  ( 4.7%) 
occluders                0/0               0/0        ( 0.0%) 
occluder polygons        0/0               0/0        ( 0.0%) 
occluder vert ind        0/0               0/0        ( 0.0%) 
detail props          [variable]           1/12       ( 8.3%) 
static props          [variable]           1/2980     ( 0.0%) 
pakfile               [variable]     2393593/0        ( 0.0%) 
physics               [variable]       43576/4194304  ( 1.0%) 
physics terrain       [variable]           2/1048576  ( 0.0%) 

Level flags = 1f

Total triangle count: 3791
Writing c:\users\jaeth\desktop\beta map\de_transit\de_transit_a1.bsp
2 minutes, 29 seconds elapsed
