PRT1
222
737
4 0 11 (1760 1024 -953 ) (1760 1024 -1024 ) (1984 1024 -1024 ) (1984 1024 -953 ) 
4 0 8 (1984 1024 1024 ) (1760 1024 1024 ) (1760 1024 -953 ) (1984 1024 -953 ) 
4 0 2 (1760 1024 1024 ) (1760 1216 1024 ) (1760 1216 -448 ) (1760 1024 -448 ) 
4 0 3 (1760 1216 -512 ) (1760 1216 -1024 ) (1760 1024 -1024 ) (1760 1024 -512 ) 
4 0 1 (1760 1216 1024 ) (1760 1984 1024 ) (1760 1984 -1024 ) (1760 1216 -1024 ) 
4 1 5 (1024 1984 -448 ) (1024 1984 -1024 ) (1024 1216 -1024 ) (1024 1216 -448 ) 
4 1 4 (1024 1216 1024 ) (1024 1984 1024 ) (1024 1984 -448 ) (1024 1216 -448 ) 
4 1 2 (1760 1216 -448 ) (1760 1216 1024 ) (1024 1216 1024 ) (1024 1216 -448 ) 
4 1 3 (1024 1216 -1024 ) (1760 1216 -1024 ) (1760 1216 -512 ) (1024 1216 -512 ) 
4 2 9 (1760 1024 1024 ) (1024 1024 1024 ) (1024 1024 -448 ) (1760 1024 -448 ) 
4 2 4 (1024 1024 -448 ) (1024 1024 1024 ) (1024 1216 1024 ) (1024 1216 -448 ) 
4 3 12 (1024 1024 -953 ) (1024 1024 -1024 ) (1760 1024 -1024 ) (1760 1024 -953 ) 
4 3 10 (1024 1024 -512 ) (1024 1024 -953 ) (1760 1024 -953 ) (1760 1024 -512 ) 
4 3 7 (1024 1024 -1024 ) (1024 1024 -512 ) (1024 1216 -512 ) (1024 1216 -1024 ) 
4 4 116 (0 1024 -448 ) (0 1024 1024 ) (0 1984 1024 ) (0 1984 -448 ) 
4 4 14 (0 1024 1024 ) (0 1024 -448 ) (1024 1024 -448 ) (1024 1024 1024 ) 
4 4 6 (664 1024 -448 ) (280 1024 -448 ) (280 1216 -448 ) (664 1216 -448 ) 
4 4 5 (0 1984 -448 ) (1024 1984 -448 ) (1024 1216 -448 ) (0 1216 -448 ) 
4 5 117 (0 1216 -448 ) (0 1984 -448 ) (0 1984 -1024 ) (0 1216 -1024 ) 
4 5 6 (664 1216 -448 ) (280 1216 -448 ) (280 1216 -512 ) (664 1216 -512 ) 
4 5 7 (0 1216 -1024 ) (1024 1216 -1024 ) (1024 1216 -512 ) (0 1216 -512 ) 
4 6 15 (280 1024 -512 ) (664 1024 -512 ) (664 1024 -448 ) (280 1024 -448 ) 
4 6 7 (280 1216 -512 ) (664 1216 -512 ) (664 1024 -512 ) (280 1024 -512 ) 
4 7 118 (0 1024 -1024 ) (0 1024 -512 ) (0 1216 -512 ) (0 1216 -1024 ) 
4 7 24 (0 1024 -992 ) (0 1024 -1024 ) (1024 1024 -1024 ) (1024 1024 -992 ) 
4 7 22 (487 1024 -992 ) (827 1024 -992 ) (827 1024 -953 ) (487 1024 -953 ) 
4 7 21 (827 1024 -992 ) (1024 1024 -992 ) (1024 1024 -953 ) (827 1024 -953 ) 
4 7 23 (0 1024 -953 ) (0 1024 -992 ) (487 1024 -992 ) (487 1024 -953 ) 
4 7 16 (0 1024 -512 ) (0 1024 -953 ) (1024 1024 -953 ) (1024 1024 -512 ) 
4 8 59 (1760 0 -953 ) (1984 0 -953 ) (1984 0 -908 ) (1760 0 -908 ) 
4 8 29 (1984 0 -908 ) (1984 0 -611.382996 ) (1760 0 -611.382996 ) (1760 0 -908 ) 
4 8 26 (1984 0 -611.382996 ) (1984 0 -448 ) (1760 0 -448 ) (1760 0 -611.382996 ) 
4 8 25 (1984 0 -448 ) (1984 0 1024 ) (1760 0 1024 ) (1760 0 -448 ) 
4 8 11 (1760 1024 -953 ) (1984 1024 -953 ) (1984 0 -953 ) (1760 0 -953 ) 
4 8 9 (1760 0 -448 ) (1760 0 1024 ) (1760 1024 1024 ) (1760 1024 -448 ) 
4 8 10 (1760 1024 -953 ) (1760 0 -953 ) (1760 0 -512 ) (1760 1024 -512 ) 
4 9 25 (1024 0 1024 ) (1024 0 -448 ) (1760 0 -448 ) (1760 0 1024 ) 
4 9 14 (1024 1024 1024 ) (1024 1024 -448 ) (1024 0 -448 ) (1024 0 1024 ) 
4 10 60 (1024 0 -908 ) (1024 0 -953 ) (1760 0 -953 ) (1760 0 -908 ) 
4 10 29 (1024 0 -611.382996 ) (1024 0 -908 ) (1760 0 -908 ) (1760 0 -611.382996 ) 
4 10 27 (1024 0 -512 ) (1024 0 -611.382996 ) (1760 0 -611.382996 ) (1760 0 -512 ) 
4 10 18 (1024 584 -953 ) (1024 0 -953 ) (1024 0 -778 ) (1024 584 -778 ) 
4 10 17 (1024 0 -778 ) (1024 0 -512 ) (1024 584 -512 ) (1024 584 -778 ) 
4 10 16 (1024 1024 -512 ) (1024 1024 -953 ) (1024 584 -953 ) (1024 584 -512 ) 
4 10 12 (1024 1024 -953 ) (1760 1024 -953 ) (1760 156 -953 ) (1024 156 -953 ) 
4 11 59 (1760 0 -1024 ) (1984 0 -1024 ) (1984 0 -953 ) (1760 0 -953 ) 
4 11 13 (1760 156 -1024 ) (1760 0 -1024 ) (1760 0 -992 ) (1760 156 -992 ) 
4 11 12 (1760 1024 -1024 ) (1760 156 -1024 ) (1760 156 -953 ) (1760 1024 -953 ) 
4 12 24 (1024 1024 -992 ) (1024 1024 -1024 ) (1024 156 -1024 ) (1024 156 -992 ) 
4 12 21 (1024 1024 -953 ) (1024 1024 -992 ) (1024 156 -992 ) (1024 156 -953 ) 
4 12 13 (1024 156 -1024 ) (1760 156 -1024 ) (1760 156 -992 ) (1024 156 -992 ) 
4 13 61 (1024 0 -992 ) (1024 0 -1024 ) (1760 0 -1024 ) (1760 0 -992 ) 
4 13 24 (1024 156 -1024 ) (1024 0 -1024 ) (1024 0 -992 ) (1024 156 -992 ) 
4 14 123 (0 0 -448 ) (0 0 1024 ) (0 1024 1024 ) (0 1024 -448 ) 
4 14 66 (1024 0 -448 ) (1024 0 179 ) (777 0 179 ) (777 0 -448 ) 
4 14 67 (777 0 179 ) (0 0 179 ) (0 0 -448 ) (777 0 -448 ) 
4 14 65 (1024 0 179 ) (1024 0 1024 ) (0 0 1024 ) (0 0 179 ) 
4 14 15 (280 1024 -448 ) (664 1024 -448 ) (664 0 -448 ) (280 0 -448 ) 
4 15 69 (664 0 -448 ) (280 0 -448 ) (280 0 -512 ) (664 0 -512 ) 
4 15 17 (664 0 -512 ) (280 0 -512 ) (280 584 -512 ) (664 584 -512 ) 
4 15 16 (280 584 -512 ) (280 1024 -512 ) (664 1024 -512 ) (664 584 -512 ) 
4 16 124 (0 584 -512 ) (0 1024 -512 ) (0 1024 -953 ) (0 584 -953 ) 
4 16 22 (487 1024 -953 ) (827 1024 -953 ) (827 584 -953 ) (487 584 -953 ) 
4 16 21 (827 1024 -953 ) (1024 1024 -953 ) (1024 584 -953 ) (827 584 -953 ) 
4 16 23 (0 584 -953 ) (0 1024 -953 ) (487 1024 -953 ) (487 584 -953 ) 
4 16 20 (0 584 -953 ) (487 584 -953 ) (487 584 -778 ) (0 584 -778 ) 
4 16 18 (827 584 -953 ) (1024 584 -953 ) (1024 584 -778 ) (827 584 -778 ) 
4 16 19 (513 584 -953 ) (801 584 -953 ) (801 584 -778 ) (513 584 -778 ) 
4 16 17 (1024 584 -778 ) (1024 584 -512 ) (0 584 -512 ) (0 584 -778 ) 
4 17 125 (0 0 -778 ) (0 0 -512 ) (0 156 -512 ) (0 156 -778 ) 
4 17 124 (0 156 -512 ) (0 584 -512 ) (0 584 -778 ) (0 156 -778 ) 
4 17 73 (1024 0 -778 ) (1024 0 -611.382996 ) (0 0 -611.382996 ) (0 0 -778 ) 
4 17 71 (1024 0 -611.382996 ) (1024 0 -512 ) (0 0 -512 ) (0 0 -611.382996 ) 
4 17 20 (487 0 -778 ) (0 0 -778 ) (0 584 -778 ) (487 584 -778 ) 
4 17 18 (1024 0 -778 ) (827 0 -778 ) (827 584 -778 ) (1024 584 -778 ) 
4 17 19 (801 0 -778 ) (513 0 -778 ) (513 584 -778 ) (801 584 -778 ) 
4 18 80 (1024 0 -953 ) (1024 0 -778 ) (827 0 -778 ) (827 0 -953 ) 
4 18 21 (827 584 -953 ) (1024 584 -953 ) (1024 156 -953 ) (827 156 -953 ) 
4 19 81 (801 0 -778 ) (513 0 -778 ) (513 0 -953 ) (801 0 -953 ) 
4 20 125 (0 0 -953 ) (0 0 -778 ) (0 156 -778 ) (0 156 -953 ) 
4 20 124 (0 156 -778 ) (0 584 -778 ) (0 584 -953 ) (0 156 -953 ) 
4 20 82 (487 0 -778 ) (0 0 -778 ) (0 0 -953 ) (487 0 -953 ) 
4 20 23 (0 156 -953 ) (0 584 -953 ) (487 584 -953 ) (487 156 -953 ) 
4 21 24 (827 1024 -992 ) (1024 1024 -992 ) (1024 156 -992 ) (827 156 -992 ) 
4 21 22 (827 1024 -992 ) (827 584 -992 ) (827 584 -953 ) (827 1024 -953 ) 
4 22 24 (487 1024 -992 ) (827 1024 -992 ) (827 584 -992 ) (487 584 -992 ) 
4 22 23 (487 1024 -992 ) (487 584 -992 ) (487 584 -953 ) (487 1024 -953 ) 
4 23 124 (0 156 -953 ) (0 1024 -953 ) (0 1024 -992 ) (0 156 -992 ) 
4 23 24 (0 156 -992 ) (0 1024 -992 ) (487 1024 -992 ) (487 156 -992 ) 
4 24 126 (0 0 -1024 ) (0 0 -992 ) (0 156 -992 ) (0 156 -1024 ) 
4 24 124 (0 156 -992 ) (0 1024 -992 ) (0 1024 -1024 ) (0 156 -1024 ) 
4 24 83 (1024 0 -1024 ) (1024 0 -992 ) (0 0 -992 ) (0 0 -1024 ) 
4 25 66 (1024 0 179 ) (1024 0 -448 ) (1024 -370 -448 ) (1024 -370 179 ) 
4 25 65 (1024 0 1024 ) (1024 0 179 ) (1024 -370 179 ) (1024 -370 1024 ) 
4 25 41 (1024 -370 179 ) (1024 -370 -448 ) (1762 -370 -448 ) (1762 -370 179 ) 
4 25 40 (1762 -370 -448 ) (1984 -370 -448 ) (1984 -370 179 ) (1762 -370 179 ) 
4 25 39 (1024 -370 1024 ) (1024 -370 179 ) (1984 -370 179 ) (1984 -370 1024 ) 
4 25 28 (1760 -256 -448 ) (1760 -370 -448 ) (1024 -370 -448 ) (1024 -256 -448 ) 
4 25 26 (1760 0 -448 ) (1984 0 -448 ) (1984 -370 -448 ) (1760 -370 -448 ) 
4 26 44 (1760 -370 -611.382996 ) (1984 -370 -611.382996 ) (1984 -370 -512 ) (1760 -370 -512 ) 
4 26 42 (1984 -370 -512 ) (1984 -370 -448 ) (1760 -370 -448 ) (1760 -370 -512 ) 
4 26 32 (1984 -97 -611.382996 ) (1984 -370 -611.382996 ) (1760 -370 -611.382996 ) (1760 -97 -611.382996 ) 
4 26 30 (1984 -59.877205 -611.382996 ) (1984 -97 -611.382996 ) (1760 -97 -611.382996 ) (1760 -59.877205 -611.382996 ) 
4 26 29 (1984 0 -611.382996 ) (1984 -59.877205 -611.382996 ) (1760 -59.877205 -611.382996 ) (1760 0 -611.382996 ) 
4 26 27 (1760 0 -611.382996 ) (1760 -256 -611.382996 ) (1760 -256 -512 ) (1760 0 -512 ) 
4 26 28 (1760 -256 -611.382996 ) (1760 -370 -611.382996 ) (1760 -370 -448 ) (1760 -256 -448 ) 
4 27 71 (1024 0 -512 ) (1024 0 -611.382996 ) (1024 -256 -611.382996 ) (1024 -256 -512 ) 
4 27 34 (1024 -229.500000 -611.382996 ) (1024 -195.021744 -611.382996 ) (1715 -195.019470 -611.382996 ) (1715 -229.500000 -611.382996 ) 
4 27 33 (1024 -195.021744 -611.382996 ) (1024 -97 -611.382996 ) (1715 -97 -611.382996 ) (1715 -195.019470 -611.382996 ) 
4 27 38 (1024 -256 -611.382996 ) (1024 -229.500000 -611.382996 ) (1715 -229.500000 -611.382996 ) (1715 -256 -611.382996 ) 
4 27 32 (1715 -97 -611.382996 ) (1760 -97 -611.382996 ) (1760 -256 -611.382996 ) (1715 -256 -611.382996 ) 
4 27 29 (1024 -59.877205 -611.382996 ) (1024 0 -611.382996 ) (1760 0 -611.382996 ) (1760 -59.877205 -611.382996 ) 
4 27 28 (1024 -256 -611.382996 ) (1760 -256 -611.382996 ) (1760 -256 -512 ) (1024 -256 -512 ) 
4 28 71 (1024 -256 -611.382996 ) (1024 -370 -611.382996 ) (1024 -370 -512 ) (1024 -256 -512 ) 
4 28 68 (1024 -370 -512 ) (1024 -370 -448 ) (1024 -256 -448 ) (1024 -256 -512 ) 
4 28 57 (1024 -370 -448 ) (1024 -370 -512 ) (1096 -370 -512 ) (1096 -370 -448 ) 
4 28 46 (1160 -370 -512 ) (1160 -370 -448 ) (1096 -370 -448 ) (1096 -370 -512 ) 
4 28 44 (1715 -370 -611.382996 ) (1760 -370 -611.382996 ) (1760 -370 -512 ) (1715 -370 -512 ) 
4 28 43 (1760 -370 -512 ) (1760 -370 -448 ) (1160 -370 -448 ) (1160 -370 -512 ) 
4 28 38 (1715 -370 -611.382996 ) (1024 -370 -611.382996 ) (1024 -256 -611.382996 ) (1715 -256 -611.382996 ) 
4 28 32 (1760 -370 -611.382996 ) (1715 -370 -611.382996 ) (1715 -256 -611.382996 ) (1760 -256 -611.382996 ) 
4 29 80 (1024 0 -778 ) (1024 0 -908 ) (1024 -59.877205 -908 ) (1024 -59.877205 -778 ) 
4 29 73 (1024 0 -611.382996 ) (1024 0 -778 ) (1024 -59.877205 -778 ) (1024 -59.877205 -611.382996 ) 
4 29 60 (1024 -59.877205 -908 ) (1024 0 -908 ) (1760 0 -908 ) (1760 -59.877205 -908 ) 
4 29 59 (1760 0 -908 ) (1984 0 -908 ) (1984 -59.877205 -908 ) (1760 -59.877205 -908 ) 
4 29 31 (1024 -59.877205 -908 ) (1760 -59.877205 -908 ) (1760 -59.877205 -778 ) (1024 -59.877205 -778 ) 
4 29 30 (1760 -59.877205 -908 ) (1984 -59.877205 -908 ) (1984 -59.877205 -611.382996 ) (1760 -59.877205 -611.382996 ) 
4 30 59 (1760 -59.877205 -908 ) (1984 -59.877205 -908 ) (1984 -97 -908 ) (1760 -97 -908 ) 
4 30 32 (1760 -97 -908 ) (1984 -97 -908 ) (1984 -97 -611.382996 ) (1760 -97 -611.382996 ) 
4 30 31 (1760 -59.877205 -778 ) (1760 -59.877205 -908 ) (1760 -97 -908 ) (1760 -97 -778 ) 
4 31 80 (1024 -59.877205 -908 ) (1024 -97 -908 ) (1024 -97 -778 ) (1024 -59.877205 -778 ) 
4 31 60 (1024 -97 -908 ) (1024 -59.877205 -908 ) (1760 -59.877205 -908 ) (1760 -97 -908 ) 
4 31 35 (1024 -97 -908 ) (1715 -97 -908 ) (1715 -97 -778 ) (1024 -97 -778 ) 
4 31 32 (1715 -97 -908 ) (1760 -97 -908 ) (1760 -97 -778 ) (1715 -97 -778 ) 
4 32 63 (1760 -256 -908 ) (1760 -370 -908 ) (1715 -370 -908 ) (1715 -256 -908 ) 
4 32 60 (1715 -97 -908 ) (1760 -97 -908 ) (1760 -224 -908 ) (1715 -224 -908 ) 
4 32 62 (1760 -224 -908 ) (1760 -256 -908 ) (1715 -256 -908 ) (1715 -224 -908 ) 
4 32 59 (1760 -97 -908 ) (1984 -97 -908 ) (1984 -370 -908 ) (1760 -370 -908 ) 
4 32 44 (1715 -370 -908 ) (1984 -370 -908 ) (1984 -370 -611.382996 ) (1715 -370 -611.382996 ) 
4 32 37 (1715 -97 -673.544495 ) (1715 -97 -702.185852 ) (1715 -127.809570 -682.394897 ) (1715 -109.806442 -665.422974 ) 
3 32 36 (1715 -229.500000 -779.374634 ) (1715 -229.500000 -642.518982 ) (1715 -174.412430 -652.500977 ) 
5 32 35 (1715 -97 -702.185852 ) (1715 -97 -908 ) (1715 -229.500000 -908 ) (1715 -229.500000 -779.374634 ) (1715 -174.398148 -652.468079 ) 
4 32 34 (1715 -229.500000 -618.564026 ) (1715 -229.500000 -611.382996 ) (1715 -195.019470 -611.382996 ) (1715 -164.781631 -630.559082 ) 
3 32 33 (1715 -97 -611.382996 ) (1715 -97 -673.544495 ) (1715 -195.019470 -611.382996 ) 
4 32 38 (1715 -229.500000 -908 ) (1715 -370 -908 ) (1715 -370 -611.382996 ) (1715 -229.500000 -611.382996 ) 
3 33 84 (1024 -195.021744 -611.382996 ) (1024 -97 -611.382996 ) (1024 -97 -673.545959 ) 
4 33 37 (1024 -97 -673.544434 ) (1715 -97 -673.542969 ) (1715 -109.805542 -665.422119 ) (1024 -109.799881 -665.427185 ) 
4 33 34 (1715 -164.779495 -630.559448 ) (1715 -195.018341 -611.382996 ) (1024 -195.020691 -611.382996 ) (1024 -164.782822 -630.558838 ) 
4 34 88 (1024 -229.500000 -618.564026 ) (1024 -229.500000 -611.382996 ) (1024 -195.021744 -611.382996 ) (1024 -164.784851 -630.558472 ) 
4 34 38 (1715 -229.500000 -618.564026 ) (1715 -229.500000 -611.382996 ) (1024 -229.500000 -611.382996 ) (1024 -229.500000 -618.564026 ) 
3 35 86 (1024 -228.689926 -777.507385 ) (1024 -174.398438 -652.467163 ) (1024 -127.802582 -682.398682 ) 
6 35 85 (1024 -97 -908 ) (1024 -229.500000 -908 ) (1024 -229.500000 -779.373108 ) (1024 -228.689926 -777.507385 ) (1024 -127.802582 -682.398682 ) (1024 -97 -702.185181 ) 
4 35 60 (1024 -224 -908 ) (1024 -97 -908 ) (1715 -97 -908 ) (1715 -224 -908 ) 
4 35 62 (1024 -229.500000 -908 ) (1024 -224 -908 ) (1715 -224 -908 ) (1715 -229.500000 -908 ) 
4 35 37 (1715 -127.809311 -682.394653 ) (1715 -97 -702.185486 ) (1024 -97 -702.184753 ) (1024 -127.802284 -682.398438 ) 
4 35 36 (1024 -229.500000 -779.370789 ) (1715 -229.500000 -779.372375 ) (1715 -174.398666 -652.467102 ) (1024 -174.398972 -652.466187 ) 
4 35 38 (1024 -229.500000 -908 ) (1715 -229.500000 -908 ) (1715 -229.500000 -779.374634 ) (1024 -229.500000 -779.373108 ) 
4 36 86 (1024 -229.500000 -778.271057 ) (1024 -229.500000 -642.518494 ) (1024 -174.412872 -652.500427 ) (1024 -228.689926 -777.507385 ) 
3 36 85 (1024 -229.500000 -779.373108 ) (1024 -229.500000 -778.271057 ) (1024 -228.689926 -777.507385 ) 
4 36 38 (1715 -229.500000 -779.374634 ) (1715 -229.500000 -642.518982 ) (1024 -229.500000 -642.518494 ) (1024 -229.500000 -779.373108 ) 
4 37 85 (1024 -109.800766 -665.428040 ) (1024 -97 -673.545959 ) (1024 -97 -702.185181 ) (1024 -127.802589 -682.398682 ) 
4 38 91 (1024 -229.500000 -908 ) (1024 -370 -908 ) (1024 -370 -611.382996 ) (1024 -229.500000 -611.382996 ) 
4 38 63 (1024 -370 -908 ) (1024 -256 -908 ) (1715 -256 -908 ) (1715 -370 -908 ) 
4 38 62 (1024 -256 -908 ) (1024 -229.500000 -908 ) (1715 -229.500000 -908 ) (1715 -256 -908 ) 
4 38 54 (1096 -370 -908 ) (1160 -370 -908 ) (1160 -370 -890 ) (1096 -370 -890 ) 
4 38 47 (1160 -370 -890 ) (1160 -370 -760 ) (1096 -370 -760 ) (1096 -370 -890 ) 
4 39 100 (1024 -1024 1024 ) (1024 -1024 179 ) (1762 -1024 179 ) (1762 -1024 1024 ) 
4 39 99 (1762 -1024 179 ) (1984 -1024 179 ) (1984 -1024 1024 ) (1762 -1024 1024 ) 
4 39 65 (1024 -1024 179 ) (1024 -1024 1024 ) (1024 -370 1024 ) (1024 -370 179 ) 
4 39 41 (1024 -370 179 ) (1762 -370 179 ) (1762 -866 179 ) (1024 -866 179 ) 
4 39 40 (1762 -370 179 ) (1984 -370 179 ) (1984 -1024 179 ) (1762 -1024 179 ) 
4 40 99 (1762 -1024 -448 ) (1984 -1024 -448 ) (1984 -1024 179 ) (1762 -1024 179 ) 
4 40 42 (1762 -370 -448 ) (1984 -370 -448 ) (1984 -1024 -448 ) (1762 -1024 -448 ) 
4 40 41 (1762 -370 -448 ) (1762 -866 -448 ) (1762 -866 179 ) (1762 -370 179 ) 
4 41 66 (1024 -866 179 ) (1024 -370 179 ) (1024 -370 -448 ) (1024 -866 -448 ) 
4 41 57 (1024 -640 -448 ) (1024 -370 -448 ) (1096 -370 -448 ) (1096 -640 -448 ) 
4 41 55 (1160 -480 -448 ) (1160 -640 -448 ) (1096 -640 -448 ) (1096 -480 -448 ) 
4 41 50 (1118 -479 -448 ) (1118 -468 -448 ) (1138 -468 -448 ) (1138 -479 -448 ) 
4 41 52 (1138 -480 -448 ) (1118 -480 -448 ) (1118 -479 -448 ) (1138 -479 -448 ) 
4 41 49 (1160 -468 -448 ) (1160 -480 -448 ) (1138 -480 -448 ) (1138 -468 -448 ) 
4 41 53 (1118 -480 -448 ) (1096 -480 -448 ) (1096 -468 -448 ) (1118 -468 -448 ) 
4 41 46 (1096 -370 -448 ) (1160 -370 -448 ) (1160 -416 -448 ) (1096 -416 -448 ) 
4 41 48 (1160 -416 -448 ) (1160 -468 -448 ) (1096 -468 -448 ) (1096 -416 -448 ) 
4 41 43 (1160 -370 -448 ) (1760 -370 -448 ) (1760 -640 -448 ) (1160 -640 -448 ) 
4 41 42 (1760 -370 -448 ) (1762 -370 -448 ) (1762 -866 -448 ) (1760 -866 -448 ) 
4 42 102 (1984 -1024 -512 ) (1984 -1024 -448 ) (1760 -1024 -448 ) (1760 -1024 -512 ) 
4 42 44 (1760 -370 -512 ) (1984 -370 -512 ) (1984 -1024 -512 ) (1760 -1024 -512 ) 
4 42 43 (1760 -370 -512 ) (1760 -640 -512 ) (1760 -640 -448 ) (1760 -370 -448 ) 
4 43 55 (1160 -640 -448 ) (1160 -480 -448 ) (1160 -480 -512 ) (1160 -640 -512 ) 
4 43 49 (1160 -480 -448 ) (1160 -468 -448 ) (1160 -468 -512 ) (1160 -480 -512 ) 
4 43 46 (1160 -416 -448 ) (1160 -370 -448 ) (1160 -370 -512 ) (1160 -416 -512 ) 
4 43 48 (1160 -468 -448 ) (1160 -416 -448 ) (1160 -416 -512 ) (1160 -468 -512 ) 
4 43 44 (1715 -370 -512 ) (1760 -370 -512 ) (1760 -640 -512 ) (1715 -640 -512 ) 
4 44 103 (1715 -1024 -908 ) (1760 -1024 -908 ) (1760 -1024 -512 ) (1715 -1024 -512 ) 
4 44 102 (1760 -1024 -908 ) (1984 -1024 -908 ) (1984 -1024 -512 ) (1760 -1024 -512 ) 
4 44 63 (1760 -1024 -908 ) (1715 -1024 -908 ) (1715 -370 -908 ) (1760 -370 -908 ) 
4 44 59 (1984 -1024 -908 ) (1760 -1024 -908 ) (1760 -370 -908 ) (1984 -370 -908 ) 
4 44 45 (1715 -1024 -512 ) (1715 -864 -512 ) (1715 -864 -908 ) (1715 -1024 -908 ) 
4 45 103 (1160 -1024 -908 ) (1715 -1024 -908 ) (1715 -1024 -512 ) (1160 -1024 -512 ) 
4 45 63 (1715 -1024 -908 ) (1160 -1024 -908 ) (1160 -864 -908 ) (1715 -864 -908 ) 
4 45 56 (1160 -864 -908 ) (1160 -1024 -908 ) (1160 -1024 -512 ) (1160 -864 -512 ) 
4 46 57 (1096 -416 -448 ) (1096 -370 -448 ) (1096 -370 -512 ) (1096 -416 -512 ) 
4 46 48 (1096 -416 -448 ) (1096 -416 -512 ) (1160 -416 -512 ) (1160 -416 -448 ) 
4 47 54 (1096 -416 -890 ) (1096 -370 -890 ) (1160 -370 -890 ) (1160 -416 -890 ) 
4 47 48 (1096 -416 -760 ) (1096 -416 -890 ) (1160 -416 -890 ) (1160 -416 -760 ) 
4 48 57 (1096 -468 -448 ) (1096 -416 -448 ) (1096 -416 -512 ) (1096 -468 -512 ) 
4 48 54 (1096 -429 -890 ) (1096 -416 -890 ) (1160 -416 -890 ) (1160 -429 -890 ) 
4 48 51 (1118 -468 -890 ) (1138 -468 -890 ) (1138 -468 -456 ) (1118 -468 -456 ) 
4 48 50 (1138 -468 -456 ) (1138 -468 -448 ) (1118 -468 -448 ) (1118 -468 -456 ) 
4 48 49 (1138 -468 -890 ) (1160 -468 -890 ) (1160 -468 -448 ) (1138 -468 -448 ) 
4 48 53 (1096 -468 -448 ) (1096 -468 -890 ) (1118 -468 -890 ) (1118 -468 -448 ) 
4 49 55 (1160 -480 -512 ) (1160 -480 -448 ) (1138 -480 -448 ) (1138 -480 -512 ) 
4 49 51 (1138 -468 -456 ) (1138 -468 -890 ) (1138 -479 -890 ) (1138 -479 -456 ) 
4 49 50 (1138 -468 -448 ) (1138 -468 -456 ) (1138 -479 -456 ) (1138 -479 -448 ) 
4 49 52 (1138 -479 -890 ) (1138 -480 -890 ) (1138 -480 -448 ) (1138 -479 -448 ) 
4 50 52 (1118 -479 -448 ) (1118 -479 -456 ) (1138 -479 -456 ) (1138 -479 -448 ) 
4 50 53 (1118 -468 -448 ) (1118 -468 -456 ) (1118 -479 -456 ) (1118 -479 -448 ) 
4 50 51 (1138 -479 -456 ) (1118 -479 -456 ) (1118 -468 -456 ) (1138 -468 -456 ) 
4 51 52 (1118 -479 -456 ) (1118 -479 -890 ) (1138 -479 -890 ) (1138 -479 -456 ) 
4 51 53 (1118 -468 -456 ) (1118 -468 -890 ) (1118 -479 -890 ) (1118 -479 -456 ) 
4 52 55 (1138 -480 -512 ) (1138 -480 -448 ) (1118 -480 -448 ) (1118 -480 -512 ) 
4 52 53 (1118 -479 -890 ) (1118 -480 -890 ) (1118 -480 -448 ) (1118 -479 -448 ) 
4 53 57 (1096 -480 -448 ) (1096 -468 -448 ) (1096 -468 -512 ) (1096 -480 -512 ) 
4 53 55 (1096 -480 -448 ) (1096 -480 -512 ) (1118 -480 -512 ) (1118 -480 -448 ) 
4 54 63 (1096 -429 -908 ) (1096 -370 -908 ) (1160 -370 -908 ) (1160 -429 -908 ) 
4 55 57 (1096 -640 -448 ) (1096 -480 -448 ) (1096 -480 -512 ) (1096 -640 -512 ) 
4 56 103 (1096 -1024 -908 ) (1160 -1024 -908 ) (1160 -1024 -512 ) (1096 -1024 -512 ) 
4 56 63 (1160 -1024 -908 ) (1096 -1024 -908 ) (1096 -864 -908 ) (1160 -864 -908 ) 
4 56 58 (1096 -864 -908 ) (1096 -1024 -908 ) (1096 -1024 -512 ) (1096 -864 -512 ) 
4 57 68 (1024 -640 -448 ) (1024 -370 -448 ) (1024 -370 -512 ) (1024 -640 -512 ) 
4 58 103 (1024 -1024 -512 ) (1024 -1024 -908 ) (1096 -1024 -908 ) (1096 -1024 -512 ) 
4 58 93 (1024 -1024 -908 ) (1024 -1024 -611.382996 ) (1024 -752 -611.382996 ) (1024 -752 -908 ) 
4 58 72 (1024 -1024 -611.382996 ) (1024 -1024 -512 ) (1024 -752 -512 ) (1024 -752 -611.382996 ) 
4 58 63 (1096 -1024 -908 ) (1024 -1024 -908 ) (1024 -752 -908 ) (1096 -752 -908 ) 
4 59 102 (1984 -1024 -908 ) (1760 -1024 -908 ) (1760 -1024 -1024 ) (1984 -1024 -1024 ) 
4 59 63 (1760 -1024 -911 ) (1760 -1024 -908 ) (1760 -256 -908 ) (1760 -256 -911 ) 
4 59 64 (1760 -256 -1024 ) (1760 -1024 -1024 ) (1760 -1024 -975 ) (1760 -256 -975 ) 
4 59 60 (1760 -224 -953 ) (1760 -224 -908 ) (1760 0 -908 ) (1760 0 -953 ) 
4 59 61 (1760 0 -1024 ) (1760 -224 -1024 ) (1760 -224 -992 ) (1760 0 -992 ) 
4 59 62 (1760 -224 -1024 ) (1760 -256 -1024 ) (1760 -256 -908 ) (1760 -224 -908 ) 
4 60 94 (1024 -224 -908 ) (1024 -97 -908 ) (1024 -97 -953 ) (1024 -224 -953 ) 
4 60 80 (1024 -97 -908 ) (1024 0 -908 ) (1024 0 -953 ) (1024 -97 -953 ) 
4 60 62 (1760 -224 -953 ) (1760 -224 -908 ) (1024 -224 -908 ) (1024 -224 -953 ) 
4 61 95 (1024 -97 -1024 ) (1024 -224 -1024 ) (1024 -224 -992 ) (1024 -97 -992 ) 
4 61 83 (1024 0 -992 ) (1024 0 -1024 ) (1024 -97 -1024 ) (1024 -97 -992 ) 
4 61 62 (1024 -224 -1024 ) (1760 -224 -1024 ) (1760 -224 -992 ) (1024 -224 -992 ) 
4 62 96 (1024 -256 -908 ) (1024 -224 -908 ) (1024 -224 -1024 ) (1024 -256 -1024 ) 
4 62 63 (1760 -256 -911 ) (1760 -256 -908 ) (1024 -256 -908 ) (1024 -256 -911 ) 
4 62 64 (1024 -256 -1024 ) (1760 -256 -1024 ) (1760 -256 -975 ) (1024 -256 -975 ) 
4 63 103 (1760 -1024 -908 ) (1024 -1024 -908 ) (1024 -1024 -911 ) (1760 -1024 -911 ) 
4 63 97 (1024 -1024 -911 ) (1024 -1024 -908 ) (1024 -256 -908 ) (1024 -256 -911 ) 
4 64 104 (1024 -1024 -975 ) (1024 -1024 -1024 ) (1760 -1024 -1024 ) (1760 -1024 -975 ) 
4 64 98 (1024 -1024 -1024 ) (1024 -1024 -975 ) (1024 -256 -975 ) (1024 -256 -1024 ) 
4 65 141 (0 -1024 179 ) (0 -1024 1024 ) (0 0 1024 ) (0 0 179 ) 
4 65 106 (777 -1024 179 ) (1024 -1024 179 ) (1024 -1024 1024 ) (777 -1024 1024 ) 
4 65 108 (0 -1024 1024 ) (0 -1024 179 ) (777 -1024 179 ) (777 -1024 1024 ) 
4 65 66 (777 0 179 ) (1024 0 179 ) (1024 -866 179 ) (777 -866 179 ) 
4 65 67 (0 0 179 ) (777 0 179 ) (777 -1024 179 ) (0 -1024 179 ) 
4 66 68 (777 -640 -448 ) (777 -256 -448 ) (1024 -256 -448 ) (1024 -640 -448 ) 
4 66 67 (777 0 -448 ) (777 -866 -448 ) (777 -866 179 ) (777 0 179 ) 
4 67 141 (0 -1024 -448 ) (0 -1024 179 ) (0 0 179 ) (0 0 -448 ) 
4 67 108 (0 -1024 179 ) (0 -1024 -448 ) (777 -1024 -448 ) (777 -1024 179 ) 
4 67 70 (0 -640 -448 ) (0 -256 -448 ) (280 -256 -448 ) (280 -640 -448 ) 
4 67 69 (664 -1024 -448 ) (280 -1024 -448 ) (280 0 -448 ) (664 0 -448 ) 
4 67 68 (664 -640 -448 ) (664 -256 -448 ) (777 -256 -448 ) (777 -640 -448 ) 
4 68 71 (1024 -256 -512 ) (1024 -370 -512 ) (664 -370 -512 ) (664 -256 -512 ) 
4 68 69 (664 -256 -512 ) (664 -640 -512 ) (664 -640 -448 ) (664 -256 -448 ) 
4 69 109 (280 -1024 -512 ) (664 -1024 -512 ) (664 -1024 -448 ) (280 -1024 -448 ) 
4 69 71 (280 0 -512 ) (664 0 -512 ) (664 -370 -512 ) (280 -370 -512 ) 
4 69 72 (664 -752 -512 ) (664 -1024 -512 ) (280 -1024 -512 ) (280 -752 -512 ) 
4 69 70 (280 -256 -512 ) (280 -640 -512 ) (280 -640 -448 ) (280 -256 -448 ) 
4 70 142 (0 -640 -448 ) (0 -256 -448 ) (0 -256 -512 ) (0 -640 -512 ) 
4 70 71 (280 -256 -512 ) (280 -370 -512 ) (0 -370 -512 ) (0 -256 -512 ) 
4 71 146 (0 -97 -512 ) (0 -59.877205 -512 ) (0 -59.877205 -611.382996 ) (0 -97 -611.382996 ) 
4 71 145 (0 -59.877205 -512 ) (0 0 -512 ) (0 0 -611.382996 ) (0 -59.877205 -611.382996 ) 
4 71 148 (0 -370 -512 ) (0 -97 -512 ) (0 -97 -611.382996 ) (0 -370 -611.382996 ) 
4 71 90 (774 -229.500000 -611.382996 ) (713 -229.500000 -611.382996 ) (713 -195.022766 -611.382996 ) (774 -195.022568 -611.382996 ) 
4 71 88 (1024 -195.021759 -611.382996 ) (1024 -229.500000 -611.382996 ) (774 -229.500000 -611.382996 ) (774 -195.022568 -611.382996 ) 
4 71 84 (1024 -97 -611.382996 ) (1024 -195.021759 -611.382996 ) (713 -195.022766 -611.382996 ) (713 -97 -611.382996 ) 
4 71 91 (1024 -229.500000 -611.382996 ) (1024 -370 -611.382996 ) (713 -370 -611.382996 ) (713 -229.500000 -611.382996 ) 
4 71 92 (713 -370 -611.382996 ) (0 -370 -611.382996 ) (0 -97 -611.382996 ) (713 -97 -611.382996 ) 
4 71 75 (584.174683 -97 -611.382996 ) (480.162811 -97 -611.382996 ) (480.162720 -59.877205 -611.382996 ) (584.174683 -59.877205 -611.382996 ) 
4 71 73 (0 0 -611.382996 ) (1024 0 -611.382996 ) (1024 -59.877205 -611.382996 ) (0 -59.877205 -611.382996 ) 
4 72 149 (0 -1024 -611.382996 ) (0 -1024 -512 ) (0 -752 -512 ) (0 -752 -611.382996 ) 
4 72 111 (0 -1024 -512 ) (0 -1024 -611.382996 ) (1024 -1024 -611.382996 ) (1024 -1024 -512 ) 
4 72 93 (1024 -752 -611.382996 ) (1024 -1024 -611.382996 ) (0 -1024 -611.382996 ) (0 -752 -611.382996 ) 
4 73 145 (0 -59.877205 -611.382996 ) (0 0 -611.382996 ) (0 0 -778 ) (0 -59.877205 -778 ) 
4 73 82 (0 -59.877205 -778 ) (0 0 -778 ) (487 0 -778 ) (487 -59.877205 -778 ) 
4 73 80 (827 0 -778 ) (1024 0 -778 ) (1024 -59.877205 -778 ) (827 -59.877205 -778 ) 
4 73 81 (513 0 -778 ) (801 0 -778 ) (801 -59.877205 -778 ) (513 -59.877205 -778 ) 
4 73 79 (487.499512 -59.877205 -778 ) (657.001282 -59.877205 -778 ) (656.182068 -59.877205 -777.228149 ) (500.212646 -59.877205 -717.111816 ) 
4 73 78 (611.727356 -59.877205 -735.343018 ) (537.289673 -59.877205 -665.207947 ) (500.211365 -59.877205 -717.111389 ) (547.512634 -59.877205 -735.343018 ) 
3 73 77 (656.182068 -59.877205 -777.228149 ) (611.727356 -59.877205 -735.343018 ) (547.512634 -59.877205 -735.343018 ) 
8 73 76 (657.001282 -59.877205 -778 ) (797.500000 -59.877205 -778 ) (797.500000 -59.877205 -694.309143 ) (776.714905 -59.877205 -665.213562 ) (721.619934 -59.877205 -630.273804 ) (656.996948 -59.877205 -618.297363 ) (592.376709 -59.877205 -630.274048 ) (656.178894 -59.877205 -777.225159 ) 
3 73 75 (584.174744 -59.877205 -611.382996 ) (480.162720 -59.877205 -611.382996 ) (656.178894 -59.877205 -777.225159 ) 
4 73 74 (797.500000 -59.877205 -778 ) (826.500488 -59.877205 -778 ) (813.786865 -59.877205 -717.111023 ) (797.500000 -59.877205 -723.389099 ) 
4 74 85 (797.500000 -97 -778 ) (826.500488 -97 -778 ) (813.786865 -97 -717.111023 ) (797.500000 -97 -723.389099 ) 
4 74 81 (801 -97 -778 ) (797.500000 -97 -778 ) (797.500000 -59.877205 -778 ) (801 -59.877205 -778 ) 
4 74 76 (797.500000 -59.877205 -723.389160 ) (797.500000 -59.877205 -778 ) (797.500000 -97 -778 ) (797.500000 -97 -723.389099 ) 
3 75 92 (584.174683 -97 -611.382996 ) (480.162811 -97 -611.382996 ) (656.178711 -97 -777.224915 ) 
4 75 78 (537.290405 -59.877205 -665.206909 ) (611.729675 -59.877205 -735.343018 ) (556.577148 -97 -683.378052 ) (537.290771 -97 -665.206421 ) 
4 75 77 (611.729675 -59.877205 -735.343018 ) (656.177124 -59.877205 -777.221008 ) (656.176880 -97 -777.220703 ) (556.577148 -97 -683.378052 ) 
4 75 76 (656.180237 -97 -777.228394 ) (656.180359 -59.877205 -777.228577 ) (592.376648 -59.877205 -630.274048 ) (592.376709 -97 -630.274109 ) 
5 76 85 (713 -97 -778 ) (797.500000 -97 -778 ) (797.500000 -97 -694.309143 ) (782.667664 -97 -673.546387 ) (713 -97 -673.546509 ) 
5 76 84 (782.667664 -97 -673.546387 ) (776.714844 -97 -665.213501 ) (721.619934 -97 -630.273743 ) (713 -97 -628.676208 ) (713 -97 -673.546509 ) 
6 76 92 (592.376709 -97 -630.274109 ) (656.178711 -97 -777.224915 ) (657.001343 -97 -778 ) (713 -97 -778 ) (713 -97 -628.676208 ) (656.997009 -97 -618.297363 ) 
4 76 81 (797.500000 -97 -778 ) (657.001465 -97 -778 ) (657.001282 -59.877205 -778 ) (797.500000 -59.877205 -778 ) 
4 76 79 (656.177124 -59.877205 -777.221008 ) (657.003906 -59.877205 -778 ) (657.004028 -97 -778 ) (656.176880 -97 -777.220703 ) 
3 77 92 (412.691650 -97 -683.378052 ) (656.182190 -97 -777.228149 ) (556.574585 -97 -683.378052 ) 
5 77 79 (547.513611 -59.877205 -735.342957 ) (656.176086 -59.877205 -777.225708 ) (656.176270 -97 -777.225769 ) (500.212646 -97 -717.111694 ) (500.212708 -72.901382 -717.111572 ) 
5 77 78 (556.574219 -97 -683.382813 ) (611.726563 -59.877205 -735.347656 ) (547.530273 -59.877205 -735.346252 ) (500.213379 -72.905838 -717.108582 ) (524.306335 -97 -683.382446 ) 
3 78 92 (524.309448 -97 -683.378052 ) (556.574585 -97 -683.378052 ) (537.289734 -97 -665.207886 ) 
3 78 79 (500.211670 -59.877205 -717.110962 ) (547.513611 -59.877205 -735.342957 ) (500.211548 -72.901703 -717.111145 ) 
4 79 92 (487.499573 -97 -778 ) (657.001343 -97 -778 ) (656.182190 -97 -777.228149 ) (500.212646 -97 -717.111816 ) 
4 79 81 (657.001465 -97 -778 ) (513 -97 -778 ) (513 -59.877205 -778 ) (657.001282 -59.877205 -778 ) 
4 80 94 (1024 -97 -953 ) (1024 -97 -908 ) (827 -97 -908 ) (827 -97 -953 ) 
4 80 85 (1024 -97 -908 ) (1024 -97 -778 ) (827 -97 -778 ) (827 -97 -908 ) 
4 81 94 (513 -97 -908 ) (513 -97 -953 ) (801 -97 -953 ) (801 -97 -908 ) 
4 81 85 (801 -97 -778 ) (713 -97 -778 ) (713 -97 -908 ) (801 -97 -908 ) 
4 81 92 (713 -97 -778 ) (513 -97 -778 ) (513 -97 -908 ) (713 -97 -908 ) 
4 82 155 (0 -97 -953 ) (0 -97 -908 ) (0 0 -908 ) (0 0 -953 ) 
4 82 147 (0 -97 -908 ) (0 -97 -778 ) (0 -59.877205 -778 ) (0 -59.877205 -908 ) 
4 82 145 (0 -59.877205 -778 ) (0 0 -778 ) (0 0 -908 ) (0 -59.877205 -908 ) 
4 82 94 (0 -97 -908 ) (0 -97 -953 ) (487 -97 -953 ) (487 -97 -908 ) 
4 82 92 (487 -97 -778 ) (0 -97 -778 ) (0 -97 -908 ) (487 -97 -908 ) 
4 83 159 (0 -97 -1024 ) (0 -97 -992 ) (0 0 -992 ) (0 0 -1024 ) 
4 83 95 (1024 -97 -1024 ) (1024 -97 -992 ) (0 -97 -992 ) (0 -97 -1024 ) 
4 84 90 (774 -195.021942 -611.382996 ) (713 -195.022156 -611.382996 ) (713 -164.864380 -630.508301 ) (774 -164.864288 -630.508240 ) 
4 84 89 (713 -164.864380 -630.508301 ) (713 -112.494560 -663.719971 ) (774 -112.494194 -663.720093 ) (774 -164.864288 -630.508240 ) 
4 84 88 (1024 -195.021103 -611.382996 ) (774 -195.021942 -611.382996 ) (774 -164.785095 -630.558472 ) (1024 -164.783936 -630.558655 ) 
4 84 87 (713 -112.494560 -663.719971 ) (713 -109.797981 -665.430054 ) (774 -109.798477 -665.429626 ) (774 -112.494194 -663.720093 ) 
4 84 85 (713 -109.797981 -665.430054 ) (713 -97 -673.546204 ) (1024 -97 -673.545532 ) (1024 -109.800507 -665.427795 ) 
3 84 92 (713 -97 -611.382996 ) (713 -97 -673.546570 ) (713 -195.022766 -611.382996 ) 
4 85 94 (713 -97 -908 ) (1024 -97 -908 ) (1024 -224 -908 ) (713 -224 -908 ) 
4 85 96 (1024 -224 -908 ) (1024 -229.500000 -908 ) (713 -229.500000 -908 ) (713 -224 -908 ) 
4 85 86 (774 -127.799164 -682.400635 ) (774 -229.500000 -778.277100 ) (1024 -229.500000 -778.273315 ) (1024 -127.801666 -682.399231 ) 
4 85 87 (774 -109.795380 -665.427917 ) (713 -109.794884 -665.428345 ) (713 -229.500000 -778.278015 ) (774 -229.500000 -778.277100 ) 
5 85 92 (713 -97 -673.546570 ) (713 -97 -908 ) (713 -229.500000 -908 ) (713 -229.500000 -778.275757 ) (713 -109.798218 -665.430237 ) 
4 85 91 (713 -229.500000 -778.275757 ) (713 -229.500000 -908 ) (1024 -229.500000 -908 ) (1024 -229.500000 -778.271118 ) 
4 86 87 (774 -229.500000 -642.514648 ) (774 -174.327805 -652.512207 ) (774 -127.798347 -682.401123 ) (774 -229.500000 -778.277527 ) 
4 86 91 (774 -229.500000 -778.274841 ) (1024 -229.500000 -778.271118 ) (1024 -229.500000 -642.518494 ) (774 -229.500000 -642.518311 ) 
4 87 89 (774 -112.497162 -663.718872 ) (713 -112.497543 -663.718750 ) (713 -174.412766 -652.499451 ) (774 -174.412720 -652.499512 ) 
4 87 92 (713 -229.500000 -778.275757 ) (713 -229.500000 -642.518250 ) (713 -112.495216 -663.719849 ) (713 -109.798218 -665.430237 ) 
4 87 91 (713 -229.500000 -642.518250 ) (713 -229.500000 -778.275757 ) (774 -229.500000 -778.274841 ) (774 -229.500000 -642.518311 ) 
4 88 90 (774 -229.500000 -618.564026 ) (774 -229.500000 -611.382996 ) (774 -195.023987 -611.382996 ) (774 -164.787247 -630.558044 ) 
4 88 91 (1024 -229.500000 -618.564026 ) (1024 -229.500000 -611.382996 ) (774 -229.500000 -611.382996 ) (774 -229.500000 -618.564026 ) 
3 89 92 (713 -164.864502 -630.508606 ) (713 -112.495216 -663.719849 ) (713 -174.413071 -652.500183 ) 
5 90 92 (713 -229.500000 -618.564026 ) (713 -229.500000 -611.382996 ) (713 -195.022766 -611.382996 ) (713 -164.864502 -630.508606 ) (713 -164.878616 -630.541138 ) 
4 90 91 (713 -229.500000 -611.382996 ) (713 -229.500000 -618.564026 ) (774 -229.500000 -618.564026 ) (774 -229.500000 -611.382996 ) 
4 91 97 (1024 -256 -908 ) (1024 -370 -908 ) (713 -370 -908 ) (713 -256 -908 ) 
4 91 96 (1024 -229.500000 -908 ) (1024 -256 -908 ) (713 -256 -908 ) (713 -229.500000 -908 ) 
4 91 92 (713 -229.500000 -908 ) (713 -370 -908 ) (713 -370 -611.382996 ) (713 -229.500000 -611.382996 ) 
4 92 148 (0 -370 -611.382996 ) (0 -97 -611.382996 ) (0 -97 -908 ) (0 -370 -908 ) 
4 92 97 (713 -256 -908 ) (713 -370 -908 ) (0 -370 -908 ) (0 -256 -908 ) 
4 92 94 (0 -97 -908 ) (713 -97 -908 ) (713 -224 -908 ) (0 -224 -908 ) 
4 92 96 (713 -224 -908 ) (713 -256 -908 ) (0 -256 -908 ) (0 -224 -908 ) 
4 93 149 (0 -1024 -908 ) (0 -1024 -611.382996 ) (0 -752 -611.382996 ) (0 -752 -908 ) 
4 93 111 (0 -1024 -611.382996 ) (0 -1024 -908 ) (1024 -1024 -908 ) (1024 -1024 -611.382996 ) 
4 93 97 (1024 -752 -908 ) (1024 -1024 -908 ) (0 -1024 -908 ) (0 -752 -908 ) 
4 94 155 (0 -224 -908 ) (0 -97 -908 ) (0 -97 -953 ) (0 -224 -953 ) 
4 94 96 (1024 -224 -953 ) (1024 -224 -908 ) (0 -224 -908 ) (0 -224 -953 ) 
4 95 159 (0 -97 -992 ) (0 -97 -1024 ) (0 -224 -1024 ) (0 -224 -992 ) 
4 95 96 (0 -224 -1024 ) (1024 -224 -1024 ) (1024 -224 -992 ) (0 -224 -992 ) 
4 96 159 (0 -224 -992 ) (0 -224 -1024 ) (0 -256 -1024 ) (0 -256 -992 ) 
4 96 156 (0 -256 -908 ) (0 -224 -908 ) (0 -224 -992 ) (0 -256 -992 ) 
4 96 97 (1024 -256 -911 ) (1024 -256 -908 ) (0 -256 -908 ) (0 -256 -911 ) 
4 96 98 (0 -256 -1024 ) (1024 -256 -1024 ) (1024 -256 -975 ) (0 -256 -975 ) 
4 97 157 (0 -1024 -911 ) (0 -1024 -908 ) (0 -256 -908 ) (0 -256 -911 ) 
4 97 111 (0 -1024 -908 ) (0 -1024 -911 ) (1024 -1024 -911 ) (1024 -1024 -908 ) 
4 98 159 (0 -1024 -1024 ) (0 -1024 -992 ) (0 -256 -992 ) (0 -256 -1024 ) 
4 98 158 (0 -1024 -992 ) (0 -1024 -975 ) (0 -256 -975 ) (0 -256 -992 ) 
4 98 113 (0 -1024 -975 ) (0 -1024 -1024 ) (1024 -1024 -1024 ) (1024 -1024 -975 ) 
4 99 114 (1762 -2048 -448 ) (1984 -2048 -448 ) (1984 -2048 1024 ) (1762 -2048 1024 ) 
4 99 102 (1762 -1024 -448 ) (1984 -1024 -448 ) (1984 -2048 -448 ) (1762 -2048 -448 ) 
4 99 100 (1762 -1688 179 ) (1762 -1688 1024 ) (1762 -1024 1024 ) (1762 -1024 179 ) 
4 99 101 (1762 -1688 -448 ) (1762 -2048 -448 ) (1762 -2048 1024 ) (1762 -1688 1024 ) 
4 100 106 (1024 -1024 1024 ) (1024 -1024 179 ) (1024 -1688 179 ) (1024 -1688 1024 ) 
4 100 101 (1762 -1688 179 ) (1762 -1688 1024 ) (1024 -1688 1024 ) (1024 -1688 179 ) 
4 101 114 (1024 -2048 1024 ) (1024 -2048 -448 ) (1762 -2048 -448 ) (1762 -2048 1024 ) 
4 101 107 (1024 -1688 -448 ) (1024 -2048 -448 ) (1024 -2048 1024 ) (1024 -1688 1024 ) 
4 101 105 (1760 -2048 -448 ) (1024 -2048 -448 ) (1024 -1688 -448 ) (1760 -1688 -448 ) 
4 101 102 (1762 -1688 -448 ) (1762 -2048 -448 ) (1760 -2048 -448 ) (1760 -1688 -448 ) 
4 102 114 (1760 -2048 -1024 ) (1984 -2048 -1024 ) (1984 -2048 -448 ) (1760 -2048 -448 ) 
4 102 104 (1760 -1024 -1024 ) (1760 -1688 -1024 ) (1760 -1688 -975 ) (1760 -1024 -975 ) 
4 102 103 (1760 -1688 -911 ) (1760 -1688 -512 ) (1760 -1024 -512 ) (1760 -1024 -911 ) 
4 102 105 (1760 -1688 -1024 ) (1760 -2048 -1024 ) (1760 -2048 -448 ) (1760 -1688 -448 ) 
4 103 111 (1024 -1024 -512 ) (1024 -1024 -911 ) (1024 -1688 -911 ) (1024 -1688 -512 ) 
4 103 105 (1760 -1688 -911 ) (1760 -1688 -512 ) (1024 -1688 -512 ) (1024 -1688 -911 ) 
4 104 113 (1024 -1024 -975 ) (1024 -1024 -1024 ) (1024 -1688 -1024 ) (1024 -1688 -975 ) 
4 104 105 (1024 -1688 -1024 ) (1760 -1688 -1024 ) (1760 -1688 -975 ) (1024 -1688 -975 ) 
4 105 114 (1024 -2048 -448 ) (1024 -2048 -1024 ) (1760 -2048 -1024 ) (1760 -2048 -448 ) 
4 105 113 (1024 -1688 -1024 ) (1024 -2048 -1024 ) (1024 -2048 -975 ) (1024 -1688 -975 ) 
4 105 112 (1024 -2048 -975 ) (1024 -2048 -512 ) (1024 -1688 -512 ) (1024 -1688 -975 ) 
4 105 110 (1024 -2048 -512 ) (1024 -2048 -448 ) (1024 -1688 -448 ) (1024 -1688 -512 ) 
4 106 107 (777 -1688 1024 ) (777 -1688 179 ) (1024 -1688 179 ) (1024 -1688 1024 ) 
4 106 108 (777 -1688 179 ) (777 -1688 1024 ) (777 -1024 1024 ) (777 -1024 179 ) 
4 107 115 (777 -2048 -448 ) (1024 -2048 -448 ) (1024 -2048 1024 ) (777 -2048 1024 ) 
4 107 110 (1024 -1688 -448 ) (1024 -2048 -448 ) (777 -2048 -448 ) (777 -1688 -448 ) 
4 107 108 (777 -1688 -448 ) (777 -2048 -448 ) (777 -2048 1024 ) (777 -1688 1024 ) 
4 108 175 (0 -2048 -448 ) (0 -2048 1024 ) (0 -1024 1024 ) (0 -1024 -448 ) 
4 108 115 (0 -2048 1024 ) (0 -2048 -448 ) (777 -2048 -448 ) (777 -2048 1024 ) 
4 108 109 (280 -1024 -448 ) (664 -1024 -448 ) (664 -1688 -448 ) (280 -1688 -448 ) 
4 108 110 (777 -2048 -448 ) (0 -2048 -448 ) (0 -1688 -448 ) (777 -1688 -448 ) 
4 109 111 (280 -1024 -512 ) (664 -1024 -512 ) (664 -1688 -512 ) (280 -1688 -512 ) 
4 109 110 (280 -1688 -512 ) (664 -1688 -512 ) (664 -1688 -448 ) (280 -1688 -448 ) 
4 110 176 (0 -2048 -512 ) (0 -2048 -448 ) (0 -1688 -448 ) (0 -1688 -512 ) 
4 110 115 (0 -2048 -448 ) (0 -2048 -512 ) (1024 -2048 -512 ) (1024 -2048 -448 ) 
4 110 112 (1024 -2048 -512 ) (0 -2048 -512 ) (0 -1688 -512 ) (1024 -1688 -512 ) 
4 111 184 (0 -1024 -908 ) (0 -1024 -911 ) (0 -1688 -911 ) (0 -1688 -908 ) 
4 111 179 (0 -1688 -512 ) (0 -1216 -512 ) (0 -1216 -908 ) (0 -1688 -908 ) 
4 111 178 (0 -1216 -512 ) (0 -1024 -512 ) (0 -1024 -908 ) (0 -1216 -908 ) 
4 111 112 (1024 -1688 -911 ) (1024 -1688 -512 ) (0 -1688 -512 ) (0 -1688 -911 ) 
4 112 185 (0 -2048 -975 ) (0 -2048 -908 ) (0 -1688 -908 ) (0 -1688 -975 ) 
4 112 179 (0 -2048 -908 ) (0 -2048 -512 ) (0 -1688 -512 ) (0 -1688 -908 ) 
4 112 115 (0 -2048 -512 ) (0 -2048 -975 ) (1024 -2048 -975 ) (1024 -2048 -512 ) 
4 112 113 (1024 -1688 -975 ) (1024 -2048 -975 ) (0 -2048 -975 ) (0 -1688 -975 ) 
4 113 186 (0 -2048 -1024 ) (0 -2048 -975 ) (0 -1024 -975 ) (0 -1024 -1024 ) 
4 113 115 (0 -2048 -975 ) (0 -2048 -1024 ) (1024 -2048 -1024 ) (1024 -2048 -975 ) 
4 114 115 (1024 -2048 1024 ) (1024 -2048 -1024 ) (1024 -2336 -1024 ) (1024 -2336 1024 ) 
4 115 197 (0 -2336 -1024 ) (0 -2336 1024 ) (0 -2048 1024 ) (0 -2048 -1024 ) 
4 116 123 (0 1024 -448 ) (0 1024 1024 ) (-1024 1024 1024 ) (-1024 1024 -448 ) 
4 116 119 (-1024 1024 -448 ) (-1024 1024 1024 ) (-1024 1984 1024 ) (-1024 1984 -448 ) 
4 116 117 (-1024 1216 -448 ) (-1024 1984 -448 ) (0 1984 -448 ) (0 1216 -448 ) 
4 117 120 (-1024 1984 -1024 ) (-1024 1216 -1024 ) (-1024 1216 -448 ) (-1024 1984 -448 ) 
4 117 118 (-1024 1216 -1024 ) (0 1216 -1024 ) (0 1216 -512 ) (-1024 1216 -512 ) 
4 118 124 (0 1024 -1024 ) (0 1024 -512 ) (-1024 1024 -512 ) (-1024 1024 -1024 ) 
4 118 121 (-1024 1216 -1024 ) (-1024 1024 -1024 ) (-1024 1024 -512 ) (-1024 1216 -512 ) 
4 119 132 (-2048 1024 -448 ) (-2048 1024 1024 ) (-2048 1984 1024 ) (-2048 1984 -448 ) 
4 119 127 (-1732 1024 -448 ) (-1024 1024 -448 ) (-1024 1024 1024 ) (-1732 1024 1024 ) 
4 119 128 (-2048 1024 1024 ) (-2048 1024 -448 ) (-1732 1024 -448 ) (-1732 1024 1024 ) 
4 119 120 (-1732 1984 -448 ) (-1024 1984 -448 ) (-1024 1216 -448 ) (-1732 1216 -448 ) 
4 119 122 (-2048 1984 -448 ) (-1732 1984 -448 ) (-1732 1024 -448 ) (-2048 1024 -448 ) 
4 120 121 (-1732 1216 -512 ) (-1732 1216 -1024 ) (-1024 1216 -1024 ) (-1024 1216 -512 ) 
4 120 122 (-1732 1216 -448 ) (-1732 1984 -448 ) (-1732 1984 -1024 ) (-1732 1216 -1024 ) 
4 121 129 (-1732 1024 -1024 ) (-1024 1024 -1024 ) (-1024 1024 -512 ) (-1732 1024 -512 ) 
4 121 122 (-1732 1216 -512 ) (-1732 1216 -1024 ) (-1732 1024 -1024 ) (-1732 1024 -512 ) 
4 122 132 (-2048 1024 -1024 ) (-2048 1024 -448 ) (-2048 1984 -448 ) (-2048 1984 -1024 ) 
4 122 129 (-2048 1024 -512 ) (-2048 1024 -1024 ) (-1732 1024 -1024 ) (-1732 1024 -512 ) 
4 122 128 (-2048 1024 -448 ) (-2048 1024 -512 ) (-1732 1024 -512 ) (-1732 1024 -448 ) 
4 123 141 (0 0 -448 ) (0 0 1024 ) (-1024 0 1024 ) (-1024 0 -448 ) 
4 123 127 (-1024 1024 1024 ) (-1024 1024 -448 ) (-1024 0 -448 ) (-1024 0 1024 ) 
4 124 129 (-1024 1024 -512 ) (-1024 1024 -1024 ) (-1024 156 -1024 ) (-1024 156 -512 ) 
4 124 125 (0 156 -953 ) (0 156 -512 ) (-1024 156 -512 ) (-1024 156 -953 ) 
4 124 126 (-1024 156 -1024 ) (0 156 -1024 ) (0 156 -992 ) (-1024 156 -992 ) 
4 125 155 (0 0 -953 ) (0 0 -908 ) (-1024 0 -908 ) (-1024 0 -953 ) 
4 125 145 (0 0 -908 ) (0 0 -512 ) (-1024 0 -512 ) (-1024 0 -908 ) 
4 125 130 (-1024 0 -953 ) (-1024 0 -512 ) (-1024 156 -512 ) (-1024 156 -953 ) 
4 126 159 (0 0 -1024 ) (0 0 -992 ) (-1024 0 -992 ) (-1024 0 -1024 ) 
4 126 131 (-1024 156 -1024 ) (-1024 0 -1024 ) (-1024 0 -992 ) (-1024 156 -992 ) 
4 127 160 (-1024 0 -448 ) (-1024 0 1024 ) (-1732 0 1024 ) (-1732 0 -448 ) 
4 127 128 (-1732 0 -448 ) (-1732 0 1024 ) (-1732 1024 1024 ) (-1732 1024 -448 ) 
4 128 162 (-2048 0 -448 ) (-2048 0 -512 ) (-1732 0 -512 ) (-1732 0 -448 ) 
4 128 160 (-1732 0 1024 ) (-2048 0 1024 ) (-2048 0 -448 ) (-1732 0 -448 ) 
4 128 134 (-2048 0 -512 ) (-2048 0 1024 ) (-2048 156 1024 ) (-2048 156 -512 ) 
4 128 133 (-2048 156 1024 ) (-2048 1024 1024 ) (-2048 1024 -512 ) (-2048 156 -512 ) 
4 128 130 (-2048 0 -512 ) (-2048 156 -512 ) (-1732 156 -512 ) (-1732 0 -512 ) 
4 128 129 (-2048 156 -512 ) (-2048 1024 -512 ) (-1732 1024 -512 ) (-1732 156 -512 ) 
4 129 135 (-2048 1024 -992 ) (-2048 1024 -1024 ) (-2048 156 -1024 ) (-2048 156 -992 ) 
4 129 133 (-2048 156 -512 ) (-2048 1024 -512 ) (-2048 1024 -992 ) (-2048 156 -992 ) 
4 129 130 (-1024 156 -953 ) (-1024 156 -512 ) (-2048 156 -512 ) (-2048 156 -953 ) 
4 129 131 (-2048 156 -1024 ) (-1024 156 -1024 ) (-1024 156 -992 ) (-2048 156 -992 ) 
4 130 170 (-1024 0 -953 ) (-1024 0 -908 ) (-2048 0 -908 ) (-2048 0 -953 ) 
4 130 163 (-1024 0 -908 ) (-1024 0 -512 ) (-2048 0 -512 ) (-2048 0 -908 ) 
4 130 134 (-2048 0 -953 ) (-2048 0 -512 ) (-2048 156 -512 ) (-2048 156 -953 ) 
4 131 174 (-1024 0 -1024 ) (-1024 0 -992 ) (-2048 0 -992 ) (-2048 0 -1024 ) 
4 131 135 (-2048 0 -1024 ) (-2048 0 -992 ) (-2048 156 -992 ) (-2048 156 -1024 ) 
4 132 136 (-3072 1024 -1024 ) (-3072 1024 1024 ) (-3072 1984 1024 ) (-3072 1984 -1024 ) 
4 132 135 (-2048 1024 -1024 ) (-2048 1024 -992 ) (-3072 1024 -992 ) (-3072 1024 -1024 ) 
4 132 133 (-2048 1024 -992 ) (-2048 1024 1024 ) (-3072 1024 1024 ) (-3072 1024 -992 ) 
4 133 137 (-3072 156 1024 ) (-3072 1024 1024 ) (-3072 1024 -992 ) (-3072 156 -992 ) 
4 133 135 (-3072 156 -992 ) (-3072 1024 -992 ) (-2048 1024 -992 ) (-2048 156 -992 ) 
4 133 134 (-2048 156 -953 ) (-2048 156 1024 ) (-3072 156 1024 ) (-3072 156 -953 ) 
4 134 203 (-2048 0 -953 ) (-2048 0 -778 ) (-3072 0 -778 ) (-3072 0 -953 ) 
4 134 199 (-2048 0 -778 ) (-2048 0 1024 ) (-2595 0 1024 ) (-2595 0 -778 ) 
4 134 202 (-2595 0 1024 ) (-3072 0 1024 ) (-3072 0 -778 ) (-2595 0 -778 ) 
4 134 138 (-3072 0 -953 ) (-3072 0 1024 ) (-3072 156 1024 ) (-3072 156 -953 ) 
4 135 208 (-2048 0 -1024 ) (-2048 0 -992 ) (-3072 0 -992 ) (-3072 0 -1024 ) 
4 135 140 (-3072 0 -1024 ) (-3072 0 -992 ) (-3072 1024 -992 ) (-3072 1024 -1024 ) 
4 136 140 (-3072 1024 -1024 ) (-3072 1024 -992 ) (-3652 1024 -992 ) (-3652 1024 -1024 ) 
4 136 137 (-3072 1024 -992 ) (-3072 1024 1024 ) (-3650 1024 1024 ) (-3650 1024 -992 ) 
4 136 139 (-3650 1024 1024 ) (-3652 1024 1024 ) (-3652 1024 -992 ) (-3650 1024 -992 ) 
4 137 140 (-3650 1024 -992 ) (-3072 1024 -992 ) (-3072 156 -992 ) (-3650 156 -992 ) 
4 137 138 (-3650 156 1024 ) (-3650 156 -953 ) (-3072 156 -953 ) (-3072 156 1024 ) 
4 137 139 (-3650 1024 -992 ) (-3650 156 -992 ) (-3650 156 1024 ) (-3650 1024 1024 ) 
4 138 213 (-3072 0 -953 ) (-3072 0 1024 ) (-3650 0 1024 ) (-3650 0 -953 ) 
4 138 139 (-3650 0 -953 ) (-3650 0 1024 ) (-3650 156 1024 ) (-3650 156 -953 ) 
4 139 214 (-3650 0 1024 ) (-3652 0 1024 ) (-3652 0 -992 ) (-3650 0 -992 ) 
4 139 140 (-3652 0 -992 ) (-3652 1024 -992 ) (-3650 1024 -992 ) (-3650 0 -992 ) 
4 140 218 (-3072 0 -1024 ) (-3072 0 -992 ) (-3652 0 -992 ) (-3652 0 -1024 ) 
4 141 175 (0 -1024 -448 ) (0 -1024 1024 ) (-1024 -1024 1024 ) (-1024 -1024 -448 ) 
4 141 160 (-1024 -1024 -448 ) (-1024 -1024 1024 ) (-1024 0 1024 ) (-1024 0 -448 ) 
4 141 144 (-572 -752 -448 ) (-60 -752 -448 ) (-60 -838 -448 ) (-572 -838 -448 ) 
4 141 143 (-1024 -640 -448 ) (-1024 -256 -448 ) (-60 -256 -448 ) (-60 -640 -448 ) 
4 141 142 (0 -256 -448 ) (0 -640 -448 ) (-60 -640 -448 ) (-60 -256 -448 ) 
4 142 148 (-60 -370 -512 ) (-60 -256 -512 ) (0 -256 -512 ) (0 -370 -512 ) 
4 142 143 (-60 -256 -512 ) (-60 -640 -512 ) (-60 -640 -448 ) (-60 -256 -448 ) 
4 143 161 (-1024 -640 -448 ) (-1024 -256 -448 ) (-1024 -256 -512 ) (-1024 -640 -512 ) 
4 143 153 (-1024 -488 -512 ) (-1024 -460 -512 ) (-1012 -460 -512 ) (-1012 -488 -512 ) 
4 143 152 (-1024 -460 -512 ) (-1024 -370 -512 ) (-1012 -370 -512 ) (-1012 -460 -512 ) 
4 143 151 (-1012 -370 -512 ) (-740 -370 -512 ) (-740 -488 -512 ) (-1012 -488 -512 ) 
4 143 148 (-1024 -370 -512 ) (-1024 -256 -512 ) (-60 -256 -512 ) (-60 -370 -512 ) 
4 144 150 (-572 -752 -512 ) (-60 -752 -512 ) (-60 -838 -512 ) (-572 -838 -512 ) 
4 145 163 (-1024 -59.877205 -512 ) (-1024 0 -512 ) (-1024 0 -908 ) (-1024 -59.877205 -908 ) 
4 145 155 (-1024 -59.877205 -908 ) (-1024 0 -908 ) (0 0 -908 ) (0 -59.877205 -908 ) 
4 145 146 (0 -59.877205 -611.382996 ) (0 -59.877205 -512 ) (-1024 -59.877205 -512 ) (-1024 -59.877205 -611.382996 ) 
4 145 147 (-1024 -59.877205 -908 ) (0 -59.877205 -908 ) (0 -59.877205 -778 ) (-1024 -59.877205 -778 ) 
4 146 164 (-1024 -97 -512 ) (-1024 -59.877205 -512 ) (-1024 -59.877205 -611.382996 ) (-1024 -97 -611.382996 ) 
4 146 148 (0 -97 -611.382996 ) (0 -97 -512 ) (-1024 -97 -512 ) (-1024 -97 -611.382996 ) 
4 147 165 (-1024 -59.877205 -778 ) (-1024 -59.877205 -908 ) (-1024 -97 -908 ) (-1024 -97 -778 ) 
4 147 155 (-1024 -97 -908 ) (-1024 -59.877205 -908 ) (0 -59.877205 -908 ) (0 -97 -908 ) 
4 147 148 (-1024 -97 -908 ) (0 -97 -908 ) (0 -97 -778 ) (-1024 -97 -778 ) 
4 148 166 (-1024 -370 -512 ) (-1024 -97 -512 ) (-1024 -97 -908 ) (-1024 -370 -908 ) 
4 148 157 (-1024 -370 -908 ) (-1024 -256 -908 ) (0 -256 -908 ) (0 -370 -908 ) 
4 148 156 (-1024 -256 -908 ) (-1024 -224 -908 ) (0 -224 -908 ) (0 -256 -908 ) 
4 148 155 (-1024 -224 -908 ) (-1024 -97 -908 ) (0 -97 -908 ) (0 -224 -908 ) 
4 148 152 (-1024 -370 -908 ) (-1012 -370 -908 ) (-1012 -370 -512 ) (-1024 -370 -512 ) 
4 148 151 (-1012 -370 -908 ) (-740 -370 -908 ) (-740 -370 -512 ) (-1012 -370 -512 ) 
4 149 178 (0 -1024 -908 ) (0 -1024 -512 ) (-60 -1024 -512 ) (-60 -1024 -908 ) 
4 149 157 (0 -752 -908 ) (0 -1024 -908 ) (-60 -1024 -908 ) (-60 -752 -908 ) 
4 149 150 (-60 -752 -512 ) (-60 -752 -908 ) (-60 -838 -908 ) (-60 -838 -512 ) 
4 150 157 (-740 -838 -908 ) (-740 -752 -908 ) (-60 -752 -908 ) (-60 -838 -908 ) 
4 150 154 (-740 -752 -908 ) (-740 -838 -908 ) (-740 -838 -704 ) (-740 -752 -704 ) 
4 151 157 (-1012 -370 -908 ) (-740 -370 -908 ) (-740 -488 -908 ) (-1012 -488 -908 ) 
4 151 154 (-1012 -488 -908 ) (-740 -488 -908 ) (-740 -488 -704 ) (-1012 -488 -704 ) 
4 151 153 (-1012 -488 -820 ) (-1012 -488 -512 ) (-1012 -460 -512 ) (-1012 -460 -820 ) 
4 151 152 (-1012 -370 -512 ) (-1012 -370 -908 ) (-1012 -460 -908 ) (-1012 -460 -512 ) 
4 152 166 (-1024 -460 -512 ) (-1024 -370 -512 ) (-1024 -370 -908 ) (-1024 -460 -908 ) 
4 152 157 (-1024 -460 -908 ) (-1024 -370 -908 ) (-1012 -370 -908 ) (-1012 -460 -908 ) 
4 152 153 (-1012 -460 -820 ) (-1012 -460 -512 ) (-1024 -460 -512 ) (-1024 -460 -820 ) 
4 153 166 (-1024 -488 -512 ) (-1024 -460 -512 ) (-1024 -460 -820 ) (-1024 -488 -820 ) 
4 153 154 (-1012 -488 -820 ) (-1012 -488 -704 ) (-1024 -488 -704 ) (-1024 -488 -820 ) 
4 154 182 (-1024 -1024 -704 ) (-1024 -1024 -908 ) (-740 -1024 -908 ) (-740 -1024 -704 ) 
4 154 167 (-1024 -1024 -908 ) (-1024 -1024 -704 ) (-1024 -488 -704 ) (-1024 -488 -908 ) 
4 154 157 (-1024 -1024 -908 ) (-1024 -488 -908 ) (-740 -488 -908 ) (-740 -1024 -908 ) 
4 155 170 (-1024 -224 -908 ) (-1024 0 -908 ) (-1024 0 -953 ) (-1024 -224 -953 ) 
4 155 156 (0 -224 -953 ) (0 -224 -908 ) (-1024 -224 -908 ) (-1024 -224 -953 ) 
4 156 171 (-1024 -256 -908 ) (-1024 -224 -908 ) (-1024 -224 -992 ) (-1024 -256 -992 ) 
4 156 159 (-1024 -256 -992 ) (-1024 -224 -992 ) (0 -224 -992 ) (0 -256 -992 ) 
4 156 157 (0 -256 -911 ) (0 -256 -908 ) (-1024 -256 -908 ) (-1024 -256 -911 ) 
4 156 158 (-1024 -256 -992 ) (0 -256 -992 ) (0 -256 -975 ) (-1024 -256 -975 ) 
4 157 184 (0 -1024 -911 ) (0 -1024 -908 ) (-1024 -1024 -908 ) (-1024 -1024 -911 ) 
4 157 172 (-1024 -1024 -911 ) (-1024 -1024 -908 ) (-1024 -256 -908 ) (-1024 -256 -911 ) 
4 158 186 (0 -1024 -992 ) (0 -1024 -975 ) (-1024 -1024 -975 ) (-1024 -1024 -992 ) 
4 158 173 (-1024 -1024 -992 ) (-1024 -1024 -975 ) (-1024 -256 -975 ) (-1024 -256 -992 ) 
4 158 159 (0 -1024 -992 ) (-1024 -1024 -992 ) (-1024 -256 -992 ) (0 -256 -992 ) 
4 159 186 (0 -1024 -1024 ) (0 -1024 -992 ) (-1024 -1024 -992 ) (-1024 -1024 -1024 ) 
4 159 174 (-1024 -1024 -1024 ) (-1024 -1024 -992 ) (-1024 0 -992 ) (-1024 0 -1024 ) 
4 160 205 (-2048 -256 -448 ) (-2048 -1024 -448 ) (-2048 -1024 1024 ) (-2048 -256 1024 ) 
4 160 204 (-2048 -224 -448 ) (-2048 -256 -448 ) (-2048 -256 1024 ) (-2048 -224 1024 ) 
4 160 200 (-2048 -59.877205 -448 ) (-2048 -97 -448 ) (-2048 -97 1024 ) (-2048 -59.877205 1024 ) 
4 160 199 (-2048 0 1024 ) (-2048 0 -448 ) (-2048 -59.877205 -448 ) (-2048 -59.877205 1024 ) 
4 160 201 (-2048 -97 -448 ) (-2048 -224 -448 ) (-2048 -224 1024 ) (-2048 -97 1024 ) 
4 160 187 (-1732 -1024 -448 ) (-1024 -1024 -448 ) (-1024 -1024 1024 ) (-1732 -1024 1024 ) 
4 160 189 (-2048 -1024 1024 ) (-2048 -1024 -448 ) (-1732 -1024 -448 ) (-1732 -1024 1024 ) 
4 160 161 (-1732 -640 -448 ) (-1732 -256 -448 ) (-1024 -256 -448 ) (-1024 -640 -448 ) 
4 160 162 (-1732 -1024 -448 ) (-2048 -1024 -448 ) (-2048 0 -448 ) (-1732 0 -448 ) 
4 161 168 (-1732 -371 -512 ) (-1732 -256 -512 ) (-1140 -256 -512 ) (-1140 -371 -512 ) 
4 161 166 (-1024 -256 -512 ) (-1024 -488 -512 ) (-1140 -488 -512 ) (-1140 -256 -512 ) 
4 161 162 (-1732 -256 -512 ) (-1732 -640 -512 ) (-1732 -640 -448 ) (-1732 -256 -448 ) 
4 162 205 (-2048 -256 -512 ) (-2048 -1024 -512 ) (-2048 -1024 -448 ) (-2048 -256 -448 ) 
4 162 204 (-2048 -224 -512 ) (-2048 -256 -512 ) (-2048 -256 -448 ) (-2048 -224 -448 ) 
4 162 200 (-2048 -59.877205 -512 ) (-2048 -97 -512 ) (-2048 -97 -448 ) (-2048 -59.877205 -448 ) 
4 162 199 (-2048 0 -448 ) (-2048 0 -512 ) (-2048 -59.877205 -512 ) (-2048 -59.877205 -448 ) 
4 162 201 (-2048 -97 -512 ) (-2048 -224 -512 ) (-2048 -224 -448 ) (-2048 -97 -448 ) 
4 162 189 (-2048 -1024 -448 ) (-2048 -1024 -512 ) (-1732 -1024 -512 ) (-1732 -1024 -448 ) 
4 162 169 (-1732 -1024 -512 ) (-2048 -1024 -512 ) (-2048 -97 -512 ) (-1732 -97 -512 ) 
4 162 164 (-2048 -97 -512 ) (-2048 -59.877205 -512 ) (-1732 -59.877205 -512 ) (-1732 -97 -512 ) 
4 162 163 (-2048 -59.877205 -512 ) (-2048 0 -512 ) (-1732 0 -512 ) (-1732 -59.877205 -512 ) 
4 163 203 (-2048 0 -778 ) (-2048 0 -908 ) (-2048 -59.877205 -908 ) (-2048 -59.877205 -778 ) 
4 163 199 (-2048 0 -512 ) (-2048 0 -778 ) (-2048 -59.877205 -778 ) (-2048 -59.877205 -512 ) 
4 163 170 (-2048 -59.877205 -908 ) (-2048 0 -908 ) (-1024 0 -908 ) (-1024 -59.877205 -908 ) 
4 163 164 (-1024 -59.877205 -611.382996 ) (-1024 -59.877205 -512 ) (-2048 -59.877205 -512 ) (-2048 -59.877205 -611.382996 ) 
4 163 165 (-2048 -59.877205 -908 ) (-1024 -59.877205 -908 ) (-1024 -59.877205 -778 ) (-2048 -59.877205 -778 ) 
4 164 200 (-2048 -97 -611.382996 ) (-2048 -97 -512 ) (-2048 -59.877205 -512 ) (-2048 -59.877205 -611.382996 ) 
4 164 168 (-1140 -97 -512 ) (-1732 -97 -512 ) (-1732 -97 -611.382996 ) (-1140 -97 -611.382996 ) 
4 164 169 (-1732 -97 -512 ) (-2048 -97 -512 ) (-2048 -97 -611.382996 ) (-1732 -97 -611.382996 ) 
4 164 166 (-1024 -97 -611.382996 ) (-1024 -97 -512 ) (-1140 -97 -512 ) (-1140 -97 -611.382996 ) 
4 165 203 (-2048 -59.877205 -908 ) (-2048 -97 -908 ) (-2048 -97 -778 ) (-2048 -59.877205 -778 ) 
4 165 170 (-2048 -97 -908 ) (-2048 -59.877205 -908 ) (-1024 -59.877205 -908 ) (-1024 -97 -908 ) 
4 165 168 (-1732 -97 -908 ) (-1140 -97 -908 ) (-1140 -97 -778 ) (-1732 -97 -778 ) 
4 165 169 (-2048 -97 -908 ) (-1732 -97 -908 ) (-1732 -97 -778 ) (-2048 -97 -778 ) 
4 165 166 (-1140 -97 -908 ) (-1024 -97 -908 ) (-1024 -97 -778 ) (-1140 -97 -778 ) 
4 166 172 (-1140 -488 -908 ) (-1140 -256 -908 ) (-1024 -256 -908 ) (-1024 -488 -908 ) 
4 166 171 (-1140 -256 -908 ) (-1140 -224 -908 ) (-1024 -224 -908 ) (-1024 -256 -908 ) 
4 166 170 (-1140 -224 -908 ) (-1140 -97 -908 ) (-1024 -97 -908 ) (-1024 -224 -908 ) 
4 166 168 (-1140 -97 -512 ) (-1140 -97 -908 ) (-1140 -371 -908 ) (-1140 -371 -512 ) 
4 166 167 (-1140 -488 -704 ) (-1140 -488 -908 ) (-1024 -488 -908 ) (-1024 -488 -704 ) 
4 167 190 (-1140 -1024 -908 ) (-1024 -1024 -908 ) (-1024 -1024 -704 ) (-1140 -1024 -704 ) 
4 167 172 (-1024 -1024 -908 ) (-1140 -1024 -908 ) (-1140 -488 -908 ) (-1024 -488 -908 ) 
4 168 172 (-1732 -371 -908 ) (-1732 -256 -908 ) (-1140 -256 -908 ) (-1140 -371 -908 ) 
4 168 171 (-1732 -256 -908 ) (-1732 -224 -908 ) (-1140 -224 -908 ) (-1140 -256 -908 ) 
4 168 170 (-1732 -224 -908 ) (-1732 -97 -908 ) (-1140 -97 -908 ) (-1140 -224 -908 ) 
4 168 169 (-1732 -97 -512 ) (-1732 -97 -908 ) (-1732 -371 -908 ) (-1732 -371 -512 ) 
4 169 205 (-2048 -256 -908 ) (-2048 -1024 -908 ) (-2048 -1024 -512 ) (-2048 -256 -512 ) 
4 169 204 (-2048 -224 -908 ) (-2048 -256 -908 ) (-2048 -256 -512 ) (-2048 -224 -512 ) 
4 169 203 (-2048 -97 -908 ) (-2048 -224 -908 ) (-2048 -224 -778 ) (-2048 -97 -778 ) 
4 169 201 (-2048 -224 -778 ) (-2048 -224 -512 ) (-2048 -97 -512 ) (-2048 -97 -778 ) 
4 169 193 (-2048 -1024 -512 ) (-2048 -1024 -908 ) (-1732 -1024 -908 ) (-1732 -1024 -512 ) 
4 169 172 (-1732 -1024 -908 ) (-2048 -1024 -908 ) (-2048 -256 -908 ) (-1732 -256 -908 ) 
4 169 170 (-2048 -224 -908 ) (-2048 -97 -908 ) (-1732 -97 -908 ) (-1732 -224 -908 ) 
4 170 203 (-2048 0 -908 ) (-2048 0 -953 ) (-2048 -224 -953 ) (-2048 -224 -908 ) 
4 170 171 (-1024 -224 -953 ) (-1024 -224 -908 ) (-1732 -224 -908 ) (-1732 -224 -953 ) 
4 171 174 (-1024 -224 -992 ) (-1024 -256 -992 ) (-1732 -256 -992 ) (-1732 -224 -992 ) 
4 171 172 (-1024 -256 -911 ) (-1024 -256 -908 ) (-1732 -256 -908 ) (-1732 -256 -911 ) 
4 171 173 (-1732 -256 -992 ) (-1024 -256 -992 ) (-1024 -256 -975 ) (-1732 -256 -975 ) 
4 172 205 (-2048 -1024 -911 ) (-2048 -1024 -908 ) (-2048 -256 -908 ) (-2048 -256 -911 ) 
4 172 194 (-2048 -1024 -908 ) (-2048 -1024 -911 ) (-1024 -1024 -911 ) (-1024 -1024 -908 ) 
4 173 206 (-2048 -256 -992 ) (-2048 -1024 -992 ) (-2048 -1024 -975 ) (-2048 -256 -975 ) 
4 173 196 (-2048 -1024 -975 ) (-2048 -1024 -992 ) (-1024 -1024 -992 ) (-1024 -1024 -975 ) 
4 173 174 (-1024 -256 -992 ) (-1024 -1024 -992 ) (-2048 -1024 -992 ) (-2048 -256 -992 ) 
4 174 208 (-2048 0 -992 ) (-2048 0 -1024 ) (-2048 -1024 -1024 ) (-2048 -1024 -992 ) 
4 174 196 (-2048 -1024 -992 ) (-2048 -1024 -1024 ) (-1024 -1024 -1024 ) (-1024 -1024 -992 ) 
4 175 197 (0 -2048 -448 ) (0 -2048 1024 ) (-1024 -2048 1024 ) (-1024 -2048 -448 ) 
4 175 187 (-1024 -1024 1024 ) (-1024 -1024 -448 ) (-1024 -1688 -448 ) (-1024 -1688 1024 ) 
4 175 188 (-1024 -1688 -448 ) (-1024 -2048 -448 ) (-1024 -2048 1024 ) (-1024 -1688 1024 ) 
4 175 177 (-60 -2048 -448 ) (-1024 -2048 -448 ) (-1024 -1688 -448 ) (-60 -1688 -448 ) 
4 175 176 (0 -2048 -448 ) (-60 -2048 -448 ) (-60 -1688 -448 ) (0 -1688 -448 ) 
4 176 197 (0 -2048 -512 ) (0 -2048 -448 ) (-60 -2048 -448 ) (-60 -2048 -512 ) 
4 176 179 (0 -1688 -512 ) (0 -2048 -512 ) (-60 -2048 -512 ) (-60 -1688 -512 ) 
4 176 177 (-60 -1688 -512 ) (-60 -2048 -512 ) (-60 -2048 -448 ) (-60 -1688 -448 ) 
4 177 197 (-60 -2048 -448 ) (-1024 -2048 -448 ) (-1024 -2048 -512 ) (-60 -2048 -512 ) 
4 177 188 (-1024 -1688 -512 ) (-1024 -2048 -512 ) (-1024 -2048 -448 ) (-1024 -1688 -448 ) 
4 177 183 (-740 -2048 -512 ) (-1024 -2048 -512 ) (-1024 -1688 -512 ) (-740 -1688 -512 ) 
4 177 180 (-60 -1688 -512 ) (-60 -2048 -512 ) (-739 -2048 -512 ) (-739 -1688 -512 ) 
4 177 181 (-739 -2048 -512 ) (-740 -2048 -512 ) (-740 -1688 -512 ) (-739 -1688 -512 ) 
4 178 184 (-60 -1024 -908 ) (0 -1024 -908 ) (0 -1216 -908 ) (-60 -1216 -908 ) 
4 178 179 (-60 -1216 -908 ) (0 -1216 -908 ) (0 -1216 -512 ) (-60 -1216 -512 ) 
4 179 197 (0 -2048 -908 ) (0 -2048 -512 ) (-60 -2048 -512 ) (-60 -2048 -908 ) 
4 179 184 (-60 -1688 -908 ) (-60 -1216 -908 ) (0 -1216 -908 ) (0 -1688 -908 ) 
4 179 185 (0 -2048 -908 ) (-60 -2048 -908 ) (-60 -1688 -908 ) (0 -1688 -908 ) 
4 179 180 (-60 -1232 -908 ) (-60 -2048 -908 ) (-60 -2048 -512 ) (-60 -1232 -512 ) 
4 180 197 (-60 -2048 -512 ) (-739 -2048 -512 ) (-739 -2048 -908 ) (-60 -2048 -908 ) 
4 180 184 (-739 -1688 -908 ) (-739 -1232 -908 ) (-60 -1232 -908 ) (-60 -1688 -908 ) 
4 180 185 (-60 -2048 -908 ) (-739 -2048 -908 ) (-739 -1688 -908 ) (-60 -1688 -908 ) 
4 180 181 (-739 -1232 -908 ) (-739 -2048 -908 ) (-739 -2048 -512 ) (-739 -1232 -512 ) 
4 181 197 (-739 -2048 -512 ) (-740 -2048 -512 ) (-740 -2048 -908 ) (-739 -2048 -908 ) 
4 181 184 (-740 -1688 -908 ) (-740 -1216 -908 ) (-739 -1216 -908 ) (-739 -1688 -908 ) 
4 181 185 (-739 -2048 -908 ) (-740 -2048 -908 ) (-740 -1688 -908 ) (-739 -1688 -908 ) 
4 181 183 (-740 -1216 -908 ) (-740 -2048 -908 ) (-740 -2048 -512 ) (-740 -1216 -512 ) 
4 182 190 (-1024 -1024 -704 ) (-1024 -1024 -908 ) (-1024 -1040 -908 ) (-1024 -1040 -704 ) 
4 182 184 (-1024 -1040 -908 ) (-1024 -1024 -908 ) (-740 -1024 -908 ) (-740 -1040 -908 ) 
4 182 183 (-1024 -1040 -908 ) (-740 -1040 -908 ) (-740 -1040 -704 ) (-1024 -1040 -704 ) 
4 183 197 (-740 -2048 -512 ) (-1024 -2048 -512 ) (-1024 -2048 -908 ) (-740 -2048 -908 ) 
4 183 191 (-1024 -1040 -908 ) (-1024 -2048 -908 ) (-1024 -2048 -512 ) (-1024 -1040 -512 ) 
4 183 184 (-1024 -1688 -908 ) (-1024 -1040 -908 ) (-740 -1040 -908 ) (-740 -1688 -908 ) 
4 183 185 (-740 -2048 -908 ) (-1024 -2048 -908 ) (-1024 -1688 -908 ) (-740 -1688 -908 ) 
4 184 194 (-1024 -1024 -908 ) (-1024 -1024 -911 ) (-1024 -1688 -911 ) (-1024 -1688 -908 ) 
4 184 185 (0 -1688 -911 ) (0 -1688 -908 ) (-1024 -1688 -908 ) (-1024 -1688 -911 ) 
4 185 197 (0 -2048 -975 ) (0 -2048 -908 ) (-1024 -2048 -908 ) (-1024 -2048 -975 ) 
4 185 195 (-1024 -1688 -975 ) (-1024 -2048 -975 ) (-1024 -2048 -908 ) (-1024 -1688 -908 ) 
4 185 186 (0 -1688 -975 ) (0 -2048 -975 ) (-1024 -2048 -975 ) (-1024 -1688 -975 ) 
4 186 197 (0 -2048 -1024 ) (0 -2048 -975 ) (-1024 -2048 -975 ) (-1024 -2048 -1024 ) 
4 186 196 (-1024 -1024 -975 ) (-1024 -1024 -1024 ) (-1024 -2048 -1024 ) (-1024 -2048 -975 ) 
4 187 188 (-1732 -1688 1024 ) (-1732 -1688 -448 ) (-1024 -1688 -448 ) (-1024 -1688 1024 ) 
4 187 189 (-1732 -1688 -448 ) (-1732 -1688 1024 ) (-1732 -1024 1024 ) (-1732 -1024 -448 ) 
4 188 198 (-1024 -2048 -512 ) (-1024 -2048 1024 ) (-1732 -2048 1024 ) (-1732 -2048 -512 ) 
4 188 192 (-1140 -2048 -512 ) (-1732 -2048 -512 ) (-1732 -1688 -512 ) (-1140 -1688 -512 ) 
4 188 191 (-1024 -1688 -512 ) (-1024 -2048 -512 ) (-1140 -2048 -512 ) (-1140 -1688 -512 ) 
4 188 189 (-1732 -1688 -512 ) (-1732 -2048 -512 ) (-1732 -2048 1024 ) (-1732 -1688 1024 ) 
4 189 209 (-2048 -1688 1024 ) (-2048 -1024 1024 ) (-2048 -1024 -512 ) (-2048 -1688 -512 ) 
4 189 210 (-2048 -2048 -512 ) (-2048 -2048 1024 ) (-2048 -1688 1024 ) (-2048 -1688 -512 ) 
4 189 198 (-1732 -2048 1024 ) (-2048 -2048 1024 ) (-2048 -2048 -512 ) (-1732 -2048 -512 ) 
4 189 193 (-2048 -2048 -512 ) (-2048 -1024 -512 ) (-1732 -1024 -512 ) (-1732 -2048 -512 ) 
4 190 194 (-1140 -1040 -908 ) (-1140 -1024 -908 ) (-1024 -1024 -908 ) (-1024 -1040 -908 ) 
4 190 191 (-1140 -1040 -704 ) (-1140 -1040 -908 ) (-1024 -1040 -908 ) (-1024 -1040 -704 ) 
4 191 198 (-1024 -2048 -908 ) (-1024 -2048 -512 ) (-1140 -2048 -512 ) (-1140 -2048 -908 ) 
4 191 194 (-1140 -1688 -908 ) (-1140 -1040 -908 ) (-1024 -1040 -908 ) (-1024 -1688 -908 ) 
4 191 195 (-1024 -2048 -908 ) (-1140 -2048 -908 ) (-1140 -1688 -908 ) (-1024 -1688 -908 ) 
4 191 192 (-1140 -1688 -908 ) (-1140 -2048 -908 ) (-1140 -2048 -512 ) (-1140 -1688 -512 ) 
4 192 198 (-1140 -2048 -512 ) (-1732 -2048 -512 ) (-1732 -2048 -908 ) (-1140 -2048 -908 ) 
4 192 195 (-1140 -2048 -908 ) (-1732 -2048 -908 ) (-1732 -1688 -908 ) (-1140 -1688 -908 ) 
4 192 193 (-1732 -1688 -908 ) (-1732 -2048 -908 ) (-1732 -2048 -512 ) (-1732 -1688 -512 ) 
4 193 209 (-2048 -1688 -512 ) (-2048 -1024 -512 ) (-2048 -1024 -908 ) (-2048 -1688 -908 ) 
4 193 210 (-2048 -2048 -908 ) (-2048 -2048 -512 ) (-2048 -1688 -512 ) (-2048 -1688 -908 ) 
4 193 198 (-1732 -2048 -512 ) (-2048 -2048 -512 ) (-2048 -2048 -908 ) (-1732 -2048 -908 ) 
4 193 194 (-2048 -1688 -908 ) (-2048 -1024 -908 ) (-1732 -1024 -908 ) (-1732 -1688 -908 ) 
4 193 195 (-1732 -2048 -908 ) (-2048 -2048 -908 ) (-2048 -1688 -908 ) (-1732 -1688 -908 ) 
4 194 209 (-2048 -1688 -908 ) (-2048 -1024 -908 ) (-2048 -1024 -911 ) (-2048 -1688 -911 ) 
4 194 195 (-1024 -1688 -911 ) (-1024 -1688 -908 ) (-2048 -1688 -908 ) (-2048 -1688 -911 ) 
4 195 210 (-2048 -2048 -975 ) (-2048 -2048 -908 ) (-2048 -1688 -908 ) (-2048 -1688 -975 ) 
4 195 198 (-1024 -2048 -975 ) (-1024 -2048 -908 ) (-2048 -2048 -908 ) (-2048 -2048 -975 ) 
4 195 196 (-2048 -2048 -975 ) (-2048 -1688 -975 ) (-1024 -1688 -975 ) (-1024 -2048 -975 ) 
4 196 212 (-2048 -2048 -1024 ) (-2048 -2048 -975 ) (-2048 -1024 -975 ) (-2048 -1024 -1024 ) 
4 196 198 (-1024 -2048 -1024 ) (-1024 -2048 -975 ) (-2048 -2048 -975 ) (-2048 -2048 -1024 ) 
4 197 198 (-1024 -2336 -1024 ) (-1024 -2336 1024 ) (-1024 -2048 1024 ) (-1024 -2048 -1024 ) 
4 198 220 (-2048 -2336 -1024 ) (-2048 -2336 1024 ) (-2048 -2048 1024 ) (-2048 -2048 -1024 ) 
4 199 203 (-2595 -59.877205 -778 ) (-2595 0 -778 ) (-2048 0 -778 ) (-2048 -59.877205 -778 ) 
4 199 200 (-2595 -59.877205 1024 ) (-2595 -59.877205 -611.382996 ) (-2048 -59.877205 -611.382996 ) (-2048 -59.877205 1024 ) 
4 199 202 (-2595 0 -778 ) (-2595 -59.877205 -778 ) (-2595 -59.877205 1024 ) (-2595 0 1024 ) 
4 200 202 (-2595 -97 -611.382996 ) (-2595 -97 1024 ) (-2595 -59.877205 1024 ) (-2595 -59.877205 -611.382996 ) 
4 200 201 (-2595 -97 1024 ) (-2595 -97 -611.382996 ) (-2048 -97 -611.382996 ) (-2048 -97 1024 ) 
4 201 204 (-2048 -224 -778 ) (-2048 -224 1024 ) (-2595 -224 1024 ) (-2595 -224 -778 ) 
4 201 203 (-2048 -224 -778 ) (-2595 -224 -778 ) (-2595 -97 -778 ) (-2048 -97 -778 ) 
4 201 202 (-2595 -97 -778 ) (-2595 -224 -778 ) (-2595 -224 1024 ) (-2595 -97 1024 ) 
4 202 213 (-3072 0 1024 ) (-3072 0 -778 ) (-3072 -224 -778 ) (-3072 -224 1024 ) 
4 202 204 (-2595 -224 1024 ) (-3072 -224 1024 ) (-3072 -224 -778 ) (-2595 -224 -778 ) 
4 202 203 (-2595 -224 -778 ) (-3072 -224 -778 ) (-3072 0 -778 ) (-2595 0 -778 ) 
4 203 213 (-3072 0 -778 ) (-3072 0 -953 ) (-3072 -224 -953 ) (-3072 -224 -778 ) 
4 203 204 (-2048 -224 -908 ) (-2048 -224 -778 ) (-3072 -224 -778 ) (-3072 -224 -908 ) 
4 204 215 (-3072 -256 -908 ) (-3072 -256 1024 ) (-3072 -224 1024 ) (-3072 -224 -908 ) 
4 204 205 (-2368 -256 -908 ) (-2048 -256 -908 ) (-2048 -256 1024 ) (-2368 -256 1024 ) 
4 204 207 (-3072 -256 1024 ) (-3072 -256 -908 ) (-2368 -256 -908 ) (-2368 -256 1024 ) 
4 205 209 (-2048 -1024 -911 ) (-2048 -1024 1024 ) (-2368 -1024 1024 ) (-2368 -1024 -911 ) 
4 205 207 (-2368 -1024 1024 ) (-2368 -256 1024 ) (-2368 -256 -911 ) (-2368 -1024 -911 ) 
4 206 212 (-2048 -1024 -992 ) (-2048 -1024 -975 ) (-2368 -1024 -975 ) (-2368 -1024 -992 ) 
4 206 208 (-2368 -256 -992 ) (-2048 -256 -992 ) (-2048 -1024 -992 ) (-2368 -1024 -992 ) 
4 206 207 (-2368 -256 -975 ) (-2368 -256 -992 ) (-2368 -1024 -992 ) (-2368 -1024 -975 ) 
4 207 216 (-3072 -256 -992 ) (-3072 -1024 -992 ) (-3072 -1024 1024 ) (-3072 -256 1024 ) 
4 207 212 (-3072 -1024 -975 ) (-3072 -1024 -992 ) (-2368 -1024 -992 ) (-2368 -1024 -975 ) 
4 207 211 (-2368 -1024 1024 ) (-3072 -1024 1024 ) (-3072 -1024 -975 ) (-2368 -1024 -975 ) 
4 207 208 (-3072 -1024 -992 ) (-3072 -256 -992 ) (-2368 -256 -992 ) (-2368 -1024 -992 ) 
4 208 218 (-3072 0 -992 ) (-3072 0 -1024 ) (-3072 -1024 -1024 ) (-3072 -1024 -992 ) 
4 208 212 (-2048 -1024 -1024 ) (-2048 -1024 -992 ) (-3072 -1024 -992 ) (-3072 -1024 -1024 ) 
4 209 210 (-2368 -1688 1024 ) (-2368 -1688 -911 ) (-2048 -1688 -911 ) (-2048 -1688 1024 ) 
4 209 211 (-2368 -1688 -911 ) (-2368 -1688 1024 ) (-2368 -1024 1024 ) (-2368 -1024 -911 ) 
4 210 220 (-2048 -2048 -975 ) (-2048 -2048 1024 ) (-2368 -2048 1024 ) (-2368 -2048 -975 ) 
4 210 212 (-2048 -1688 -975 ) (-2048 -2048 -975 ) (-2368 -2048 -975 ) (-2368 -1688 -975 ) 
4 210 211 (-2368 -1688 -975 ) (-2368 -2048 -975 ) (-2368 -2048 1024 ) (-2368 -1688 1024 ) 
4 211 220 (-2368 -2048 1024 ) (-3072 -2048 1024 ) (-3072 -2048 -975 ) (-2368 -2048 -975 ) 
4 211 219 (-3072 -2048 -975 ) (-3072 -2048 1024 ) (-3072 -1024 1024 ) (-3072 -1024 -975 ) 
4 211 212 (-3072 -2048 -975 ) (-3072 -1024 -975 ) (-2368 -1024 -975 ) (-2368 -2048 -975 ) 
4 212 220 (-2048 -2048 -1024 ) (-2048 -2048 -975 ) (-3072 -2048 -975 ) (-3072 -2048 -1024 ) 
4 212 219 (-3072 -2048 -1024 ) (-3072 -2048 -975 ) (-3072 -1024 -975 ) (-3072 -1024 -1024 ) 
4 213 215 (-3072 -224 -908 ) (-3072 -224 1024 ) (-3650 -224 1024 ) (-3650 -224 -908 ) 
4 213 214 (-3650 -224 -953 ) (-3650 -224 1024 ) (-3650 0 1024 ) (-3650 0 -953 ) 
4 214 218 (-3652 -224 -992 ) (-3652 0 -992 ) (-3650 0 -992 ) (-3650 -224 -992 ) 
4 214 217 (-3652 -224 1024 ) (-3652 -224 -992 ) (-3650 -224 -992 ) (-3650 -224 1024 ) 
4 215 216 (-3650 -256 1024 ) (-3650 -256 -908 ) (-3072 -256 -908 ) (-3072 -256 1024 ) 
4 215 217 (-3650 -256 1024 ) (-3650 -224 1024 ) (-3650 -224 -908 ) (-3650 -256 -908 ) 
4 216 219 (-3072 -1024 -992 ) (-3072 -1024 1024 ) (-3650 -1024 1024 ) (-3650 -1024 -992 ) 
4 216 218 (-3072 -256 -992 ) (-3072 -1024 -992 ) (-3650 -1024 -992 ) (-3650 -256 -992 ) 
4 216 217 (-3650 -1024 1024 ) (-3650 -256 1024 ) (-3650 -256 -992 ) (-3650 -1024 -992 ) 
4 217 219 (-3650 -1024 1024 ) (-3652 -1024 1024 ) (-3652 -1024 -992 ) (-3650 -1024 -992 ) 
4 217 218 (-3652 -1024 -992 ) (-3652 -224 -992 ) (-3650 -224 -992 ) (-3650 -1024 -992 ) 
4 218 219 (-3072 -1024 -1024 ) (-3072 -1024 -992 ) (-3652 -1024 -992 ) (-3652 -1024 -1024 ) 
4 219 221 (-3072 -2048 -1024 ) (-3072 -2048 1024 ) (-3652 -2048 1024 ) (-3652 -2048 -1024 ) 
4 220 221 (-3072 -2048 1024 ) (-3072 -2048 -1024 ) (-3072 -2336 -1024 ) (-3072 -2336 1024 ) 
