


CustomMaterialManager: Cached KeyValues materials/models/weapons/v_models/knife_butterfly/knife_butterfly.vmt.
CustomMaterialManager: Cached KeyValues materials/models/weapons/v_models/knife_bayonet/knife_bayonet.vmt.
CustomMaterialManager: Cached KeyValues materials/models/weapons/v_models/knife_ct/knife_ct.vmt.
CustomMaterialManager: Cached KeyValues materials/models/weapons/v_models/knife_flip/knife_flip.vmt.
CustomMaterialManager: Cached KeyValues materials/models/weapons/v_models/knife_gut/knife_gut.vmt.
CustomMaterialManager: Cached KeyValues materials/models/weapons/v_models/knife_karam/karam.vmt.
CustomMaterialManager: Cached KeyValues materials/models/weapons/v_models/knife_m9_bay/knife_m9_bay.vmt.
CustomMaterialManager: Cached KeyValues materials/models/weapons/v_models/knife_t/knife_t.vmt.
CustomMaterialManager: Cached KeyValues materials/models/weapons/v_models/knife_tactical/knife_tactical.vmt.
CustomMaterialManager: Cached KeyValues materials/models/weapons/v_models/mach_m249para/m249.vmt.
CustomMaterialManager: Cached KeyValues materials/models/weapons/v_models/mach_negev/mach_negev.vmt.
CustomMaterialManager: Cached KeyValues materials/models/weapons/v_models/pist_223/pist_223.vmt.
CustomMaterialManager: Cached KeyValues materials/models/weapons/v_models/pist_cz_75/pist_cz_75.vmt.
CustomMaterialManager: Cached KeyValues materials/models/weapons/v_models/pist_deagle/pist_deagle.vmt.
CustomMaterialManager: Cached KeyValues materials/models/weapons/v_models/pist_elite/m9a1.vmt.
CustomMaterialManager: Cached KeyValues materials/models/weapons/v_models/pist_fiveseven/fiveseven.vmt.
CustomMaterialManager: Cached KeyValues materials/models/weapons/v_models/pist_glock18/pist_glock18.vmt.
CustomMaterialManager: Cached KeyValues materials/models/weapons/v_models/pist_hkp2000/pist_hkp2000.vmt.
CustomMaterialManager: Cached KeyValues materials/models/weapons/v_models/pist_p250/p250.vmt.
CustomMaterialManager: Cached KeyValues materials/models/weapons/v_models/pist_tec9/pist_tec9.vmt.
CustomMaterialManager: Cached KeyValues materials/models/weapons/v_models/rif_ak47/ak47.vmt.
CustomMaterialManager: Cached KeyValues materials/models/weapons/v_models/rif_aug/rif_aug.vmt.
CustomMaterialManager: Cached KeyValues materials/models/weapons/v_models/rif_famas/rif_famas.vmt.
CustomMaterialManager: Cached KeyValues materials/models/weapons/v_models/rif_galilar/rif_galilar.vmt.
CustomMaterialManager: Cached KeyValues materials/models/weapons/v_models/rif_m4a1/rif_m4a1.vmt.
CustomMaterialManager: Cached KeyValues materials/models/weapons/v_models/rif_m4a1_s/rif_m4a1_s.vmt.
CustomMaterialManager: Cached KeyValues materials/models/weapons/v_models/rif_sg556/rif_sg556.vmt.
CustomMaterialManager: Cached KeyValues materials/models/weapons/v_models/shot_mag7/shot_mag7.vmt.
CustomMaterialManager: Cached KeyValues materials/models/weapons/v_models/shot_nova/shot_nova.vmt.
CustomMaterialManager: Cached KeyValues materials/models/weapons/v_models/shot_sawedoff/shot_sawedoff_01.vmt.
CustomMaterialManager: Cached KeyValues materials/models/weapons/v_models/shot_xm1014/shot_xm1014.vmt.
CustomMaterialManager: Cached KeyValues materials/models/weapons/v_models/smg_bizon/bizon.vmt.
CustomMaterialManager: Cached KeyValues materials/models/weapons/v_models/smg_mac10/smg_mac10_1.vmt.
CustomMaterialManager: Cached KeyValues materials/models/weapons/v_models/smg_mp7/smg_mp7.vmt.
CustomMaterialManager: Cached KeyValues materials/models/weapons/v_models/smg_mp9/smg_mp9.vmt.
CustomMaterialManager: Cached KeyValues materials/models/weapons/v_models/smg_p90/smg_p90.vmt.
CustomMaterialManager: Cached KeyValues materials/models/weapons/v_models/smg_ump45/smg_ump45.vmt.
CustomMaterialManager: Cached KeyValues materials/models/weapons/v_models/snip_awp/awp.vmt.
CustomMaterialManager: Cached KeyValues materials/models/weapons/v_models/snip_g3sg1/snip_g3sg1.vmt.
CustomMaterialManager: Cached KeyValues materials/models/weapons/v_models/snip_scar20/snip_scar20.vmt.
CustomMaterialManager: Cached KeyValues materials/models/weapons/v_models/snip_ssg08/snip_ssg08.vmt.
CustomMaterialManager: Cached KeyValues materials/models/weapons/v_models/snip_ssg08/snip_ssg08_scope.vmt.
CustomMaterialManager: Cached KeyValues materials/models/weapons/v_models/pist_revolver/pist_revolver.vmt.
CustomMaterialManager: Cached KeyValues materials/models/weapons/v_models/knife_falchion_advanced/knife_falchion_advanced.vmt.
CustomMaterialManager: Cached KeyValues materials/models/weapons/v_models/knife_push/knife_push.vmt.
CustomMaterialManager: Cached KeyValues materials/models/weapons/v_models/knife_survival_bowie/knife_survival_bowie.vmt.
materialPath: C:\Program Files (x86)\Steam\steamapps\common\Counter-Strike Global Offensive\csgo\materials
Loading c:\users\jaeth\desktop\beta map\de_transit\de_transit_a3.vmf
Map revision 56
Patching WVT material: maps/de_transit_a3/asphalt/hr_c/hr_asphalt_001_wvt_patch
fixing up env_cubemap materials on brush sides...
0...1...2...3...4...5...6...7...8...9...100...1...2...3...4...5...6...7...8...9...10Processing areas...done (0)
Building Faces...done (0)
Chop Details...done (0)
Find Visible Detail Sides...
Merged 120 detail faces...done (0)
Merging details...done (0)
FixTjuncs...
PruneNodes...
WriteBSP...
done (0)
writing c:\users\jaeth\desktop\beta map\de_transit\de_transit_a3.prt...Building visibility clusters...
done (0)
Finding displacement neighbors...
Finding lightmap sample positions...
Displacement Alpha : 0...1...2...3...4...5...6...7...8...9...10
Building Physics collision data...
done (0) (65181 bytes)
Placing detail props : 0...1...2...3...4...5...6...7...8...9...10
Compacting texture/material tables...
Reduced 78 texinfos to 54
Reduced 10 texdatas to 8 (298 bytes to 243)
Writing c:\users\jaeth\desktop\beta map\de_transit\de_transit_a3.bsp
1 second elapsed



2 threads
reading c:\users\jaeth\desktop\beta map\de_transit\de_transit_a3.bsp
reading c:\users\jaeth\desktop\beta map\de_transit\de_transit_a3.prt
 205 portalclusters
 598 numportals
0...1...2...3...4...5...6...7...8...9...100...1...2...3...4...5...6...7...8...9...10Optimized: 206 visible clusters (0.00%)
Total clusters visible: 33529
Average clusters visible: 163
Building PAS...
Average clusters audible: 203
visdatasize:12326  compressed from 13120
writing c:\users\jaeth\desktop\beta map\de_transit\de_transit_a3.bsp
1 second elapsed



[Reading texlights from 'lights.rad']
[17 texlights parsed from 'lights.rad']

Loading c:\users\jaeth\desktop\beta map\de_transit\de_transit_a3.bsp
Loaded alpha texture materials\models\props\de_nuke\hr_nuke\chainlink_fence_001\chainlink_fence_wire_001_mip0.vtf
1667 faces
1 degenerate faces
1499898 square feet [215985344.00 square inches]
0 Displacements
0 Square Feet [0.00 Square Inches]
1666 patches before subdivision
52024 patches after subdivision
12 direct lights
0...1...2...3...4...5...6...7...8...9.


CustomMaterialManager: Cached KeyValues materials/models/weapons/v_models/knife_butterfly/knife_butterfly.vmt.
CustomMaterialManager: Cached KeyValues materials/models/weapons/v_models/knife_bayonet/knife_bayonet.vmt.
CustomMaterialManager: Cached KeyValues materials/models/weapons/v_models/knife_ct/knife_ct.vmt.
CustomMaterialManager: Cached KeyValues materials/models/weapons/v_models/knife_flip/knife_flip.vmt.
CustomMaterialManager: Cached KeyValues materials/models/weapons/v_models/knife_gut/knife_gut.vmt.
CustomMaterialManager: Cached KeyValues materials/models/weapons/v_models/knife_karam/karam.vmt.
CustomMaterialManager: Cached KeyValues materials/models/weapons/v_models/knife_m9_bay/knife_m9_bay.vmt.
CustomMaterialManager: Cached KeyValues materials/models/weapons/v_models/knife_t/knife_t.vmt.
CustomMaterialManager: Cached KeyValues materials/models/weapons/v_models/knife_tactical/knife_tactical.vmt.
CustomMaterialManager: Cached KeyValues materials/models/weapons/v_models/mach_m249para/m249.vmt.
CustomMaterialManager: Cached KeyValues materials/models/weapons/v_models/mach_negev/mach_negev.vmt.
CustomMaterialManager: Cached KeyValues materials/models/weapons/v_models/pist_223/pist_223.vmt.
CustomMaterialManager: Cached KeyValues materials/models/weapons/v_models/pist_cz_75/pist_cz_75.vmt.
CustomMaterialManager: Cached KeyValues materials/models/weapons/v_models/pist_deagle/pist_deagle.vmt.
CustomMaterialManager: Cached KeyValues materials/models/weapons/v_models/pist_elite/m9a1.vmt.
CustomMaterialManager: Cached KeyValues materials/models/weapons/v_models/pist_fiveseven/fiveseven.vmt.
CustomMaterialManager: Cached KeyValues materials/models/weapons/v_models/pist_glock18/pist_glock18.vmt.
CustomMaterialManager: Cached KeyValues materials/models/weapons/v_models/pist_hkp2000/pist_hkp2000.vmt.
CustomMaterialManager: Cached KeyValues materials/models/weapons/v_models/pist_p250/p250.vmt.
CustomMaterialManager: Cached KeyValues materials/models/weapons/v_models/pist_tec9/pist_tec9.vmt.
CustomMaterialManager: Cached KeyValues materials/models/weapons/v_models/rif_ak47/ak47.vmt.
CustomMaterialManager: Cached KeyValues materials/models/weapons/v_models/rif_aug/rif_aug.vmt.
CustomMaterialManager: Cached KeyValues materials/models/weapons/v_models/rif_famas/rif_famas.vmt.
CustomMaterialManager: Cached KeyValues materials/models/weapons/v_models/rif_galilar/rif_galilar.vmt.
CustomMaterialManager: Cached KeyValues materials/models/weapons/v_models/rif_m4a1/rif_m4a1.vmt.
CustomMaterialManager: Cached KeyValues materials/models/weapons/v_models/rif_m4a1_s/rif_m4a1_s.vmt.
CustomMaterialManager: Cached KeyValues materials/models/weapons/v_models/rif_sg556/rif_sg556.vmt.
CustomMaterialManager: Cached KeyValues materials/models/weapons/v_models/shot_mag7/shot_mag7.vmt.
CustomMaterialManager: Cached KeyValues materials/models/weapons/v_models/shot_nova/shot_nova.vmt.
CustomMaterialManager: Cached KeyValues materials/models/weapons/v_models/shot_sawedoff/shot_sawedoff_01.vmt.
CustomMaterialManager: Cached KeyValues materials/models/weapons/v_models/shot_xm1014/shot_xm1014.vmt.
CustomMaterialManager: Cached KeyValues materials/models/weapons/v_models/smg_bizon/bizon.vmt.
CustomMaterialManager: Cached KeyValues materials/models/weapons/v_models/smg_mac10/smg_mac10_1.vmt.
CustomMaterialManager: Cached KeyValues materials/models/weapons/v_models/smg_mp7/smg_mp7.vmt.
CustomMaterialManager: Cached KeyValues materials/models/weapons/v_models/smg_mp9/smg_mp9.vmt.
CustomMaterialManager: Cached KeyValues materials/models/weapons/v_models/smg_p90/smg_p90.vmt.
CustomMaterialManager: Cached KeyValues materials/models/weapons/v_models/smg_ump45/smg_ump45.vmt.
CustomMaterialManager: Cached KeyValues materials/models/weapons/v_models/snip_awp/awp.vmt.
CustomMaterialManager: Cached KeyValues materials/models/weapons/v_models/snip_g3sg1/snip_g3sg1.vmt.
CustomMaterialManager: Cached KeyValues materials/models/weapons/v_models/snip_scar20/snip_scar20.vmt.
CustomMaterialManager: Cached KeyValues materials/models/weapons/v_models/snip_ssg08/snip_ssg08.vmt.
CustomMaterialManager: Cached KeyValues materials/models/weapons/v_models/snip_ssg08/snip_ssg08_scope.vmt.
CustomMaterialManager: Cached KeyValues materials/models/weapons/v_models/pist_revolver/pist_revolver.vmt.
CustomMaterialManager: Cached KeyValues materials/models/weapons/v_models/knife_falchion_advanced/knife_falchion_advanced.vmt.
CustomMaterialManager: Cached KeyValues materials/models/weapons/v_models/knife_push/knife_push.vmt.
CustomMaterialManager: Cached KeyValues materials/models/weapons/v_models/knife_survival_bowie/knife_survival_bowie.vmt.
materialPath: C:\Program Files (x86)\Steam\steamapps\common\Counter-Strike Global Offensive\csgo\materials
Loading c:\users\jaeth\desktop\beta map\de_transit\de_transit_a3.vmf
Map revision 57
Patching WVT material: maps/de_transit_a3/asphalt/hr_c/hr_asphalt_001_wvt_patch
fixing up env_cubemap materials on brush sides...
0...1...2...3...4...5...6...7...8...9...100...1...2...3...4...5...6...7...8...9...10Processing areas...done (0)
Building Faces...done (0)
Chop Details...done (0)
Find Visible Detail Sides...
Merged 120 detail faces...done (0)
Merging details...done (0)
FixTjuncs...
PruneNodes...
WriteBSP...
done (0)
writing c:\users\jaeth\desktop\beta map\de_transit\de_transit_a3.prt...Building visibility clusters...
done (0)
Finding displacement neighbors...
Finding lightmap sample positions...
Displacement Alpha : 0...1...2...3...4...5...6...7...8...9...10
Building Physics collision data...
done (0) (65181 bytes)
Placing detail props : 0...1...2...3...4...5...6...7...8...9...10
Compacting texture/material tables...
Reduced 78 texinfos to 54
Reduced 10 texdatas to 8 (298 bytes to 243)
Writing c:\users\jaeth\desktop\beta map\de_transit\de_transit_a3.bsp
0 seconds elapsed



2 threads
reading c:\users\jaeth\desktop\beta map\de_transit\de_transit_a3.bsp
reading c:\users\jaeth\desktop\beta map\de_transit\de_transit_a3.prt
 205 portalclusters
 598 numportals
0...1...2...3...4...5...6...7...8...9...100...1...2...3...4...5...6...7...8...9...10Optimized: 206 visible clusters (0.00%)
Total clusters visible: 33529
Average clusters visible: 163
Building PAS...
Average clusters audible: 203
visdatasize:12326  compressed from 13120
writing c:\users\jaeth\desktop\beta map\de_transit\de_transit_a3.bsp
1 second elapsed



[Reading texlights from 'lights.rad']
[17 texlights parsed from 'lights.rad']

Loading c:\users\jaeth\desktop\beta map\de_transit\de_transit_a3.bsp
Loaded alpha texture materials\models\props\de_nuke\hr_nuke\chainlink_fence_001\chainlink_fence_wire_001_mip0.vtf
1667 faces
1 degenerate faces
1499898 square feet [215985344.00 square inches]
0 Displacements
0 Square Feet [0.00 Square Inches]
1666 patches before subdivision
52024 patches after subdivision
12 direct lights
0...1...2...3...4...5...6...7...8...9...100...1...2...3...4...5...6...7...8...9...10transfers 2444776, max 412
transfer lists:  18.7 megs
0...1...2...3...4...5...6...7...8...9...10	Bounce #1 added RGB(93825, 25104, 3050)
0...1...2...3...4...5...6...7...8...9...10	Bounce #2 added RGB(42360, 3525, 7)
0...1...2...3...4...5...6...7...8...9...10	Bounce #3 added RGB(23356, 565, 0)
0...1...2...3...4...5...6...7...8...9...10	Bounce #4 added RGB(14795, 102, 0)
0...1...2...3...4...5...6...7...8...9...10	Bounce #5 added RGB(9704, 19, 0)
0...1...2...3...4...5...6...7...8...9...10	Bounce #6 added RGB(6515, 4, 0)
0...1...2...3...4...5...6...7...8...9...10	Bounce #7 added RGB(4407, 1, 0)
0...1...2...3...4...5...6...7...8...9...10	Bounce #8 added RGB(3001, 0, 0)
0...1...2...3...4...5...6...7...8...9...10	Bounce #9 added RGB(2048, 0, 0)
0...1...2...3...4...5...6...7...8...9...10	Bounce #10 added RGB(1402, 0, 0)
0...1...2...3...4...5...6...7...8...9...10	Bounce #11 added RGB(960, 0, 0)
0...1...2...3...4...5...6...7...8...9...10	Bounce #12 added RGB(660, 0, 0)
0...1...2...3...4...5...6...7...8...9...10	Bounce #13 added RGB(453, 0, 0)
0...1...2...3...4...5...6...7...8...9...10	Bounce #14 added RGB(312, 0, 0)
0...1...2...3...4...5...6...7...8...9...10	Bounce #15 added RGB(215, 0, 0)
0...1...2...3...4...5...6...7...8...9...10	Bounce #16 added RGB(149, 0, 0)
0...1...2...3...4...5...6...7...8...9...10	Bounce #17 added RGB(103, 0, 0)
0...1...2...3...4...5...6...7...8...9...10	Bounce #18 added RGB(71, 0, 0)
0...1...2...3...4...5...6...7...8...9...10	Bounce #19 added RGB(49, 0, 0)
0...1...2...3...4...5...6...7...8...9...10	Bounce #20 added RGB(34, 0, 0)
0...1...2...3...4...5...6...7...8...9...10	Bounce #21 added RGB(24, 0, 0)
0...1...2...3...4...5...6...7...8...9...10	Bounce #22 added RGB(17, 0, 0)
0...1...2...3...4...5...6...7...8...9...10	Bounce #23 added RGB(12, 0, 0)
0...1...2...3...4...5...6...7...8...9...10	Bounce #24 added RGB(8, 0, 0)
0...1...2...3...4...5...6...7...8...9...10	Bounce #25 added RGB(6, 0, 0)
0...1...2...3...4...5...6...7...8...9...10	Bounce #26 added RGB(4, 0, 0)
0...1...2...3...4...5...6...7...8...9...10	Bounce #27 added RGB(3, 0, 0)
0...1...2...3...4...5...6...7...8...9...10	Bounce #28 added RGB(2, 0, 0)
0...1...2...3...4...5...6...7...8...9...10	Bounce #29 added RGB(1, 0, 0)
0...1...2...3...4...5...6...7...8...9...10	Bounce #30 added RGB(1, 0, 0)
Build Patch/Sample Hash Table(s).....Done<0.0182 sec>
0...1...2...3...4...5...6...7...8...9...10FinalLightFace Done
0 of 0 (0% of) surface lights went in leaf ambient cubes.
0...1...2...3...4...5...6...7...8...9...10Writing leaf ambient...done
Computing static prop lighting : 00...1...2...3...4...5...6...7...8...9...10
Ready to Finish

Object names       Objects/Maxobjs  Memory / Maxmem  Fullness 
------------       ---------------  ---------------  -------- 
models                   3/1024          144/49152    ( 0.3%) 
brushes                191/8192         2292/98304    ( 2.3%) 
brushsides            1393/65536       11144/524288   ( 2.1%) 
planes                1016/65536       20320/1310720  ( 1.6%) 
vertexes              2332/65536       27984/786432   ( 3.6%) 
nodes                  575/65536       18400/2097152  ( 0.9%) 
texinfos                54/12288        3888/884736   ( 0.4%) 
texdata                  8/2048          256/65536    ( 0.4%) 
dispinfos                0/0               0/0        ( 0.0%) 
disp_verts               0/0               0/0        ( 0.0%) 
disp_tris                0/0               0/0        ( 0.0%) 
disp_multiblend          0/0               0/0        ( 0.0%) 
disp_lmsamples           0/0               0/0        ( 0.0%) 
faces                 1667/65536       93352/3670016  ( 2.5%) 
hdr faces                0/65536           0/3670016  ( 0.0%) 
origfaces              668/65536       37408/3670016  ( 1.0%) 
facebrushes            182/0             364/0        ( 0.0%) 
facebrushlists        1667/0            6668/0        ( 0.0%) 
leaves                 579/65536       18528/2097152  ( 0.9%) 
leaffaces             2319/65536        4638/131072   ( 3.5%) 
leafbrushes            626/65536        1252/131072   ( 1.0%) 
areas                    3/1024           24/8192     ( 0.3%) 
surfedges            10412/512000      41648/2048000  ( 2.0%) 
edges                 5705/256000      22820/1024000  ( 2.2%) 
LDR worldlights         11/8192         1100/819200   ( 0.1%) 
HDR worldlights          0/8192            0/819200   ( 0.0%) 
leafwaterdata            0/32768           0/393216   ( 0.0%) 
waterstrips            140/32768        1400/327680   ( 0.4%) 
waterverts               0/65536           0/786432   ( 0.0%) 
waterindices          2166/65536        4332/131072   ( 3.3%) 
cubemapsamples           0/1024            0/16384    ( 0.0%) 
overlays                 1/1024          352/360448   ( 0.1%) 
LDR lightdata         [variable]     2775452/0        ( 0.0%) 
HDR lightdata         [variable]           0/0        ( 0.0%) 
visdata               [variable]       12326/16777216 ( 0.1%) 
entdata               [variable]        4361/393216   ( 1.1%) 
LDR ambient table      579/65536        2316/262144   ( 0.9%) 
HDR ambient table      579/65536        2316/262144   ( 0.9%) 
LDR leaf ambient      2791/65536       78148/1835008  ( 4.3%) 
HDR leaf ambient       579/65536       16212/1835008  ( 0.9%) 
occluders                0/0               0/0        ( 0.0%) 
occluder polygons        0/0               0/0        ( 0.0%) 
occluder vert ind        0/0               0/0        ( 0.0%) 
detail props          [variable]           1/12       ( 8.3%) 
static props          [variable]           1/3712     ( 0.0%) 
pakfile               [variable]     1362711/0        ( 0.0%) 
physics               [variable]       65181/4194304  ( 1.6%) 
physics terrain       [variable]           2/1048576  ( 0.0%) 

Level flags = 1d

Total triangle count: 4406
Writing c:\users\jaeth\desktop\beta map\de_transit\de_transit_a3.bsp
3 minutes, 30 seconds elapsed



[Reading texlights from 'lights.rad']
[17 texlights parsed from 'lights.rad']

Loading c:\users\jaeth\desktop\beta map\de_transit\de_transit_a3.bsp
Loaded alpha texture materials\models\props\de_nuke\hr_nuke\chainlink_fence_001\chainlink_fence_wire_001_mip0.vtf
1667 faces
1 degenerate faces
1499898 square feet [215985344.00 square inches]
0 Displacements
0 Square Feet [0.00 Square Inches]
1666 patches before subdivision
52024 patches after subdivision
12 direct lights
0...1...2...3...4...5...6...7...8...9...100...1...2...3...4...5...6...7...8...9...10transfers 2444776, max 412
transfer lists:  18.7 megs
0...1...2...3...4...5...6...7...8...9...10	Bounce #1 added RGB(93826, 25104, 3050)
0...1...2...3...4...5...6...7...8...9...10	Bounce #2 added RGB(42361, 3525, 7)
0...1...2...3...4...5...6...7...8...9...10	Bounce #3 added RGB(23356, 565, 0)
0...1...2...3...4...5...6...7...8...9...10	Bounce #4 added RGB(14795, 102, 0)
0...1...2...3...4...5...6...7...8...9...10	Bounce #5 added RGB(9704, 19, 0)
0...1...2...3...4...5...6...7...8...9...10	Bounce #6 added RGB(6515, 4, 0)
0...1...2...3...4...5...6...7...8...9...10	Bounce #7 added RGB(4407, 1, 0)
0...1...2...3...4...5...6...7...8...9...10	Bounce #8 added RGB(3001, 0, 0)
0...1...2...3...4...5...6...7...8...9...10	Bounce #9 added RGB(2048, 0, 0)
0...1...2...3...4...5...6...7...8...9...10	Bounce #10 added RGB(1402, 0, 0)
0...1...2...3...4...5...6...7...8...9...10	Bounce #11 added RGB(960, 0, 0)
0...1...2...3...4...5...6...7...8...9...10	Bounce #12 added RGB(660, 0, 0)
0...1...2...3...4...5...6...7...8...9...10	Bounce #13 added RGB(453, 0, 0)
0...1...2...3...4...5...6...7...8...9...10	Bounce #14 added RGB(312, 0, 0)
0...1...2...3...4...5...6...7...8...9...10	Bounce #15 added RGB(215, 0, 0)
0...1...2...3...4...5...6...7...8...9...10	Bounce #16 added RGB(149, 0, 0)
0...1...2...3...4...5...6...7...8...9...10	Bounce #17 added RGB(103, 0, 0)
0...1...2...3...4...5...6...7...8...9...10	Bounce #18 added RGB(71, 0, 0)
0...1...2...3...4...5...6...7...8...9...10	Bounce #19 added RGB(49, 0, 0)
0...1...2...3...4...5...6...7...8...9...10	Bounce #20 added RGB(34, 0, 0)
0...1...2...3...4...5...6...7...8...9...10	Bounce #21 added RGB(24, 0, 0)
0...1...2...3...4...5...6...7...8...9...10	Bounce #22 added RGB(17, 0, 0)
0...1...2...3...4...5...6...7...8...9...10	Bounce #23 added RGB(12, 0, 0)
0...1...2...3...4...5...6...7...8...9...10	Bounce #24 added RGB(8, 0, 0)
0...1...2...3...4...5...6...7...8...9...10	Bounce #25 added RGB(6, 0, 0)
0...1...2...3...4...5...6...7...8...9...10	Bounce #26 added RGB(4, 0, 0)
0...1...2...3...4...5...6...7...8...9...10	Bounce #27 added RGB(3, 0, 0)
0...1...2...3...4...5...6...7...8...9...10	Bounce #28 added RGB(2, 0, 0)
0...1...2...3...4...5...6...7...8...9...10	Bounce #29 added RGB(1, 0, 0)
0...1...2...3...4...5...6...7...8...9...10	Bounce #30 added RGB(1, 0, 0)
Build Patch/Sample Hash Table(s).....Done<0.0185 sec>
0...1...2...3...4...5...6...7...8...9...10FinalLightFace Done
0 of 0 (0% of) surface lights went in leaf ambient cubes.
0...1...2...3...4...5...6...7...8...9...10Writing leaf ambient...done
Computing static prop lighting : 00...1...2...3...4...5...6...7...8...9...10
Ready to Finish

Object names       Objects/Maxobjs  Memory / Maxmem  Fullness 
------------       ---------------  ---------------  -------- 
models                   3/1024          144/49152    ( 0.3%) 
brushes                191/8192         2292/98304    ( 2.3%) 
brushsides            1393/65536       11144/524288   ( 2.1%) 
planes                1016/65536       20320/1310720  ( 1.6%) 
vertexes              2332/65536       27984/786432   ( 3.6%) 
nodes                  575/65536       18400/2097152  ( 0.9%) 
texinfos                54/12288        3888/884736   ( 0.4%) 
texdata                  8/2048          256/65536    ( 0.4%) 
dispinfos                0/0               0/0        ( 0.0%) 
disp_verts               0/0               0/0        ( 0.0%) 
disp_tris                0/0               0/0        ( 0.0%) 
disp_multiblend          0/0               0/0        ( 0.0%) 
disp_lmsamples           0/0               0/0        ( 0.0%) 
faces                 1667/65536       93352/3670016  ( 2.5%) 
hdr faces             1667/65536       93352/3670016  ( 2.5%) 
origfaces              668/65536       37408/3670016  ( 1.0%) 
facebrushes            182/0             364/0        ( 0.0%) 
facebrushlists        1667/0            6668/0        ( 0.0%) 
leaves                 579/65536       18528/2097152  ( 0.9%) 
leaffaces             2319/65536        4638/131072   ( 3.5%) 
leafbrushes            626/65536        1252/131072   ( 1.0%) 
areas                    3/1024           24/8192     ( 0.3%) 
surfedges            10412/512000      41648/2048000  ( 2.0%) 
edges                 5705/256000      22820/1024000  ( 2.2%) 
LDR worldlights         11/8192         1100/819200   ( 0.1%) 
HDR worldlights         11/8192         1100/819200   ( 0.1%) 
leafwaterdata            0/32768           0/393216   ( 0.0%) 
waterstrips            140/32768        1400/327680   ( 0.4%) 
waterverts               0/65536           0/786432   ( 0.0%) 
waterindices          2166/65536        4332/131072   ( 3.3%) 
cubemapsamples           0/1024            0/16384    ( 0.0%) 
overlays                 1/1024          352/360448   ( 0.1%) 
LDR lightdata         [variable]     2775452/0        ( 0.0%) 
HDR lightdata         [variable]     2775452/0        ( 0.0%) 
visdata               [variable]       12326/16777216 ( 0.1%) 
entdata               [variable]        4361/393216   ( 1.1%) 
LDR ambient table      579/65536        2316/262144   ( 0.9%) 
HDR ambient table      579/65536        2316/262144   ( 0.9%) 
LDR leaf ambient      2791/65536       78148/1835008  ( 4.3%) 
HDR leaf ambient      2791/65536       78148/1835008  ( 4.3%) 
occluders                0/0               0/0        ( 0.0%) 
occluder polygons        0/0               0/0        ( 0.0%) 
occluder vert ind        0/0               0/0        ( 0.0%) 
detail props          [variable]           1/12       ( 8.3%) 
static props          [variable]           1/3712     ( 0.0%) 
pakfile               [variable]     2650769/0        ( 0.0%) 
physics               [variable]       65181/4194304  ( 1.6%) 
physics terrain       [variable]           2/1048576  ( 0.0%) 

Level flags = 1f

Total triangle count: 4406
Writing c:\users\jaeth\desktop\beta map\de_transit\de_transit_a3.bsp
3 minutes, 6 seconds elapsed
