PRT1
337
1129
4 0 2 (1984 4096 1024 ) (1024 4096 1024 ) (1024 4096 -1024 ) (1984 4096 -1024 ) 
4 0 1 (1024 4096 -1024 ) (1024 4096 1024 ) (1024 4544 1024 ) (1024 4544 -1024 ) 
4 1 41 (0 4096 -1024 ) (0 4096 1024 ) (0 4544 1024 ) (0 4544 -1024 ) 
4 1 3 (1024 4096 -1024 ) (1024 4096 1024 ) (0 4096 1024 ) (0 4096 -1024 ) 
4 2 4 (1024 3072 1024 ) (1024 3072 -1024 ) (1984 3072 -1024 ) (1984 3072 1024 ) 
4 2 3 (1024 4096 1024 ) (1024 4096 -1024 ) (1024 3072 -1024 ) (1024 3072 1024 ) 
4 3 45 (0 3072 -1024 ) (0 3072 1024 ) (0 4096 1024 ) (0 4096 -1024 ) 
4 3 9 (152 3072 -448 ) (0 3072 -448 ) (0 3072 -1024 ) (152 3072 -1024 ) 
4 3 8 (1024 3072 -1024 ) (1024 3072 -512 ) (152 3072 -512 ) (152 3072 -1024 ) 
4 3 7 (280 3072 -448 ) (152 3072 -448 ) (152 3072 -512 ) (280 3072 -512 ) 
4 3 6 (1024 3072 -512 ) (1024 3072 -448 ) (280 3072 -448 ) (280 3072 -512 ) 
4 3 5 (1024 3072 -448 ) (1024 3072 1024 ) (0 3072 1024 ) (0 3072 -448 ) 
4 4 14 (1024 2048 -953 ) (1024 2048 -1024 ) (1760 2048 -1024 ) (1760 2048 -953 ) 
4 4 13 (1760 2048 -1024 ) (1984 2048 -1024 ) (1984 2048 -953 ) (1760 2048 -953 ) 
4 4 12 (1024 2048 1024 ) (1024 2048 -953 ) (1984 2048 -953 ) (1984 2048 1024 ) 
4 4 8 (1024 2048 -1024 ) (1024 2048 -512 ) (1024 3072 -512 ) (1024 3072 -1024 ) 
4 4 6 (1024 2048 -512 ) (1024 2048 -448 ) (1024 3072 -448 ) (1024 3072 -512 ) 
4 4 5 (1024 2048 -448 ) (1024 2048 1024 ) (1024 3072 1024 ) (1024 3072 -448 ) 
4 5 47 (0 2048 -448 ) (0 2048 1024 ) (0 3072 1024 ) (0 3072 -448 ) 
4 5 20 (0 2048 1024 ) (0 2048 -448 ) (152 2048 -448 ) (152 2048 1024 ) 
4 5 18 (152 2048 -448 ) (280 2048 -448 ) (280 2048 1024 ) (152 2048 1024 ) 
4 5 17 (280 2048 -448 ) (1024 2048 -448 ) (1024 2048 1024 ) (280 2048 1024 ) 
4 5 10 (152 2564 -448 ) (152 2048 -448 ) (0 2048 -448 ) (0 2564 -448 ) 
4 5 9 (0 3072 -448 ) (152 3072 -448 ) (152 2564 -448 ) (0 2564 -448 ) 
4 5 7 (152 3072 -448 ) (280 3072 -448 ) (280 2564 -448 ) (152 2564 -448 ) 
4 5 6 (280 3072 -448 ) (1024 3072 -448 ) (1024 2048 -448 ) (280 2048 -448 ) 
4 6 17 (1024 2048 -512 ) (1024 2048 -448 ) (280 2048 -448 ) (280 2048 -512 ) 
4 6 8 (280 3072 -512 ) (1024 3072 -512 ) (1024 2048 -512 ) (280 2048 -512 ) 
4 6 7 (280 3072 -512 ) (280 2564 -512 ) (280 2564 -448 ) (280 3072 -448 ) 
4 7 9 (152 2564 -448 ) (152 3072 -448 ) (152 3072 -512 ) (152 2564 -512 ) 
4 7 8 (152 2564 -512 ) (152 3072 -512 ) (280 3072 -512 ) (280 2564 -512 ) 
4 8 40 (1024 2048 -1024 ) (1024 2048 -992 ) (152 2048 -992 ) (152 2048 -1024 ) 
4 8 37 (1024 2048 -992 ) (1024 2048 -953 ) (152 2048 -953 ) (152 2048 -992 ) 
4 8 21 (1024 2048 -953 ) (1024 2048 -544 ) (490 2048 -544 ) (490 2048 -953 ) 
4 8 36 (490 2048 -544 ) (152 2048 -544 ) (152 2048 -953 ) (490 2048 -953 ) 
4 8 19 (280 2048 -512 ) (152 2048 -512 ) (152 2048 -544 ) (280 2048 -544 ) 
4 8 17 (1024 2048 -544 ) (1024 2048 -512 ) (280 2048 -512 ) (280 2048 -544 ) 
4 8 11 (152 2048 -1024 ) (152 2048 -544 ) (152 2564 -544 ) (152 2564 -1024 ) 
4 8 9 (152 2564 -512 ) (152 3072 -512 ) (152 3072 -1024 ) (152 2564 -1024 ) 
4 9 48 (0 3072 -480 ) (0 3072 -1024 ) (0 2564 -1024 ) (0 2564 -480 ) 
4 9 47 (0 2564 -448 ) (0 3072 -448 ) (0 3072 -480 ) (0 2564 -480 ) 
4 9 10 (152 2564 -480 ) (152 2564 -448 ) (0 2564 -448 ) (0 2564 -480 ) 
4 9 11 (0 2564 -1024 ) (152 2564 -1024 ) (152 2564 -544 ) (0 2564 -544 ) 
4 10 47 (0 2048 -480 ) (0 2048 -448 ) (0 2564 -448 ) (0 2564 -480 ) 
4 10 20 (0 2048 -448 ) (0 2048 -480 ) (152 2048 -480 ) (152 2048 -448 ) 
4 11 49 (0 2048 -1024 ) (0 2048 -544 ) (0 2564 -544 ) (0 2564 -1024 ) 
4 11 40 (0 2048 -992 ) (0 2048 -1024 ) (152 2048 -1024 ) (152 2048 -992 ) 
4 11 37 (0 2048 -953 ) (0 2048 -992 ) (152 2048 -992 ) (152 2048 -953 ) 
4 11 36 (0 2048 -544 ) (0 2048 -953 ) (152 2048 -953 ) (152 2048 -544 ) 
4 12 81 (1024 1024 1024 ) (1024 1024 -953 ) (1984 1024 -953 ) (1984 1024 1024 ) 
4 12 23 (1024 1632 -953 ) (1024 1024 -953 ) (1024 1024 -664 ) (1024 1632 -664 ) 
4 12 22 (1024 1024 -664 ) (1024 1024 -544 ) (1024 1632 -544 ) (1024 1632 -664 ) 
4 12 21 (1024 2048 -544 ) (1024 2048 -953 ) (1024 1632 -953 ) (1024 1632 -544 ) 
4 12 17 (1024 2048 1024 ) (1024 2048 -544 ) (1024 1024 -544 ) (1024 1024 1024 ) 
4 12 14 (1024 2048 -953 ) (1760 2048 -953 ) (1760 1608 -953 ) (1024 1608 -953 ) 
4 12 16 (1760 1228 -953 ) (1760 1024 -953 ) (1024 1024 -953 ) (1024 1228 -953 ) 
4 12 13 (1760 2048 -953 ) (1984 2048 -953 ) (1984 1024 -953 ) (1760 1024 -953 ) 
4 13 81 (1760 1024 -1024 ) (1984 1024 -1024 ) (1984 1024 -953 ) (1760 1024 -953 ) 
4 13 15 (1760 1608 -1024 ) (1760 1228 -1024 ) (1760 1228 -992 ) (1760 1608 -992 ) 
4 13 14 (1760 2048 -1024 ) (1760 1608 -1024 ) (1760 1608 -953 ) (1760 2048 -953 ) 
4 13 16 (1760 1228 -1024 ) (1760 1024 -1024 ) (1760 1024 -953 ) (1760 1228 -953 ) 
4 14 40 (1024 2048 -992 ) (1024 2048 -1024 ) (1024 1608 -1024 ) (1024 1608 -992 ) 
4 14 37 (1024 2048 -953 ) (1024 2048 -992 ) (1024 1608 -992 ) (1024 1608 -953 ) 
4 14 15 (1024 1608 -1024 ) (1760 1608 -1024 ) (1760 1608 -992 ) (1024 1608 -992 ) 
4 15 40 (1024 1608 -1024 ) (1024 1228 -1024 ) (1024 1228 -992 ) (1024 1608 -992 ) 
4 15 16 (1024 1228 -1024 ) (1760 1228 -1024 ) (1760 1228 -992 ) (1024 1228 -992 ) 
4 16 81 (1024 1024 -953 ) (1024 1024 -1024 ) (1760 1024 -1024 ) (1760 1024 -953 ) 
4 16 40 (1024 1228 -1024 ) (1024 1024 -1024 ) (1024 1024 -992 ) (1024 1228 -992 ) 
4 16 38 (1024 1024 -992 ) (1024 1024 -953 ) (1024 1228 -953 ) (1024 1228 -992 ) 
4 17 82 (1024 1024 -544 ) (1024 1024 1024 ) (280 1024 1024 ) (280 1024 -544 ) 
4 17 22 (1024 1024 -544 ) (490 1024 -544 ) (490 1632 -544 ) (1024 1632 -544 ) 
4 17 21 (490 1632 -544 ) (490 2048 -544 ) (1024 2048 -544 ) (1024 1632 -544 ) 
4 17 36 (490 1024 -544 ) (280 1024 -544 ) (280 2048 -544 ) (490 2048 -544 ) 
4 17 18 (280 1024 -448 ) (280 1024 1024 ) (280 2048 1024 ) (280 2048 -448 ) 
4 17 19 (280 2048 -544 ) (280 1024 -544 ) (280 1024 -512 ) (280 2048 -512 ) 
4 18 83 (280 1024 1024 ) (152 1024 1024 ) (152 1024 -448 ) (280 1024 -448 ) 
4 18 20 (152 1024 -448 ) (152 1024 1024 ) (152 2048 1024 ) (152 2048 -448 ) 
4 19 84 (152 1024 -512 ) (152 1024 -544 ) (280 1024 -544 ) (280 1024 -512 ) 
4 19 36 (280 1024 -544 ) (152 1024 -544 ) (152 2048 -544 ) (280 2048 -544 ) 
4 20 85 (0 1024 1024 ) (0 1024 -480 ) (152 1024 -480 ) (152 1024 1024 ) 
4 20 53 (0 1024 -480 ) (0 1024 1024 ) (0 2048 1024 ) (0 2048 -480 ) 
4 21 37 (490 2048 -953 ) (1024 2048 -953 ) (1024 1632 -953 ) (490 1632 -953 ) 
3 21 35 (722.152039 1632 -706 ) (725 1632 -708.550049 ) (725 1632 -706 ) 
4 21 33 (782.463684 1632 -760.003052 ) (889.695007 1632 -664 ) (725 1632 -664 ) (725 1632 -708.550049 ) 
4 21 24 (572 1632 -948.428894 ) (782.463684 1632 -760.003052 ) (722.152039 1632 -706 ) (572 1632 -706 ) 
5 21 25 (490 1632 -664 ) (490 1632 -953 ) (566.894287 1632 -953 ) (572 1632 -948.428894 ) (572 1632 -664 ) 
4 21 23 (566.894287 1632 -953 ) (1024 1632 -953 ) (1024 1632 -664 ) (889.695007 1632 -664 ) 
4 21 22 (490 1632 -544 ) (490 1632 -664 ) (1024 1632 -664 ) (1024 1632 -544 ) 
4 21 36 (490 2048 -953 ) (490 1632 -953 ) (490 1632 -544 ) (490 2048 -544 ) 
4 22 86 (1024 1024 -664 ) (1024 1024 -544 ) (490 1024 -544 ) (490 1024 -664 ) 
4 22 34 (889.694946 1630 -664 ) (889.694458 1024 -664 ) (725 1024 -664 ) (725 1630 -664 ) 
4 22 33 (725 1632 -664 ) (889.694946 1632 -664 ) (889.694946 1630 -664 ) (725 1630 -664 ) 
4 22 30 (490 1024 -664 ) (490 1629 -664 ) (516 1629 -664 ) (516 1024 -664 ) 
4 22 27 (516 1629 -664 ) (572 1629 -664 ) (572 1024 -664 ) (516 1024 -664 ) 
4 22 25 (490 1629 -664 ) (490 1632 -664 ) (572 1632 -664 ) (572 1629 -664 ) 
4 22 23 (889.694946 1632 -664 ) (1024 1632 -664 ) (1024 1024 -664 ) (889.694458 1024 -664 ) 
4 22 36 (490 1024 -664 ) (490 1024 -544 ) (490 1632 -544 ) (490 1632 -664 ) 
4 23 87 (1024 1024 -953 ) (1024 1024 -664 ) (889.694458 1024 -664 ) (566.893738 1024 -953 ) 
4 23 38 (1024 1228 -953 ) (1024 1024 -953 ) (809 1024 -953 ) (809 1228 -953 ) 
4 23 37 (1024 1632 -953 ) (1024 1608 -953 ) (566.894287 1608 -953 ) (566.894287 1632 -953 ) 
4 23 34 (889.690552 1024 -664 ) (889.691223 1630 -664 ) (803 1630 -741.613342 ) (803 1024 -741.613037 ) 
4 23 33 (889.691223 1630 -664 ) (889.691223 1632 -664 ) (782.461792 1632 -760.001404 ) (782.461792 1630 -760.001404 ) 
4 23 28 (566.890564 1629 -953 ) (566.889893 1024 -953 ) (572 1024 -948.424988 ) (572 1629 -948.425598 ) 
4 23 26 (572 1024 -948.424988 ) (782.461670 1024 -760 ) (782.461792 1629 -760.001404 ) (572 1629 -948.425598 ) 
4 23 24 (782.461792 1632 -760.001404 ) (572 1632 -948.425598 ) (572 1629 -948.425598 ) (782.461792 1629 -760.001404 ) 
4 23 25 (572 1632 -948.425598 ) (566.890564 1632 -953 ) (566.890564 1629 -953 ) (572 1629 -948.425598 ) 
4 24 35 (725 1630 -708.550171 ) (725 1632 -708.550171 ) (722.151917 1632 -706 ) (722.151917 1630 -706 ) 
4 24 33 (782.465332 1630 -760.005188 ) (782.465332 1632 -760.005188 ) (725 1632 -708.550171 ) (725 1630 -708.550171 ) 
5 24 26 (572 1629 -948.425354 ) (782.460938 1629 -760 ) (722.152710 1629 -706 ) (575.841858 1629 -706 ) (572 1629 -709.440063 ) 
4 24 25 (572 1632 -948.429688 ) (572 1629 -948.429688 ) (572 1629 -706 ) (572 1632 -706 ) 
4 25 37 (490 1629 -953 ) (490 1632 -953 ) (566.894287 1632 -953 ) (566.894287 1629 -953 ) 
3 25 32 (516 1629 -760.416382 ) (516 1629 -759.582764 ) (515.534485 1629 -760 ) 
5 25 31 (490 1629 -759 ) (490 1629 -953 ) (516 1629 -953 ) (516 1629 -760.416382 ) (514.418152 1629 -759 ) 
5 25 30 (516 1629 -664 ) (490 1629 -664 ) (490 1629 -737.135986 ) (495.001099 1629 -741.613953 ) (516 1629 -722.812988 ) 
3 25 29 (490 1629 -737.135986 ) (490 1629 -759 ) (514.418152 1629 -759 ) 
5 25 28 (566.890381 1629 -953 ) (572 1629 -948.425354 ) (572 1629 -709.440063 ) (516 1629 -759.582764 ) (516 1629 -953 ) 
4 25 27 (572 1629 -672.674316 ) (572 1629 -664 ) (516 1629 -664 ) (516 1629 -722.812988 ) 
4 25 36 (490 1632 -953 ) (490 1629 -953 ) (490 1629 -664 ) (490 1632 -664 ) 
5 26 89 (572 1024 -709.440063 ) (572 1024 -948.428406 ) (782.463562 1024 -760.002625 ) (722.152405 1024 -706 ) (575.841858 1024 -706 ) 
4 26 28 (572 1629 -709.440063 ) (572 1629 -948.428955 ) (572 1024 -948.428345 ) (572 1024 -709.440063 ) 
4 27 88 (572 1024 -664 ) (516 1024 -664 ) (516 1024 -722.812988 ) (572 1024 -672.674377 ) 
4 27 30 (516 1629 -664 ) (516 1629 -722.812988 ) (516 1024 -722.812988 ) (516 1024 -664 ) 
5 28 90 (516 1024 -759.582764 ) (516 1024 -953 ) (566.893738 1024 -953 ) (572 1024 -948.428406 ) (572 1024 -709.439941 ) 
4 28 37 (516 1608 -953 ) (516 1629 -953 ) (566.894287 1629 -953 ) (566.894287 1608 -953 ) 
4 28 32 (516 1629 -759.582764 ) (516 1629 -760.416382 ) (516 1263 -760.416382 ) (516 1263 -759.582764 ) 
4 28 31 (516 1629 -760.416382 ) (516 1629 -953 ) (516 1263 -953 ) (516 1263 -760.416382 ) 
3 29 93 (490 1024 -737.135986 ) (490 1024 -759 ) (514.418152 1024 -759 ) 
4 29 31 (490 1263 -759 ) (490 1629 -759 ) (514.418152 1629 -759 ) (514.418152 1263 -759 ) 
4 29 30 (495 1629 -741.614868 ) (490 1629 -737.137817 ) (490 1024 -737.137817 ) (495 1024 -741.614868 ) 
4 29 36 (490 1024 -759 ) (490 1024 -737.135986 ) (490 1629 -737.135986 ) (490 1629 -759 ) 
5 30 94 (516 1024 -664 ) (490 1024 -664 ) (490 1024 -737.135986 ) (495.001099 1024 -741.613953 ) (516 1024 -722.812988 ) 
4 30 36 (490 1024 -737.135986 ) (490 1024 -664 ) (490 1629 -664 ) (490 1629 -737.135986 ) 
4 31 37 (490 1608 -953 ) (490 1629 -953 ) (516 1629 -953 ) (516 1608 -953 ) 
4 31 32 (515.532471 1263 -760.001404 ) (516 1263 -760.420044 ) (516 1629 -760.420044 ) (515.532471 1629 -760.001404 ) 
4 31 36 (490 1629 -953 ) (490 1263 -953 ) (490 1263 -759 ) (490 1629 -759 ) 
4 33 35 (725 1632 -708.553589 ) (725 1630 -708.553589 ) (725 1630 -706 ) (725 1632 -706 ) 
4 33 34 (725 1630 -664 ) (725 1630 -671.777039 ) (803.002380 1630 -741.615112 ) (889.695129 1630 -664 ) 
3 34 92 (763.223694 1024 -706 ) (803.001953 1024 -741.614807 ) (842.782227 1024 -706 ) 
5 34 91 (889.694458 1024 -664 ) (725 1024 -664 ) (725 1024 -671.777039 ) (763.223694 1024 -706 ) (842.782227 1024 -706 ) 
4 36 95 (0 1024 -664 ) (0 1024 -953 ) (490 1024 -953 ) (490 1024 -664 ) 
4 36 86 (490 1024 -544 ) (0 1024 -544 ) (0 1024 -664 ) (490 1024 -664 ) 
4 36 54 (0 1024 -953 ) (0 1024 -544 ) (0 2048 -544 ) (0 2048 -953 ) 
4 36 39 (0 1024 -953 ) (0 1228 -953 ) (490 1228 -953 ) (490 1024 -953 ) 
4 36 37 (0 1608 -953 ) (0 2048 -953 ) (490 2048 -953 ) (490 1608 -953 ) 
4 37 55 (0 1608 -953 ) (0 2048 -953 ) (0 2048 -992 ) (0 1608 -992 ) 
4 37 40 (0 1608 -992 ) (0 2048 -992 ) (1024 2048 -992 ) (1024 1608 -992 ) 
4 38 96 (1024 1024 -992 ) (1024 1024 -953 ) (809 1024 -953 ) (809 1024 -992 ) 
4 38 40 (1024 1024 -992 ) (809 1024 -992 ) (809 1228 -992 ) (1024 1228 -992 ) 
4 39 98 (490 1024 -953 ) (0 1024 -953 ) (0 1024 -992 ) (490 1024 -992 ) 
4 39 57 (0 1024 -992 ) (0 1024 -953 ) (0 1228 -953 ) (0 1228 -992 ) 
4 39 40 (490 1024 -992 ) (0 1024 -992 ) (0 1228 -992 ) (490 1228 -992 ) 
4 40 97 (809 1024 -992 ) (490 1024 -992 ) (490 1024 -1024 ) (809 1024 -1024 ) 
4 40 96 (1024 1024 -1024 ) (1024 1024 -992 ) (809 1024 -992 ) (809 1024 -1024 ) 
4 40 98 (490 1024 -992 ) (0 1024 -992 ) (0 1024 -1024 ) (490 1024 -1024 ) 
4 40 56 (0 1228 -992 ) (0 1608 -992 ) (0 1608 -1024 ) (0 1228 -1024 ) 
4 40 55 (0 1608 -992 ) (0 2048 -992 ) (0 2048 -1024 ) (0 1608 -1024 ) 
4 40 57 (0 1024 -1024 ) (0 1024 -992 ) (0 1228 -992 ) (0 1228 -1024 ) 
4 41 45 (0 4096 -1024 ) (0 4096 1024 ) (-1024 4096 1024 ) (-1024 4096 -1024 ) 
4 41 42 (-1024 4096 -1024 ) (-1024 4096 1024 ) (-1024 4544 1024 ) (-1024 4544 -1024 ) 
4 42 46 (-1024 4096 -1024 ) (-1024 4096 1024 ) (-2048 4096 1024 ) (-2048 4096 -1024 ) 
4 42 43 (-2048 4096 -1024 ) (-2048 4096 1024 ) (-2048 4544 1024 ) (-2048 4544 -1024 ) 
4 43 63 (-2048 4096 -1024 ) (-2048 4096 1024 ) (-3072 4096 1024 ) (-3072 4096 -1024 ) 
4 43 44 (-3072 4096 -1024 ) (-3072 4096 1024 ) (-3072 4544 1024 ) (-3072 4544 -1024 ) 
4 44 64 (-3072 4096 -1024 ) (-3072 4096 1024 ) (-3652 4096 1024 ) (-3652 4096 -1024 ) 
4 45 48 (0 3072 -1024 ) (0 3072 -480 ) (-1024 3072 -480 ) (-1024 3072 -1024 ) 
4 45 47 (0 3072 -480 ) (0 3072 1024 ) (-1024 3072 1024 ) (-1024 3072 -480 ) 
4 45 46 (-1024 4096 1024 ) (-1024 4096 -1024 ) (-1024 3072 -1024 ) (-1024 3072 1024 ) 
4 46 63 (-2048 4096 1024 ) (-2048 4096 -1024 ) (-2048 3072 -1024 ) (-2048 3072 1024 ) 
4 46 51 (-1024 3072 -1024 ) (-1024 3072 -480 ) (-2048 3072 -480 ) (-2048 3072 -1024 ) 
4 46 50 (-1024 3072 -480 ) (-1024 3072 1024 ) (-2048 3072 1024 ) (-2048 3072 -480 ) 
4 47 53 (0 2048 -480 ) (0 2048 1024 ) (-1024 2048 1024 ) (-1024 2048 -480 ) 
4 47 50 (-1024 2048 -480 ) (-1024 2048 1024 ) (-1024 3072 1024 ) (-1024 3072 -480 ) 
4 47 48 (-1024 2564 -480 ) (-1024 3072 -480 ) (0 3072 -480 ) (0 2564 -480 ) 
4 48 51 (-1024 2564 -480 ) (-1024 3072 -480 ) (-1024 3072 -1024 ) (-1024 2564 -1024 ) 
4 48 49 (-1024 2564 -1024 ) (0 2564 -1024 ) (0 2564 -544 ) (-1024 2564 -544 ) 
4 49 55 (0 2048 -1024 ) (0 2048 -953 ) (-1024 2048 -953 ) (-1024 2048 -1024 ) 
4 49 54 (0 2048 -953 ) (0 2048 -544 ) (-1024 2048 -544 ) (-1024 2048 -953 ) 
4 49 52 (-1024 2048 -1024 ) (-1024 2048 -544 ) (-1024 2564 -544 ) (-1024 2564 -1024 ) 
4 50 65 (-2048 2048 -480 ) (-2048 2048 1024 ) (-2048 3072 1024 ) (-2048 3072 -480 ) 
4 50 58 (-2048 2048 1024 ) (-2048 2048 -480 ) (-1024 2048 -480 ) (-1024 2048 1024 ) 
4 50 51 (-2048 2564 -480 ) (-2048 3072 -480 ) (-1024 3072 -480 ) (-1024 2564 -480 ) 
4 51 66 (-2048 2564 -480 ) (-2048 3072 -480 ) (-2048 3072 -1024 ) (-2048 2564 -1024 ) 
4 51 52 (-2048 2564 -1024 ) (-1024 2564 -1024 ) (-1024 2564 -544 ) (-2048 2564 -544 ) 
4 52 67 (-2048 2048 -1024 ) (-2048 2048 -544 ) (-2048 2564 -544 ) (-2048 2564 -1024 ) 
4 52 60 (-2048 2048 -953 ) (-2048 2048 -1024 ) (-1024 2048 -1024 ) (-1024 2048 -953 ) 
4 52 59 (-2048 2048 -544 ) (-2048 2048 -953 ) (-1024 2048 -953 ) (-1024 2048 -544 ) 
4 53 221 (0 1024 -480 ) (0 1024 1024 ) (-1024 1024 1024 ) (-1024 1024 -480 ) 
4 53 58 (-1024 2048 1024 ) (-1024 2048 -480 ) (-1024 1024 -480 ) (-1024 1024 1024 ) 
4 54 222 (0 1024 -953 ) (0 1024 -544 ) (-1024 1024 -544 ) (-1024 1024 -953 ) 
4 54 59 (-1024 2048 -544 ) (-1024 2048 -953 ) (-1024 1024 -953 ) (-1024 1024 -544 ) 
4 54 55 (-1024 1608 -953 ) (-1024 2048 -953 ) (0 2048 -953 ) (0 1608 -953 ) 
4 54 57 (0 1024 -953 ) (-1024 1024 -953 ) (-1024 1228 -953 ) (0 1228 -953 ) 
4 55 60 (-1024 2048 -953 ) (-1024 2048 -1024 ) (-1024 1608 -1024 ) (-1024 1608 -953 ) 
4 55 56 (-1024 1608 -1024 ) (0 1608 -1024 ) (0 1608 -992 ) (-1024 1608 -992 ) 
4 56 61 (-1024 1608 -1024 ) (-1024 1228 -1024 ) (-1024 1228 -992 ) (-1024 1608 -992 ) 
4 56 57 (-1024 1228 -1024 ) (0 1228 -1024 ) (0 1228 -992 ) (-1024 1228 -992 ) 
4 57 222 (0 1024 -1024 ) (0 1024 -953 ) (-1024 1024 -953 ) (-1024 1024 -1024 ) 
4 57 62 (-1024 1228 -1024 ) (-1024 1024 -1024 ) (-1024 1024 -953 ) (-1024 1228 -953 ) 
4 58 223 (-1024 1024 -480 ) (-1024 1024 1024 ) (-2048 1024 1024 ) (-2048 1024 -480 ) 
4 58 69 (-2048 1024 -480 ) (-2048 1024 1024 ) (-2048 2048 1024 ) (-2048 2048 -480 ) 
4 59 224 (-1024 1024 -953 ) (-1024 1024 -544 ) (-2048 1024 -544 ) (-2048 1024 -953 ) 
4 59 70 (-2048 1024 -953 ) (-2048 1024 -544 ) (-2048 2048 -544 ) (-2048 2048 -953 ) 
4 59 60 (-2048 1608 -953 ) (-2048 2048 -953 ) (-1024 2048 -953 ) (-1024 1608 -953 ) 
4 59 62 (-2048 1024 -953 ) (-2048 1228 -953 ) (-1024 1228 -953 ) (-1024 1024 -953 ) 
4 60 72 (-2048 1608 -953 ) (-2048 2048 -953 ) (-2048 2048 -1024 ) (-2048 1608 -1024 ) 
4 60 61 (-2048 1608 -1024 ) (-1024 1608 -1024 ) (-1024 1608 -992 ) (-2048 1608 -992 ) 
4 61 73 (-2048 1608 -992 ) (-2048 1608 -1024 ) (-2048 1228 -1024 ) (-2048 1228 -992 ) 
4 61 62 (-2048 1228 -1024 ) (-1024 1228 -1024 ) (-1024 1228 -992 ) (-2048 1228 -992 ) 
4 62 224 (-1024 1024 -1024 ) (-1024 1024 -953 ) (-2048 1024 -953 ) (-2048 1024 -1024 ) 
4 62 74 (-2048 1024 -1024 ) (-2048 1024 -953 ) (-2048 1228 -953 ) (-2048 1228 -1024 ) 
4 63 66 (-2048 3072 -1024 ) (-2048 3072 -480 ) (-2584 3072 -480 ) (-2584 3072 -1024 ) 
4 63 68 (-2584 3072 -480 ) (-3072 3072 -480 ) (-3072 3072 -1024 ) (-2584 3072 -1024 ) 
4 63 65 (-2048 3072 -480 ) (-2048 3072 1024 ) (-3072 3072 1024 ) (-3072 3072 -480 ) 
4 63 64 (-3072 4096 1024 ) (-3072 4096 -1024 ) (-3072 3072 -1024 ) (-3072 3072 1024 ) 
4 64 75 (-3072 3072 -1024 ) (-3072 3072 1024 ) (-3652 3072 1024 ) (-3652 3072 -1024 ) 
4 65 75 (-3072 3072 1024 ) (-3072 3072 -480 ) (-3072 2048 -480 ) (-3072 2048 1024 ) 
4 65 69 (-2048 2048 -480 ) (-2048 2048 1024 ) (-3072 2048 1024 ) (-3072 2048 -480 ) 
4 65 66 (-2584 2564 -480 ) (-2584 3072 -480 ) (-2048 3072 -480 ) (-2048 2564 -480 ) 
4 65 68 (-2584 2048 -480 ) (-3072 2048 -480 ) (-3072 3072 -480 ) (-2584 3072 -480 ) 
4 66 67 (-2584 2564 -544 ) (-2584 2564 -1024 ) (-2048 2564 -1024 ) (-2048 2564 -544 ) 
4 66 68 (-2584 3072 -1024 ) (-2584 2564 -1024 ) (-2584 2564 -480 ) (-2584 3072 -480 ) 
4 67 72 (-2048 2048 -1024 ) (-2048 2048 -953 ) (-2584 2048 -953 ) (-2584 2048 -1024 ) 
4 67 70 (-2048 2048 -953 ) (-2048 2048 -544 ) (-2584 2048 -544 ) (-2584 2048 -953 ) 
4 67 68 (-2584 2564 -1024 ) (-2584 2048 -1024 ) (-2584 2048 -544 ) (-2584 2564 -544 ) 
4 68 75 (-3072 3072 -480 ) (-3072 3072 -1024 ) (-3072 2048 -1024 ) (-3072 2048 -480 ) 
4 68 72 (-3072 2048 -953 ) (-3072 2048 -1024 ) (-2584 2048 -1024 ) (-2584 2048 -953 ) 
4 68 71 (-2584 2048 -480 ) (-3072 2048 -480 ) (-3072 2048 -953 ) (-2584 2048 -953 ) 
4 69 292 (-2048 1024 -480 ) (-2048 1024 1024 ) (-3072 1024 1024 ) (-3072 1024 -480 ) 
4 69 77 (-3072 1228 1024 ) (-3072 1608 1024 ) (-3072 1608 -480 ) (-3072 1228 -480 ) 
4 69 76 (-3072 1608 1024 ) (-3072 2048 1024 ) (-3072 2048 -480 ) (-3072 1608 -480 ) 
4 69 78 (-3072 1024 -480 ) (-3072 1024 1024 ) (-3072 1228 1024 ) (-3072 1228 -480 ) 
4 69 71 (-2584 1024 -480 ) (-3072 1024 -480 ) (-3072 2048 -480 ) (-2584 2048 -480 ) 
4 70 293 (-2048 1024 -953 ) (-2048 1024 -544 ) (-2584 1024 -544 ) (-2584 1024 -953 ) 
4 70 72 (-2584 1608 -953 ) (-2584 2048 -953 ) (-2048 2048 -953 ) (-2048 1608 -953 ) 
4 70 74 (-2048 1024 -953 ) (-2584 1024 -953 ) (-2584 1228 -953 ) (-2048 1228 -953 ) 
4 70 71 (-2584 2048 -953 ) (-2584 1024 -953 ) (-2584 1024 -544 ) (-2584 2048 -544 ) 
4 71 294 (-2584 1024 -480 ) (-3072 1024 -480 ) (-3072 1024 -953 ) (-2584 1024 -953 ) 
4 71 77 (-3072 1228 -480 ) (-3072 1608 -480 ) (-3072 1608 -953 ) (-3072 1228 -953 ) 
4 71 76 (-3072 1608 -480 ) (-3072 2048 -480 ) (-3072 2048 -953 ) (-3072 1608 -953 ) 
4 71 78 (-3072 1024 -953 ) (-3072 1024 -480 ) (-3072 1228 -480 ) (-3072 1228 -953 ) 
4 71 72 (-3072 1608 -953 ) (-3072 2048 -953 ) (-2584 2048 -953 ) (-2584 1608 -953 ) 
4 71 74 (-2584 1024 -953 ) (-3072 1024 -953 ) (-3072 1228 -953 ) (-2584 1228 -953 ) 
4 72 80 (-3072 2048 -992 ) (-3072 2048 -1024 ) (-3072 1608 -1024 ) (-3072 1608 -992 ) 
4 72 76 (-3072 1608 -953 ) (-3072 2048 -953 ) (-3072 2048 -992 ) (-3072 1608 -992 ) 
4 72 73 (-3072 1608 -1024 ) (-2048 1608 -1024 ) (-2048 1608 -992 ) (-3072 1608 -992 ) 
4 73 80 (-3072 1608 -992 ) (-3072 1608 -1024 ) (-3072 1228 -1024 ) (-3072 1228 -992 ) 
4 73 74 (-3072 1228 -1024 ) (-2048 1228 -1024 ) (-2048 1228 -992 ) (-3072 1228 -992 ) 
4 74 293 (-2048 1024 -1024 ) (-2048 1024 -953 ) (-2584 1024 -953 ) (-2584 1024 -1024 ) 
4 74 294 (-2584 1024 -953 ) (-3072 1024 -953 ) (-3072 1024 -1024 ) (-2584 1024 -1024 ) 
4 74 80 (-3072 1024 -1024 ) (-3072 1024 -992 ) (-3072 1228 -992 ) (-3072 1228 -1024 ) 
4 74 78 (-3072 1024 -992 ) (-3072 1024 -953 ) (-3072 1228 -953 ) (-3072 1228 -992 ) 
4 75 80 (-3072 2048 -1024 ) (-3072 2048 -992 ) (-3652 2048 -992 ) (-3652 2048 -1024 ) 
4 75 76 (-3072 2048 -992 ) (-3072 2048 1024 ) (-3650 2048 1024 ) (-3650 2048 -992 ) 
4 75 79 (-3650 2048 1024 ) (-3652 2048 1024 ) (-3652 2048 -992 ) (-3650 2048 -992 ) 
4 76 80 (-3650 2048 -992 ) (-3072 2048 -992 ) (-3072 1608 -992 ) (-3650 1608 -992 ) 
4 76 77 (-3650 1608 1024 ) (-3650 1608 -953 ) (-3072 1608 -953 ) (-3072 1608 1024 ) 
4 76 79 (-3650 2048 -992 ) (-3650 1608 -992 ) (-3650 1608 1024 ) (-3650 2048 1024 ) 
4 77 79 (-3650 1228 -953 ) (-3650 1228 1024 ) (-3650 1608 1024 ) (-3650 1608 -953 ) 
4 77 78 (-3650 1228 1024 ) (-3650 1228 -953 ) (-3072 1228 -953 ) (-3072 1228 1024 ) 
4 78 305 (-3072 1024 -992 ) (-3072 1024 1024 ) (-3650 1024 1024 ) (-3650 1024 -992 ) 
4 78 80 (-3072 1228 -992 ) (-3072 1024 -992 ) (-3650 1024 -992 ) (-3650 1228 -992 ) 
4 78 79 (-3650 1228 -992 ) (-3650 1024 -992 ) (-3650 1024 1024 ) (-3650 1228 1024 ) 
4 79 305 (-3650 1024 1024 ) (-3652 1024 1024 ) (-3652 1024 -992 ) (-3650 1024 -992 ) 
4 79 80 (-3652 1024 -992 ) (-3652 2048 -992 ) (-3650 2048 -992 ) (-3650 1024 -992 ) 
4 80 305 (-3072 1024 -1024 ) (-3072 1024 -992 ) (-3652 1024 -992 ) (-3652 1024 -1024 ) 
4 81 132 (1024 0 -992 ) (1024 0 -1024 ) (1760 0 -1024 ) (1760 0 -992 ) 
4 81 129 (1024 0 -911 ) (1024 0 -992 ) (1760 0 -992 ) (1760 0 -911 ) 
4 81 101 (1024 0 -628 ) (1024 0 -911 ) (1760 0 -911 ) (1760 0 -628 ) 
4 81 100 (1024 0 1024 ) (1024 0 -628 ) (1760 0 -628 ) (1760 0 1024 ) 
4 81 99 (1760 0 -1024 ) (1984 0 -1024 ) (1984 0 1024 ) (1760 0 1024 ) 
4 81 96 (1024 1024 -953 ) (1024 1024 -1024 ) (1024 0 -1024 ) (1024 0 -953 ) 
4 81 87 (1024 1024 -664 ) (1024 1024 -953 ) (1024 0 -953 ) (1024 0 -664 ) 
4 81 86 (1024 1024 -544 ) (1024 1024 -664 ) (1024 0 -664 ) (1024 0 -544 ) 
4 81 82 (1024 1024 1024 ) (1024 1024 -544 ) (1024 0 -544 ) (1024 0 1024 ) 
4 82 159 (1024 0 -544 ) (1024 0 -512 ) (280 0 -512 ) (280 0 -544 ) 
4 82 148 (664 0 -456 ) (664 0 -512 ) (728 0 -512 ) (728 0 -456 ) 
4 82 147 (728 0 -443 ) (664 0 -443 ) (664 0 -456 ) (728 0 -456 ) 
4 82 146 (1024 0 -512 ) (1024 0 -443 ) (728 0 -443 ) (728 0 -512 ) 
4 82 151 (664 0 -443 ) (280 0 -443 ) (280 0 -512 ) (664 0 -512 ) 
4 82 143 (824 0 -438 ) (820 0 -438 ) (820 0 -443 ) (824 0 -443 ) 
4 82 145 (820 0 -438 ) (280 0 -438 ) (280 0 -443 ) (820 0 -443 ) 
4 82 140 (924 0 -438 ) (824 0 -438 ) (824 0 -443 ) (924 0 -443 ) 
4 82 138 (928 0 -438 ) (924 0 -438 ) (924 0 -443 ) (928 0 -443 ) 
4 82 137 (1024 0 -443 ) (1024 0 -438 ) (928 0 -438 ) (928 0 -443 ) 
4 82 136 (1024 0 -438 ) (1024 0 1024 ) (280 0 1024 ) (280 0 -438 ) 
4 82 86 (1024 0 -544 ) (280 0 -544 ) (280 1024 -544 ) (1024 1024 -544 ) 
4 82 83 (280 0 -448 ) (280 0 1024 ) (280 1024 1024 ) (280 1024 -448 ) 
4 82 84 (280 1024 -544 ) (280 0 -544 ) (280 0 -512 ) (280 1024 -512 ) 
4 83 152 (152 0 -443 ) (152 0 -448 ) (280 0 -448 ) (280 0 -443 ) 
4 83 145 (152 0 -438 ) (152 0 -443 ) (280 0 -443 ) (280 0 -438 ) 
4 83 136 (280 0 1024 ) (152 0 1024 ) (152 0 -438 ) (280 0 -438 ) 
4 83 85 (152 0 -448 ) (152 0 1024 ) (152 1024 1024 ) (152 1024 -448 ) 
4 84 159 (152 0 -512 ) (152 0 -544 ) (280 0 -544 ) (280 0 -512 ) 
4 84 86 (280 0 -544 ) (152 0 -544 ) (152 1024 -544 ) (280 1024 -544 ) 
4 85 221 (0 1024 1024 ) (0 1024 -480 ) (0 0 -480 ) (0 0 1024 ) 
4 85 153 (0 0 -443 ) (0 0 -480 ) (152 0 -480 ) (152 0 -443 ) 
4 85 145 (0 0 -438 ) (0 0 -443 ) (152 0 -443 ) (152 0 -438 ) 
4 85 136 (0 0 1024 ) (0 0 -438 ) (152 0 -438 ) (152 0 1024 ) 
4 86 222 (0 1024 -544 ) (0 1024 -664 ) (0 0 -664 ) (0 0 -544 ) 
4 86 160 (152 0 -544 ) (0 0 -544 ) (0 0 -664 ) (152 0 -664 ) 
4 86 159 (1024 0 -664 ) (1024 0 -544 ) (152 0 -544 ) (152 0 -664 ) 
4 86 94 (490 1024 -664 ) (516 1024 -664 ) (516 0 -664 ) (490 0 -664 ) 
4 86 91 (725 1024 -664 ) (889.694397 1024 -664 ) (889.693176 0 -664 ) (725 0 -664 ) 
4 86 88 (516 1024 -664 ) (572 1024 -664 ) (572 0 -664 ) (516 0 -664 ) 
4 86 87 (889.694397 1024 -664 ) (1024 1024 -664 ) (1024 0 -664 ) (889.693176 0 -664 ) 
4 86 95 (0 1024 -664 ) (490 1024 -664 ) (490 0 -664 ) (0 0 -664 ) 
3 87 189 (809 0 -736.243713 ) (782.463196 0 -760.001831 ) (809 0 -783.762878 ) 
3 87 168 (572 0 -948.427246 ) (566.892456 0 -953 ) (572 0 -953 ) 
4 87 167 (782.463196 0 -760.001831 ) (679.926270 0 -851.802002 ) (809 0 -851.802124 ) (809 0 -783.762878 ) 
5 87 166 (679.926270 0 -851.802002 ) (572 0 -948.427246 ) (572 0 -953 ) (809 0 -953 ) (809 0 -851.802124 ) 
5 87 162 (1024 0 -953 ) (1024 0 -664 ) (889.693176 0 -664 ) (809 0 -736.243713 ) (809 0 -953 ) 
4 87 96 (809 1024 -953 ) (1024 1024 -953 ) (1024 0 -953 ) (809 0 -953 ) 
4 87 92 (803 0 -741.613586 ) (842.779480 0 -706 ) (842.780640 1024 -706 ) (803.001221 1024 -741.614136 ) 
4 87 91 (842.779480 0 -706 ) (889.691650 0 -664 ) (889.692810 1024 -664 ) (842.780640 1024 -706 ) 
4 87 90 (566.892273 1024 -953 ) (566.891113 0 -953 ) (572 0 -948.426086 ) (572 1024 -948.427124 ) 
4 87 89 (572 0 -948.426086 ) (782.462524 0 -760.001160 ) (782.462769 1024 -760.001953 ) (572 1024 -948.427124 ) 
4 88 171 (572 0 -664 ) (516 0 -664 ) (516 0 -668.185791 ) (572 0 -668.185791 ) 
4 88 170 (516 0 -668.185791 ) (516 0 -722.812988 ) (572 0 -672.674377 ) (572 0 -668.185791 ) 
4 88 94 (516 0 -722.812988 ) (516 0 -664 ) (516 1024 -664 ) (516 1024 -722.812988 ) 
6 89 167 (572 0 -709.440063 ) (572 0 -851.802002 ) (679.926270 0 -851.802002 ) (782.463196 0 -760.001831 ) (722.152954 0 -706 ) (575.841858 0 -706 ) 
3 89 166 (572 0 -851.802002 ) (572 0 -948.427246 ) (679.926270 0 -851.802002 ) 
4 89 90 (572 1024 -948.427490 ) (572 0 -948.426453 ) (572 0 -709.440063 ) (572 1024 -709.440063 ) 
5 90 168 (516 0 -759.582764 ) (516 0 -953 ) (566.892456 0 -953 ) (572 0 -948.427246 ) (572 0 -709.439941 ) 
5 91 188 (809 0 -664 ) (725 0 -664 ) (725 0 -671.777100 ) (763.223633 0 -706 ) (809 0 -706 ) 
4 91 162 (889.693176 0 -664 ) (809 0 -664 ) (809 0 -706 ) (842.780945 0 -706 ) 
4 91 92 (763.223694 1024 -706 ) (842.782104 1024 -706 ) (842.780945 0 -706 ) (763.223633 0 -706 ) 
4 92 190 (803.001343 0 -741.614258 ) (809 0 -736.243713 ) (809 0 -706 ) (763.223633 0 -706 ) 
3 92 162 (809 0 -736.243713 ) (842.780945 0 -706 ) (809 0 -706 ) 
4 93 180 (490 0 -742 ) (490 0 -759 ) (491 0 -759 ) (491 0 -742 ) 
4 93 178 (490 0 -737.135986 ) (490 0 -742 ) (491 0 -742 ) (491 0 -738.031372 ) 
4 93 174 (491 0 -759 ) (514.418152 0 -759 ) (495.001099 0 -741.613953 ) (491 0 -745.196289 ) 
3 93 170 (495.001099 0 -741.613953 ) (491 0 -738.031372 ) (491 0 -745.196289 ) 
4 93 94 (490 1024 -737.138306 ) (490 0 -737.138367 ) (495 0 -741.615051 ) (495 1024 -741.615112 ) 
4 93 95 (490 0 -759 ) (490 0 -737.135986 ) (490 1024 -737.135986 ) (490 1024 -759 ) 
4 94 179 (491 0 -664 ) (490 0 -664 ) (490 0 -668.185791 ) (491 0 -668.185791 ) 
4 94 178 (490 0 -668.185791 ) (490 0 -737.135986 ) (491 0 -738.031372 ) (491 0 -668.185791 ) 
4 94 171 (516 0 -664 ) (491 0 -664 ) (491 0 -668.185791 ) (516 0 -668.185791 ) 
5 94 170 (491 0 -668.185791 ) (491 0 -738.031372 ) (495.001099 0 -741.613953 ) (516 0 -722.812988 ) (516 0 -668.185791 ) 
4 94 95 (490 0 -737.135986 ) (490 0 -664 ) (490 1024 -664 ) (490 1024 -737.135986 ) 
4 95 222 (0 1024 -664 ) (0 1024 -953 ) (0 0 -953 ) (0 0 -664 ) 
4 95 181 (0 0 -742 ) (0 0 -953 ) (490 0 -953 ) (490 0 -742 ) 
4 95 179 (490 0 -664 ) (0 0 -664 ) (0 0 -668.185974 ) (490 0 -668.185791 ) 
4 95 178 (0 0 -668.185974 ) (0 0 -742 ) (490 0 -742 ) (490 0 -668.185791 ) 
4 95 98 (0 1024 -953 ) (490 1024 -953 ) (490 0 -953 ) (0 0 -953 ) 
4 96 211 (1024 0 -1024 ) (1024 0 -992 ) (809 0 -992 ) (809 0 -1024 ) 
4 96 204 (1024 0 -992 ) (1024 0 -953 ) (809 0 -953 ) (809 0 -992 ) 
4 96 97 (809 1024 -1024 ) (809 0 -1024 ) (809 0 -992 ) (809 1024 -992 ) 
4 97 211 (490 0 -992 ) (490 0 -1024 ) (809 0 -1024 ) (809 0 -992 ) 
4 97 98 (490 1024 -1024 ) (490 0 -1024 ) (490 0 -992 ) (490 1024 -992 ) 
4 98 222 (0 1024 -953 ) (0 1024 -1024 ) (0 0 -1024 ) (0 0 -953 ) 
4 98 211 (0 0 -992 ) (0 0 -1024 ) (490 0 -1024 ) (490 0 -992 ) 
4 98 206 (490 0 -953 ) (0 0 -953 ) (0 0 -992 ) (490 0 -992 ) 
4 99 213 (1760 -1024 -911 ) (1760 -1024 -1024 ) (1984 -1024 -1024 ) (1984 -1024 -911 ) 
4 99 212 (1760 -1024 1024 ) (1760 -1024 -911 ) (1984 -1024 -911 ) (1984 -1024 1024 ) 
4 99 135 (1760 -1024 -1024 ) (1760 -1024 -975 ) (1760 -224 -975 ) (1760 -224 -1024 ) 
4 99 133 (1760 -224 -919 ) (1760 -224 -975 ) (1760 -256 -975 ) (1760 -256 -919 ) 
4 99 132 (1760 0 -992 ) (1760 0 -1024 ) (1760 -224 -1024 ) (1760 -224 -992 ) 
4 99 131 (1760 -224 -911 ) (1760 -104 -911 ) (1760 -104 -953 ) (1760 -224 -953 ) 
4 99 130 (1760 -78 -954 ) (1760 -78 -992 ) (1760 -97 -992 ) (1760 -97 -954 ) 
4 99 129 (1760 -78 -911 ) (1760 0 -911 ) (1760 0 -992 ) (1760 -78 -992 ) 
4 99 128 (1760 -1024 -911 ) (1760 -1024 1024 ) (1760 -864 1024 ) (1760 -864 -911 ) 
4 99 115 (1760 -516.888367 -628 ) (1760 -371 -628 ) (1760 -371 -724.605164 ) (1760 -389.997742 -741.614990 ) 
5 99 114 (1760 -371 -911 ) (1760 -864 -911 ) (1760 -864 -628 ) (1760 -516.888367 -628 ) (1760 -371 -758.625122 ) 
4 99 113 (1760 -370 -512 ) (1760 -370 -628 ) (1760 -864 -628 ) (1760 -864 -512 ) 
4 99 112 (1760 -864 1024 ) (1760 -370 1024 ) (1760 -370 -512 ) (1760 -864 -512 ) 
5 99 106 (1760 -159 -911 ) (1760 -224 -911 ) (1760 -224 -706 ) (1760 -162.128952 -706 ) (1760 -159 -708.801331 ) 
4 99 105 (1760 -104 -911 ) (1760 -159 -911 ) (1760 -159 -708.801392 ) (1760 -104 -758.042908 ) 
3 99 104 (1760 -81.282913 -741.614929 ) (1760 -80.852814 -742 ) (1760 -81.713013 -742 ) 
5 99 103 (1760 -159 -672.031128 ) (1760 -159 -664 ) (1760 -78 -664 ) (1760 -78 -742 ) (1760 -80.852814 -742 ) 
4 99 102 (1760 -224 -664 ) (1760 -224 -628 ) (1760 -78 -628 ) (1760 -78 -664 ) 
4 99 101 (1760 0 -628 ) (1760 0 -911 ) (1760 -78 -911 ) (1760 -78 -628 ) 
4 99 100 (1760 -370 1024 ) (1760 0 1024 ) (1760 0 -628 ) (1760 -370 -628 ) 
4 100 159 (1024 0 -512 ) (1024 0 -628 ) (1024 -370 -628 ) (1024 -370 -512 ) 
4 100 146 (1024 0 -443 ) (1024 0 -512 ) (1024 -370 -512 ) (1024 -370 -443 ) 
4 100 137 (1024 0 -438 ) (1024 0 -443 ) (1024 -370 -443 ) (1024 -370 -438 ) 
4 100 136 (1024 0 1024 ) (1024 0 -438 ) (1024 -370 -438 ) (1024 -370 1024 ) 
4 100 126 (1024 -370 1024 ) (1024 -370 -512 ) (1096 -370 -512 ) (1096 -370 1024 ) 
4 100 116 (1160 -370 -512 ) (1160 -370 1024 ) (1096 -370 1024 ) (1096 -370 -512 ) 
4 100 113 (1715 -370 -628 ) (1760 -370 -628 ) (1760 -370 -512 ) (1715 -370 -512 ) 
4 100 112 (1760 -370 -512 ) (1760 -370 1024 ) (1160 -370 1024 ) (1160 -370 -512 ) 
4 100 107 (1229 -370 -628 ) (1024 -370 -628 ) (1024 -224 -628 ) (1229 -224 -628 ) 
4 100 102 (1024 -224 -628 ) (1024 -78 -628 ) (1760 -78 -628 ) (1760 -224 -628 ) 
4 100 101 (1024 -78 -628 ) (1024 0 -628 ) (1760 0 -628 ) (1760 -78 -628 ) 
4 101 162 (1024 0 -664 ) (1024 0 -911 ) (1024 -78 -911 ) (1024 -78 -664 ) 
4 101 159 (1024 0 -628 ) (1024 0 -664 ) (1024 -78 -664 ) (1024 -78 -628 ) 
4 101 129 (1024 -78 -911 ) (1024 0 -911 ) (1760 0 -911 ) (1760 -78 -911 ) 
4 101 103 (1760 -78 -742 ) (1760 -78 -664 ) (1024 -78 -664 ) (1024 -78 -742 ) 
4 101 102 (1760 -78 -664 ) (1760 -78 -628 ) (1024 -78 -628 ) (1024 -78 -664 ) 
4 102 159 (1024 -224 -664 ) (1024 -224 -628 ) (1024 -78 -628 ) (1024 -78 -664 ) 
4 102 107 (1229 -224 -628 ) (1024 -224 -628 ) (1024 -224 -664 ) (1229 -224 -664 ) 
4 102 103 (1024 -159 -664 ) (1024 -78 -664 ) (1760 -78 -664 ) (1760 -159 -664 ) 
5 103 163 (1024 -159 -672.031128 ) (1024 -159 -664 ) (1024 -78 -664 ) (1024 -78 -742 ) (1024 -80.852814 -742 ) 
4 103 104 (1024 -81.283043 -741.615051 ) (1024 -80.853081 -742 ) (1760 -80.853081 -742 ) (1760 -81.283043 -741.615051 ) 
3 104 164 (1024 -81.282913 -741.614929 ) (1024 -80.852814 -742 ) (1024 -81.713013 -742 ) 
4 105 165 (1024 -104 -911 ) (1024 -159 -911 ) (1024 -159 -708.801392 ) (1024 -104 -758.042908 ) 
4 105 131 (1024 -159 -911 ) (1024 -104 -911 ) (1760 -104 -911 ) (1760 -159 -911 ) 
4 105 106 (1024 -159 -911 ) (1760 -159 -911 ) (1760 -159 -708.801392 ) (1024 -159 -708.801331 ) 
5 106 199 (1024 -159 -911 ) (1024 -224 -911 ) (1024 -224 -706 ) (1024 -162.128952 -706 ) (1024 -159 -708.801331 ) 
4 106 131 (1024 -224 -911 ) (1024 -159 -911 ) (1760 -159 -911 ) (1760 -224 -911 ) 
4 106 109 (1229 -224 -706 ) (1024 -224 -706 ) (1024 -224 -890.246338 ) (1229 -224 -890.246094 ) 
4 106 108 (1024 -224 -911 ) (1229 -224 -911 ) (1229 -224 -890.246094 ) (1024 -224 -890.246338 ) 
4 107 159 (1024 -370 -664 ) (1024 -370 -628 ) (1024 -224 -628 ) (1024 -224 -664 ) 
4 107 110 (1229 -370 -664 ) (1024 -370 -664 ) (1024 -312 -664 ) (1229 -312 -664 ) 
4 108 200 (1024 -256 -911 ) (1024 -370 -911 ) (1024 -370 -759.521240 ) (1024 -256 -861.594238 ) 
4 108 199 (1024 -224 -911 ) (1024 -256 -911 ) (1024 -256 -861.594238 ) (1024 -224 -890.246338 ) 
4 108 134 (1024 -256 -911 ) (1024 -224 -911 ) (1229 -224 -911 ) (1229 -256 -911 ) 
4 108 125 (1096 -370 -911 ) (1160 -370 -911 ) (1160 -370 -897 ) (1096 -370 -897 ) 
4 108 117 (1160 -370 -897 ) (1160 -370 -760 ) (1096 -370 -760 ) (1096 -370 -897 ) 
4 108 111 (1024 -312 -811.450867 ) (1024 -369.464142 -759.998840 ) (1229 -369.463959 -759.998779 ) (1229 -312 -811.450623 ) 
4 108 109 (1229 -224 -890.243713 ) (1024 -224 -890.243958 ) (1024 -312 -811.450867 ) (1229 -312 -811.450623 ) 
5 109 201 (1024 -256 -861.594238 ) (1024 -312 -811.453125 ) (1024 -312 -708.547852 ) (1024 -309.154358 -706 ) (1024 -256 -706 ) 
4 109 199 (1024 -224 -706 ) (1024 -224 -890.246338 ) (1024 -256 -861.594238 ) (1024 -256 -706 ) 
4 109 111 (1024 -312 -811.452026 ) (1229 -312 -811.451782 ) (1229 -312 -708.547974 ) (1024 -312 -708.547852 ) 
4 110 202 (1024 -370 -723.709778 ) (1024 -370 -664 ) (1024 -312 -664 ) (1024 -312 -671.778870 ) 
3 111 203 (1024 -312 -708.547852 ) (1024 -312 -811.453125 ) (1024 -369.465363 -760 ) 
4 112 128 (1760 -864 -512 ) (1760 -864 1024 ) (1160 -864 1024 ) (1160 -864 -512 ) 
4 112 124 (1160 -480 -512 ) (1160 -864 -512 ) (1160 -864 1024 ) (1160 -480 1024 ) 
4 112 119 (1160 -468 -512 ) (1160 -480 -512 ) (1160 -480 1024 ) (1160 -468 1024 ) 
4 112 116 (1160 -370 1024 ) (1160 -370 -512 ) (1160 -416 -512 ) (1160 -416 1024 ) 
4 112 118 (1160 -416 -512 ) (1160 -468 -512 ) (1160 -468 1024 ) (1160 -416 1024 ) 
4 112 113 (1760 -864 -512 ) (1715 -864 -512 ) (1715 -370 -512 ) (1760 -370 -512 ) 
4 113 128 (1760 -864 -628 ) (1760 -864 -512 ) (1715 -864 -512 ) (1715 -864 -628 ) 
4 113 115 (1715 -516.888428 -628 ) (1715 -371 -628 ) (1760 -371 -628 ) (1760 -516.888367 -628 ) 
4 113 114 (1760 -864 -628 ) (1715 -864 -628 ) (1715 -516.888428 -628 ) (1760 -516.888367 -628 ) 
4 114 128 (1715 -864 -911 ) (1760 -864 -911 ) (1760 -864 -628 ) (1715 -864 -628 ) 
4 114 115 (1715 -389.998840 -741.615967 ) (1715 -516.890564 -628 ) (1760 -516.890503 -628 ) (1760 -389.998810 -741.615906 ) 
4 116 126 (1096 -370 1024 ) (1096 -370 -512 ) (1096 -416 -512 ) (1096 -416 1024 ) 
4 116 118 (1160 -416 -512 ) (1160 -416 1024 ) (1096 -416 1024 ) (1096 -416 -512 ) 
4 117 125 (1096 -416 -897 ) (1096 -370 -897 ) (1160 -370 -897 ) (1160 -416 -897 ) 
4 117 118 (1096 -416 -897 ) (1160 -416 -897 ) (1160 -416 -760 ) (1096 -416 -760 ) 
4 118 126 (1096 -468 -512 ) (1096 -468 1024 ) (1096 -416 1024 ) (1096 -416 -512 ) 
4 118 125 (1096 -429 -897 ) (1096 -416 -897 ) (1160 -416 -897 ) (1160 -429 -897 ) 
4 118 121 (1118 -468 -897 ) (1138 -468 -897 ) (1138 -468 -456 ) (1118 -468 -456 ) 
4 118 120 (1138 -468 -456 ) (1138 -468 1024 ) (1118 -468 1024 ) (1118 -468 -456 ) 
4 118 119 (1138 -468 -897 ) (1160 -468 -897 ) (1160 -468 1024 ) (1138 -468 1024 ) 
4 118 123 (1096 -468 -897 ) (1118 -468 -897 ) (1118 -468 1024 ) (1096 -468 1024 ) 
4 119 124 (1160 -480 -512 ) (1160 -480 1024 ) (1138 -480 1024 ) (1138 -480 -512 ) 
4 119 121 (1138 -468 -456 ) (1138 -468 -897 ) (1138 -479 -897 ) (1138 -479 -456 ) 
4 119 120 (1138 -468 1024 ) (1138 -468 -456 ) (1138 -479 -456 ) (1138 -479 1024 ) 
4 119 122 (1138 -479 -897 ) (1138 -480 -897 ) (1138 -480 1024 ) (1138 -479 1024 ) 
4 120 122 (1118 -479 1024 ) (1118 -479 -456 ) (1138 -479 -456 ) (1138 -479 1024 ) 
4 120 123 (1118 -468 1024 ) (1118 -468 -456 ) (1118 -479 -456 ) (1118 -479 1024 ) 
4 120 121 (1138 -479 -456 ) (1118 -479 -456 ) (1118 -468 -456 ) (1138 -468 -456 ) 
4 121 122 (1118 -479 -456 ) (1118 -479 -897 ) (1138 -479 -897 ) (1138 -479 -456 ) 
4 121 123 (1118 -468 -456 ) (1118 -468 -897 ) (1118 -479 -897 ) (1118 -479 -456 ) 
4 122 124 (1138 -480 -512 ) (1138 -480 1024 ) (1118 -480 1024 ) (1118 -480 -512 ) 
4 122 123 (1118 -479 -897 ) (1118 -480 -897 ) (1118 -480 1024 ) (1118 -479 1024 ) 
4 123 126 (1096 -480 -512 ) (1096 -480 1024 ) (1096 -468 1024 ) (1096 -468 -512 ) 
4 123 124 (1118 -480 -512 ) (1118 -480 1024 ) (1096 -480 1024 ) (1096 -480 -512 ) 
4 124 128 (1160 -864 -512 ) (1160 -864 1024 ) (1096 -864 1024 ) (1096 -864 -512 ) 
4 124 126 (1096 -864 -512 ) (1096 -864 1024 ) (1096 -480 1024 ) (1096 -480 -512 ) 
4 126 146 (1024 -864 -512 ) (1024 -864 -443 ) (1024 -370 -443 ) (1024 -370 -512 ) 
4 126 137 (1024 -864 -443 ) (1024 -864 -438 ) (1024 -370 -438 ) (1024 -370 -443 ) 
4 126 136 (1024 -864 -438 ) (1024 -864 1024 ) (1024 -370 1024 ) (1024 -370 -438 ) 
4 126 128 (1096 -864 -512 ) (1096 -864 1024 ) (1024 -864 1024 ) (1024 -864 -512 ) 
4 126 127 (1096 -752 -512 ) (1096 -864 -512 ) (1024 -864 -512 ) (1024 -752 -512 ) 
4 127 209 (1024 -752 -911 ) (1024 -864 -911 ) (1024 -864 -512 ) (1024 -752 -512 ) 
4 127 128 (1024 -864 -911 ) (1096 -864 -911 ) (1096 -864 -512 ) (1024 -864 -512 ) 
4 128 212 (1760 -1024 -911 ) (1760 -1024 1024 ) (1024 -1024 1024 ) (1024 -1024 -911 ) 
4 128 209 (1024 -864 -911 ) (1024 -1024 -911 ) (1024 -1024 -512 ) (1024 -864 -512 ) 
4 128 146 (1024 -1024 -512 ) (1024 -1024 -443 ) (1024 -864 -443 ) (1024 -864 -512 ) 
4 128 137 (1024 -1024 -443 ) (1024 -1024 -438 ) (1024 -864 -438 ) (1024 -864 -443 ) 
4 128 136 (1024 -1024 -438 ) (1024 -1024 1024 ) (1024 -864 1024 ) (1024 -864 -438 ) 
4 129 204 (1024 0 -953 ) (1024 0 -992 ) (1024 -78 -992 ) (1024 -78 -953 ) 
4 129 162 (1024 0 -911 ) (1024 0 -953 ) (1024 -78 -953 ) (1024 -78 -911 ) 
4 129 132 (1024 -78 -992 ) (1024 0 -992 ) (1760 0 -992 ) (1760 -78 -992 ) 
4 129 130 (1024 -78 -992 ) (1760 -78 -992 ) (1760 -78 -954 ) (1024 -78 -954 ) 
4 130 205 (1024 -78 -992 ) (1024 -97 -992 ) (1024 -97 -954 ) (1024 -78 -954 ) 
4 130 132 (1024 -97 -992 ) (1024 -78 -992 ) (1760 -78 -992 ) (1760 -97 -992 ) 
4 131 199 (1024 -224 -953 ) (1024 -224 -911 ) (1024 -159 -911 ) (1024 -159 -953 ) 
4 131 165 (1024 -159 -911 ) (1024 -104 -911 ) (1024 -104 -953 ) (1024 -159 -953 ) 
4 131 134 (1229 -224 -911 ) (1024 -224 -911 ) (1024 -224 -953 ) (1229 -224 -953 ) 
4 131 133 (1760 -224 -953 ) (1760 -224 -919 ) (1229 -224 -919 ) (1229 -224 -953 ) 
4 132 211 (1024 0 -992 ) (1024 0 -1024 ) (1024 -224 -1024 ) (1024 -224 -992 ) 
4 132 135 (1760 -224 -1024 ) (1760 -224 -992 ) (1024 -224 -992 ) (1024 -224 -1024 ) 
4 133 135 (1229 -224 -975 ) (1760 -224 -975 ) (1760 -256 -975 ) (1229 -256 -975 ) 
4 133 134 (1229 -224 -919 ) (1229 -224 -975 ) (1229 -256 -975 ) (1229 -256 -919 ) 
4 134 207 (1024 -224 -953 ) (1024 -224 -975 ) (1024 -256 -975 ) (1024 -256 -953 ) 
4 134 199 (1024 -256 -911 ) (1024 -224 -911 ) (1024 -224 -953 ) (1024 -256 -953 ) 
4 134 135 (1024 -256 -975 ) (1024 -224 -975 ) (1229 -224 -975 ) (1229 -256 -975 ) 
4 135 214 (1760 -1024 -1024 ) (1760 -1024 -975 ) (1024 -1024 -975 ) (1024 -1024 -1024 ) 
4 135 211 (1024 -1024 -1024 ) (1024 -1024 -992 ) (1024 -224 -992 ) (1024 -224 -1024 ) 
4 135 210 (1024 -1024 -992 ) (1024 -1024 -975 ) (1024 -370 -975 ) (1024 -370 -992 ) 
4 135 208 (1024 -370 -975 ) (1024 -256 -975 ) (1024 -256 -992 ) (1024 -370 -992 ) 
4 135 207 (1024 -256 -975 ) (1024 -224 -975 ) (1024 -224 -992 ) (1024 -256 -992 ) 
4 136 227 (0 -1024 -438 ) (0 -1024 1024 ) (0 -688 1024 ) (0 -688 -438 ) 
4 136 225 (0 -128 1024 ) (0 0 1024 ) (0 0 -438 ) (0 -128 -438 ) 
4 136 226 (0 -688 1024 ) (0 -128 1024 ) (0 -128 -438 ) (0 -688 -438 ) 
4 136 216 (1024 -1024 -438 ) (1024 -1024 1024 ) (0 -1024 1024 ) (0 -1024 -438 ) 
4 136 143 (820 -648 -438 ) (820 0 -438 ) (824 0 -438 ) (824 -648 -438 ) 
4 136 144 (824 -1024 -438 ) (820 -1024 -438 ) (820 -756 -438 ) (824 -756 -438 ) 
4 136 145 (820 -1024 -438 ) (0 -1024 -438 ) (0 0 -438 ) (820 0 -438 ) 
4 136 141 (824 -752 -438 ) (824 -652 -438 ) (924 -652 -438 ) (924 -752 -438 ) 
4 136 142 (924 -1024 -438 ) (824 -1024 -438 ) (824 -756 -438 ) (924 -756 -438 ) 
4 136 140 (824 -648 -438 ) (824 0 -438 ) (924 0 -438 ) (924 -648 -438 ) 
4 136 138 (924 -648 -438 ) (924 0 -438 ) (928 0 -438 ) (928 -648 -438 ) 
4 136 139 (928 -1024 -438 ) (924 -1024 -438 ) (924 -756 -438 ) (928 -756 -438 ) 
4 136 137 (1024 0 -438 ) (1024 -1024 -438 ) (928 -1024 -438 ) (928 0 -438 ) 
4 137 216 (1024 -1024 -443 ) (1024 -1024 -438 ) (928 -1024 -438 ) (928 -1024 -443 ) 
4 137 146 (1024 -1024 -443 ) (928 -1024 -443 ) (928 0 -443 ) (1024 0 -443 ) 
4 137 138 (928 0 -443 ) (928 -648 -443 ) (928 -648 -438 ) (928 0 -438 ) 
4 137 139 (928 -756 -443 ) (928 -1024 -443 ) (928 -1024 -438 ) (928 -756 -438 ) 
4 138 146 (924 -648 -443 ) (924 0 -443 ) (928 0 -443 ) (928 -648 -443 ) 
4 138 140 (924 0 -443 ) (924 -648 -443 ) (924 -648 -438 ) (924 0 -438 ) 
4 139 216 (928 -1024 -438 ) (924 -1024 -438 ) (924 -1024 -443 ) (928 -1024 -443 ) 
4 139 146 (928 -1024 -443 ) (924 -1024 -443 ) (924 -756 -443 ) (928 -756 -443 ) 
4 139 142 (924 -756 -443 ) (924 -1024 -443 ) (924 -1024 -438 ) (924 -756 -438 ) 
4 140 146 (824 -648 -443 ) (824 0 -443 ) (924 0 -443 ) (924 -648 -443 ) 
4 140 143 (824 0 -443 ) (824 -648 -443 ) (824 -648 -438 ) (824 0 -438 ) 
4 141 146 (824 -752 -443 ) (824 -652 -443 ) (924 -652 -443 ) (924 -752 -443 ) 
4 142 216 (924 -1024 -438 ) (824 -1024 -438 ) (824 -1024 -443 ) (924 -1024 -443 ) 
4 142 146 (924 -1024 -443 ) (824 -1024 -443 ) (824 -756 -443 ) (924 -756 -443 ) 
4 142 144 (824 -756 -443 ) (824 -1024 -443 ) (824 -1024 -438 ) (824 -756 -438 ) 
4 143 146 (820 -648 -443 ) (820 0 -443 ) (824 0 -443 ) (824 -648 -443 ) 
4 143 145 (820 0 -443 ) (820 -648 -443 ) (820 -648 -438 ) (820 0 -438 ) 
4 144 216 (824 -1024 -438 ) (820 -1024 -438 ) (820 -1024 -443 ) (824 -1024 -443 ) 
4 144 146 (824 -1024 -443 ) (820 -1024 -443 ) (820 -756 -443 ) (824 -756 -443 ) 
4 144 145 (820 -756 -443 ) (820 -1024 -443 ) (820 -1024 -438 ) (820 -756 -438 ) 
4 145 227 (0 -1024 -443 ) (0 -1024 -438 ) (0 -688 -438 ) (0 -688 -443 ) 
4 145 225 (0 -128 -438 ) (0 0 -438 ) (0 0 -443 ) (0 -128 -443 ) 
4 145 226 (0 -688 -438 ) (0 -128 -438 ) (0 -128 -443 ) (0 -688 -443 ) 
4 145 216 (820 -1024 -438 ) (0 -1024 -438 ) (0 -1024 -443 ) (820 -1024 -443 ) 
4 145 155 (280 -1024 -443 ) (216 -1024 -443 ) (216 -192 -443 ) (280 -192 -443 ) 
4 145 158 (216 -1024 -443 ) (0 -1024 -443 ) (0 -192 -443 ) (216 -192 -443 ) 
4 145 153 (0 -128 -443 ) (0 0 -443 ) (152 0 -443 ) (152 -128 -443 ) 
4 145 154 (0 -192 -443 ) (0 -128 -443 ) (152 -128 -443 ) (152 -192 -443 ) 
4 145 152 (152 0 -443 ) (280 0 -443 ) (280 -192 -443 ) (152 -192 -443 ) 
4 145 147 (728 -1024 -443 ) (664 -1024 -443 ) (664 0 -443 ) (728 0 -443 ) 
4 145 146 (820 -1024 -443 ) (728 -1024 -443 ) (728 0 -443 ) (820 0 -443 ) 
4 145 151 (664 -1024 -443 ) (280 -1024 -443 ) (280 0 -443 ) (664 0 -443 ) 
4 146 216 (1024 -1024 -512 ) (1024 -1024 -443 ) (728 -1024 -443 ) (728 -1024 -512 ) 
4 146 209 (1024 -752 -512 ) (1024 -1024 -512 ) (728 -1024 -512 ) (728 -752 -512 ) 
4 146 159 (1024 0 -512 ) (1024 -370 -512 ) (728 -370 -512 ) (728 0 -512 ) 
4 146 149 (728 -256 -512 ) (728 -640 -512 ) (728 -640 -456 ) (728 -256 -456 ) 
4 146 150 (728 -916 -512 ) (728 -1024 -512 ) (728 -1024 -456 ) (728 -916 -456 ) 
4 146 148 (728 0 -512 ) (728 -192 -512 ) (728 -192 -456 ) (728 0 -456 ) 
4 146 147 (728 -1024 -456 ) (728 -1024 -443 ) (728 0 -443 ) (728 0 -456 ) 
4 147 216 (728 -1024 -443 ) (664 -1024 -443 ) (664 -1024 -456 ) (728 -1024 -456 ) 
4 147 149 (664 -640 -456 ) (664 -256 -456 ) (728 -256 -456 ) (728 -640 -456 ) 
4 147 150 (664 -1024 -456 ) (664 -916 -456 ) (728 -916 -456 ) (728 -1024 -456 ) 
4 147 148 (664 -192 -456 ) (664 0 -456 ) (728 0 -456 ) (728 -192 -456 ) 
4 147 151 (664 -1024 -456 ) (664 -1024 -443 ) (664 0 -443 ) (664 0 -456 ) 
4 148 159 (664 -192 -512 ) (664 0 -512 ) (728 0 -512 ) (728 -192 -512 ) 
4 148 151 (664 0 -512 ) (664 -192 -512 ) (664 -192 -456 ) (664 0 -456 ) 
4 149 159 (664 -370 -512 ) (664 -256 -512 ) (728 -256 -512 ) (728 -370 -512 ) 
4 149 151 (664 -256 -512 ) (664 -640 -512 ) (664 -640 -456 ) (664 -256 -456 ) 
4 150 216 (664 -1024 -456 ) (664 -1024 -512 ) (728 -1024 -512 ) (728 -1024 -456 ) 
4 150 209 (728 -1024 -512 ) (664 -1024 -512 ) (664 -916 -512 ) (728 -916 -512 ) 
4 150 151 (664 -916 -512 ) (664 -1024 -512 ) (664 -1024 -456 ) (664 -916 -456 ) 
4 151 216 (664 -1024 -443 ) (280 -1024 -443 ) (280 -1024 -512 ) (664 -1024 -512 ) 
4 151 209 (664 -1024 -512 ) (280 -1024 -512 ) (280 -752 -512 ) (664 -752 -512 ) 
4 151 159 (280 -370 -512 ) (280 0 -512 ) (664 0 -512 ) (664 -370 -512 ) 
4 151 157 (280 -704 -512 ) (280 -1024 -512 ) (280 -1024 -456 ) (280 -704 -456 ) 
4 151 156 (280 -256 -512 ) (280 -640 -512 ) (280 -640 -456 ) (280 -256 -456 ) 
4 151 155 (280 -1024 -456 ) (280 -1024 -443 ) (280 -192 -443 ) (280 -192 -456 ) 
4 151 152 (280 -192 -448 ) (280 -192 -443 ) (280 0 -443 ) (280 0 -448 ) 
4 152 155 (280 -192 -448 ) (280 -192 -443 ) (216 -192 -443 ) (216 -192 -448 ) 
4 152 158 (216 -192 -443 ) (152 -192 -443 ) (152 -192 -448 ) (216 -192 -448 ) 
4 152 153 (152 -128 -443 ) (152 0 -443 ) (152 0 -448 ) (152 -128 -448 ) 
4 152 154 (152 -192 -448 ) (152 -192 -443 ) (152 -128 -443 ) (152 -128 -448 ) 
4 153 225 (0 -128 -443 ) (0 0 -443 ) (0 0 -480 ) (0 -128 -480 ) 
4 153 154 (152 -128 -480 ) (152 -128 -443 ) (0 -128 -443 ) (0 -128 -480 ) 
4 154 226 (0 -192 -443 ) (0 -128 -443 ) (0 -128 -512 ) (0 -192 -512 ) 
4 154 161 (0 -192 -512 ) (0 -128 -512 ) (152 -128 -512 ) (152 -192 -512 ) 
4 154 158 (0 -192 -512 ) (152 -192 -512 ) (152 -192 -443 ) (0 -192 -443 ) 
4 155 216 (280 -1024 -443 ) (216 -1024 -443 ) (216 -1024 -456 ) (280 -1024 -456 ) 
4 155 157 (216 -1024 -456 ) (216 -704 -456 ) (280 -704 -456 ) (280 -1024 -456 ) 
4 155 156 (216 -640 -456 ) (216 -256 -456 ) (280 -256 -456 ) (280 -640 -456 ) 
4 155 158 (216 -192 -443 ) (216 -192 -456 ) (216 -1024 -456 ) (216 -1024 -443 ) 
4 156 159 (216 -370 -512 ) (216 -256 -512 ) (280 -256 -512 ) (280 -370 -512 ) 
4 156 158 (216 -256 -512 ) (216 -640 -512 ) (216 -640 -456 ) (216 -256 -456 ) 
4 157 216 (216 -1024 -456 ) (216 -1024 -512 ) (280 -1024 -512 ) (280 -1024 -456 ) 
4 157 209 (280 -1024 -512 ) (216 -1024 -512 ) (216 -752 -512 ) (280 -752 -512 ) 
4 157 158 (216 -704 -512 ) (216 -1024 -512 ) (216 -1024 -456 ) (216 -704 -456 ) 
4 158 227 (0 -1024 -512 ) (0 -1024 -443 ) (0 -688 -443 ) (0 -688 -512 ) 
4 158 226 (0 -688 -443 ) (0 -192 -443 ) (0 -192 -512 ) (0 -688 -512 ) 
4 158 216 (216 -1024 -443 ) (0 -1024 -443 ) (0 -1024 -512 ) (216 -1024 -512 ) 
4 158 209 (216 -1024 -512 ) (0 -1024 -512 ) (0 -752 -512 ) (216 -752 -512 ) 
4 158 161 (0 -370 -512 ) (0 -192 -512 ) (152 -192 -512 ) (152 -370 -512 ) 
4 158 159 (152 -192 -512 ) (216 -192 -512 ) (216 -370 -512 ) (152 -370 -512 ) 
4 159 202 (1024 -370 -664 ) (152 -370 -664 ) (152 -312 -664 ) (1024 -312 -664 ) 
4 159 195 (809 -155 -664 ) (809 -159 -664 ) (725 -159 -664 ) (725 -155 -664 ) 
4 159 188 (725 0 -664 ) (809 0 -664 ) (809 -155 -664 ) (725 -155 -664 ) 
4 159 184 (152 -159 -664 ) (152 -156 -664 ) (572 -156 -664 ) (572 -159 -664 ) 
4 159 182 (152 -156 -664 ) (152 -104 -664 ) (491 -104 -664 ) (491 -156 -664 ) 
4 159 179 (152 -104 -664 ) (152 0 -664 ) (491 0 -664 ) (491 -104 -664 ) 
4 159 171 (491 0 -664 ) (572 0 -664 ) (572 -156 -664 ) (491 -156 -664 ) 
4 159 163 (1024 -78 -664 ) (1024 -159 -664 ) (809 -159 -664 ) (809 -78 -664 ) 
4 159 162 (809 0 -664 ) (1024 0 -664 ) (1024 -78 -664 ) (809 -78 -664 ) 
4 159 160 (152 0 -664 ) (152 -128 -664 ) (152 -128 -544 ) (152 0 -544 ) 
4 159 161 (152 -128 -664 ) (152 -370 -664 ) (152 -370 -512 ) (152 -128 -512 ) 
4 160 232 (0 -78 -664 ) (0 -128 -664 ) (0 -128 -544 ) (0 -78 -544 ) 
4 160 231 (0 0 -544 ) (0 0 -664 ) (0 -78 -664 ) (0 -78 -544 ) 
4 160 182 (0 -128 -664 ) (0 -104 -664 ) (152 -104 -664 ) (152 -128 -664 ) 
4 160 179 (0 -104 -664 ) (0 0 -664 ) (152 0 -664 ) (152 -104 -664 ) 
4 160 161 (0 -128 -664 ) (152 -128 -664 ) (152 -128 -544 ) (0 -128 -544 ) 
4 161 232 (0 -128 -544 ) (0 -128 -664 ) (0 -370 -664 ) (0 -370 -544 ) 
4 161 230 (0 -370 -512 ) (0 -128 -512 ) (0 -128 -544 ) (0 -370 -544 ) 
4 161 202 (152 -370 -664 ) (0 -370 -664 ) (0 -312 -664 ) (152 -312 -664 ) 
4 161 184 (0 -159 -664 ) (0 -156 -664 ) (152 -156 -664 ) (152 -159 -664 ) 
4 161 182 (0 -156 -664 ) (0 -128 -664 ) (152 -128 -664 ) (152 -156 -664 ) 
4 162 204 (809 0 -953 ) (1024 0 -953 ) (1024 -78 -953 ) (809 -78 -953 ) 
5 162 193 (809 -78 -781.320740 ) (809 -78 -746.985168 ) (809 -75.284966 -746.985168 ) (809 -34.208359 -783.762878 ) (809 -75.272202 -783.762939 ) 
3 162 191 (809 -78 -746.985168 ) (809 -78 -744.554260 ) (809 -75.284966 -746.985168 ) 
4 162 190 (809 -78 -736.243713 ) (809 -78 -706 ) (809 0 -706 ) (809 0 -736.243713 ) 
5 162 189 (809 -78 -744.554260 ) (809 -78 -736.243713 ) (809 0 -736.243713 ) (809 0 -783.762878 ) (809 -34.208359 -783.762878 ) 
4 162 188 (809 -78 -706 ) (809 -78 -664 ) (809 0 -664 ) (809 0 -706 ) 
3 162 187 (809 -78 -783.762939 ) (809 -78 -781.320740 ) (809 -75.272202 -783.762939 ) 
3 162 167 (809 -75.990944 -783.762939 ) (809 0 -783.762878 ) (809 0 -851.802124 ) 
5 162 166 (809 0 -953 ) (809 -78 -953 ) (809 -78 -783.762939 ) (809 -75.990944 -783.762939 ) (809 0 -851.802124 ) 
4 162 163 (809 -78 -664 ) (809 -78 -742 ) (1024 -78 -742 ) (1024 -78 -664 ) 
4 163 195 (809 -159 -672.031128 ) (809 -159 -664 ) (809 -155 -664 ) (809 -155 -675.612549 ) 
4 163 190 (809 -78 -706 ) (809 -78 -736.243652 ) (809 -87.281982 -736.243652 ) (809 -121.060692 -706 ) 
4 163 189 (809 -78 -736.243652 ) (809 -78 -742 ) (809 -80.852814 -742 ) (809 -87.281982 -736.243652 ) 
5 163 188 (809 -155 -664 ) (809 -78 -664 ) (809 -78 -706 ) (809 -121.060692 -706 ) (809 -155 -675.612549 ) 
4 163 164 (809 -81.283127 -741.615112 ) (809 -80.853279 -742 ) (1024 -80.853279 -742 ) (1024 -81.283127 -741.615112 ) 
3 164 191 (809 -81.282913 -741.614929 ) (809 -80.852814 -742 ) (809 -81.713013 -742 ) 
5 165 199 (998.401611 -159 -953 ) (1024 -159 -953 ) (1024 -159 -708.801392 ) (809 -159 -708.801331 ) (809 -159 -783.484619 ) 
3 165 197 (809 -159 -953 ) (998.401611 -159 -953 ) (809 -159 -783.484619 ) 
4 165 187 (809 -159 -783.762817 ) (809 -159 -708.801392 ) (809 -104 -758.042908 ) (809 -104 -783.762817 ) 
4 165 166 (809 -104 -953 ) (809 -159 -953 ) (809 -159 -783.762817 ) (809 -104 -783.762817 ) 
5 166 197 (572 -159 -953 ) (809 -159 -953 ) (809 -159 -783.762817 ) (725.994934 -159 -709.440063 ) (572 -159 -709.440002 ) 
3 166 187 (725.995117 -159 -709.440063 ) (809 -159 -783.761658 ) (809 -75.992401 -783.761719 ) 
4 166 185 (572 -156 -953 ) (572 -159 -953 ) (572 -159 -709.440002 ) (572 -156 -712.126099 ) 
4 166 168 (572 0 -953 ) (572 -156 -953 ) (572 -156 -712.126099 ) (572 0 -851.802002 ) 
5 166 167 (572 0 -851.803467 ) (572 -159 -709.441406 ) (725.996460 -159 -709.441467 ) (809 -75.992508 -783.762939 ) (809 0 -851.803467 ) 
4 167 198 (725.994934 -159 -709.440063 ) (722.153015 -159 -706 ) (575.885376 -159 -706 ) (572.041199 -159 -709.440002 ) 
4 167 196 (722.153137 -159 -706 ) (725.281799 -159 -708.801392 ) (729.281433 -155 -712.382568 ) (722.153137 -155 -706 ) 
4 167 194 (729.281433 -155 -712.382568 ) (782.460632 -101.815521 -759.998657 ) (782.333008 -101.687897 -759.884399 ) (728.854187 -155 -712 ) 
4 167 193 (809 -75.104118 -783.761719 ) (809 -34.209667 -783.761719 ) (782.463745 -60.747192 -760.001404 ) (782.463684 -101.557648 -760.001404 ) 
4 167 192 (782.460632 -101.815521 -759.998657 ) (809 -75.273552 -783.761719 ) (809 -75.104118 -783.761719 ) (782.333008 -101.687897 -759.884399 ) 
4 167 189 (809 -34.209667 -783.761719 ) (809 0 -783.761719 ) (782.463745 0 -760.001465 ) (782.463745 -60.747211 -760.001404 ) 
4 167 187 (725.281799 -159 -708.801392 ) (725.995117 -159 -709.440063 ) (809 -75.992401 -783.761719 ) (809 -75.273552 -783.761719 ) 
3 167 186 (572 -156 -712.126099 ) (572 -158.958832 -709.476868 ) (572 -156 -709.477051 ) 
4 167 168 (572 0 -709.485107 ) (572 0 -851.802002 ) (572 -156 -712.126099 ) (572 -156 -709.477051 ) 
3 168 186 (572 -156 -712.126099 ) (572 -156 -709.477051 ) (569.039734 -156 -712.126099 ) 
5 168 185 (516 -156 -953 ) (572 -156 -953 ) (572 -156 -712.126099 ) (569.039734 -156 -712.126099 ) (516 -156 -759.589172 ) 
3 168 173 (516 -156 -759.587158 ) (569.178955 -156 -712 ) (516 -103.013527 -759.589905 ) 
4 168 169 (516 -104 -953 ) (516 -156 -953 ) (516 -156 -759.587585 ) (516 -104 -759.590271 ) 
4 169 185 (491 -156 -953 ) (516 -156 -953 ) (516 -156 -759.589172 ) (491 -156 -781.960693 ) 
4 169 183 (491 -104 -953 ) (491 -156 -953 ) (491 -156 -781.960693 ) (491 -104 -781.963379 ) 
4 169 177 (515.536804 -156 -760.001648 ) (516 -156 -759.587158 ) (516 -104 -759.589844 ) (515.538269 -104 -760.002991 ) 
4 169 176 (491 -104 -781.961365 ) (491 -156 -781.958679 ) (515.536804 -156 -760.001648 ) (515.538269 -104 -760.002991 ) 
4 170 180 (491 0 -742 ) (491 0 -745.196289 ) (491 -78 -745.196289 ) (491 -78 -742 ) 
3 170 178 (491 0 -668.185791 ) (491 0 -742 ) (491 -82.433205 -742 ) 
4 170 174 (491 -86.005905 -745.199219 ) (491 0 -745.199219 ) (495.002655 0 -741.615417 ) (495.002655 -82.003654 -741.615417 ) 
5 170 171 (491 0 -668.182922 ) (491 -82.003014 -741.612305 ) (494.997498 -82.003014 -741.612305 ) (572 -5.010056 -672.669495 ) (572 0 -668.183289 ) 
5 171 184 (572 -156 -672.674377 ) (572 -156 -664 ) (491 -156 -664 ) (491 -156 -675.360779 ) (569 -156 -675.360840 ) 
4 171 182 (491 -156 -675.360779 ) (491 -156 -664 ) (491 -104 -664 ) (491 -104 -721.917847 ) 
5 171 179 (491 -104 -664 ) (491 0 -664 ) (491 0 -668.185791 ) (491 -82.001648 -741.613586 ) (491 -104 -721.917847 ) 
3 172 185 (491 -156 -712.126099 ) (491 -156 -745.196289 ) (527.936218 -156 -712.126099 ) 
3 172 183 (491 -156 -745.196289 ) (491 -156 -712.126099 ) (491 -119.064850 -745.196289 ) 
4 172 177 (516 -156 -722.815430 ) (495.002655 -156 -741.615417 ) (495.002655 -123.064232 -741.615417 ) (516 -144.061386 -722.815430 ) 
4 172 176 (495.002655 -156 -741.615417 ) (491 -156 -745.199219 ) (491 -119.061600 -745.199219 ) (495.002655 -123.064232 -741.615417 ) 
3 172 173 (527.938721 -156 -712.126099 ) (516 -156 -722.815430 ) (516 -144.061386 -722.815430 ) 
4 173 185 (528.077087 -156 -712 ) (516 -156 -722.812988 ) (516 -156 -759.589172 ) (569.181213 -156 -712 ) 
5 173 177 (516 -104 -759.593262 ) (516 -156 -759.590576 ) (516 -156 -722.812500 ) (516 -143.961563 -722.812500 ) (516 -104 -758.703918 ) 
4 174 180 (491 -78 -745.196289 ) (491 0 -745.196289 ) (491 0 -759 ) (491 -78 -759 ) 
4 175 176 (514.418091 -104 -759 ) (514.065918 -104 -758.684692 ) (491 -104 -758.684692 ) (491 -104 -759 ) 
4 176 185 (495.001068 -156 -741.614014 ) (491 -156 -745.196289 ) (491 -156 -781.960693 ) (515.537903 -156 -760.002686 ) 
5 176 183 (491 -156 -781.960693 ) (491 -156 -745.196289 ) (491 -119.064835 -745.196289 ) (491 -104 -758.684692 ) (491 -104 -781.963379 ) 
5 176 177 (515.538574 -104 -760.004822 ) (514.064331 -104 -758.684753 ) (495 -123.065002 -741.614746 ) (495 -156 -741.614746 ) (515.537048 -156 -760.003479 ) 
4 177 185 (516 -156 -722.812988 ) (495.001068 -156 -741.614014 ) (515.537903 -156 -760.002686 ) (516 -156 -759.589172 ) 
3 178 234 (0 -78 -742 ) (0 -82.432930 -742 ) (0 -78 -738.030579 ) 
4 178 231 (0 0 -668.185974 ) (0 0 -742 ) (0 -78 -742 ) (0 -78 -738.030579 ) 
4 178 180 (490 0 -742 ) (491 0 -742 ) (491 -78 -742 ) (490 -78 -742 ) 
4 178 181 (0 -78 -742 ) (0 0 -742 ) (490 0 -742 ) (490 -78 -742 ) 
4 178 179 (491 -82.001907 -741.613281 ) (491 0 -668.185303 ) (0 0 -668.185425 ) (0 -82.001823 -741.613403 ) 
5 179 235 (0 -78 -738.030518 ) (0 -82.001480 -741.613647 ) (0 -104 -721.917786 ) (0 -104 -664 ) (0 -78 -664 ) 
4 179 231 (0 0 -664 ) (0 0 -668.185974 ) (0 -78 -738.030518 ) (0 -78 -664 ) 
4 179 182 (491 -104 -721.917786 ) (491 -104 -664 ) (0 -104 -664 ) (0 -104 -721.917786 ) 
4 180 181 (490 -78 -759 ) (490 -78 -742 ) (490 0 -742 ) (490 0 -759 ) 
4 181 248 (0 0 -911 ) (0 0 -953 ) (0 -78 -953 ) (0 -78 -911 ) 
4 181 231 (0 0 -742 ) (0 0 -911 ) (0 -78 -911 ) (0 -78 -742 ) 
4 181 206 (0 -78 -953 ) (0 0 -953 ) (490 0 -953 ) (490 -78 -953 ) 
4 182 236 (0 -156 -675.360779 ) (0 -156 -664 ) (0 -104 -664 ) (0 -104 -721.917786 ) 
4 182 184 (491 -156 -675.360779 ) (491 -156 -664 ) (0 -156 -664 ) (0 -156 -675.360779 ) 
4 183 249 (0 -104 -953 ) (0 -156 -953 ) (0 -156 -911 ) (0 -104 -911 ) 
4 183 237 (0 -156 -911 ) (0 -156 -712.125916 ) (0 -104 -758.684509 ) (0 -104 -911 ) 
4 183 185 (0 -156 -953 ) (491 -156 -953 ) (491 -156 -712.126099 ) (0 -156 -712.125916 ) 
4 184 236 (0 -159 -672.674805 ) (0 -159 -664 ) (0 -156 -664 ) (0 -156 -675.360779 ) 
4 185 249 (0 -156 -953 ) (0 -159 -953 ) (0 -159 -911 ) (0 -156 -911 ) 
4 185 237 (0 -159 -911 ) (0 -159 -709.439819 ) (0 -156 -712.125916 ) (0 -156 -911 ) 
4 185 197 (0 -159 -953 ) (572 -159 -953 ) (572 -159 -709.440002 ) (0 -159 -709.439758 ) 
3 185 186 (572 -156 -712.127136 ) (569.038513 -156 -712.127136 ) (572 -158.960022 -709.476807 ) 
3 187 199 (809 -159 -783.484558 ) (809 -159 -708.801392 ) (725.555542 -159 -708.801392 ) 
4 187 198 (726.269165 -159 -709.440063 ) (725.555542 -159 -708.801392 ) (725.281677 -159 -708.801392 ) (725.994995 -159 -709.440063 ) 
4 187 197 (809 -159 -783.762817 ) (809 -159 -783.484558 ) (726.269165 -159 -709.440063 ) (725.994995 -159 -709.440063 ) 
4 187 196 (729.282349 -155 -712.382446 ) (725.282776 -159 -708.801270 ) (725.555481 -159 -708.801270 ) (729.556763 -155 -712.382446 ) 
4 187 194 (782.460938 -101.815445 -759.998657 ) (729.282349 -155 -712.382446 ) (729.556763 -155 -712.382446 ) (782.760559 -101.815445 -759.998657 ) 
3 187 192 (809 -75.273438 -783.761719 ) (782.460938 -101.815445 -759.998657 ) (809 -101.815384 -759.998535 ) 
5 188 195 (809 -155 -675.612488 ) (809 -155 -664 ) (725 -155 -664 ) (725 -155 -671.777100 ) (729.283752 -155 -675.612488 ) 
4 188 190 (763.223633 -121.060638 -706 ) (763.223633 0 -706 ) (809 0 -706 ) (809 -121.060638 -706 ) 
4 189 193 (782.462891 -60.744389 -760.002136 ) (809 -34.205666 -783.763489 ) (809 -75.282883 -746.985168 ) (803.001343 -81.281494 -741.614319 ) 
3 189 191 (809 -75.282883 -746.985168 ) (809 -81.281837 -741.614014 ) (803.001343 -81.281494 -741.614319 ) 
4 189 190 (803.001221 -81.285065 -741.614197 ) (809 -87.283440 -736.243652 ) (809 0 -736.243713 ) (803.001221 0 -741.614258 ) 
3 191 193 (803.001953 -81.283775 -741.615723 ) (809 -75.285843 -746.985962 ) (809 -87.281219 -746.985474 ) 
4 192 194 (782.460938 -101.815567 -759.998657 ) (782.760559 -101.815567 -759.998657 ) (782.632813 -101.687897 -759.884338 ) (782.333252 -101.687897 -759.884338 ) 
4 192 193 (782.596069 -101.687500 -759.882813 ) (809 -101.687500 -759.882813 ) (809 -75.099167 -783.764160 ) (782.462097 -101.553963 -760.002747 ) 
4 194 196 (728.848145 -155 -712 ) (729.273438 -155 -712.380859 ) (729.555054 -155 -712.380859 ) (729.129456 -155 -712 ) 
4 196 198 (722.425537 -159 -706 ) (722.153015 -159 -706 ) (725.281677 -159 -708.801392 ) (725.555542 -159 -708.801392 ) 
4 197 249 (0 -159 -953 ) (0 -256 -953 ) (0 -256 -911 ) (0 -159 -911 ) 
6 197 238 (0 -256 -861.595398 ) (0 -256 -706 ) (0 -162.841812 -706 ) (0 -159 -709.439819 ) (0 -159 -911 ) (0 -200.822601 -911 ) 
3 197 233 (0 -256 -911 ) (0 -256 -861.595398 ) (0 -200.822601 -911 ) 
4 197 207 (0 -256 -953 ) (0 -224 -953 ) (998.399719 -224 -953 ) (998.398743 -256 -953 ) 
4 197 201 (896.270142 -256 -861.594421 ) (722.422607 -256 -706 ) (0 -256 -706 ) (0 -256 -861.595398 ) 
4 197 200 (951.471619 -256 -911 ) (896.270142 -256 -861.594421 ) (0 -256 -861.595398 ) (0 -256 -911 ) 
5 197 199 (998.406250 -159 -953 ) (726.271362 -159 -709.440125 ) (722.427490 -162.842163 -706 ) (722.424438 -256 -706 ) (998.400574 -256 -953 ) 
4 197 198 (575.885132 -162.842010 -706 ) (722.421875 -162.842072 -706 ) (726.265564 -159 -709.440002 ) (572.041260 -159 -709.439941 ) 
4 198 199 (726.271362 -159 -709.440125 ) (725.557678 -159 -708.801392 ) (722.427490 -162.128906 -706 ) (722.427490 -162.842163 -706 ) 
4 199 207 (1024 -224 -953 ) (1024 -256 -953 ) (998.398743 -256 -953 ) (998.399719 -224 -953 ) 
4 199 201 (1024 -256 -861.594299 ) (1024 -256 -706 ) (722.422607 -256 -706 ) (896.270142 -256 -861.594360 ) 
4 199 200 (1024 -256 -911 ) (1024 -256 -861.594299 ) (896.270142 -256 -861.594360 ) (951.471619 -256 -911 ) 
4 200 233 (0 -370 -911 ) (0 -370 -759.522400 ) (0 -256 -861.595398 ) (0 -256 -911 ) 
4 200 203 (0 -312 -811.454224 ) (0 -369.466370 -760 ) (1024 -369.465515 -760 ) (1024 -312 -811.453125 ) 
4 200 201 (1024 -256 -861.593994 ) (0 -256 -861.595093 ) (0 -312 -811.454224 ) (1024 -312 -811.453125 ) 
5 201 238 (0 -256 -706 ) (0 -256 -861.595398 ) (0 -312 -811.454285 ) (0 -312 -708.547363 ) (0 -309.154907 -706 ) 
4 201 203 (0 -312 -811.453125 ) (1024 -312 -811.452026 ) (1024 -312 -708.547852 ) (0 -312 -708.547363 ) 
4 202 239 (0 -370 -723.709778 ) (0 -370 -664 ) (0 -312 -664 ) (0 -312 -671.778870 ) 
3 203 238 (0 -312 -708.547363 ) (0 -312 -811.454285 ) (0 -369.466278 -760 ) 
4 204 211 (809 0 -992 ) (1024 0 -992 ) (1024 -78 -992 ) (809 -78 -992 ) 
4 204 205 (809 -78 -954 ) (809 -78 -992 ) (1024 -78 -992 ) (1024 -78 -954 ) 
4 205 211 (1024 -78 -992 ) (1024 -97 -992 ) (809 -97 -992 ) (809 -78 -992 ) 
4 206 250 (0 0 -953 ) (0 0 -992 ) (0 -97 -992 ) (0 -97 -953 ) 
4 206 211 (0 -97 -992 ) (0 0 -992 ) (490 0 -992 ) (490 -97 -992 ) 
4 207 252 (0 -224 -992 ) (0 -256 -992 ) (0 -256 -953 ) (0 -224 -953 ) 
4 207 211 (0 -256 -992 ) (0 -224 -992 ) (1024 -224 -992 ) (1024 -256 -992 ) 
4 207 208 (0 -256 -992 ) (1024 -256 -992 ) (1024 -256 -975 ) (0 -256 -975 ) 
4 208 253 (0 -256 -992 ) (0 -370 -992 ) (0 -370 -975 ) (0 -256 -975 ) 
4 208 211 (0 -370 -992 ) (0 -256 -992 ) (1024 -256 -992 ) (1024 -370 -992 ) 
4 208 210 (0 -370 -992 ) (1024 -370 -992 ) (1024 -370 -975 ) (0 -370 -975 ) 
4 209 240 (0 -1024 -911 ) (0 -1024 -512 ) (0 -752 -512 ) (0 -752 -911 ) 
4 209 216 (1024 -1024 -911 ) (1024 -1024 -512 ) (0 -1024 -512 ) (0 -1024 -911 ) 
4 210 253 (0 -1024 -992 ) (0 -1024 -975 ) (0 -370 -975 ) (0 -370 -992 ) 
4 210 218 (1024 -1024 -992 ) (1024 -1024 -975 ) (0 -1024 -975 ) (0 -1024 -992 ) 
4 210 211 (1024 -1024 -992 ) (0 -1024 -992 ) (0 -370 -992 ) (1024 -370 -992 ) 
4 211 253 (0 -1024 -1024 ) (0 -1024 -992 ) (0 -256 -992 ) (0 -256 -1024 ) 
4 211 251 (0 -224 -992 ) (0 -97 -992 ) (0 -97 -1024 ) (0 -224 -1024 ) 
4 211 250 (0 -97 -992 ) (0 0 -992 ) (0 0 -1024 ) (0 -97 -1024 ) 
4 211 252 (0 -256 -992 ) (0 -224 -992 ) (0 -224 -1024 ) (0 -256 -1024 ) 
4 211 218 (1024 -1024 -1024 ) (1024 -1024 -992 ) (0 -1024 -992 ) (0 -1024 -1024 ) 
4 212 219 (1024 -2048 1024 ) (1024 -2048 -911 ) (1984 -2048 -911 ) (1984 -2048 1024 ) 
4 212 216 (1024 -1024 1024 ) (1024 -1024 -911 ) (1024 -1688 -911 ) (1024 -1688 1024 ) 
4 212 217 (1024 -1688 -911 ) (1024 -2048 -911 ) (1024 -2048 1024 ) (1024 -1688 1024 ) 
4 212 215 (1760 -1688 -911 ) (1760 -2048 -911 ) (1024 -2048 -911 ) (1024 -1688 -911 ) 
4 212 213 (1760 -1024 -911 ) (1984 -1024 -911 ) (1984 -2048 -911 ) (1760 -2048 -911 ) 
4 213 219 (1760 -2048 -1024 ) (1984 -2048 -1024 ) (1984 -2048 -911 ) (1760 -2048 -911 ) 
4 213 214 (1760 -1024 -1024 ) (1760 -1688 -1024 ) (1760 -1688 -975 ) (1760 -1024 -975 ) 
4 213 215 (1760 -1688 -1024 ) (1760 -2048 -1024 ) (1760 -2048 -911 ) (1760 -1688 -911 ) 
4 214 218 (1024 -1024 -975 ) (1024 -1024 -1024 ) (1024 -1688 -1024 ) (1024 -1688 -975 ) 
4 214 215 (1024 -1688 -1024 ) (1760 -1688 -1024 ) (1760 -1688 -975 ) (1024 -1688 -975 ) 
4 215 219 (1024 -2048 -911 ) (1024 -2048 -1024 ) (1760 -2048 -1024 ) (1760 -2048 -911 ) 
4 215 218 (1024 -1688 -1024 ) (1024 -2048 -1024 ) (1024 -2048 -975 ) (1024 -1688 -975 ) 
4 215 217 (1024 -2048 -975 ) (1024 -2048 -911 ) (1024 -1688 -911 ) (1024 -1688 -975 ) 
4 216 314 (0 -1024 -512 ) (0 -1024 -911 ) (0 -1688 -911 ) (0 -1688 -512 ) 
4 216 313 (0 -1688 1024 ) (0 -1024 1024 ) (0 -1024 -512 ) (0 -1688 -512 ) 
4 216 217 (1024 -1688 -911 ) (1024 -1688 1024 ) (0 -1688 1024 ) (0 -1688 -911 ) 
4 217 319 (0 -2048 -975 ) (0 -2048 -911 ) (0 -1688 -911 ) (0 -1688 -975 ) 
4 217 314 (0 -2048 -911 ) (0 -2048 -512 ) (0 -1688 -512 ) (0 -1688 -911 ) 
4 217 313 (0 -2048 -512 ) (0 -2048 1024 ) (0 -1688 1024 ) (0 -1688 -512 ) 
4 217 220 (1024 -2048 -975 ) (1024 -2048 1024 ) (0 -2048 1024 ) (0 -2048 -975 ) 
4 217 218 (1024 -1688 -975 ) (1024 -2048 -975 ) (0 -2048 -975 ) (0 -1688 -975 ) 
4 218 318 (0 -1688 -975 ) (0 -1024 -975 ) (0 -1024 -1024 ) (0 -1688 -1024 ) 
4 218 319 (0 -2048 -1024 ) (0 -2048 -975 ) (0 -1688 -975 ) (0 -1688 -1024 ) 
4 218 220 (1024 -2048 -1024 ) (1024 -2048 -975 ) (0 -2048 -975 ) (0 -2048 -1024 ) 
4 219 220 (1024 -2336 -1024 ) (1024 -2336 1024 ) (1024 -2048 1024 ) (1024 -2048 -1024 ) 
4 220 328 (0 -2336 -1024 ) (0 -2336 1024 ) (0 -2048 1024 ) (0 -2048 -1024 ) 
4 221 225 (0 0 -480 ) (0 0 1024 ) (-1024 0 1024 ) (-1024 0 -480 ) 
4 221 223 (-1024 1024 1024 ) (-1024 1024 -480 ) (-1024 0 -480 ) (-1024 0 1024 ) 
4 222 250 (0 0 -1024 ) (0 0 -953 ) (-1024 0 -953 ) (-1024 0 -1024 ) 
4 222 248 (0 0 -953 ) (0 0 -911 ) (-1024 0 -911 ) (-1024 0 -953 ) 
4 222 231 (0 0 -911 ) (0 0 -544 ) (-1024 0 -544 ) (-1024 0 -911 ) 
4 222 224 (-1024 1024 -544 ) (-1024 1024 -1024 ) (-1024 0 -1024 ) (-1024 0 -544 ) 
4 223 292 (-2048 1024 1024 ) (-2048 1024 -480 ) (-2048 0 -480 ) (-2048 0 1024 ) 
4 223 254 (-1024 0 -480 ) (-1024 0 1024 ) (-2048 0 1024 ) (-2048 0 -480 ) 
4 224 293 (-2048 1024 -544 ) (-2048 1024 -1024 ) (-2048 0 -1024 ) (-2048 0 -544 ) 
4 224 291 (-1024 0 -1024 ) (-1024 0 -992 ) (-2048 0 -992 ) (-2048 0 -1024 ) 
4 224 260 (-1024 0 -992 ) (-1024 0 -544 ) (-2048 0 -544 ) (-2048 0 -992 ) 
4 225 254 (-1024 0 1024 ) (-1024 0 -480 ) (-1024 -128 -480 ) (-1024 -128 1024 ) 
4 225 226 (0 -128 -480 ) (0 -128 1024 ) (-1024 -128 1024 ) (-1024 -128 -480 ) 
4 226 255 (-1024 -128 -512 ) (-1024 -688 -512 ) (-1024 -688 1024 ) (-1024 -128 1024 ) 
4 226 245 (-1024 -488 -512 ) (-1024 -460 -512 ) (-1012 -460 -512 ) (-1012 -488 -512 ) 
4 226 244 (-1012 -460 -512 ) (-740 -460 -512 ) (-740 -488 -512 ) (-1012 -488 -512 ) 
4 226 243 (-1024 -460 -512 ) (-1024 -370 -512 ) (-740 -370 -512 ) (-740 -460 -512 ) 
4 226 230 (-1024 -370 -512 ) (-1024 -128 -512 ) (0 -128 -512 ) (0 -370 -512 ) 
4 226 228 (-572 -688 -448 ) (-572 -688 1024 ) (-1024 -688 1024 ) (-1024 -688 -448 ) 
4 226 227 (-572 -688 -512 ) (0 -688 -512 ) (0 -688 1024 ) (-572 -688 1024 ) 
4 227 313 (0 -1024 -512 ) (0 -1024 1024 ) (-572 -1024 1024 ) (-572 -1024 -512 ) 
4 227 241 (-572 -838 -512 ) (-572 -752 -512 ) (-60 -752 -512 ) (-60 -838 -512 ) 
4 227 240 (0 -1024 -512 ) (-60 -1024 -512 ) (-60 -752 -512 ) (0 -752 -512 ) 
4 227 228 (-572 -688 1024 ) (-572 -688 -448 ) (-572 -952 -448 ) (-572 -952 1024 ) 
4 227 229 (-572 -952 -512 ) (-572 -1024 -512 ) (-572 -1024 1024 ) (-572 -952 1024 ) 
4 228 256 (-1024 -952 -448 ) (-1024 -952 1024 ) (-1024 -688 1024 ) (-1024 -688 -448 ) 
4 228 229 (-572 -952 -448 ) (-572 -952 1024 ) (-1024 -952 1024 ) (-1024 -952 -448 ) 
4 229 313 (-572 -1024 1024 ) (-1024 -1024 1024 ) (-1024 -1024 -512 ) (-572 -1024 -512 ) 
4 229 257 (-1024 -952 -512 ) (-1024 -1024 -512 ) (-1024 -1024 1024 ) (-1024 -952 1024 ) 
4 230 275 (-1024 -256 -544 ) (-1024 -370 -544 ) (-1024 -370 -512 ) (-1024 -256 -512 ) 
4 230 259 (-1024 -128 -544 ) (-1024 -256 -544 ) (-1024 -256 -512 ) (-1024 -128 -512 ) 
4 230 243 (-740 -370 -512 ) (-1024 -370 -512 ) (-1024 -370 -544 ) (-740 -370 -544 ) 
4 230 232 (0 -370 -544 ) (-1024 -370 -544 ) (-1024 -128 -544 ) (0 -128 -544 ) 
4 231 260 (-1024 0 -544 ) (-1024 0 -911 ) (-1024 -78 -911 ) (-1024 -78 -544 ) 
4 231 248 (-1024 -78 -911 ) (-1024 0 -911 ) (0 0 -911 ) (0 -78 -911 ) 
4 231 235 (0 -78 -738.030579 ) (0 -78 -664 ) (-1024 -78 -664 ) (-1024 -78 -738.030945 ) 
4 231 234 (0 -78 -742 ) (0 -78 -738.030579 ) (-1024 -78 -738.030945 ) (-1024 -78 -742 ) 
4 231 232 (0 -78 -664 ) (0 -78 -544 ) (-1024 -78 -544 ) (-1024 -78 -664 ) 
4 232 275 (-1024 -370 -664 ) (-1024 -370 -544 ) (-1024 -256 -544 ) (-1024 -256 -664 ) 
4 232 261 (-1024 -256 -544 ) (-1024 -78 -544 ) (-1024 -78 -664 ) (-1024 -256 -664 ) 
4 232 243 (-740 -370 -544 ) (-1024 -370 -544 ) (-1024 -370 -664 ) (-740 -370 -664 ) 
4 232 239 (0 -370 -664 ) (-1024 -370 -664 ) (-1024 -312 -664 ) (0 -312 -664 ) 
4 232 236 (-1024 -159 -664 ) (-1024 -104 -664 ) (0 -104 -664 ) (0 -159 -664 ) 
4 232 235 (-1024 -104 -664 ) (-1024 -78 -664 ) (0 -78 -664 ) (0 -104 -664 ) 
4 233 289 (-1024 -256 -911 ) (-1024 -370 -911 ) (-1024 -370 -908 ) (-1024 -256 -908 ) 
4 233 276 (-1024 -370 -908 ) (-1024 -370 -759.523560 ) (-1024 -256 -861.596558 ) (-1024 -256 -908 ) 
4 233 270 (-1024 -224 -911 ) (-1024 -256 -911 ) (-1024 -256 -908 ) (-1024 -224 -908 ) 
4 233 269 (-1024 -200.823853 -911 ) (-1024 -224 -911 ) (-1024 -224 -908 ) (-1024 -204.174393 -908 ) 
3 233 268 (-1024 -256 -908 ) (-1024 -256 -861.596558 ) (-1024 -204.174393 -908 ) 
4 233 249 (-1024 -256 -911 ) (-1024 -200.823868 -911 ) (0 -200.822632 -911 ) (0 -256 -911 ) 
4 233 242 (-1024 -370 -911 ) (-740 -370 -911 ) (-740 -370 -759.523254 ) (-1024 -370 -759.523560 ) 
4 233 238 (0 -200.820572 -911 ) (-1024 -200.821823 -911 ) (-1024 -369.466064 -760 ) (0 -369.465149 -760 ) 
3 234 263 (-1024 -81.569977 -742 ) (-1024 -82.432480 -742 ) (-1024 -82.001259 -741.613892 ) 
4 234 262 (-1024 -78 -738.030945 ) (-1024 -78 -742 ) (-1024 -81.569977 -742 ) (-1024 -82.001259 -741.613892 ) 
4 234 235 (0 -78 -738.029907 ) (-1024 -78 -738.030212 ) (-1024 -82.001640 -741.613525 ) (0 -82.001823 -741.613342 ) 
5 235 262 (-1024 -104 -721.917786 ) (-1024 -104 -664 ) (-1024 -78 -664 ) (-1024 -78 -738.030945 ) (-1024 -82.001259 -741.613892 ) 
4 235 236 (0 -104 -721.917786 ) (0 -104 -664 ) (-1024 -104 -664 ) (-1024 -104 -721.917786 ) 
4 236 262 (-1024 -159 -672.674805 ) (-1024 -159 -664 ) (-1024 -104 -664 ) (-1024 -104 -721.917786 ) 
4 237 269 (-1024 -104 -911 ) (-1024 -159 -911 ) (-1024 -159 -908 ) (-1024 -104 -908 ) 
4 237 264 (-1024 -159 -908 ) (-1024 -159 -709.439453 ) (-1024 -104 -758.684143 ) (-1024 -104 -908 ) 
4 237 249 (-1024 -159 -911 ) (-1024 -104 -911 ) (0 -104 -911 ) (0 -159 -911 ) 
4 237 238 (-1024 -159 -911 ) (0 -159 -911 ) (0 -159 -709.439819 ) (-1024 -159 -709.439453 ) 
3 238 282 (-1024 -312 -811.455444 ) (-1024 -369.467194 -760 ) (-1024 -312 -708.546936 ) 
5 238 280 (-1024 -256 -861.596558 ) (-1024 -312 -811.455444 ) (-1024 -312 -708.546936 ) (-1024 -309.155426 -706 ) (-1024 -256 -706 ) 
4 238 269 (-1024 -159 -911 ) (-1024 -200.823853 -911 ) (-1024 -204.174393 -908 ) (-1024 -159 -908 ) 
6 238 268 (-1024 -204.174393 -908 ) (-1024 -256 -861.596558 ) (-1024 -256 -706 ) (-1024 -162.841446 -706 ) (-1024 -159 -709.439453 ) (-1024 -159 -908 ) 
4 238 249 (-1024 -200.823868 -911 ) (-1024 -159 -911 ) (0 -159 -911 ) (0 -200.822632 -911 ) 
4 239 281 (-1024 -370 -723.709778 ) (-1024 -370 -664 ) (-1024 -312 -664 ) (-1024 -312 -671.778870 ) 
4 239 243 (-740 -370 -664 ) (-1024 -370 -664 ) (-1024 -370 -723.709778 ) (-740 -370 -723.709778 ) 
4 240 314 (0 -1024 -911 ) (0 -1024 -512 ) (-60 -1024 -512 ) (-60 -1024 -911 ) 
4 240 241 (-60 -752 -512 ) (-60 -752 -911 ) (-60 -838 -911 ) (-60 -838 -512 ) 
4 241 247 (-740 -752 -911 ) (-740 -838 -911 ) (-740 -838 -704 ) (-740 -752 -704 ) 
4 242 289 (-1024 -370 -911 ) (-1024 -460 -911 ) (-1024 -460 -908 ) (-1024 -370 -908 ) 
4 242 283 (-1024 -460 -908 ) (-1024 -460 -678.939514 ) (-1024 -371 -758.628174 ) (-1024 -371 -908 ) 
4 242 276 (-1024 -371 -758.628174 ) (-1024 -370 -759.523560 ) (-1024 -370 -908 ) (-1024 -371 -908 ) 
4 242 245 (-1012 -460 -820 ) (-1012 -460 -678.939514 ) (-1024 -460 -678.939514 ) (-1024 -460 -820 ) 
4 242 246 (-1024 -460 -911 ) (-1012 -460 -911 ) (-1012 -460 -908 ) (-1024 -460 -908 ) 
4 242 244 (-1012 -460 -911 ) (-740 -460 -911 ) (-740 -460 -678.939270 ) (-1012 -460 -678.939514 ) 
4 242 243 (-1024 -460 -678.940552 ) (-740 -460 -678.940247 ) (-740 -390 -741.616821 ) (-1024 -390 -741.616943 ) 
5 243 284 (-1024 -460 -678.939514 ) (-1024 -460 -512 ) (-1024 -371 -512 ) (-1024 -371 -724.605164 ) (-1024 -390 -741.616516 ) 
4 243 281 (-1024 -370 -664 ) (-1024 -370 -723.709778 ) (-1024 -371 -724.605164 ) (-1024 -371 -664 ) 
4 243 275 (-1024 -371 -512 ) (-1024 -370 -512 ) (-1024 -370 -664 ) (-1024 -371 -664 ) 
4 243 245 (-1012 -460 -512 ) (-1024 -460 -512 ) (-1024 -460 -678.939514 ) (-1012 -460 -678.939514 ) 
4 243 244 (-740 -460 -678.939270 ) (-740 -460 -512 ) (-1012 -460 -512 ) (-1012 -460 -678.939514 ) 
4 244 247 (-1012 -488 -911 ) (-740 -488 -911 ) (-740 -488 -704 ) (-1012 -488 -704 ) 
4 244 245 (-1012 -460 -512 ) (-1012 -460 -820 ) (-1012 -488 -820 ) (-1012 -488 -512 ) 
4 244 246 (-1012 -460 -908 ) (-1012 -460 -911 ) (-1012 -488 -911 ) (-1012 -488 -908 ) 
4 245 284 (-1024 -488 -653.869080 ) (-1024 -488 -512 ) (-1024 -460 -512 ) (-1024 -460 -678.939575 ) 
4 245 283 (-1024 -488 -820 ) (-1024 -488 -653.869080 ) (-1024 -460 -678.939575 ) (-1024 -460 -820 ) 
4 245 247 (-1012 -488 -820 ) (-1012 -488 -704 ) (-1024 -488 -704 ) (-1024 -488 -820 ) 
4 246 289 (-1024 -460 -911 ) (-1024 -488 -911 ) (-1024 -488 -908 ) (-1024 -460 -908 ) 
4 246 247 (-1024 -488 -911 ) (-1012 -488 -911 ) (-1012 -488 -908 ) (-1024 -488 -908 ) 
4 247 316 (-1024 -1024 -704 ) (-1024 -1024 -911 ) (-740 -1024 -911 ) (-740 -1024 -704 ) 
4 247 289 (-1024 -488 -911 ) (-1024 -1024 -911 ) (-1024 -1024 -908 ) (-1024 -488 -908 ) 
4 247 285 (-1024 -1024 -908 ) (-1024 -1024 -704 ) (-1024 -488 -704 ) (-1024 -488 -908 ) 
4 248 260 (-1024 0 -911 ) (-1024 0 -953 ) (-1024 -78 -953 ) (-1024 -78 -911 ) 
4 248 250 (-1024 -78 -953 ) (-1024 0 -953 ) (0 0 -953 ) (0 -78 -953 ) 
4 249 270 (-1024 -224 -953 ) (-1024 -256 -953 ) (-1024 -256 -911 ) (-1024 -224 -911 ) 
4 249 269 (-1024 -104 -953 ) (-1024 -224 -953 ) (-1024 -224 -911 ) (-1024 -104 -911 ) 
4 249 252 (-1024 -256 -953 ) (-1024 -224 -953 ) (0 -224 -953 ) (0 -256 -953 ) 
4 250 291 (-1024 0 -992 ) (-1024 0 -1024 ) (-1024 -97 -1024 ) (-1024 -97 -992 ) 
4 250 273 (-1024 -78 -992 ) (-1024 -97 -992 ) (-1024 -97 -953 ) (-1024 -78 -953 ) 
4 250 260 (-1024 0 -953 ) (-1024 0 -992 ) (-1024 -78 -992 ) (-1024 -78 -953 ) 
4 250 251 (-1024 -97 -1024 ) (0 -97 -1024 ) (0 -97 -992 ) (-1024 -97 -992 ) 
4 251 291 (-1024 -97 -1024 ) (-1024 -224 -1024 ) (-1024 -224 -992 ) (-1024 -97 -992 ) 
4 251 252 (-1024 -224 -1024 ) (0 -224 -1024 ) (0 -224 -992 ) (-1024 -224 -992 ) 
4 252 291 (-1024 -224 -1024 ) (-1024 -256 -1024 ) (-1024 -256 -992 ) (-1024 -224 -992 ) 
4 252 274 (-1024 -256 -992 ) (-1024 -256 -953 ) (-1024 -224 -953 ) (-1024 -224 -992 ) 
4 252 253 (-1024 -256 -1024 ) (0 -256 -1024 ) (0 -256 -975 ) (-1024 -256 -975 ) 
4 253 318 (0 -1024 -1024 ) (0 -1024 -975 ) (-1024 -1024 -975 ) (-1024 -1024 -1024 ) 
4 253 291 (-1024 -256 -1024 ) (-1024 -1024 -1024 ) (-1024 -1024 -992 ) (-1024 -256 -992 ) 
4 253 290 (-1024 -1024 -992 ) (-1024 -1024 -975 ) (-1024 -256 -975 ) (-1024 -256 -992 ) 
4 254 295 (-2048 -128 1024 ) (-2048 0 1024 ) (-2048 0 -480 ) (-2048 -128 -480 ) 
4 254 255 (-1024 -128 -480 ) (-1024 -128 1024 ) (-2048 -128 1024 ) (-2048 -128 -480 ) 
4 255 301 (-2048 -688 1024 ) (-2048 -256 1024 ) (-2048 -256 -512 ) (-2048 -688 -512 ) 
4 255 300 (-2048 -256 1024 ) (-2048 -224 1024 ) (-2048 -224 -512 ) (-2048 -256 -512 ) 
4 255 297 (-2048 -128 -480 ) (-2048 -128 -512 ) (-2048 -224 -512 ) (-2048 -224 -480 ) 
4 255 295 (-2048 -224 1024 ) (-2048 -128 1024 ) (-2048 -128 -480 ) (-2048 -224 -480 ) 
4 255 287 (-1929 -646.447205 -512 ) (-1929 -371 -512 ) (-1732 -371 -512 ) (-1732 -646.447021 -512 ) 
4 255 286 (-1732 -688 -512 ) (-1929 -688 -512 ) (-1929 -646.447205 -512 ) (-1732 -646.447021 -512 ) 
4 255 284 (-1024 -371 -512 ) (-1024 -488 -512 ) (-1140 -488 -512 ) (-1140 -371 -512 ) 
4 255 275 (-1024 -256 -512 ) (-1024 -371 -512 ) (-1929 -371 -512 ) (-1929 -256 -512 ) 
4 255 288 (-1929 -688 -512 ) (-2048 -688 -512 ) (-2048 -256 -512 ) (-1929 -256 -512 ) 
4 255 259 (-1024 -128 -512 ) (-1024 -256 -512 ) (-2048 -256 -512 ) (-2048 -128 -512 ) 
4 255 256 (-1024 -688 -448 ) (-1024 -688 1024 ) (-1732 -688 1024 ) (-1732 -688 -448 ) 
4 255 258 (-2048 -688 -512 ) (-1732 -688 -512 ) (-1732 -688 1024 ) (-2048 -688 1024 ) 
4 256 257 (-1732 -952 1024 ) (-1732 -952 -448 ) (-1024 -952 -448 ) (-1024 -952 1024 ) 
4 256 258 (-1732 -688 1024 ) (-1732 -688 -448 ) (-1732 -952 -448 ) (-1732 -952 1024 ) 
4 257 320 (-1024 -1024 -512 ) (-1024 -1024 1024 ) (-1732 -1024 1024 ) (-1732 -1024 -512 ) 
4 257 258 (-1732 -952 -512 ) (-1732 -1024 -512 ) (-1732 -1024 1024 ) (-1732 -952 1024 ) 
4 258 320 (-1732 -1024 1024 ) (-2048 -1024 1024 ) (-2048 -1024 -512 ) (-1732 -1024 -512 ) 
4 258 301 (-2048 -1024 -512 ) (-2048 -1024 1024 ) (-2048 -688 1024 ) (-2048 -688 -512 ) 
4 258 286 (-1732 -1024 -512 ) (-1929 -1024 -512 ) (-1929 -688 -512 ) (-1732 -688 -512 ) 
4 258 288 (-1929 -1024 -512 ) (-2048 -1024 -512 ) (-2048 -688 -512 ) (-1929 -688 -512 ) 
4 259 300 (-2048 -256 -512 ) (-2048 -224 -512 ) (-2048 -224 -544 ) (-2048 -256 -544 ) 
4 259 297 (-2048 -224 -512 ) (-2048 -128 -512 ) (-2048 -128 -544 ) (-2048 -224 -544 ) 
4 259 275 (-1024 -256 -544 ) (-1024 -256 -512 ) (-1929 -256 -512 ) (-1929 -256 -544 ) 
4 259 288 (-1929 -256 -512 ) (-2048 -256 -512 ) (-2048 -256 -544 ) (-1929 -256 -544 ) 
4 259 261 (-1024 -256 -544 ) (-2048 -256 -544 ) (-2048 -128 -544 ) (-1024 -128 -544 ) 
4 260 299 (-2048 0 -953 ) (-2048 0 -992 ) (-2048 -78 -992 ) (-2048 -78 -953 ) 
4 260 296 (-2048 0 -544 ) (-2048 0 -953 ) (-2048 -78 -953 ) (-2048 -78 -544 ) 
4 260 291 (-2048 -78 -992 ) (-2048 0 -992 ) (-1024 0 -992 ) (-1024 -78 -992 ) 
4 260 273 (-2048 -78 -992 ) (-1024 -78 -992 ) (-1024 -78 -953 ) (-2048 -78 -953 ) 
4 260 271 (-1929 -78 -664 ) (-2048 -78 -664 ) (-2048 -78 -953 ) (-1929 -78 -953 ) 
4 260 262 (-1024 -78 -742 ) (-1024 -78 -664 ) (-1929 -78 -664 ) (-1929 -78 -742 ) 
4 260 261 (-1024 -78 -664 ) (-1024 -78 -544 ) (-2048 -78 -544 ) (-2048 -78 -664 ) 
4 261 300 (-2048 -256 -664 ) (-2048 -256 -544 ) (-2048 -224 -544 ) (-2048 -224 -664 ) 
4 261 296 (-2048 -128 -544 ) (-2048 -78 -544 ) (-2048 -78 -664 ) (-2048 -128 -664 ) 
4 261 297 (-2048 -224 -544 ) (-2048 -128 -544 ) (-2048 -128 -664 ) (-2048 -224 -664 ) 
4 261 275 (-1024 -256 -664 ) (-1024 -256 -544 ) (-1929 -256 -544 ) (-1929 -256 -664 ) 
4 261 288 (-1929 -256 -544 ) (-2048 -256 -544 ) (-2048 -256 -664 ) (-1929 -256 -664 ) 
4 261 272 (-1929 -256 -664 ) (-2048 -256 -664 ) (-2048 -224 -664 ) (-1929 -224 -664 ) 
4 261 271 (-2048 -224 -664 ) (-2048 -78 -664 ) (-1929 -78 -664 ) (-1929 -224 -664 ) 
4 261 265 (-1722.479980 -256 -664 ) (-1929 -256 -664 ) (-1929 -159 -664 ) (-1722.479980 -159 -664 ) 
4 261 262 (-1929 -159 -664 ) (-1929 -78 -664 ) (-1024 -78 -664 ) (-1024 -159 -664 ) 
5 262 271 (-1929 -159 -664 ) (-1929 -78 -664 ) (-1929 -78 -742 ) (-1929 -81.569969 -742 ) (-1929 -159 -672.674805 ) 
4 262 266 (-1929 -159 -670.552612 ) (-1929 -159 -672.674866 ) (-1722.479980 -159 -672.674866 ) (-1722.479980 -159 -670.552734 ) 
4 262 265 (-1929 -159 -664 ) (-1929 -159 -670.552612 ) (-1722.479980 -159 -670.552734 ) (-1722.479980 -159 -664 ) 
4 262 263 (-1929 -82.001617 -741.614502 ) (-1929 -81.571060 -742 ) (-1024 -81.571060 -742 ) (-1024 -82.001801 -741.614319 ) 
3 263 271 (-1929 -82.001076 -741.614014 ) (-1929 -81.569969 -742 ) (-1929 -82.432129 -742 ) 
4 264 271 (-1929 -104 -908 ) (-1929 -159 -908 ) (-1929 -159 -709.439148 ) (-1929 -104 -758.683838 ) 
4 264 269 (-1929 -159 -908 ) (-1929 -104 -908 ) (-1024 -104 -908 ) (-1024 -159 -908 ) 
4 264 268 (-1929 -159 -709.439087 ) (-1929 -159 -908 ) (-1024 -159 -908 ) (-1024 -159 -709.439453 ) 
4 265 277 (-1722.479980 -256 -664 ) (-1929 -256 -664 ) (-1929 -256 -706 ) (-1722.479980 -256 -706 ) 
4 265 272 (-1929 -256 -706 ) (-1929 -256 -664 ) (-1929 -224 -664 ) (-1929 -224 -706 ) 
5 265 271 (-1929 -224 -664 ) (-1929 -159 -664 ) (-1929 -159 -670.552612 ) (-1929 -198.580627 -706 ) (-1929 -224 -706 ) 
4 265 268 (-1722.479980 -256 -706 ) (-1929 -256 -706 ) (-1929 -198.580627 -706 ) (-1722.479980 -198.580505 -706 ) 
4 265 267 (-1722.479980 -198.579147 -706 ) (-1929 -198.579269 -706 ) (-1929 -180.712326 -689.998840 ) (-1722.479980 -180.712280 -689.998901 ) 
4 265 266 (-1929 -160.184326 -671.614502 ) (-1929 -159 -670.553833 ) (-1722.479980 -159 -670.553955 ) (-1722.479980 -160.184280 -671.614563 ) 
3 266 271 (-1929 -159 -670.552612 ) (-1929 -159 -672.674866 ) (-1929 -160.185013 -671.613892 ) 
3 267 271 (-1929 -162.841064 -706 ) (-1929 -198.580627 -706 ) (-1929 -180.712997 -689.998230 ) 
4 267 268 (-1929 -198.580627 -706 ) (-1929 -162.841064 -706 ) (-1722.479980 -162.841156 -706 ) (-1722.479980 -198.580505 -706 ) 
4 268 280 (-1024 -256 -861.596497 ) (-1024 -256 -706 ) (-1929 -256 -706 ) (-1929 -256 -861.597534 ) 
4 268 276 (-1024 -256 -908 ) (-1024 -256 -861.596497 ) (-1929 -256 -861.597534 ) (-1929 -256 -908 ) 
4 268 272 (-1929 -256 -908 ) (-1929 -256 -706 ) (-1929 -224 -706 ) (-1929 -224 -908 ) 
5 268 271 (-1929 -224 -706 ) (-1929 -162.841064 -706 ) (-1929 -159 -709.439148 ) (-1929 -159 -908 ) (-1929 -224 -908 ) 
4 268 270 (-1024 -256 -908 ) (-1732 -256 -908 ) (-1732 -224 -908 ) (-1024 -224 -908 ) 
4 268 269 (-1929 -224 -908 ) (-1929 -159 -908 ) (-1024 -159 -908 ) (-1024 -224 -908 ) 
4 269 271 (-1929 -104 -953 ) (-1929 -224 -953 ) (-1929 -224 -908 ) (-1929 -104 -908 ) 
4 269 270 (-1024 -224 -908 ) (-1732 -224 -908 ) (-1732 -224 -953 ) (-1024 -224 -953 ) 
4 270 289 (-1024 -256 -911 ) (-1024 -256 -908 ) (-1732 -256 -908 ) (-1732 -256 -911 ) 
4 270 274 (-1024 -256 -953 ) (-1732 -256 -953 ) (-1732 -224 -953 ) (-1024 -224 -953 ) 
4 271 296 (-2048 -128 -664 ) (-2048 -78 -664 ) (-2048 -78 -953 ) (-2048 -128 -953 ) 
4 271 297 (-2048 -224 -664 ) (-2048 -128 -664 ) (-2048 -128 -953 ) (-2048 -224 -953 ) 
4 271 273 (-2048 -97 -953 ) (-2048 -78 -953 ) (-1929 -78 -953 ) (-1929 -97 -953 ) 
4 271 272 (-1929 -224 -908 ) (-1929 -224 -664 ) (-2048 -224 -664 ) (-2048 -224 -908 ) 
4 272 300 (-2048 -256 -908 ) (-2048 -256 -664 ) (-2048 -224 -664 ) (-2048 -224 -908 ) 
4 272 288 (-1929 -256 -664 ) (-2048 -256 -664 ) (-2048 -256 -908 ) (-1929 -256 -908 ) 
4 273 299 (-2048 -78 -992 ) (-2048 -97 -992 ) (-2048 -97 -953 ) (-2048 -78 -953 ) 
4 273 291 (-2048 -97 -992 ) (-2048 -78 -992 ) (-1024 -78 -992 ) (-1024 -97 -992 ) 
4 274 291 (-1732 -224 -992 ) (-1024 -224 -992 ) (-1024 -256 -992 ) (-1732 -256 -992 ) 
4 274 290 (-1732 -256 -992 ) (-1024 -256 -992 ) (-1024 -256 -975 ) (-1732 -256 -975 ) 
4 275 287 (-1929 -371 -512 ) (-1929 -371 -664 ) (-1732 -371 -664 ) (-1732 -371 -512 ) 
4 275 284 (-1140 -371 -664 ) (-1024 -371 -664 ) (-1024 -371 -512 ) (-1140 -371 -512 ) 
4 275 281 (-1024 -371 -664 ) (-1929 -371 -664 ) (-1929 -312 -664 ) (-1024 -312 -664 ) 
4 275 277 (-1929 -312 -664 ) (-1929 -256 -664 ) (-1722.479980 -256 -664 ) (-1722.479980 -312 -664 ) 
4 275 288 (-1929 -256 -512 ) (-1929 -256 -664 ) (-1929 -371 -664 ) (-1929 -371 -512 ) 
4 276 289 (-1929 -371 -908 ) (-1929 -256 -908 ) (-1024 -256 -908 ) (-1024 -371 -908 ) 
4 276 286 (-1929 -371 -758.629150 ) (-1929 -371 -908 ) (-1732 -371 -908 ) (-1732 -371 -758.628967 ) 
4 276 283 (-1140 -371 -908 ) (-1024 -371 -908 ) (-1024 -371 -758.628174 ) (-1140 -371 -758.628296 ) 
4 276 282 (-1929 -312 -811.453430 ) (-1929 -369.466400 -760 ) (-1024 -369.465607 -760 ) (-1024 -312 -811.452454 ) 
4 276 280 (-1024 -256 -861.593445 ) (-1929 -256 -861.594421 ) (-1929 -312 -811.453430 ) (-1024 -312 -811.452454 ) 
4 276 288 (-1929 -256 -861.597473 ) (-1929 -256 -908 ) (-1929 -371 -908 ) (-1929 -371 -758.629150 ) 
4 277 281 (-1722.479980 -312 -664 ) (-1929 -312 -664 ) (-1929 -312 -671.451782 ) (-1722.479980 -312 -671.451782 ) 
4 277 280 (-1929 -273.415894 -706 ) (-1929 -256 -706 ) (-1722.479980 -256 -706 ) (-1722.479980 -273.415894 -706 ) 
4 277 279 (-1722.479980 -312 -671.451355 ) (-1929 -312 -671.451355 ) (-1929 -311.817108 -671.615112 ) (-1722.479980 -311.817108 -671.615112 ) 
4 277 278 (-1929 -291.285400 -690 ) (-1929 -273.415955 -706 ) (-1722.479980 -273.415955 -706 ) (-1722.479980 -291.285339 -690 ) 
5 277 288 (-1929 -256 -664 ) (-1929 -256 -706 ) (-1929 -273.415894 -706 ) (-1929 -312 -671.451782 ) (-1929 -312 -664 ) 
4 278 280 (-1929 -309.155914 -706 ) (-1929 -273.415894 -706 ) (-1722.479980 -273.415894 -706 ) (-1722.479980 -309.155823 -706 ) 
3 278 288 (-1929 -273.415894 -706 ) (-1929 -309.155914 -706 ) (-1929 -291.285492 -690 ) 
4 279 281 (-1722.479980 -312 -671.451782 ) (-1929 -312 -671.451782 ) (-1929 -312 -671.778870 ) (-1722.479980 -312 -671.778870 ) 
3 279 288 (-1929 -312 -671.778870 ) (-1929 -312 -671.451782 ) (-1929 -311.817352 -671.615356 ) 
4 280 282 (-1929 -312 -811.455200 ) (-1024 -312 -811.454224 ) (-1024 -312 -708.546875 ) (-1929 -312 -708.546509 ) 
5 280 288 (-1929 -256 -706 ) (-1929 -256 -861.597473 ) (-1929 -312 -811.456360 ) (-1929 -312 -708.546509 ) (-1929 -309.155914 -706 ) 
4 281 287 (-1929 -371 -664 ) (-1929 -371 -724.605103 ) (-1732 -371 -724.605103 ) (-1732 -371 -664 ) 
4 281 284 (-1140 -371 -724.605103 ) (-1024 -371 -724.605103 ) (-1024 -371 -664 ) (-1140 -371 -664 ) 
4 281 288 (-1929 -371 -724.605103 ) (-1929 -371 -664 ) (-1929 -312 -664 ) (-1929 -312 -671.778870 ) 
3 282 288 (-1929 -312 -811.456360 ) (-1929 -369.467957 -760 ) (-1929 -312 -708.546448 ) 
4 283 289 (-1140 -488 -908 ) (-1140 -371 -908 ) (-1024 -371 -908 ) (-1024 -488 -908 ) 
4 283 285 (-1140 -488 -704 ) (-1140 -488 -908 ) (-1024 -488 -908 ) (-1024 -488 -704 ) 
4 283 284 (-1140 -389.997894 -741.615112 ) (-1140 -488 -653.868408 ) (-1024 -488 -653.868286 ) (-1024 -389.997833 -741.615051 ) 
4 285 321 (-1024 -1024 -908 ) (-1024 -1024 -704 ) (-1140 -1024 -704 ) (-1140 -1024 -908 ) 
4 285 289 (-1024 -1024 -908 ) (-1140 -1024 -908 ) (-1140 -488 -908 ) (-1024 -488 -908 ) 
4 286 324 (-1732 -1024 -512 ) (-1929 -1024 -512 ) (-1929 -1024 -908 ) (-1732 -1024 -908 ) 
4 286 289 (-1732 -1024 -908 ) (-1929 -1024 -908 ) (-1929 -371 -908 ) (-1732 -371 -908 ) 
4 286 287 (-1732 -646.445313 -512 ) (-1732 -390 -741.616821 ) (-1929 -390 -741.616943 ) (-1929 -646.447205 -512 ) 
5 286 288 (-1929 -371 -908 ) (-1929 -1024 -908 ) (-1929 -1024 -512 ) (-1929 -646.447266 -512 ) (-1929 -371 -758.629150 ) 
4 287 288 (-1929 -646.447266 -512 ) (-1929 -371 -512 ) (-1929 -371 -724.605103 ) (-1929 -390 -741.616943 ) 
4 288 324 (-1929 -1024 -512 ) (-2048 -1024 -512 ) (-2048 -1024 -908 ) (-1929 -1024 -908 ) 
4 288 301 (-2048 -1024 -908 ) (-2048 -1024 -512 ) (-2048 -256 -512 ) (-2048 -256 -908 ) 
4 288 289 (-1929 -1024 -908 ) (-2048 -1024 -908 ) (-2048 -256 -908 ) (-1929 -256 -908 ) 
4 289 325 (-1024 -1024 -911 ) (-1024 -1024 -908 ) (-2048 -1024 -908 ) (-2048 -1024 -911 ) 
4 289 301 (-2048 -1024 -911 ) (-2048 -1024 -908 ) (-2048 -256 -908 ) (-2048 -256 -911 ) 
4 290 327 (-1024 -1024 -992 ) (-1024 -1024 -975 ) (-2048 -1024 -975 ) (-2048 -1024 -992 ) 
4 290 302 (-2048 -1024 -992 ) (-2048 -1024 -975 ) (-2048 -256 -975 ) (-2048 -256 -992 ) 
4 290 291 (-1024 -1024 -992 ) (-2048 -1024 -992 ) (-2048 -256 -992 ) (-1024 -256 -992 ) 
4 291 327 (-1024 -1024 -1024 ) (-1024 -1024 -992 ) (-2048 -1024 -992 ) (-2048 -1024 -1024 ) 
4 291 304 (-2048 -1024 -1024 ) (-2048 -1024 -992 ) (-2048 0 -992 ) (-2048 0 -1024 ) 
4 292 305 (-3072 0 -480 ) (-3072 0 1024 ) (-3072 1024 1024 ) (-3072 1024 -480 ) 
4 292 295 (-2048 0 -480 ) (-2048 0 1024 ) (-3072 0 1024 ) (-3072 0 -480 ) 
4 292 294 (-2584 0 -480 ) (-3072 0 -480 ) (-3072 1024 -480 ) (-2584 1024 -480 ) 
4 293 304 (-2048 0 -1024 ) (-2048 0 -992 ) (-2584 0 -992 ) (-2584 0 -1024 ) 
4 293 299 (-2048 0 -992 ) (-2048 0 -953 ) (-2584 0 -953 ) (-2584 0 -992 ) 
4 293 296 (-2048 0 -953 ) (-2048 0 -544 ) (-2584 0 -544 ) (-2584 0 -953 ) 
4 293 294 (-2584 1024 -1024 ) (-2584 0 -1024 ) (-2584 0 -544 ) (-2584 1024 -544 ) 
4 294 305 (-3072 0 -1024 ) (-3072 0 -480 ) (-3072 1024 -480 ) (-3072 1024 -1024 ) 
4 294 304 (-3072 0 -992 ) (-3072 0 -1024 ) (-2584 0 -1024 ) (-2584 0 -992 ) 
4 294 299 (-3072 0 -953 ) (-3072 0 -992 ) (-2584 0 -992 ) (-2584 0 -953 ) 
4 294 298 (-2584 0 -480 ) (-3072 0 -480 ) (-3072 0 -953 ) (-2584 0 -953 ) 
4 295 307 (-3072 -97 -480 ) (-3072 -224 -480 ) (-3072 -224 1024 ) (-3072 -97 1024 ) 
4 295 306 (-3072 0 1024 ) (-3072 0 -480 ) (-3072 -97 -480 ) (-3072 -97 1024 ) 
4 295 300 (-2048 -224 -480 ) (-2048 -224 1024 ) (-3072 -224 1024 ) (-3072 -224 -480 ) 
4 295 297 (-2048 -224 -480 ) (-2584 -224 -480 ) (-2584 -128 -480 ) (-2048 -128 -480 ) 
4 295 298 (-2584 -224 -480 ) (-3072 -224 -480 ) (-3072 0 -480 ) (-2584 0 -480 ) 
4 296 299 (-2584 -97 -953 ) (-2584 0 -953 ) (-2048 0 -953 ) (-2048 -97 -953 ) 
4 296 297 (-2584 -128 -544 ) (-2584 -128 -953 ) (-2048 -128 -953 ) (-2048 -128 -544 ) 
4 296 298 (-2584 0 -953 ) (-2584 -128 -953 ) (-2584 -128 -544 ) (-2584 0 -544 ) 
4 297 300 (-2048 -224 -908 ) (-2048 -224 -480 ) (-2584 -224 -480 ) (-2584 -224 -908 ) 
4 297 298 (-2584 -128 -953 ) (-2584 -224 -953 ) (-2584 -224 -480 ) (-2584 -128 -480 ) 
4 298 307 (-3072 -97 -953 ) (-3072 -224 -953 ) (-3072 -224 -480 ) (-3072 -97 -480 ) 
4 298 306 (-3072 0 -480 ) (-3072 0 -953 ) (-3072 -97 -953 ) (-3072 -97 -480 ) 
4 298 300 (-2584 -224 -480 ) (-3072 -224 -480 ) (-3072 -224 -908 ) (-2584 -224 -908 ) 
4 298 299 (-3072 -97 -953 ) (-3072 0 -953 ) (-2584 0 -953 ) (-2584 -97 -953 ) 
4 299 306 (-3072 0 -953 ) (-3072 0 -992 ) (-3072 -97 -992 ) (-3072 -97 -953 ) 
4 299 304 (-3072 -97 -992 ) (-3072 0 -992 ) (-2048 0 -992 ) (-2048 -97 -992 ) 
4 300 309 (-3072 -224 1024 ) (-3072 -224 -908 ) (-3072 -256 -908 ) (-3072 -256 1024 ) 
4 300 301 (-2368 -256 -908 ) (-2048 -256 -908 ) (-2048 -256 1024 ) (-2368 -256 1024 ) 
4 300 303 (-3072 -256 1024 ) (-3072 -256 -908 ) (-2368 -256 -908 ) (-2368 -256 1024 ) 
4 301 330 (-2048 -1024 -911 ) (-2048 -1024 1024 ) (-2368 -1024 1024 ) (-2368 -1024 -911 ) 
4 301 303 (-2368 -1024 1024 ) (-2368 -256 1024 ) (-2368 -256 -911 ) (-2368 -1024 -911 ) 
4 302 333 (-2048 -1024 -992 ) (-2048 -1024 -975 ) (-2368 -1024 -975 ) (-2368 -1024 -992 ) 
4 302 304 (-2368 -256 -992 ) (-2048 -256 -992 ) (-2048 -1024 -992 ) (-2368 -1024 -992 ) 
4 302 303 (-2368 -256 -975 ) (-2368 -256 -992 ) (-2368 -1024 -992 ) (-2368 -1024 -975 ) 
4 303 333 (-3072 -1024 -975 ) (-3072 -1024 -992 ) (-2368 -1024 -992 ) (-2368 -1024 -975 ) 
4 303 332 (-2368 -1024 1024 ) (-3072 -1024 1024 ) (-3072 -1024 -975 ) (-2368 -1024 -975 ) 
4 303 310 (-3072 -1024 -992 ) (-3072 -1024 1024 ) (-3072 -256 1024 ) (-3072 -256 -992 ) 
4 303 304 (-3072 -1024 -992 ) (-3072 -256 -992 ) (-2368 -256 -992 ) (-2368 -1024 -992 ) 
4 304 333 (-2048 -1024 -1024 ) (-2048 -1024 -992 ) (-3072 -1024 -992 ) (-3072 -1024 -1024 ) 
4 304 312 (-3072 -1024 -1024 ) (-3072 -1024 -992 ) (-3072 0 -992 ) (-3072 0 -1024 ) 
4 305 312 (-3072 0 -1024 ) (-3072 0 -992 ) (-3652 0 -992 ) (-3652 0 -1024 ) 
4 305 306 (-3072 0 -992 ) (-3072 0 1024 ) (-3650 0 1024 ) (-3650 0 -992 ) 
4 305 308 (-3650 0 1024 ) (-3652 0 1024 ) (-3652 0 -992 ) (-3650 0 -992 ) 
4 306 312 (-3650 0 -992 ) (-3072 0 -992 ) (-3072 -97 -992 ) (-3650 -97 -992 ) 
4 306 307 (-3650 -97 1024 ) (-3650 -97 -953 ) (-3072 -97 -953 ) (-3072 -97 1024 ) 
4 306 308 (-3650 0 -992 ) (-3650 -97 -992 ) (-3650 -97 1024 ) (-3650 0 1024 ) 
4 307 309 (-3072 -224 -908 ) (-3072 -224 1024 ) (-3650 -224 1024 ) (-3650 -224 -908 ) 
4 307 308 (-3650 -224 -953 ) (-3650 -224 1024 ) (-3650 -97 1024 ) (-3650 -97 -953 ) 
4 308 312 (-3652 -224 -992 ) (-3652 0 -992 ) (-3650 0 -992 ) (-3650 -224 -992 ) 
4 308 311 (-3652 -224 1024 ) (-3652 -224 -992 ) (-3650 -224 -992 ) (-3650 -224 1024 ) 
4 309 310 (-3650 -256 1024 ) (-3650 -256 -908 ) (-3072 -256 -908 ) (-3072 -256 1024 ) 
4 309 311 (-3650 -256 1024 ) (-3650 -224 1024 ) (-3650 -224 -908 ) (-3650 -256 -908 ) 
4 310 334 (-3072 -1024 -992 ) (-3072 -1024 1024 ) (-3650 -1024 1024 ) (-3650 -1024 -992 ) 
4 310 312 (-3072 -1024 -992 ) (-3650 -1024 -992 ) (-3650 -256 -992 ) (-3072 -256 -992 ) 
4 310 311 (-3650 -1024 1024 ) (-3650 -256 1024 ) (-3650 -256 -992 ) (-3650 -1024 -992 ) 
4 311 334 (-3650 -1024 1024 ) (-3652 -1024 1024 ) (-3652 -1024 -992 ) (-3650 -1024 -992 ) 
4 311 312 (-3650 -1024 -992 ) (-3652 -1024 -992 ) (-3652 -224 -992 ) (-3650 -224 -992 ) 
4 312 334 (-3072 -1024 -1024 ) (-3072 -1024 -992 ) (-3652 -1024 -992 ) (-3652 -1024 -1024 ) 
4 313 328 (0 -2048 -512 ) (0 -2048 1024 ) (-1024 -2048 1024 ) (-1024 -2048 -512 ) 
4 313 320 (-1024 -1024 1024 ) (-1024 -1024 -512 ) (-1024 -2048 -512 ) (-1024 -2048 1024 ) 
4 313 317 (-1024 -2048 -512 ) (-1024 -1040 -512 ) (-740 -1040 -512 ) (-740 -2048 -512 ) 
4 313 315 (-60 -1232 -512 ) (-60 -2048 -512 ) (-740 -2048 -512 ) (-740 -1232 -512 ) 
4 313 314 (-60 -1024 -512 ) (0 -1024 -512 ) (0 -2048 -512 ) (-60 -2048 -512 ) 
4 314 328 (0 -2048 -911 ) (0 -2048 -512 ) (-60 -2048 -512 ) (-60 -2048 -911 ) 
4 314 319 (0 -2048 -911 ) (-60 -2048 -911 ) (-60 -1688 -911 ) (0 -1688 -911 ) 
4 314 315 (-60 -1232 -911 ) (-60 -2048 -911 ) (-60 -2048 -512 ) (-60 -1232 -512 ) 
4 315 328 (-60 -2048 -512 ) (-740 -2048 -512 ) (-740 -2048 -911 ) (-60 -2048 -911 ) 
4 315 319 (-60 -2048 -911 ) (-740 -2048 -911 ) (-740 -1688 -911 ) (-60 -1688 -911 ) 
4 315 317 (-740 -1232 -911 ) (-740 -2048 -911 ) (-740 -2048 -512 ) (-740 -1232 -512 ) 
4 316 325 (-1024 -1024 -908 ) (-1024 -1024 -911 ) (-1024 -1040 -911 ) (-1024 -1040 -908 ) 
4 316 321 (-1024 -1024 -704 ) (-1024 -1024 -908 ) (-1024 -1040 -908 ) (-1024 -1040 -704 ) 
4 316 317 (-1024 -1040 -911 ) (-740 -1040 -911 ) (-740 -1040 -704 ) (-1024 -1040 -704 ) 
4 317 328 (-740 -2048 -512 ) (-1024 -2048 -512 ) (-1024 -2048 -911 ) (-740 -2048 -911 ) 
4 317 325 (-1024 -1040 -911 ) (-1024 -1688 -911 ) (-1024 -1688 -908 ) (-1024 -1040 -908 ) 
4 317 326 (-1024 -1688 -911 ) (-1024 -2048 -911 ) (-1024 -2048 -908 ) (-1024 -1688 -908 ) 
4 317 322 (-1024 -2048 -908 ) (-1024 -2048 -512 ) (-1024 -1040 -512 ) (-1024 -1040 -908 ) 
4 317 319 (-740 -2048 -911 ) (-1024 -2048 -911 ) (-1024 -1688 -911 ) (-740 -1688 -911 ) 
4 318 327 (-1024 -1024 -975 ) (-1024 -1024 -1024 ) (-1024 -1688 -1024 ) (-1024 -1688 -975 ) 
4 318 319 (-1024 -1688 -1024 ) (0 -1688 -1024 ) (0 -1688 -975 ) (-1024 -1688 -975 ) 
4 319 328 (0 -2048 -1024 ) (0 -2048 -911 ) (-1024 -2048 -911 ) (-1024 -2048 -1024 ) 
4 319 327 (-1024 -1688 -1024 ) (-1024 -2048 -1024 ) (-1024 -2048 -975 ) (-1024 -1688 -975 ) 
4 319 326 (-1024 -2048 -975 ) (-1024 -2048 -911 ) (-1024 -1688 -911 ) (-1024 -1688 -975 ) 
4 320 330 (-2048 -1024 1024 ) (-2048 -1024 -512 ) (-2048 -1688 -512 ) (-2048 -1688 1024 ) 
4 320 331 (-2048 -1688 -512 ) (-2048 -2048 -512 ) (-2048 -2048 1024 ) (-2048 -1688 1024 ) 
4 320 329 (-1024 -2048 -512 ) (-1024 -2048 1024 ) (-2048 -2048 1024 ) (-2048 -2048 -512 ) 
4 320 323 (-1140 -1688 -512 ) (-1140 -2048 -512 ) (-1732 -2048 -512 ) (-1732 -1688 -512 ) 
4 320 324 (-2048 -1024 -512 ) (-1732 -1024 -512 ) (-1732 -2048 -512 ) (-2048 -2048 -512 ) 
4 320 322 (-1024 -1040 -512 ) (-1024 -2048 -512 ) (-1140 -2048 -512 ) (-1140 -1040 -512 ) 
4 321 325 (-1140 -1040 -908 ) (-1140 -1024 -908 ) (-1024 -1024 -908 ) (-1024 -1040 -908 ) 
4 321 322 (-1140 -1040 -704 ) (-1140 -1040 -908 ) (-1024 -1040 -908 ) (-1024 -1040 -704 ) 
4 322 329 (-1024 -2048 -908 ) (-1024 -2048 -512 ) (-1140 -2048 -512 ) (-1140 -2048 -908 ) 
4 322 325 (-1140 -1688 -908 ) (-1140 -1040 -908 ) (-1024 -1040 -908 ) (-1024 -1688 -908 ) 
4 322 326 (-1024 -2048 -908 ) (-1140 -2048 -908 ) (-1140 -1688 -908 ) (-1024 -1688 -908 ) 
4 322 323 (-1140 -1688 -908 ) (-1140 -2048 -908 ) (-1140 -2048 -512 ) (-1140 -1688 -512 ) 
4 323 329 (-1140 -2048 -512 ) (-1732 -2048 -512 ) (-1732 -2048 -908 ) (-1140 -2048 -908 ) 
4 323 326 (-1140 -2048 -908 ) (-1732 -2048 -908 ) (-1732 -1688 -908 ) (-1140 -1688 -908 ) 
4 323 324 (-1732 -1688 -908 ) (-1732 -2048 -908 ) (-1732 -2048 -512 ) (-1732 -1688 -512 ) 
4 324 330 (-2048 -1024 -512 ) (-2048 -1024 -908 ) (-2048 -1688 -908 ) (-2048 -1688 -512 ) 
4 324 331 (-2048 -1688 -908 ) (-2048 -2048 -908 ) (-2048 -2048 -512 ) (-2048 -1688 -512 ) 
4 324 329 (-1732 -2048 -512 ) (-2048 -2048 -512 ) (-2048 -2048 -908 ) (-1732 -2048 -908 ) 
4 324 325 (-2048 -1688 -908 ) (-2048 -1024 -908 ) (-1732 -1024 -908 ) (-1732 -1688 -908 ) 
4 324 326 (-1732 -2048 -908 ) (-2048 -2048 -908 ) (-2048 -1688 -908 ) (-1732 -1688 -908 ) 
4 325 330 (-2048 -1024 -908 ) (-2048 -1024 -911 ) (-2048 -1688 -911 ) (-2048 -1688 -908 ) 
4 325 326 (-1024 -1688 -911 ) (-1024 -1688 -908 ) (-2048 -1688 -908 ) (-2048 -1688 -911 ) 
4 326 331 (-2048 -1688 -975 ) (-2048 -2048 -975 ) (-2048 -2048 -908 ) (-2048 -1688 -908 ) 
4 326 329 (-1024 -2048 -975 ) (-1024 -2048 -908 ) (-2048 -2048 -908 ) (-2048 -2048 -975 ) 
4 326 327 (-1024 -1688 -975 ) (-1024 -2048 -975 ) (-2048 -2048 -975 ) (-2048 -1688 -975 ) 
4 327 333 (-2048 -1024 -975 ) (-2048 -1024 -1024 ) (-2048 -2048 -1024 ) (-2048 -2048 -975 ) 
4 327 329 (-1024 -2048 -1024 ) (-1024 -2048 -975 ) (-2048 -2048 -975 ) (-2048 -2048 -1024 ) 
4 328 329 (-1024 -2336 -1024 ) (-1024 -2336 1024 ) (-1024 -2048 1024 ) (-1024 -2048 -1024 ) 
4 329 335 (-2048 -2336 -1024 ) (-2048 -2336 1024 ) (-2048 -2048 1024 ) (-2048 -2048 -1024 ) 
4 330 331 (-2368 -1688 1024 ) (-2368 -1688 -911 ) (-2048 -1688 -911 ) (-2048 -1688 1024 ) 
4 330 332 (-2368 -1688 -911 ) (-2368 -1688 1024 ) (-2368 -1024 1024 ) (-2368 -1024 -911 ) 
4 331 335 (-2048 -2048 -975 ) (-2048 -2048 1024 ) (-2368 -2048 1024 ) (-2368 -2048 -975 ) 
4 331 333 (-2048 -2048 -975 ) (-2368 -2048 -975 ) (-2368 -1688 -975 ) (-2048 -1688 -975 ) 
4 331 332 (-2368 -1688 -975 ) (-2368 -2048 -975 ) (-2368 -2048 1024 ) (-2368 -1688 1024 ) 
4 332 335 (-2368 -2048 1024 ) (-3072 -2048 1024 ) (-3072 -2048 -975 ) (-2368 -2048 -975 ) 
4 332 334 (-3072 -1024 1024 ) (-3072 -1024 -975 ) (-3072 -2048 -975 ) (-3072 -2048 1024 ) 
4 332 333 (-2368 -2048 -975 ) (-3072 -2048 -975 ) (-3072 -1024 -975 ) (-2368 -1024 -975 ) 
4 333 335 (-2048 -2048 -1024 ) (-2048 -2048 -975 ) (-3072 -2048 -975 ) (-3072 -2048 -1024 ) 
4 333 334 (-3072 -1024 -975 ) (-3072 -1024 -1024 ) (-3072 -2048 -1024 ) (-3072 -2048 -975 ) 
4 334 336 (-3072 -2048 -1024 ) (-3072 -2048 1024 ) (-3652 -2048 1024 ) (-3652 -2048 -1024 ) 
4 335 336 (-3072 -2048 1024 ) (-3072 -2048 -1024 ) (-3072 -2336 -1024 ) (-3072 -2336 1024 ) 
