


CustomMaterialManager: Cached KeyValues materials/models/weapons/v_models/knife_butterfly/knife_butterfly.vmt.
CustomMaterialManager: Cached KeyValues materials/models/weapons/v_models/knife_bayonet/knife_bayonet.vmt.
CustomMaterialManager: Cached KeyValues materials/models/weapons/v_models/knife_ct/knife_ct.vmt.
CustomMaterialManager: Cached KeyValues materials/models/weapons/v_models/knife_flip/knife_flip.vmt.
CustomMaterialManager: Cached KeyValues materials/models/weapons/v_models/knife_gut/knife_gut.vmt.
CustomMaterialManager: Cached KeyValues materials/models/weapons/v_models/knife_karam/karam.vmt.
CustomMaterialManager: Cached KeyValues materials/models/weapons/v_models/knife_m9_bay/knife_m9_bay.vmt.
CustomMaterialManager: Cached KeyValues materials/models/weapons/v_models/knife_t/knife_t.vmt.
CustomMaterialManager: Cached KeyValues materials/models/weapons/v_models/knife_tactical/knife_tactical.vmt.
CustomMaterialManager: Cached KeyValues materials/models/weapons/v_models/mach_m249para/m249.vmt.
CustomMaterialManager: Cached KeyValues materials/models/weapons/v_models/mach_negev/mach_negev.vmt.
CustomMaterialManager: Cached KeyValues materials/models/weapons/v_models/pist_223/pist_223.vmt.
CustomMaterialManager: Cached KeyValues materials/models/weapons/v_models/pist_cz_75/pist_cz_75.vmt.
CustomMaterialManager: Cached KeyValues materials/models/weapons/v_models/pist_deagle/pist_deagle.vmt.
CustomMaterialManager: Cached KeyValues materials/models/weapons/v_models/pist_elite/m9a1.vmt.
CustomMaterialManager: Cached KeyValues materials/models/weapons/v_models/pist_fiveseven/fiveseven.vmt.
CustomMaterialManager: Cached KeyValues materials/models/weapons/v_models/pist_glock18/pist_glock18.vmt.
CustomMaterialManager: Cached KeyValues materials/models/weapons/v_models/pist_hkp2000/pist_hkp2000.vmt.
CustomMaterialManager: Cached KeyValues materials/models/weapons/v_models/pist_p250/p250.vmt.
CustomMaterialManager: Cached KeyValues materials/models/weapons/v_models/pist_tec9/pist_tec9.vmt.
CustomMaterialManager: Cached KeyValues materials/models/weapons/v_models/rif_ak47/ak47.vmt.
CustomMaterialManager: Cached KeyValues materials/models/weapons/v_models/rif_aug/rif_aug.vmt.
CustomMaterialManager: Cached KeyValues materials/models/weapons/v_models/rif_famas/rif_famas.vmt.
CustomMaterialManager: Cached KeyValues materials/models/weapons/v_models/rif_galilar/rif_galilar.vmt.
CustomMaterialManager: Cached KeyValues materials/models/weapons/v_models/rif_m4a1/rif_m4a1.vmt.
CustomMaterialManager: Cached KeyValues materials/models/weapons/v_models/rif_m4a1_s/rif_m4a1_s.vmt.
CustomMaterialManager: Cached KeyValues materials/models/weapons/v_models/rif_sg556/rif_sg556.vmt.
CustomMaterialManager: Cached KeyValues materials/models/weapons/v_models/shot_mag7/shot_mag7.vmt.
CustomMaterialManager: Cached KeyValues materials/models/weapons/v_models/shot_nova/shot_nova.vmt.
CustomMaterialManager: Cached KeyValues materials/models/weapons/v_models/shot_sawedoff/shot_sawedoff_01.vmt.
CustomMaterialManager: Cached KeyValues materials/models/weapons/v_models/shot_xm1014/shot_xm1014.vmt.
CustomMaterialManager: Cached KeyValues materials/models/weapons/v_models/smg_bizon/bizon.vmt.
CustomMaterialManager: Cached KeyValues materials/models/weapons/v_models/smg_mac10/smg_mac10_1.vmt.
CustomMaterialManager: Cached KeyValues materials/models/weapons/v_models/smg_mp7/smg_mp7.vmt.
CustomMaterialManager: Cached KeyValues materials/models/weapons/v_models/smg_mp9/smg_mp9.vmt.
CustomMaterialManager: Cached KeyValues materials/models/weapons/v_models/smg_p90/smg_p90.vmt.
CustomMaterialManager: Cached KeyValues materials/models/weapons/v_models/smg_ump45/smg_ump45.vmt.
CustomMaterialManager: Cached KeyValues materials/models/weapons/v_models/snip_awp/awp.vmt.
CustomMaterialManager: Cached KeyValues materials/models/weapons/v_models/snip_g3sg1/snip_g3sg1.vmt.
CustomMaterialManager: Cached KeyValues materials/models/weapons/v_models/snip_scar20/snip_scar20.vmt.
CustomMaterialManager: Cached KeyValues materials/models/weapons/v_models/snip_ssg08/snip_ssg08.vmt.
CustomMaterialManager: Cached KeyValues materials/models/weapons/v_models/snip_ssg08/snip_ssg08_scope.vmt.
CustomMaterialManager: Cached KeyValues materials/models/weapons/v_models/pist_revolver/pist_revolver.vmt.
CustomMaterialManager: Cached KeyValues materials/models/weapons/v_models/knife_falchion_advanced/knife_falchion_advanced.vmt.
CustomMaterialManager: Cached KeyValues materials/models/weapons/v_models/knife_push/knife_push.vmt.
CustomMaterialManager: Cached KeyValues materials/models/weapons/v_models/knife_survival_bowie/knife_survival_bowie.vmt.
materialPath: C:\Program Files (x86)\Steam\steamapps\common\Counter-Strike Global Offensive\csgo\materials
Loading c:\users\jaeth\desktop\beta map\de_transit\de_transit_a7.vmf
Map revision 110
Patching WVT material: maps/de_transit_a7/asphalt/hr_c/hr_asphalt_001_wvt_patch
fixing up env_cubemap materials on brush sides...
0...1...2...3...4...5...6...7...8...9...100...1...2...3...4...5...6...7...8...9...10Processing areas...done (0)
Building Faces...done (0)
Chop Details...done (0)
Find Visible Detail Sides...
Merged 138 detail faces...done (0)
Merging details...done (0)
FixTjuncs...
PruneNodes...
WriteBSP...
done (0)
writing c:\users\jaeth\desktop\beta map\de_transit\de_transit_a7.prt...Building visibility clusters...
done (0)
Finding displacement neighbors...
Finding lightmap sample positions...
Displacement Alpha : 0...1...2...3...4...5...6...7...8...9...10
Building Physics collision data...
done (0) (65478 bytes)
Error loading studio model ""!
Placing detail props : 0...1...2...3...4...5...6...7...8...9...10
Compacting texture/material tables...
Reduced 154 texinfos to 92
Reduced 14 texdatas to 11 (391 bytes to 314)
Writing c:\users\jaeth\desktop\beta map\de_transit\de_transit_a7.bsp
0 seconds elapsed



2 threads
reading c:\users\jaeth\desktop\beta map\de_transit\de_transit_a7.bsp
reading c:\users\jaeth\desktop\beta map\de_transit\de_transit_a7.prt
 337 portalclusters
1129 numportals
0...1...2...3...4...5...6...7...8...9...100...1...2...3...4...5...6...7...8...9...10Optimized: 281 visible clusters (0.00%)
Total clusters visible: 74890
Average clusters visible: 222
Building PAS...
Average clusters audible: 337
visdatasize:31501  compressed from 32352
writing c:\users\jaeth\desktop\beta map\de_transit\de_transit_a7.bsp
35 seconds elapsed



[Reading texlights from 'lights.rad']
[17 texlights parsed from 'lights.rad']

Loading c:\users\jaeth\desktop\beta map\de_transit\de_transit_a7.bsp
Loaded alpha texture materials\models\props_foliage\branch_city.vtf
Loaded alpha texture materials\models\props\de_nuke\hr_nuke\chainlink_fence_001\chainlink_fence_wire_001_mip0.vtf
1849 faces
3 degenerate faces
1421818 square feet [204741824.00 square inches]
1 Displacements
81 Square Feet [11664.00 Square Inches]
1846 patches before subdivision
53884 patches after subdivision
16 direct lights
0...1...2...3...4...5...6...7...8...9...100...1...2...3...4...5...6...7...8...9...10transfers 2920264, max 437
transfer lists:  22.3 megs
0...1...2...3...4...5...6...7...8...9...10	Bounce #1 added RGB(105532, 42137, 13689)
0...1...2...3...4...5...6...7...8...9...10	Bounce #2 added RGB(42235, 5410, 58)
0...1...2...3...4...5...6...7...8...9...10	Bounce #3 added RGB(22092, 742, 2)
0...1...2...3...4...5...6...7...8...9...10	Bounce #4 added RGB(13895, 127, 0)
0...1...2...3...4...5...6...7...8...9...10	Bounce #5 added RGB(9389, 23, 0)
0...1...2...3...4...5...6...7...8...9...10	Bounce #6 added RGB(6488, 4, 0)
0...1...2...3...4...5...6...7...8...9...10	Bounce #7 added RGB(4535, 1, 0)
0...1...2...3...4...5...6...7...8...9...10	Bounce #8 added RGB(3180, 0, 0)
0...1...2...3...4...5...6...7...8...9...10	Bounce #9 added RGB(2234, 0, 0)
0...1...2...3...4...5...6...7...8...9...10	Bounce #10 added RGB(1571, 0, 0)
0...1...2...3...4...5...6...7...8...9...10	Bounce #11 added RGB(1104, 0, 0)
0...1...2...3...4...5...6...7...8...9...10	Bounce #12 added RGB(777, 0, 0)
0...1...2...3...4...5...6...7...8...9...10	Bounce #13 added RGB(546, 0, 0)
0...1...2...3...4...5...6...7...8...9...10	Bounce #14 added RGB(384, 0, 0)
0...1...2...3...4...5...6...7...8...9...10	Bounce #15 added RGB(270, 0, 0)
0...1...2...3...4...5...6...7...8...9...10	Bounce #16 added RGB(190, 0, 0)
0...1...2...3...4...5...6...7...8...9...10	Bounce #17 added RGB(134, 0, 0)
0...1...2...3...4...5...6...7...8...9...10	Bounce #18 added RGB(94, 0, 0)
0...1...2...3...4...5...6...7...8...9...10	Bounce #19 added RGB(66, 0, 0)
0...1...2...3...4...5...6...7...8...9...10	Bounce #20 added RGB(47, 0, 0)
0...1...2...3...4...5...6...7...8...9...10	Bounce #21 added RGB(33, 0, 0)
0...1...2...3...4...5...6...7...8...9...10	Bounce #22 added RGB(23, 0, 0)
0...1...2...3...4...5...6...7...8...9...10	Bounce #23 added RGB(16, 0, 0)
0...1...2...3...4...5...6...7...8...9...10	Bounce #24 added RGB(11, 0, 0)
0...1...2...3...4...5...6...7...8...9...10	Bounce #25 added RGB(8, 0, 0)
0...1...2...3...4...5...6...7...8...9...10	Bounce #26 added RGB(6, 0, 0)
0...1...2...3...4...5...6...7...8...9...10	Bounce #27 added RGB(4, 0, 0)
0...1...2...3...4...5...6...7...8...9...10	Bounce #28 added RGB(3, 0, 0)
0...1...2...3...4...5...6...7...8...9...10	Bounce #29 added RGB(2, 0, 0)
0...1...2...3...4...5...6...7...8...9...10	Bounce #30 added RGB(1, 0, 0)
0...1...2...3...4...5...6...7...8...9...10	Bounce #31 added RGB(1, 0, 0)
Build Patch/Sample Hash Table(s).....Done<0.0487 sec>
0...1...2...3...4...5...6...7...8...9...10FinalLightFace Done
0 of 0 (0% of) surface lights went in leaf ambient cubes.
0...1...2...3...4...5...6...7...8...9...10Writing leaf ambient...done
Computing static prop lighting : 00...1...2...3...4...5...6...7...8...9...10
Ready to Finish

Object names       Objects/Maxobjs  Memory / Maxmem  Fullness 
------------       ---------------  ---------------  -------- 
models                   3/1024          144/49152    ( 0.3%) 
brushes                192/8192         2304/98304    ( 2.3%) 
brushsides            1512/65536       12096/524288   ( 2.3%) 
planes                1152/65536       23040/1310720  ( 1.8%) 
vertexes              2608/65536       31296/786432   ( 4.0%) 
nodes                  716/65536       22912/2097152  ( 1.1%) 
texinfos                92/12288        6624/884736   ( 0.7%) 
texdata                 11/2048          352/65536    ( 0.5%) 
dispinfos                1/0             176/0        ( 0.0%) 
disp_verts             289/0            5780/0        ( 0.0%) 
disp_tris              512/0            1024/0        ( 0.0%) 
disp_multiblend          0/0               0/0        ( 0.0%) 
disp_lmsamples         288/0             288/0        ( 0.0%) 
faces                 1849/65536      103544/3670016  ( 2.8%) 
hdr faces                0/65536           0/3670016  ( 0.0%) 
origfaces              622/65536       34832/3670016  ( 0.9%) 
facebrushes            158/0             316/0        ( 0.0%) 
facebrushlists        1849/0            7396/0        ( 0.0%) 
leaves                 720/65536       23040/2097152  ( 1.1%) 
leaffaces             2394/65536        4788/131072   ( 3.7%) 
leafbrushes            718/65536        1436/131072   ( 1.1%) 
areas                    2/1024           16/8192     ( 0.2%) 
surfedges            11102/512000      44408/2048000  ( 2.2%) 
edges                 6112/256000      24448/1024000  ( 2.4%) 
LDR worldlights         16/8192         1600/819200   ( 0.2%) 
HDR worldlights          0/8192            0/819200   ( 0.0%) 
leafwaterdata            0/32768           0/393216   ( 0.0%) 
waterstrips            219/32768        2190/327680   ( 0.7%) 
waterverts               0/65536           0/786432   ( 0.0%) 
waterindices          3465/65536        6930/131072   ( 5.3%) 
cubemapsamples           5/1024           80/16384    ( 0.5%) 
overlays                 1/1024          352/360448   ( 0.1%) 
LDR lightdata         [variable]     3906008/0        ( 0.0%) 
HDR lightdata         [variable]           0/0        ( 0.0%) 
visdata               [variable]       31501/16777216 ( 0.2%) 
entdata               [variable]        5421/393216   ( 1.4%) 
LDR ambient table      720/65536        2880/262144   ( 1.1%) 
HDR ambient table      720/65536        2880/262144   ( 1.1%) 
LDR leaf ambient      4163/65536      116564/1835008  ( 6.4%) 
HDR leaf ambient       720/65536       20160/1835008  ( 1.1%) 
occluders                0/0               0/0        ( 0.0%) 
occluder polygons        0/0               0/0        ( 0.0%) 
occluder vert ind        0/0               0/0        ( 0.0%) 
detail props          [variable]           1/12       ( 8.3%) 
static props          [variable]           1/4380     ( 0.0%) 
pakfile               [variable]     1914685/0        ( 0.0%) 
physics               [variable]       65478/4194304  ( 1.6%) 
physics terrain       [variable]         592/1048576  ( 0.1%) 

Level flags = 1d

Total triangle count: 4961
Writing c:\users\jaeth\desktop\beta map\de_transit\de_transit_a7.bsp
4 minutes, 3 seconds elapsed



[Reading texlights from 'lights.rad']
[17 texlights parsed from 'lights.rad']

Loading c:\users\jaeth\desktop\beta map\de_transit\de_transit_a7.bsp
Loaded alpha texture materials\models\props_foliage\branch_city.vtf
Loaded alpha texture materials\models\props\de_nuke\hr_nuke\chainlink_fence_001\chainlink_fence_wire_001_mip0.vtf
1849 faces
3 degenerate faces
1421818 square feet [204741824.00 square inches]
1 Displacements
81 Square Feet [11664.00 Square Inches]
1846 patches before subdivision
53884 patches after subdivision
16 direct lights
0...1...2...3...4...5...6...7...8...9...100...1...2...3...4...5...6...7...8...9...10transfers 2920264, max 437
transfer lists:  22.3 megs
0...1...2...3...4...5...6...7...8...9...10	Bounce #1 added RGB(91704, 35747, 10697)
0...1...2...3...4...5...6...7...8...9...10	Bounce #2 added RGB(38616, 4751, 46)
0...1...2...3...4...5...6...7...8...9...10	Bounce #3 added RGB(21064, 684, 1)
0...1...2...3...4...5...6...7...8...9...10	Bounce #4 added RGB(13532, 120, 0)
0...1...2...3...4...5...6...7...8...9...10	Bounce #5 added RGB(9217, 22, 0)
0...1...2...3...4...5...6...7...8...9...10	Bounce #6 added RGB(6400, 4, 0)
0...1...2...3...4...5...6...7...8...9...10	Bounce #7 added RGB(4482, 1, 0)
0...1...2...3...4...5...6...7...8...9...10	Bounce #8 added RGB(3148, 0, 0)
0...1...2...3...4...5...6...7...8...9...10	Bounce #9 added RGB(2213, 0, 0)
0...1...2...3...4...5...6...7...8...9...10	Bounce #10 added RGB(1557, 0, 0)
0...1...2...3...4...5...6...7...8...9...10	Bounce #11 added RGB(1095, 0, 0)
0...1...2...3...4...5...6...7...8...9...10	Bounce #12 added RGB(771, 0, 0)
0...1...2...3...4...5...6...7...8...9...10	Bounce #13 added RGB(542, 0, 0)
0...1...2...3...4...5...6...7...8...9...10	Bounce #14 added RGB(382, 0, 0)
0...1...2...3...4...5...6...7...8...9...10	Bounce #15 added RGB(268, 0, 0)
0...1...2...3...4...5...6...7...8...9...10	Bounce #16 added RGB(189, 0, 0)
0...1...2...3...4...5...6...7...8...9...10	Bounce #17 added RGB(133, 0, 0)
0...1...2...3...4...5...6...7...8...9...10	Bounce #18 added RGB(94, 0, 0)
0...1...2...3...4...5...6...7...8...9...10	Bounce #19 added RGB(66, 0, 0)
0...1...2...3...4...5...6...7...8...9...10	Bounce #20 added RGB(46, 0, 0)
0...1...2...3...4...5...6...7...8...9...10	Bounce #21 added RGB(33, 0, 0)
0...1...2...3...4...5...6...7...8...9...10	Bounce #22 added RGB(23, 0, 0)
0...1...2...3...4...5...6...7...8...9...10	Bounce #23 added RGB(16, 0, 0)
0...1...2...3...4...5...6...7...8...9...10	Bounce #24 added RGB(11, 0, 0)
0...1...2...3...4...5...6...7...8...9...10	Bounce #25 added RGB(8, 0, 0)
0...1...2...3...4...5...6...7...8...9...10	Bounce #26 added RGB(6, 0, 0)
0...1...2...3...4...5...6...7...8...9...10	Bounce #27 added RGB(4, 0, 0)
0...1...2...3...4...5...6...7...8...9...10	Bounce #28 added RGB(3, 0, 0)
0...1...2...3...4...5...6...7...8...9...10	Bounce #29 added RGB(2, 0, 0)
0...1...2...3...4...5...6...7...8...9...10	Bounce #30 added RGB(1, 0, 0)
0...1...2...3...4...5...6...7...8...9...10	Bounce #31 added RGB(1, 0, 0)
Build Patch/Sample Hash Table(s).....Done<0.0204 sec>
0...1...2...3...4...5...6...7...8...9...10FinalLightFace Done
0 of 0 (0% of) surface lights went in leaf ambient cubes.
0...1...2...3...4...5...6...7...8...9...10Writing leaf ambient...done
Computing static prop lighting : 00...1...2...3...4...5...6...7...8...9...10
Ready to Finish

Object names       Objects/Maxobjs  Memory / Maxmem  Fullness 
------------       ---------------  ---------------  -------- 
models                   3/1024          144/49152    ( 0.3%) 
brushes                192/8192         2304/98304    ( 2.3%) 
brushsides            1512/65536       12096/524288   ( 2.3%) 
planes                1152/65536       23040/1310720  ( 1.8%) 
vertexes              2608/65536       31296/786432   ( 4.0%) 
nodes                  716/65536       22912/2097152  ( 1.1%) 
texinfos                92/12288        6624/884736   ( 0.7%) 
texdata                 11/2048          352/65536    ( 0.5%) 
dispinfos                1/0             176/0        ( 0.0%) 
disp_verts             289/0            5780/0        ( 0.0%) 
disp_tris              512/0            1024/0        ( 0.0%) 
disp_multiblend          0/0               0/0        ( 0.0%) 
disp_lmsamples         288/0             288/0        ( 0.0%) 
faces                 1849/65536      103544/3670016  ( 2.8%) 
hdr faces             1849/65536      103544/3670016  ( 2.8%) 
origfaces              622/65536       34832/3670016  ( 0.9%) 
facebrushes            158/0             316/0        ( 0.0%) 
facebrushlists        1849/0            7396/0        ( 0.0%) 
leaves                 720/65536       23040/2097152  ( 1.1%) 
leaffaces             2394/65536        4788/131072   ( 3.7%) 
leafbrushes            718/65536        1436/131072   ( 1.1%) 
areas                    2/1024           16/8192     ( 0.2%) 
surfedges            11102/512000      44408/2048000  ( 2.2%) 
edges                 6112/256000      24448/1024000  ( 2.4%) 
LDR worldlights         16/8192         1600/819200   ( 0.2%) 
HDR worldlights         16/8192         1600/819200   ( 0.2%) 
leafwaterdata            0/32768           0/393216   ( 0.0%) 
waterstrips            219/32768        2190/327680   ( 0.7%) 
waterverts               0/65536           0/786432   ( 0.0%) 
waterindices          3465/65536        6930/131072   ( 5.3%) 
cubemapsamples           5/1024           80/16384    ( 0.5%) 
overlays                 1/1024          352/360448   ( 0.1%) 
LDR lightdata         [variable]     3906008/0        ( 0.0%) 
HDR lightdata         [variable]     3906008/0        ( 0.0%) 
visdata               [variable]       31501/16777216 ( 0.2%) 
entdata               [variable]        5421/393216   ( 1.4%) 
LDR ambient table      720/65536        2880/262144   ( 1.1%) 
HDR ambient table      720/65536        2880/262144   ( 1.1%) 
LDR leaf ambient      4163/65536      116564/1835008  ( 6.4%) 
HDR leaf ambient      4088/65536      114464/1835008  ( 6.2%) 
occluders                0/0               0/0        ( 0.0%) 
occluder polygons        0/0               0/0        ( 0.0%) 
occluder vert ind        0/0               0/0        ( 0.0%) 
detail props          [variable]           1/12       ( 8.3%) 
static props          [variable]           1/4380     ( 0.0%) 
pakfile               [variable]     3382761/0        ( 0.0%) 
physics               [variable]       65478/4194304  ( 1.6%) 
physics terrain       [variable]         592/1048576  ( 0.1%) 

Level flags = 1f

Total triangle count: 4961
Writing c:\users\jaeth\desktop\beta map\de_transit\de_transit_a7.bsp
4 minutes, 11 seconds elapsed
