


CustomMaterialManager: Cached KeyValues materials/models/weapons/v_models/knife_butterfly/knife_butterfly.vmt.
CustomMaterialManager: Cached KeyValues materials/models/weapons/v_models/knife_bayonet/knife_bayonet.vmt.
CustomMaterialManager: Cached KeyValues materials/models/weapons/v_models/knife_ct/knife_ct.vmt.
CustomMaterialManager: Cached KeyValues materials/models/weapons/v_models/knife_flip/knife_flip.vmt.
CustomMaterialManager: Cached KeyValues materials/models/weapons/v_models/knife_gut/knife_gut.vmt.
CustomMaterialManager: Cached KeyValues materials/models/weapons/v_models/knife_karam/karam.vmt.
CustomMaterialManager: Cached KeyValues materials/models/weapons/v_models/knife_m9_bay/knife_m9_bay.vmt.
CustomMaterialManager: Cached KeyValues materials/models/weapons/v_models/knife_t/knife_t.vmt.
CustomMaterialManager: Cached KeyValues materials/models/weapons/v_models/knife_tactical/knife_tactical.vmt.
CustomMaterialManager: Cached KeyValues materials/models/weapons/v_models/mach_m249para/m249.vmt.
CustomMaterialManager: Cached KeyValues materials/models/weapons/v_models/mach_negev/mach_negev.vmt.
CustomMaterialManager: Cached KeyValues materials/models/weapons/v_models/pist_223/pist_223.vmt.
CustomMaterialManager: Cached KeyValues materials/models/weapons/v_models/pist_cz_75/pist_cz_75.vmt.
CustomMaterialManager: Cached KeyValues materials/models/weapons/v_models/pist_deagle/pist_deagle.vmt.
CustomMaterialManager: Cached KeyValues materials/models/weapons/v_models/pist_elite/m9a1.vmt.
CustomMaterialManager: Cached KeyValues materials/models/weapons/v_models/pist_fiveseven/fiveseven.vmt.
CustomMaterialManager: Cached KeyValues materials/models/weapons/v_models/pist_glock18/pist_glock18.vmt.
CustomMaterialManager: Cached KeyValues materials/models/weapons/v_models/pist_hkp2000/pist_hkp2000.vmt.
CustomMaterialManager: Cached KeyValues materials/models/weapons/v_models/pist_p250/p250.vmt.
CustomMaterialManager: Cached KeyValues materials/models/weapons/v_models/pist_tec9/pist_tec9.vmt.
CustomMaterialManager: Cached KeyValues materials/models/weapons/v_models/rif_ak47/ak47.vmt.
CustomMaterialManager: Cached KeyValues materials/models/weapons/v_models/rif_aug/rif_aug.vmt.
CustomMaterialManager: Cached KeyValues materials/models/weapons/v_models/rif_famas/rif_famas.vmt.
CustomMaterialManager: Cached KeyValues materials/models/weapons/v_models/rif_galilar/rif_galilar.vmt.
CustomMaterialManager: Cached KeyValues materials/models/weapons/v_models/rif_m4a1/rif_m4a1.vmt.
CustomMaterialManager: Cached KeyValues materials/models/weapons/v_models/rif_m4a1_s/rif_m4a1_s.vmt.
CustomMaterialManager: Cached KeyValues materials/models/weapons/v_models/rif_sg556/rif_sg556.vmt.
CustomMaterialManager: Cached KeyValues materials/models/weapons/v_models/shot_mag7/shot_mag7.vmt.
CustomMaterialManager: Cached KeyValues materials/models/weapons/v_models/shot_nova/shot_nova.vmt.
CustomMaterialManager: Cached KeyValues materials/models/weapons/v_models/shot_sawedoff/shot_sawedoff_01.vmt.
CustomMaterialManager: Cached KeyValues materials/models/weapons/v_models/shot_xm1014/shot_xm1014.vmt.
CustomMaterialManager: Cached KeyValues materials/models/weapons/v_models/smg_bizon/bizon.vmt.
CustomMaterialManager: Cached KeyValues materials/models/weapons/v_models/smg_mac10/smg_mac10_1.vmt.
CustomMaterialManager: Cached KeyValues materials/models/weapons/v_models/smg_mp7/smg_mp7.vmt.
CustomMaterialManager: Cached KeyValues materials/models/weapons/v_models/smg_mp9/smg_mp9.vmt.
CustomMaterialManager: Cached KeyValues materials/models/weapons/v_models/smg_p90/smg_p90.vmt.
CustomMaterialManager: Cached KeyValues materials/models/weapons/v_models/smg_ump45/smg_ump45.vmt.
CustomMaterialManager: Cached KeyValues materials/models/weapons/v_models/snip_awp/awp.vmt.
CustomMaterialManager: Cached KeyValues materials/models/weapons/v_models/snip_g3sg1/snip_g3sg1.vmt.
CustomMaterialManager: Cached KeyValues materials/models/weapons/v_models/snip_scar20/snip_scar20.vmt.
CustomMaterialManager: Cached KeyValues materials/models/weapons/v_models/snip_ssg08/snip_ssg08.vmt.
CustomMaterialManager: Cached KeyValues materials/models/weapons/v_models/snip_ssg08/snip_ssg08_scope.vmt.
CustomMaterialManager: Cached KeyValues materials/models/weapons/v_models/pist_revolver/pist_revolver.vmt.
CustomMaterialManager: Cached KeyValues materials/models/weapons/v_models/knife_falchion_advanced/knife_falchion_advanced.vmt.
CustomMaterialManager: Cached KeyValues materials/models/weapons/v_models/knife_push/knife_push.vmt.
CustomMaterialManager: Cached KeyValues materials/models/weapons/v_models/knife_survival_bowie/knife_survival_bowie.vmt.
materialPath: C:\Program Files (x86)\Steam\steamapps\common\Counter-Strike Global Offensive\csgo\materials
Loading c:\users\jaeth\desktop\beta map\de_transit\de_transit_a6.vmf
Map revision 96
Error: displacement found on a(n) func_detail entity - not supported (entity 7, brush 0)



CustomMaterialManager: Cached KeyValues materials/models/weapons/v_models/knife_butterfly/knife_butterfly.vmt.
CustomMaterialManager: Cached KeyValues materials/models/weapons/v_models/knife_bayonet/knife_bayonet.vmt.
CustomMaterialManager: Cached KeyValues materials/models/weapons/v_models/knife_ct/knife_ct.vmt.
CustomMaterialManager: Cached KeyValues materials/models/weapons/v_models/knife_flip/knife_flip.vmt.
CustomMaterialManager: Cached KeyValues materials/models/weapons/v_models/knife_gut/knife_gut.vmt.
CustomMaterialManager: Cached KeyValues materials/models/weapons/v_models/knife_karam/karam.vmt.
CustomMaterialManager: Cached KeyValues materials/models/weapons/v_models/knife_m9_bay/knife_m9_bay.vmt.
CustomMaterialManager: Cached KeyValues materials/models/weapons/v_models/knife_t/knife_t.vmt.
CustomMaterialManager: Cached KeyValues materials/models/weapons/v_models/knife_tactical/knife_tactical.vmt.
CustomMaterialManager: Cached KeyValues materials/models/weapons/v_models/mach_m249para/m249.vmt.
CustomMaterialManager: Cached KeyValues materials/models/weapons/v_models/mach_negev/mach_negev.vmt.
CustomMaterialManager: Cached KeyValues materials/models/weapons/v_models/pist_223/pist_223.vmt.
CustomMaterialManager: Cached KeyValues materials/models/weapons/v_models/pist_cz_75/pist_cz_75.vmt.
CustomMaterialManager: Cached KeyValues materials/models/weapons/v_models/pist_deagle/pist_deagle.vmt.
CustomMaterialManager: Cached KeyValues materials/models/weapons/v_models/pist_elite/m9a1.vmt.
CustomMaterialManager: Cached KeyValues materials/models/weapons/v_models/pist_fiveseven/fiveseven.vmt.
CustomMaterialManager: Cached KeyValues materials/models/weapons/v_models/pist_glock18/pist_glock18.vmt.
CustomMaterialManager: Cached KeyValues materials/models/weapons/v_models/pist_hkp2000/pist_hkp2000.vmt.
CustomMaterialManager: Cached KeyValues materials/models/weapons/v_models/pist_p250/p250.vmt.
CustomMaterialManager: Cached KeyValues materials/models/weapons/v_models/pist_tec9/pist_tec9.vmt.
CustomMaterialManager: Cached KeyValues materials/models/weapons/v_models/rif_ak47/ak47.vmt.
CustomMaterialManager: Cached KeyValues materials/models/weapons/v_models/rif_aug/rif_aug.vmt.
CustomMaterialManager: Cached KeyValues materials/models/weapons/v_models/rif_famas/rif_famas.vmt.
CustomMaterialManager: Cached KeyValues materials/models/weapons/v_models/rif_galilar/rif_galilar.vmt.
CustomMaterialManager: Cached KeyValues materials/models/weapons/v_models/rif_m4a1/rif_m4a1.vmt.
CustomMaterialManager: Cached KeyValues materials/models/weapons/v_models/rif_m4a1_s/rif_m4a1_s.vmt.
CustomMaterialManager: Cached KeyValues materials/models/weapons/v_models/rif_sg556/rif_sg556.vmt.
CustomMaterialManager: Cached KeyValues materials/models/weapons/v_models/shot_mag7/shot_mag7.vmt.
CustomMaterialManager: Cached KeyValues materials/models/weapons/v_models/shot_nova/shot_nova.vmt.
CustomMaterialManager: Cached KeyValues materials/models/weapons/v_models/shot_sawedoff/shot_sawedoff_01.vmt.
CustomMaterialManager: Cached KeyValues materials/models/weapons/v_models/shot_xm1014/shot_xm1014.vmt.
CustomMaterialManager: Cached KeyValues materials/models/weapons/v_models/smg_bizon/bizon.vmt.
CustomMaterialManager: Cached KeyValues materials/models/weapons/v_models/smg_mac10/smg_mac10_1.vmt.
CustomMaterialManager: Cached KeyValues materials/models/weapons/v_models/smg_mp7/smg_mp7.vmt.
CustomMaterialManager: Cached KeyValues materials/models/weapons/v_models/smg_mp9/smg_mp9.vmt.
CustomMaterialManager: Cached KeyValues materials/models/weapons/v_models/smg_p90/smg_p90.vmt.
CustomMaterialManager: Cached KeyValues materials/models/weapons/v_models/smg_ump45/smg_ump45.vmt.
CustomMaterialManager: Cached KeyValues materials/models/weapons/v_models/snip_awp/awp.vmt.
CustomMaterialManager: Cached KeyValues materials/models/weapons/v_models/snip_g3sg1/snip_g3sg1.vmt.
CustomMaterialManager: Cached KeyValues materials/models/weapons/v_models/snip_scar20/snip_scar20.vmt.
CustomMaterialManager: Cached KeyValues materials/models/weapons/v_models/snip_ssg08/snip_ssg08.vmt.
CustomMaterialManager: Cached KeyValues materials/models/weapons/v_models/snip_ssg08/snip_ssg08_scope.vmt.
CustomMaterialManager: Cached KeyValues materials/models/weapons/v_models/pist_revolver/pist_revolver.vmt.
CustomMaterialManager: Cached KeyValues materials/models/weapons/v_models/knife_falchion_advanced/knife_falchion_advanced.vmt.
CustomMaterialManager: Cached KeyValues materials/models/weapons/v_models/knife_push/knife_push.vmt.
CustomMaterialManager: Cached KeyValues materials/models/weapons/v_models/knife_survival_bowie/knife_survival_bowie.vmt.
materialPath: C:\Program Files (x86)\Steam\steamapps\common\Counter-Strike Global Offensive\csgo\materials
Loading c:\users\jaeth\desktop\beta map\de_transit\de_transit_a6.vmf
Map revision 97
Error: displacement found on a(n) func_detail entity - not supported (entity 7, brush 0)



CustomMaterialManager: Cached KeyValues materials/models/weapons/v_models/knife_butterfly/knife_butterfly.vmt.
CustomMaterialManager: Cached KeyValues materials/models/weapons/v_models/knife_bayonet/knife_bayonet.vmt.
CustomMaterialManager: Cached KeyValues materials/models/weapons/v_models/knife_ct/knife_ct.vmt.
CustomMaterialManager: Cached KeyValues materials/models/weapons/v_models/knife_flip/knife_flip.vmt.
CustomMaterialManager: Cached KeyValues materials/models/weapons/v_models/knife_gut/knife_gut.vmt.
CustomMaterialManager: Cached KeyValues materials/models/weapons/v_models/knife_karam/karam.vmt.
CustomMaterialManager: Cached KeyValues materials/models/weapons/v_models/knife_m9_bay/knife_m9_bay.vmt.
CustomMaterialManager: Cached KeyValues materials/models/weapons/v_models/knife_t/knife_t.vmt.
CustomMaterialManager: Cached KeyValues materials/models/weapons/v_models/knife_tactical/knife_tactical.vmt.
CustomMaterialManager: Cached KeyValues materials/models/weapons/v_models/mach_m249para/m249.vmt.
CustomMaterialManager: Cached KeyValues materials/models/weapons/v_models/mach_negev/mach_negev.vmt.
CustomMaterialManager: Cached KeyValues materials/models/weapons/v_models/pist_223/pist_223.vmt.
CustomMaterialManager: Cached KeyValues materials/models/weapons/v_models/pist_cz_75/pist_cz_75.vmt.
CustomMaterialManager: Cached KeyValues materials/models/weapons/v_models/pist_deagle/pist_deagle.vmt.
CustomMaterialManager: Cached KeyValues materials/models/weapons/v_models/pist_elite/m9a1.vmt.
CustomMaterialManager: Cached KeyValues materials/models/weapons/v_models/pist_fiveseven/fiveseven.vmt.
CustomMaterialManager: Cached KeyValues materials/models/weapons/v_models/pist_glock18/pist_glock18.vmt.
CustomMaterialManager: Cached KeyValues materials/models/weapons/v_models/pist_hkp2000/pist_hkp2000.vmt.
CustomMaterialManager: Cached KeyValues materials/models/weapons/v_models/pist_p250/p250.vmt.
CustomMaterialManager: Cached KeyValues materials/models/weapons/v_models/pist_tec9/pist_tec9.vmt.
CustomMaterialManager: Cached KeyValues materials/models/weapons/v_models/rif_ak47/ak47.vmt.
CustomMaterialManager: Cached KeyValues materials/models/weapons/v_models/rif_aug/rif_aug.vmt.
CustomMaterialManager: Cached KeyValues materials/models/weapons/v_models/rif_famas/rif_famas.vmt.
CustomMaterialManager: Cached KeyValues materials/models/weapons/v_models/rif_galilar/rif_galilar.vmt.
CustomMaterialManager: Cached KeyValues materials/models/weapons/v_models/rif_m4a1/rif_m4a1.vmt.
CustomMaterialManager: Cached KeyValues materials/models/weapons/v_models/rif_m4a1_s/rif_m4a1_s.vmt.
CustomMaterialManager: Cached KeyValues materials/models/weapons/v_models/rif_sg556/rif_sg556.vmt.
CustomMaterialManager: Cached KeyValues materials/models/weapons/v_models/shot_mag7/shot_mag7.vmt.
CustomMaterialManager: Cached KeyValues materials/models/weapons/v_models/shot_nova/shot_nova.vmt.
CustomMaterialManager: Cached KeyValues materials/models/weapons/v_models/shot_sawedoff/shot_sawedoff_01.vmt.
CustomMaterialManager: Cached KeyValues materials/models/weapons/v_models/shot_xm1014/shot_xm1014.vmt.
CustomMaterialManager: Cached KeyValues materials/models/weapons/v_models/smg_bizon/bizon.vmt.
CustomMaterialManager: Cached KeyValues materials/models/weapons/v_models/smg_mac10/smg_mac10_1.vmt.
CustomMaterialManager: Cached KeyValues materials/models/weapons/v_models/smg_mp7/smg_mp7.vmt.
CustomMaterialManager: Cached KeyValues materials/models/weapons/v_models/smg_mp9/smg_mp9.vmt.
CustomMaterialManager: Cached KeyValues materials/models/weapons/v_models/smg_p90/smg_p90.vmt.
CustomMaterialManager: Cached KeyValues materials/models/weapons/v_models/smg_ump45/smg_ump45.vmt.
CustomMaterialManager: Cached KeyValues materials/models/weapons/v_models/snip_awp/awp.vmt.
CustomMaterialManager: Cached KeyValues materials/models/weapons/v_models/snip_g3sg1/snip_g3sg1.vmt.
CustomMaterialManager: Cached KeyValues materials/models/weapons/v_models/snip_scar20/snip_scar20.vmt.
CustomMaterialManager: Cached KeyValues materials/models/weapons/v_models/snip_ssg08/snip_ssg08.vmt.
CustomMaterialManager: Cached KeyValues materials/models/weapons/v_models/snip_ssg08/snip_ssg08_scope.vmt.
CustomMaterialManager: Cached KeyValues materials/models/weapons/v_models/pist_revolver/pist_revolver.vmt.
CustomMaterialManager: Cached KeyValues materials/models/weapons/v_models/knife_falchion_advanced/knife_falchion_advanced.vmt.
CustomMaterialManager: Cached KeyValues materials/models/weapons/v_models/knife_push/knife_push.vmt.
CustomMaterialManager: Cached KeyValues materials/models/weapons/v_models/knife_survival_bowie/knife_survival_bowie.vmt.
materialPath: C:\Program Files (x86)\Steam\steamapps\common\Counter-Strike Global Offensive\csgo\materials
Loading c:\users\jaeth\desktop\beta map\de_transit\de_transit_a6.vmf
Map revision 98
Error: displacement found on a(n) func_detail entity - not supported (entity 6, brush 0)



CustomMaterialManager: Cached KeyValues materials/models/weapons/v_models/knife_butterfly/knife_butterfly.vmt.
CustomMaterialManager: Cached KeyValues materials/models/weapons/v_models/knife_bayonet/knife_bayonet.vmt.
CustomMaterialManager: Cached KeyValues materials/models/weapons/v_models/knife_ct/knife_ct.vmt.
CustomMaterialManager: Cached KeyValues materials/models/weapons/v_models/knife_flip/knife_flip.vmt.
CustomMaterialManager: Cached KeyValues materials/models/weapons/v_models/knife_gut/knife_gut.vmt.
CustomMaterialManager: Cached KeyValues materials/models/weapons/v_models/knife_karam/karam.vmt.
CustomMaterialManager: Cached KeyValues materials/models/weapons/v_models/knife_m9_bay/knife_m9_bay.vmt.
CustomMaterialManager: Cached KeyValues materials/models/weapons/v_models/knife_t/knife_t.vmt.
CustomMaterialManager: Cached KeyValues materials/models/weapons/v_models/knife_tactical/knife_tactical.vmt.
CustomMaterialManager: Cached KeyValues materials/models/weapons/v_models/mach_m249para/m249.vmt.
CustomMaterialManager: Cached KeyValues materials/models/weapons/v_models/mach_negev/mach_negev.vmt.
CustomMaterialManager: Cached KeyValues materials/models/weapons/v_models/pist_223/pist_223.vmt.
CustomMaterialManager: Cached KeyValues materials/models/weapons/v_models/pist_cz_75/pist_cz_75.vmt.
CustomMaterialManager: Cached KeyValues materials/models/weapons/v_models/pist_deagle/pist_deagle.vmt.
CustomMaterialManager: Cached KeyValues materials/models/weapons/v_models/pist_elite/m9a1.vmt.
CustomMaterialManager: Cached KeyValues materials/models/weapons/v_models/pist_fiveseven/fiveseven.vmt.
CustomMaterialManager: Cached KeyValues materials/models/weapons/v_models/pist_glock18/pist_glock18.vmt.
CustomMaterialManager: Cached KeyValues materials/models/weapons/v_models/pist_hkp2000/pist_hkp2000.vmt.
CustomMaterialManager: Cached KeyValues materials/models/weapons/v_models/pist_p250/p250.vmt.
CustomMaterialManager: Cached KeyValues materials/models/weapons/v_models/pist_tec9/pist_tec9.vmt.
CustomMaterialManager: Cached KeyValues materials/models/weapons/v_models/rif_ak47/ak47.vmt.
CustomMaterialManager: Cached KeyValues materials/models/weapons/v_models/rif_aug/rif_aug.vmt.
CustomMaterialManager: Cached KeyValues materials/models/weapons/v_models/rif_famas/rif_famas.vmt.
CustomMaterialManager: Cached KeyValues materials/models/weapons/v_models/rif_galilar/rif_galilar.vmt.
CustomMaterialManager: Cached KeyValues materials/models/weapons/v_models/rif_m4a1/rif_m4a1.vmt.
CustomMaterialManager: Cached KeyValues materials/models/weapons/v_models/rif_m4a1_s/rif_m4a1_s.vmt.
CustomMaterialManager: Cached KeyValues materials/models/weapons/v_models/rif_sg556/rif_sg556.vmt.
CustomMaterialManager: Cached KeyValues materials/models/weapons/v_models/shot_mag7/shot_mag7.vmt.
CustomMaterialManager: Cached KeyValues materials/models/weapons/v_models/shot_nova/shot_nova.vmt.
CustomMaterialManager: Cached KeyValues materials/models/weapons/v_models/shot_sawedoff/shot_sawedoff_01.vmt.
CustomMaterialManager: Cached KeyValues materials/models/weapons/v_models/shot_xm1014/shot_xm1014.vmt.
CustomMaterialManager: Cached KeyValues materials/models/weapons/v_models/smg_bizon/bizon.vmt.
CustomMaterialManager: Cached KeyValues materials/models/weapons/v_models/smg_mac10/smg_mac10_1.vmt.
CustomMaterialManager: Cached KeyValues materials/models/weapons/v_models/smg_mp7/smg_mp7.vmt.
CustomMaterialManager: Cached KeyValues materials/models/weapons/v_models/smg_mp9/smg_mp9.vmt.
CustomMaterialManager: Cached KeyValues materials/models/weapons/v_models/smg_p90/smg_p90.vmt.
CustomMaterialManager: Cached KeyValues materials/models/weapons/v_models/smg_ump45/smg_ump45.vmt.
CustomMaterialManager: Cached KeyValues materials/models/weapons/v_models/snip_awp/awp.vmt.
CustomMaterialManager: Cached KeyValues materials/models/weapons/v_models/snip_g3sg1/snip_g3sg1.vmt.
CustomMaterialManager: Cached KeyValues materials/models/weapons/v_models/snip_scar20/snip_scar20.vmt.
CustomMaterialManager: Cached KeyValues materials/models/weapons/v_models/snip_ssg08/snip_ssg08.vmt.
CustomMaterialManager: Cached KeyValues materials/models/weapons/v_models/snip_ssg08/snip_ssg08_scope.vmt.
CustomMaterialManager: Cached KeyValues materials/models/weapons/v_models/pist_revolver/pist_revolver.vmt.
CustomMaterialManager: Cached KeyValues materials/models/weapons/v_models/knife_falchion_advanced/knife_falchion_advanced.vmt.
CustomMaterialManager: Cached KeyValues materials/models/weapons/v_models/knife_push/knife_push.vmt.
CustomMaterialManager: Cached KeyValues materials/models/weapons/v_models/knife_survival_bowie/knife_survival_bowie.vmt.
materialPath: C:\Program Files (x86)\Steam\steamapps\common\Counter-Strike Global Offensive\csgo\materials
Loading c:\users\jaeth\desktop\beta map\de_transit\de_transit_a6.vmf
Map revision 99
fixing up env_cubemap materials on brush sides...
0...1...2...3...4...5...6...7...8...9...10**** leaked ****
Processing areas...done (0)
Building Faces...done (0)
FixTjuncs...
PruneNodes...
WriteBSP...
done (0)
Finding displacement neighbors...
Found a displacement edge abutting multiple other edges.
Warning: overflowed 2 displacement corner-neighbor lists.Finding lightmap sample positions...
Displacement Alpha : 0...1...2...3...4...5...6...7...8...9...10
Building Physics collision data...
Displacement 4 has bad geometry near -1216.00 -128.00 -479.83
Can't compile displacement physics, exiting.  Texture is GRASS/HR_GRASS/GRASS_A



CustomMaterialManager: Cached KeyValues materials/models/weapons/v_models/knife_butterfly/knife_butterfly.vmt.
CustomMaterialManager: Cached KeyValues materials/models/weapons/v_models/knife_bayonet/knife_bayonet.vmt.
CustomMaterialManager: Cached KeyValues materials/models/weapons/v_models/knife_ct/knife_ct.vmt.
CustomMaterialManager: Cached KeyValues materials/models/weapons/v_models/knife_flip/knife_flip.vmt.
CustomMaterialManager: Cached KeyValues materials/models/weapons/v_models/knife_gut/knife_gut.vmt.
CustomMaterialManager: Cached KeyValues materials/models/weapons/v_models/knife_karam/karam.vmt.
CustomMaterialManager: Cached KeyValues materials/models/weapons/v_models/knife_m9_bay/knife_m9_bay.vmt.
CustomMaterialManager: Cached KeyValues materials/models/weapons/v_models/knife_t/knife_t.vmt.
CustomMaterialManager: Cached KeyValues materials/models/weapons/v_models/knife_tactical/knife_tactical.vmt.
CustomMaterialManager: Cached KeyValues materials/models/weapons/v_models/mach_m249para/m249.vmt.
CustomMaterialManager: Cached KeyValues materials/models/weapons/v_models/mach_negev/mach_negev.vmt.
CustomMaterialManager: Cached KeyValues materials/models/weapons/v_models/pist_223/pist_223.vmt.
CustomMaterialManager: Cached KeyValues materials/models/weapons/v_models/pist_cz_75/pist_cz_75.vmt.
CustomMaterialManager: Cached KeyValues materials/models/weapons/v_models/pist_deagle/pist_deagle.vmt.
CustomMaterialManager: Cached KeyValues materials/models/weapons/v_models/pist_elite/m9a1.vmt.
CustomMaterialManager: Cached KeyValues materials/models/weapons/v_models/pist_fiveseven/fiveseven.vmt.
CustomMaterialManager: Cached KeyValues materials/models/weapons/v_models/pist_glock18/pist_glock18.vmt.
CustomMaterialManager: Cached KeyValues materials/models/weapons/v_models/pist_hkp2000/pist_hkp2000.vmt.
CustomMaterialManager: Cached KeyValues materials/models/weapons/v_models/pist_p250/p250.vmt.
CustomMaterialManager: Cached KeyValues materials/models/weapons/v_models/pist_tec9/pist_tec9.vmt.
CustomMaterialManager: Cached KeyValues materials/models/weapons/v_models/rif_ak47/ak47.vmt.
CustomMaterialManager: Cached KeyValues materials/models/weapons/v_models/rif_aug/rif_aug.vmt.
CustomMaterialManager: Cached KeyValues materials/models/weapons/v_models/rif_famas/rif_famas.vmt.
CustomMaterialManager: Cached KeyValues materials/models/weapons/v_models/rif_galilar/rif_galilar.vmt.
CustomMaterialManager: Cached KeyValues materials/models/weapons/v_models/rif_m4a1/rif_m4a1.vmt.
CustomMaterialManager: Cached KeyValues materials/models/weapons/v_models/rif_m4a1_s/rif_m4a1_s.vmt.
CustomMaterialManager: Cached KeyValues materials/models/weapons/v_models/rif_sg556/rif_sg556.vmt.
CustomMaterialManager: Cached KeyValues materials/models/weapons/v_models/shot_mag7/shot_mag7.vmt.
CustomMaterialManager: Cached KeyValues materials/models/weapons/v_models/shot_nova/shot_nova.vmt.
CustomMaterialManager: Cached KeyValues materials/models/weapons/v_models/shot_sawedoff/shot_sawedoff_01.vmt.
CustomMaterialManager: Cached KeyValues materials/models/weapons/v_models/shot_xm1014/shot_xm1014.vmt.
CustomMaterialManager: Cached KeyValues materials/models/weapons/v_models/smg_bizon/bizon.vmt.
CustomMaterialManager: Cached KeyValues materials/models/weapons/v_models/smg_mac10/smg_mac10_1.vmt.
CustomMaterialManager: Cached KeyValues materials/models/weapons/v_models/smg_mp7/smg_mp7.vmt.
CustomMaterialManager: Cached KeyValues materials/models/weapons/v_models/smg_mp9/smg_mp9.vmt.
CustomMaterialManager: Cached KeyValues materials/models/weapons/v_models/smg_p90/smg_p90.vmt.
CustomMaterialManager: Cached KeyValues materials/models/weapons/v_models/smg_ump45/smg_ump45.vmt.
CustomMaterialManager: Cached KeyValues materials/models/weapons/v_models/snip_awp/awp.vmt.
CustomMaterialManager: Cached KeyValues materials/models/weapons/v_models/snip_g3sg1/snip_g3sg1.vmt.
CustomMaterialManager: Cached KeyValues materials/models/weapons/v_models/snip_scar20/snip_scar20.vmt.
CustomMaterialManager: Cached KeyValues materials/models/weapons/v_models/snip_ssg08/snip_ssg08.vmt.
CustomMaterialManager: Cached KeyValues materials/models/weapons/v_models/snip_ssg08/snip_ssg08_scope.vmt.
CustomMaterialManager: Cached KeyValues materials/models/weapons/v_models/pist_revolver/pist_revolver.vmt.
CustomMaterialManager: Cached KeyValues materials/models/weapons/v_models/knife_falchion_advanced/knife_falchion_advanced.vmt.
CustomMaterialManager: Cached KeyValues materials/models/weapons/v_models/knife_push/knife_push.vmt.
CustomMaterialManager: Cached KeyValues materials/models/weapons/v_models/knife_survival_bowie/knife_survival_bowie.vmt.
materialPath: C:\Program Files (x86)\Steam\steamapps\common\Counter-Strike Global Offensive\csgo\materials
Loading c:\users\jaeth\desktop\beta map\de_transit\de_transit_a6.vmf
Map revision 100
Patching WVT material: maps/de_transit_a6/asphalt/hr_c/hr_asphalt_001_wvt_patch
fixing up env_cubemap materials on brush sides...
0...1...2...3...4...5...6...7...8...9...100...1...2...3...4...5...6...7...8...9...10Processing areas...done (0)
Building Faces...done (0)
Chop Details...done (0)
Find Visible Detail Sides...
Merged 138 detail faces...done (0)
Merging details...done (0)
FixTjuncs...
PruneNodes...
WriteBSP...
done (0)
writing c:\users\jaeth\desktop\beta map\de_transit\de_transit_a6.prt...Building visibility clusters...
done (0)
Finding displacement neighbors...
Found a displacement edge abutting multiple other edges.
Warning: overflowed 2 displacement corner-neighbor lists.Finding lightmap sample positions...
Displacement Alpha : 0...1...2...3...4...5...6...7...8...9...10
Building Physics collision data...
Displacement 4 has bad geometry near -1216.00 -128.00 -467.84
Can't compile displacement physics, exiting.  Texture is GRASS/HR_GRASS/GRASS_A



CustomMaterialManager: Cached KeyValues materials/models/weapons/v_models/knife_butterfly/knife_butterfly.vmt.
CustomMaterialManager: Cached KeyValues materials/models/weapons/v_models/knife_bayonet/knife_bayonet.vmt.
CustomMaterialManager: Cached KeyValues materials/models/weapons/v_models/knife_ct/knife_ct.vmt.
CustomMaterialManager: Cached KeyValues materials/models/weapons/v_models/knife_flip/knife_flip.vmt.
CustomMaterialManager: Cached KeyValues materials/models/weapons/v_models/knife_gut/knife_gut.vmt.
CustomMaterialManager: Cached KeyValues materials/models/weapons/v_models/knife_karam/karam.vmt.
CustomMaterialManager: Cached KeyValues materials/models/weapons/v_models/knife_m9_bay/knife_m9_bay.vmt.
CustomMaterialManager: Cached KeyValues materials/models/weapons/v_models/knife_t/knife_t.vmt.
CustomMaterialManager: Cached KeyValues materials/models/weapons/v_models/knife_tactical/knife_tactical.vmt.
CustomMaterialManager: Cached KeyValues materials/models/weapons/v_models/mach_m249para/m249.vmt.
CustomMaterialManager: Cached KeyValues materials/models/weapons/v_models/mach_negev/mach_negev.vmt.
CustomMaterialManager: Cached KeyValues materials/models/weapons/v_models/pist_223/pist_223.vmt.
CustomMaterialManager: Cached KeyValues materials/models/weapons/v_models/pist_cz_75/pist_cz_75.vmt.
CustomMaterialManager: Cached KeyValues materials/models/weapons/v_models/pist_deagle/pist_deagle.vmt.
CustomMaterialManager: Cached KeyValues materials/models/weapons/v_models/pist_elite/m9a1.vmt.
CustomMaterialManager: Cached KeyValues materials/models/weapons/v_models/pist_fiveseven/fiveseven.vmt.
CustomMaterialManager: Cached KeyValues materials/models/weapons/v_models/pist_glock18/pist_glock18.vmt.
CustomMaterialManager: Cached KeyValues materials/models/weapons/v_models/pist_hkp2000/pist_hkp2000.vmt.
CustomMaterialManager: Cached KeyValues materials/models/weapons/v_models/pist_p250/p250.vmt.
CustomMaterialManager: Cached KeyValues materials/models/weapons/v_models/pist_tec9/pist_tec9.vmt.
CustomMaterialManager: Cached KeyValues materials/models/weapons/v_models/rif_ak47/ak47.vmt.
CustomMaterialManager: Cached KeyValues materials/models/weapons/v_models/rif_aug/rif_aug.vmt.
CustomMaterialManager: Cached KeyValues materials/models/weapons/v_models/rif_famas/rif_famas.vmt.
CustomMaterialManager: Cached KeyValues materials/models/weapons/v_models/rif_galilar/rif_galilar.vmt.
CustomMaterialManager: Cached KeyValues materials/models/weapons/v_models/rif_m4a1/rif_m4a1.vmt.
CustomMaterialManager: Cached KeyValues materials/models/weapons/v_models/rif_m4a1_s/rif_m4a1_s.vmt.
CustomMaterialManager: Cached KeyValues materials/models/weapons/v_models/rif_sg556/rif_sg556.vmt.
CustomMaterialManager: Cached KeyValues materials/models/weapons/v_models/shot_mag7/shot_mag7.vmt.
CustomMaterialManager: Cached KeyValues materials/models/weapons/v_models/shot_nova/shot_nova.vmt.
CustomMaterialManager: Cached KeyValues materials/models/weapons/v_models/shot_sawedoff/shot_sawedoff_01.vmt.
CustomMaterialManager: Cached KeyValues materials/models/weapons/v_models/shot_xm1014/shot_xm1014.vmt.
CustomMaterialManager: Cached KeyValues materials/models/weapons/v_models/smg_bizon/bizon.vmt.
CustomMaterialManager: Cached KeyValues materials/models/weapons/v_models/smg_mac10/smg_mac10_1.vmt.
CustomMaterialManager: Cached KeyValues materials/models/weapons/v_models/smg_mp7/smg_mp7.vmt.
CustomMaterialManager: Cached KeyValues materials/models/weapons/v_models/smg_mp9/smg_mp9.vmt.
CustomMaterialManager: Cached KeyValues materials/models/weapons/v_models/smg_p90/smg_p90.vmt.
CustomMaterialManager: Cached KeyValues materials/models/weapons/v_models/smg_ump45/smg_ump45.vmt.
CustomMaterialManager: Cached KeyValues materials/models/weapons/v_models/snip_awp/awp.vmt.
CustomMaterialManager: Cached KeyValues materials/models/weapons/v_models/snip_g3sg1/snip_g3sg1.vmt.
CustomMaterialManager: Cached KeyValues materials/models/weapons/v_models/snip_scar20/snip_scar20.vmt.
CustomMaterialManager: Cached KeyValues materials/models/weapons/v_models/snip_ssg08/snip_ssg08.vmt.
CustomMaterialManager: Cached KeyValues materials/models/weapons/v_models/snip_ssg08/snip_ssg08_scope.vmt.
CustomMaterialManager: Cached KeyValues materials/models/weapons/v_models/pist_revolver/pist_revolver.vmt.
CustomMaterialManager: Cached KeyValues materials/models/weapons/v_models/knife_falchion_advanced/knife_falchion_advanced.vmt.
CustomMaterialManager: Cached KeyValues materials/models/weapons/v_models/knife_push/knife_push.vmt.
CustomMaterialManager: Cached KeyValues materials/models/weapons/v_models/knife_survival_bowie/knife_survival_bowie.vmt.
materialPath: C:\Program Files (x86)\Steam\steamapps\common\Counter-Strike Global Offensive\csgo\materials
Loading c:\users\jaeth\desktop\beta map\de_transit\de_transit_a6.vmf
Map revision 101
Patching WVT material: maps/de_transit_a6/asphalt/hr_c/hr_asphalt_001_wvt_patch
fixing up env_cubemap materials on brush sides...
0...1...2...3...4...5...6...7...8...9...100...1...2...3...4...5...6...7...8...9...10Processing areas...done (0)
Building Faces...done (0)
Chop Details...done (0)
Find Visible Detail Sides...
Merged 138 detail faces...done (0)
Merging details...done (0)
FixTjuncs...
PruneNodes...
WriteBSP...
done (0)
writing c:\users\jaeth\desktop\beta map\de_transit\de_transit_a6.prt...Building visibility clusters...
done (0)
Finding displacement neighbors...
Finding lightmap sample positions...
Displacement Alpha : 0...1...2...3...4...5...6...7...8...9...10
Building Physics collision data...
done (0) (65102 bytes)
Placing detail props : 0...1...2...3...4...5...6...7...8...9...10
Compacting texture/material tables...
Reduced 195 texinfos to 112
Reduced 14 texdatas to 11 (391 bytes to 314)
Writing c:\users\jaeth\desktop\beta map\de_transit\de_transit_a6.bsp
0 seconds elapsed



2 threads
reading c:\users\jaeth\desktop\beta map\de_transit\de_transit_a6.bsp
reading c:\users\jaeth\desktop\beta map\de_transit\de_transit_a6.prt
 306 portalclusters
1035 numportals
0...1...2...3...4...5...6...7...8...9...10Optimized: 1473 visible clusters (0.00%)
Total clusters visible: 86329
Average clusters visible: 282
Building PAS...
Average clusters audible: 306
visdatasize:26331  compressed from 24480
writing c:\users\jaeth\desktop\beta map\de_transit\de_transit_a6.bsp
0 seconds elapsed



[Reading texlights from 'lights.rad']
[17 texlights parsed from 'lights.rad']

Loading c:\users\jaeth\desktop\beta map\de_transit\de_transit_a6.bsp
1627 faces
3 degenerate faces
1310664 square feet [188735712.00 square inches]
6 Displacements
27459 Square Feet [3954160.00 Square Inches]
1624 patches before subdivision
45170 patches after subdivision
16 direct lights
0...1...2...3...4...5...6...7...8...9...100...1...2...3...4...5...6...7...8...9...10transfers 2168788, max 352
transfer lists:  16.5 megs
0...1...2...3...4...5...6...7...8...9...10	Bounce #1 added RGB(117946, 44067, 13310)
0...1...2...3...4...5...6...7...8...9...10	Bounce #2 added RGB(48537, 5682, 33)
Build Patch/Sample Hash Table(s).....Done<0.0160 sec>
0...1...2...3...4...5...6...7...8...9...10FinalLightFace Done
0 of 0 (0% of) surface lights went in leaf ambient cubes.
0...1...2...3...4...5...6...7...8...9...10Writing leaf ambient...done
Ready to Finish

Object names       Objects/Maxobjs  Memory / Maxmem  Fullness 
------------       ---------------  ---------------  -------- 
models                   3/1024          144/49152    ( 0.3%) 
brushes                191/8192         2292/98304    ( 2.3%) 
brushsides            1507/65536       12056/524288   ( 2.3%) 
planes                1154/65536       23080/1310720  ( 1.8%) 
vertexes              2375/65536       28500/786432   ( 3.6%) 
nodes                  661/65536       21152/2097152  ( 1.0%) 
texinfos               112/12288        8064/884736   ( 0.9%) 
texdata                 11/2048          352/65536    ( 0.5%) 
dispinfos                6/0            1056/0        ( 0.0%) 
disp_verts            1734/0           34680/0        ( 0.0%) 
disp_tris             3072/0            6144/0        ( 0.0%) 
disp_multiblend          0/0               0/0        ( 0.0%) 
disp_lmsamples       74601/0           74601/0        ( 0.0%) 
faces                 1627/65536       91112/3670016  ( 2.5%) 
hdr faces                0/65536           0/3670016  ( 0.0%) 
origfaces              618/65536       34608/3670016  ( 0.9%) 
facebrushes            164/0             328/0        ( 0.0%) 
facebrushlists        1627/0            6508/0        ( 0.0%) 
leaves                 665/65536       21280/2097152  ( 1.0%) 
leaffaces             2124/65536        4248/131072   ( 3.2%) 
leafbrushes            681/65536        1362/131072   ( 1.0%) 
areas                    2/1024           16/8192     ( 0.2%) 
surfedges            10096/512000      40384/2048000  ( 2.0%) 
edges                 5628/256000      22512/1024000  ( 2.2%) 
LDR worldlights         16/8192         1600/819200   ( 0.2%) 
HDR worldlights          0/8192            0/819200   ( 0.0%) 
leafwaterdata            0/32768           0/393216   ( 0.0%) 
waterstrips            205/32768        2050/327680   ( 0.6%) 
waterverts               0/65536           0/786432   ( 0.0%) 
waterindices          3294/65536        6588/131072   ( 5.0%) 
cubemapsamples           5/1024           80/16384    ( 0.5%) 
overlays                 1/1024          352/360448   ( 0.1%) 
LDR lightdata         [variable]     2718484/0        ( 0.0%) 
HDR lightdata         [variable]           0/0        ( 0.0%) 
visdata               [variable]       26331/16777216 ( 0.2%) 
entdata               [variable]        5417/393216   ( 1.4%) 
LDR ambient table      665/65536        2660/262144   ( 1.0%) 
HDR ambient table      665/65536        2660/262144   ( 1.0%) 
LDR leaf ambient      3828/65536      107184/1835008  ( 5.8%) 
HDR leaf ambient       665/65536       18620/1835008  ( 1.0%) 
occluders                0/0               0/0        ( 0.0%) 
occluder polygons        0/0               0/0        ( 0.0%) 
occluder vert ind        0/0               0/0        ( 0.0%) 
detail props          [variable]           1/12       ( 8.3%) 
static props          [variable]           1/3936     ( 0.0%) 
pakfile               [variable]      446865/0        ( 0.0%) 
physics               [variable]       65102/4194304  ( 1.6%) 
physics terrain       [variable]        1204/1048576  ( 0.1%) 

Level flags = 1c

Total triangle count: 4415
Writing c:\users\jaeth\desktop\beta map\de_transit\de_transit_a6.bsp
14 seconds elapsed



CustomMaterialManager: Cached KeyValues materials/models/weapons/v_models/knife_butterfly/knife_butterfly.vmt.
CustomMaterialManager: Cached KeyValues materials/models/weapons/v_models/knife_bayonet/knife_bayonet.vmt.
CustomMaterialManager: Cached KeyValues materials/models/weapons/v_models/knife_ct/knife_ct.vmt.
CustomMaterialManager: Cached KeyValues materials/models/weapons/v_models/knife_flip/knife_flip.vmt.
CustomMaterialManager: Cached KeyValues materials/models/weapons/v_models/knife_gut/knife_gut.vmt.
CustomMaterialManager: Cached KeyValues materials/models/weapons/v_models/knife_karam/karam.vmt.
CustomMaterialManager: Cached KeyValues materials/models/weapons/v_models/knife_m9_bay/knife_m9_bay.vmt.
CustomMaterialManager: Cached KeyValues materials/models/weapons/v_models/knife_t/knife_t.vmt.
CustomMaterialManager: Cached KeyValues materials/models/weapons/v_models/knife_tactical/knife_tactical.vmt.
CustomMaterialManager: Cached KeyValues materials/models/weapons/v_models/mach_m249para/m249.vmt.
CustomMaterialManager: Cached KeyValues materials/models/weapons/v_models/mach_negev/mach_negev.vmt.
CustomMaterialManager: Cached KeyValues materials/models/weapons/v_models/pist_223/pist_223.vmt.
CustomMaterialManager: Cached KeyValues materials/models/weapons/v_models/pist_cz_75/pist_cz_75.vmt.
CustomMaterialManager: Cached KeyValues materials/models/weapons/v_models/pist_deagle/pist_deagle.vmt.
CustomMaterialManager: Cached KeyValues materials/models/weapons/v_models/pist_elite/m9a1.vmt.
CustomMaterialManager: Cached KeyValues materials/models/weapons/v_models/pist_fiveseven/fiveseven.vmt.
CustomMaterialManager: Cached KeyValues materials/models/weapons/v_models/pist_glock18/pist_glock18.vmt.
CustomMaterialManager: Cached KeyValues materials/models/weapons/v_models/pist_hkp2000/pist_hkp2000.vmt.
CustomMaterialManager: Cached KeyValues materials/models/weapons/v_models/pist_p250/p250.vmt.
CustomMaterialManager: Cached KeyValues materials/models/weapons/v_models/pist_tec9/pist_tec9.vmt.
CustomMaterialManager: Cached KeyValues materials/models/weapons/v_models/rif_ak47/ak47.vmt.
CustomMaterialManager: Cached KeyValues materials/models/weapons/v_models/rif_aug/rif_aug.vmt.
CustomMaterialManager: Cached KeyValues materials/models/weapons/v_models/rif_famas/rif_famas.vmt.
CustomMaterialManager: Cached KeyValues materials/models/weapons/v_models/rif_galilar/rif_galilar.vmt.
CustomMaterialManager: Cached KeyValues materials/models/weapons/v_models/rif_m4a1/rif_m4a1.vmt.
CustomMaterialManager: Cached KeyValues materials/models/weapons/v_models/rif_m4a1_s/rif_m4a1_s.vmt.
CustomMaterialManager: Cached KeyValues materials/models/weapons/v_models/rif_sg556/rif_sg556.vmt.
CustomMaterialManager: Cached KeyValues materials/models/weapons/v_models/shot_mag7/shot_mag7.vmt.
CustomMaterialManager: Cached KeyValues materials/models/weapons/v_models/shot_nova/shot_nova.vmt.
CustomMaterialManager: Cached KeyValues materials/models/weapons/v_models/shot_sawedoff/shot_sawedoff_01.vmt.
CustomMaterialManager: Cached KeyValues materials/models/weapons/v_models/shot_xm1014/shot_xm1014.vmt.
CustomMaterialManager: Cached KeyValues materials/models/weapons/v_models/smg_bizon/bizon.vmt.
CustomMaterialManager: Cached KeyValues materials/models/weapons/v_models/smg_mac10/smg_mac10_1.vmt.
CustomMaterialManager: Cached KeyValues materials/models/weapons/v_models/smg_mp7/smg_mp7.vmt.
CustomMaterialManager: Cached KeyValues materials/models/weapons/v_models/smg_mp9/smg_mp9.vmt.
CustomMaterialManager: Cached KeyValues materials/models/weapons/v_models/smg_p90/smg_p90.vmt.
CustomMaterialManager: Cached KeyValues materials/models/weapons/v_models/smg_ump45/smg_ump45.vmt.
CustomMaterialManager: Cached KeyValues materials/models/weapons/v_models/snip_awp/awp.vmt.
CustomMaterialManager: Cached KeyValues materials/models/weapons/v_models/snip_g3sg1/snip_g3sg1.vmt.
CustomMaterialManager: Cached KeyValues materials/models/weapons/v_models/snip_scar20/snip_scar20.vmt.
CustomMaterialManager: Cached KeyValues materials/models/weapons/v_models/snip_ssg08/snip_ssg08.vmt.
CustomMaterialManager: Cached KeyValues materials/models/weapons/v_models/snip_ssg08/snip_ssg08_scope.vmt.
CustomMaterialManager: Cached KeyValues materials/models/weapons/v_models/pist_revolver/pist_revolver.vmt.
CustomMaterialManager: Cached KeyValues materials/models/weapons/v_models/knife_falchion_advanced/knife_falchion_advanced.vmt.
CustomMaterialManager: Cached KeyValues materials/models/weapons/v_models/knife_push/knife_push.vmt.
CustomMaterialManager: Cached KeyValues materials/models/weapons/v_models/knife_survival_bowie/knife_survival_bowie.vmt.
materialPath: C:\Program Files (x86)\Steam\steamapps\common\Counter-Strike Global Offensive\csgo\materials
Loading c:\users\jaeth\desktop\beta map\de_transit\de_transit_a6.vmf
Map revision 103
Patching WVT material: maps/de_transit_a6/asphalt/hr_c/hr_asphalt_001_wvt_patch
fixing up env_cubemap materials on brush sides...
0...1...2...3...4...5...6...7...8...9...100...1...2...3...4...5...6...7...8...9...10Processing areas...done (0)
Building Faces...done (0)
Chop Details...done (0)
Find Visible Detail Sides...
Merged 138 detail faces...done (0)
Merging details...done (0)
FixTjuncs...
PruneNodes...
WriteBSP...
done (0)
writing c:\users\jaeth\desktop\beta map\de_transit\de_transit_a6.prt...Building visibility clusters...
done (0)
Finding displacement neighbors...
Finding lightmap sample positions...
Displacement Alpha : 0...1...2...3...4...5...6...7...8...9...10
Building Physics collision data...
done (0) (65102 bytes)
Placing detail props : 0...1...2...3...4...5...6...7...8...9...10
Compacting texture/material tables...
Reduced 195 texinfos to 112
Reduced 14 texdatas to 11 (391 bytes to 314)
Writing c:\users\jaeth\desktop\beta map\de_transit\de_transit_a6.bsp
1 second elapsed



2 threads
reading c:\users\jaeth\desktop\beta map\de_transit\de_transit_a6.bsp
reading c:\users\jaeth\desktop\beta map\de_transit\de_transit_a6.prt
 306 portalclusters
1035 numportals
0...1...2...3...4...5...6...7...8...9...100...1...2...3...4...5...6...7...8...9...10Optimized: 209 visible clusters (0.00%)
Total clusters visible: 61819
Average clusters visible: 202
Building PAS...
Average clusters audible: 306
visdatasize:26216  compressed from 24480
writing c:\users\jaeth\desktop\beta map\de_transit\de_transit_a6.bsp
29 seconds elapsed



[Reading texlights from 'lights.rad']
[17 texlights parsed from 'lights.rad']

Loading c:\users\jaeth\desktop\beta map\de_transit\de_transit_a6.bsp
Loaded alpha texture materials\models\props_foliage\branch_city.vtf
Loaded alpha texture materials\models\props\de_nuke\hr_nuke\chainlink_fence_001\chainlink_fence_wire_001_mip0.vtf
1627 faces
3 degenerate faces
1310664 square feet [188735712.00 square inches]
6 Displacements
27459 Square Feet [3954160.00 Square Inches]
1624 patches before subdivision
45170 patches after subdivision
16 direct lights
0...1...2...3...4...5...6...7...8...9...100...1...2...3...4...5...6...7...8...9...10transfers 2180378, max 352
transfer lists:  16.6 megs
0...1...2...3...4...5...6...7...8...9...10	Bounce #1 added RGB(115416, 42879, 12930)
0...1...2...3...4...5...6...7...8...9...10	Bounce #2 added RGB(48757, 5620, 31)
0...1...2...3...4...5...6...7...8...9...10	Bounce #3 added RGB(26572, 801, 1)
0...1...2...3...4...5...6...7...8...9...10	Bounce #4 added RGB(16813, 137, 0)
0...1...2...3...4...5...6...7...8...9...10	Bounce #5 added RGB(11293, 25, 0)
0...1...2...3...4...5...6...7...8...9...10	Bounce #6 added RGB(7739, 5, 0)
0...1...2...3...4...5...6...7...8...9...10	Bounce #7 added RGB(5358, 1, 0)
0...1...2...3...4...5...6...7...8...9...10	Bounce #8 added RGB(3724, 0, 0)
0...1...2...3...4...5...6...7...8...9...10	Bounce #9 added RGB(2593, 0, 0)
0...1...2...3...4...5...6...7...8...9...10	Bounce #10 added RGB(1809, 0, 0)
0...1...2...3...4...5...6...7...8...9...10	Bounce #11 added RGB(1262, 0, 0)
0...1...2...3...4...5...6...7...8...9...10	Bounce #12 added RGB(881, 0, 0)
0...1...2...3...4...5...6...7...8...9...10	Bounce #13 added RGB(615, 0, 0)
0...1...2...3...4...5...6...7...8...9...10	Bounce #14 added RGB(430, 0, 0)
0...1...2...3...4...5...6...7...8...9...10	Bounce #15 added RGB(301, 0, 0)
0...1...2...3...4...5...6...7...8...9...10	Bounce #16 added RGB(210, 0, 0)
0...1...2...3...4...5...6...7...8...9...10	Bounce #17 added RGB(147, 0, 0)
0...1...2...3...4...5...6...7...8...9...10	Bounce #18 added RGB(103, 0, 0)
0...1...2...3...4...5...6...7...8...9...10	Bounce #19 added RGB(72, 0, 0)
0...1...2...3...4...5...6...7...8...9...10	Bounce #20 added RGB(51, 0, 0)
0...1...2...3...4...5...6...7...8...9...10	Bounce #21 added RGB(35, 0, 0)
0...1...2...3...4...5...6...7...8...9...10	Bounce #22 added RGB(25, 0, 0)
0...1...2...3...4...5...6...7...8...9...10	Bounce #23 added RGB(17, 0, 0)
0...1...2...3...4...5...6...7...8...9...10	Bounce #24 added RGB(12, 0, 0)
0...1...2...3...4...5...6...7...8...9...10	Bounce #25 added RGB(9, 0, 0)
0...1...2...3...4...5...6...7...8...9...10	Bounce #26 added RGB(6, 0, 0)
0...1...2...3...4...5...6...7...8...9...10	Bounce #27 added RGB(4, 0, 0)
0...1...2...3...4...5...6...7...8...9...10	Bounce #28 added RGB(3, 0, 0)
0...1...2...3...4...5...6...7...8...9...10	Bounce #29 added RGB(2, 0, 0)
0...1...2...3...4...5...6...7...8...9...10	Bounce #30 added RGB(1, 0, 0)
0...1...2...3...4...5...6...7...8...9...10	Bounce #31 added RGB(1, 0, 0)
0...1...2...3...4...5...6...7...8...9...10	Bounce #32 added RGB(1, 0, 0)
Build Patch/Sample Hash Table(s).....Done<0.0139 sec>
0...1...2...3...4...5...6...7...8...9...10FinalLightFace Done
0 of 0 (0% of) surface lights went in leaf ambient cubes.
0...1...2...3...4...5...6...7...8...9...10Writing leaf ambient...done
Computing static prop lighting : 00...1...2...3...4...5...6...7...8...9...10
Ready to Finish

Object names       Objects/Maxobjs  Memory / Maxmem  Fullness 
------------       ---------------  ---------------  -------- 
models                   3/1024          144/49152    ( 0.3%) 
brushes                191/8192         2292/98304    ( 2.3%) 
brushsides            1507/65536       12056/524288   ( 2.3%) 
planes                1154/65536       23080/1310720  ( 1.8%) 
vertexes              2375/65536       28500/786432   ( 3.6%) 
nodes                  661/65536       21152/2097152  ( 1.0%) 
texinfos               112/12288        8064/884736   ( 0.9%) 
texdata                 11/2048          352/65536    ( 0.5%) 
dispinfos                6/0            1056/0        ( 0.0%) 
disp_verts            1734/0           34680/0        ( 0.0%) 
disp_tris             3072/0            6144/0        ( 0.0%) 
disp_multiblend          0/0               0/0        ( 0.0%) 
disp_lmsamples       74601/0           74601/0        ( 0.0%) 
faces                 1627/65536       91112/3670016  ( 2.5%) 
hdr faces                0/65536           0/3670016  ( 0.0%) 
origfaces              618/65536       34608/3670016  ( 0.9%) 
facebrushes            164/0             328/0        ( 0.0%) 
facebrushlists        1627/0            6508/0        ( 0.0%) 
leaves                 665/65536       21280/2097152  ( 1.0%) 
leaffaces             2124/65536        4248/131072   ( 3.2%) 
leafbrushes            681/65536        1362/131072   ( 1.0%) 
areas                    2/1024           16/8192     ( 0.2%) 
surfedges            10096/512000      40384/2048000  ( 2.0%) 
edges                 5628/256000      22512/1024000  ( 2.2%) 
LDR worldlights         16/8192         1600/819200   ( 0.2%) 
HDR worldlights          0/8192            0/819200   ( 0.0%) 
leafwaterdata            0/32768           0/393216   ( 0.0%) 
waterstrips            205/32768        2050/327680   ( 0.6%) 
waterverts               0/65536           0/786432   ( 0.0%) 
waterindices          3294/65536        6588/131072   ( 5.0%) 
cubemapsamples           5/1024           80/16384    ( 0.5%) 
overlays                 1/1024          352/360448   ( 0.1%) 
LDR lightdata         [variable]     2718484/0        ( 0.0%) 
HDR lightdata         [variable]           0/0        ( 0.0%) 
visdata               [variable]       26216/16777216 ( 0.2%) 
entdata               [variable]        5417/393216   ( 1.4%) 
LDR ambient table      665/65536        2660/262144   ( 1.0%) 
HDR ambient table      665/65536        2660/262144   ( 1.0%) 
LDR leaf ambient      3832/65536      107296/1835008  ( 5.8%) 
HDR leaf ambient       665/65536       18620/1835008  ( 1.0%) 
occluders                0/0               0/0        ( 0.0%) 
occluder polygons        0/0               0/0        ( 0.0%) 
occluder vert ind        0/0               0/0        ( 0.0%) 
detail props          [variable]           1/12       ( 8.3%) 
static props          [variable]           1/3936     ( 0.0%) 
pakfile               [variable]     1750145/0        ( 0.0%) 
physics               [variable]       65102/4194304  ( 1.6%) 
physics terrain       [variable]        1204/1048576  ( 0.1%) 

Level flags = 1d

Total triangle count: 4415
Writing c:\users\jaeth\desktop\beta map\de_transit\de_transit_a6.bsp
2 minutes, 48 seconds elapsed



[Reading texlights from 'lights.rad']
[17 texlights parsed from 'lights.rad']

Loading c:\users\jaeth\desktop\beta map\de_transit\de_transit_a6.bsp
Loaded alpha texture materials\models\props_foliage\branch_city.vtf
Loaded alpha texture materials\models\props\de_nuke\hr_nuke\chainlink_fence_001\chainlink_fence_wire_001_mip0.vtf
1627 faces
3 degenerate faces
1310664 square feet [188735712.00 square inches]
6 Displacements
27459 Square Feet [3954160.00 Square Inches]
1624 patches before subdivision
45170 patches after subdivision
16 direct lights
0...1...2...3...4...5...6...7...8...9...100...1...2...3...4...5...6...7...8...9...10transfers 2180378, max 352
transfer lists:  16.6 megs
0...1...2...3...4...5...6...7...8...9...10	Bounce #1 added RGB(101990, 36864, 10083)
0...1...2...3...4...5...6...7...8...9...10	Bounce #2 added RGB(45262, 4998, 26)
0...1...2...3...4...5...6...7...8...9...10	Bounce #3 added RGB(25585, 744, 1)
0...1...2...3...4...5...6...7...8...9...10	Bounce #4 added RGB(16465, 130, 0)
0...1...2...3...4...5...6...7...8...9...10	Bounce #5 added RGB(11129, 24, 0)
0...1...2...3...4...5...6...7...8...9...10	Bounce #6 added RGB(7654, 5, 0)
0...1...2...3...4...5...6...7...8...9...10	Bounce #7 added RGB(5307, 1, 0)
0...1...2...3...4...5...6...7...8...9...10	Bounce #8 added RGB(3692, 0, 0)
0...1...2...3...4...5...6...7...8...9...10	Bounce #9 added RGB(2573, 0, 0)
0...1...2...3...4...5...6...7...8...9...10	Bounce #10 added RGB(1796, 0, 0)
0...1...2...3...4...5...6...7...8...9...10	Bounce #11 added RGB(1253, 0, 0)
0...1...2...3...4...5...6...7...8...9...10	Bounce #12 added RGB(876, 0, 0)
0...1...2...3...4...5...6...7...8...9...10	Bounce #13 added RGB(612, 0, 0)
0...1...2...3...4...5...6...7...8...9...10	Bounce #14 added RGB(428, 0, 0)
0...1...2...3...4...5...6...7...8...9...10	Bounce #15 added RGB(299, 0, 0)
0...1...2...3...4...5...6...7...8...9...10	Bounce #16 added RGB(209, 0, 0)
0...1...2...3...4...5...6...7...8...9...10	Bounce #17 added RGB(146, 0, 0)
0...1...2...3...4...5...6...7...8...9...10	Bounce #18 added RGB(102, 0, 0)
0...1...2...3...4...5...6...7...8...9...10	Bounce #19 added RGB(72, 0, 0)
0...1...2...3...4...5...6...7...8...9...10	Bounce #20 added RGB(50, 0, 0)
0...1...2...3...4...5...6...7...8...9...10	Bounce #21 added RGB(35, 0, 0)
0...1...2...3...4...5...6...7...8...9...10	Bounce #22 added RGB(25, 0, 0)
0...1...2...3...4...5...6...7...8...9...10	Bounce #23 added RGB(17, 0, 0)
0...1...2...3...4...5...6...7...8...9...10	Bounce #24 added RGB(12, 0, 0)
0...1...2...3...4...5...6...7...8...9...10	Bounce #25 added RGB(8, 0, 0)
0...1...2...3...4...5...6...7...8...9...10	Bounce #26 added RGB(6, 0, 0)
0...1...2...3...4...5...6...7...8...9...10	Bounce #27 added RGB(4, 0, 0)
0...1...2...3...4...5...6...7...8...9...10	Bounce #28 added RGB(3, 0, 0)
0...1...2...3...4...5...6...7...8...9...10	Bounce #29 added RGB(2, 0, 0)
0...1...2...3...4...5...6...7...8...9...10	Bounce #30 added RGB(1, 0, 0)
0...1...2...3...4...5...6...7...8...9...10	Bounce #31 added RGB(1, 0, 0)
0...1...2...3...4...5...6...7...8...9...10	Bounce #32 added RGB(1, 0, 0)
Build Patch/Sample Hash Table(s).....Done<0.0150 sec>
0...1...2...3...4...5...6...7...8...9...10FinalLightFace Done
0 of 0 (0% of) surface lights went in leaf ambient cubes.
0...1...2...3...4...5...6...7...8...9...10Writing leaf ambient...done
Computing static prop lighting : 00...1...2...3...4...5...6...7...8...9...10
Ready to Finish

Object names       Objects/Maxobjs  Memory / Maxmem  Fullness 
------------       ---------------  ---------------  -------- 
models                   3/1024          144/49152    ( 0.3%) 
brushes                191/8192         2292/98304    ( 2.3%) 
brushsides            1507/65536       12056/524288   ( 2.3%) 
planes                1154/65536       23080/1310720  ( 1.8%) 
vertexes              2375/65536       28500/786432   ( 3.6%) 
nodes                  661/65536       21152/2097152  ( 1.0%) 
texinfos               112/12288        8064/884736   ( 0.9%) 
texdata                 11/2048          352/65536    ( 0.5%) 
dispinfos                6/0            1056/0        ( 0.0%) 
disp_verts            1734/0           34680/0        ( 0.0%) 
disp_tris             3072/0            6144/0        ( 0.0%) 
disp_multiblend          0/0               0/0        ( 0.0%) 
disp_lmsamples       74601/0           74601/0        ( 0.0%) 
faces                 1627/65536       91112/3670016  ( 2.5%) 
hdr faces             1627/65536       91112/3670016  ( 2.5%) 
origfaces              618/65536       34608/3670016  ( 0.9%) 
facebrushes            164/0             328/0        ( 0.0%) 
facebrushlists        1627/0            6508/0        ( 0.0%) 
leaves                 665/65536       21280/2097152  ( 1.0%) 
leaffaces             2124/65536        4248/131072   ( 3.2%) 
leafbrushes            681/65536        1362/131072   ( 1.0%) 
areas                    2/1024           16/8192     ( 0.2%) 
surfedges            10096/512000      40384/2048000  ( 2.0%) 
edges                 5628/256000      22512/1024000  ( 2.2%) 
LDR worldlights         16/8192         1600/819200   ( 0.2%) 
HDR worldlights         16/8192         1600/819200   ( 0.2%) 
leafwaterdata            0/32768           0/393216   ( 0.0%) 
waterstrips            205/32768        2050/327680   ( 0.6%) 
waterverts               0/65536           0/786432   ( 0.0%) 
waterindices          3294/65536        6588/131072   ( 5.0%) 
cubemapsamples           5/1024           80/16384    ( 0.5%) 
overlays                 1/1024          352/360448   ( 0.1%) 
LDR lightdata         [variable]     2718484/0        ( 0.0%) 
HDR lightdata         [variable]     2718484/0        ( 0.0%) 
visdata               [variable]       26216/16777216 ( 0.2%) 
entdata               [variable]        5417/393216   ( 1.4%) 
LDR ambient table      665/65536        2660/262144   ( 1.0%) 
HDR ambient table      665/65536        2660/262144   ( 1.0%) 
LDR leaf ambient      3832/65536      107296/1835008  ( 5.8%) 
HDR leaf ambient      3762/65536      105336/1835008  ( 5.7%) 
occluders                0/0               0/0        ( 0.0%) 
occluder polygons        0/0               0/0        ( 0.0%) 
occluder vert ind        0/0               0/0        ( 0.0%) 
detail props          [variable]           1/12       ( 8.3%) 
static props          [variable]           1/3936     ( 0.0%) 
pakfile               [variable]     3053665/0        ( 0.0%) 
physics               [variable]       65102/4194304  ( 1.6%) 
physics terrain       [variable]        1204/1048576  ( 0.1%) 

Level flags = 1f

Total triangle count: 4415
Writing c:\users\jaeth\desktop\beta map\de_transit\de_transit_a6.bsp
2 minutes, 43 seconds elapsed



CustomMaterialManager: Cached KeyValues materials/models/weapons/v_models/knife_butterfly/knife_butterfly.vmt.
CustomMaterialManager: Cached KeyValues materials/models/weapons/v_models/knife_bayonet/knife_bayonet.vmt.
CustomMaterialManager: Cached KeyValues materials/models/weapons/v_models/knife_ct/knife_ct.vmt.
CustomMaterialManager: Cached KeyValues materials/models/weapons/v_models/knife_flip/knife_flip.vmt.
CustomMaterialManager: Cached KeyValues materials/models/weapons/v_models/knife_gut/knife_gut.vmt.
CustomMaterialManager: Cached KeyValues materials/models/weapons/v_models/knife_karam/karam.vmt.
CustomMaterialManager: Cached KeyValues materials/models/weapons/v_models/knife_m9_bay/knife_m9_bay.vmt.
CustomMaterialManager: Cached KeyValues materials/models/weapons/v_models/knife_t/knife_t.vmt.
CustomMaterialManager: Cached KeyValues materials/models/weapons/v_models/knife_tactical/knife_tactical.vmt.
CustomMaterialManager: Cached KeyValues materials/models/weapons/v_models/mach_m249para/m249.vmt.
CustomMaterialManager: Cached KeyValues materials/models/weapons/v_models/mach_negev/mach_negev.vmt.
CustomMaterialManager: Cached KeyValues materials/models/weapons/v_models/pist_223/pist_223.vmt.
CustomMaterialManager: Cached KeyValues materials/models/weapons/v_models/pist_cz_75/pist_cz_75.vmt.
CustomMaterialManager: Cached KeyValues materials/models/weapons/v_models/pist_deagle/pist_deagle.vmt.
CustomMaterialManager: Cached KeyValues materials/models/weapons/v_models/pist_elite/m9a1.vmt.
CustomMaterialManager: Cached KeyValues materials/models/weapons/v_models/pist_fiveseven/fiveseven.vmt.
CustomMaterialManager: Cached KeyValues materials/models/weapons/v_models/pist_glock18/pist_glock18.vmt.
CustomMaterialManager: Cached KeyValues materials/models/weapons/v_models/pist_hkp2000/pist_hkp2000.vmt.
CustomMaterialManager: Cached KeyValues materials/models/weapons/v_models/pist_p250/p250.vmt.
CustomMaterialManager: Cached KeyValues materials/models/weapons/v_models/pist_tec9/pist_tec9.vmt.
CustomMaterialManager: Cached KeyValues materials/models/weapons/v_models/rif_ak47/ak47.vmt.
CustomMaterialManager: Cached KeyValues materials/models/weapons/v_models/rif_aug/rif_aug.vmt.
CustomMaterialManager: Cached KeyValues materials/models/weapons/v_models/rif_famas/rif_famas.vmt.
CustomMaterialManager: Cached KeyValues materials/models/weapons/v_models/rif_galilar/rif_galilar.vmt.
CustomMaterialManager: Cached KeyValues materials/models/weapons/v_models/rif_m4a1/rif_m4a1.vmt.
CustomMaterialManager: Cached KeyValues materials/models/weapons/v_models/rif_m4a1_s/rif_m4a1_s.vmt.
CustomMaterialManager: Cached KeyValues materials/models/weapons/v_models/rif_sg556/rif_sg556.vmt.
CustomMaterialManager: Cached KeyValues materials/models/weapons/v_models/shot_mag7/shot_mag7.vmt.
CustomMaterialManager: Cached KeyValues materials/models/weapons/v_models/shot_nova/shot_nova.vmt.
CustomMaterialManager: Cached KeyValues materials/models/weapons/v_models/shot_sawedoff/shot_sawedoff_01.vmt.
CustomMaterialManager: Cached KeyValues materials/models/weapons/v_models/shot_xm1014/shot_xm1014.vmt.
CustomMaterialManager: Cached KeyValues materials/models/weapons/v_models/smg_bizon/bizon.vmt.
CustomMaterialManager: Cached KeyValues materials/models/weapons/v_models/smg_mac10/smg_mac10_1.vmt.
CustomMaterialManager: Cached KeyValues materials/models/weapons/v_models/smg_mp7/smg_mp7.vmt.
CustomMaterialManager: Cached KeyValues materials/models/weapons/v_models/smg_mp9/smg_mp9.vmt.
CustomMaterialManager: Cached KeyValues materials/models/weapons/v_models/smg_p90/smg_p90.vmt.
CustomMaterialManager: Cached KeyValues materials/models/weapons/v_models/smg_ump45/smg_ump45.vmt.
CustomMaterialManager: Cached KeyValues materials/models/weapons/v_models/snip_awp/awp.vmt.
CustomMaterialManager: Cached KeyValues materials/models/weapons/v_models/snip_g3sg1/snip_g3sg1.vmt.
CustomMaterialManager: Cached KeyValues materials/models/weapons/v_models/snip_scar20/snip_scar20.vmt.
CustomMaterialManager: Cached KeyValues materials/models/weapons/v_models/snip_ssg08/snip_ssg08.vmt.
CustomMaterialManager: Cached KeyValues materials/models/weapons/v_models/snip_ssg08/snip_ssg08_scope.vmt.
CustomMaterialManager: Cached KeyValues materials/models/weapons/v_models/pist_revolver/pist_revolver.vmt.
CustomMaterialManager: Cached KeyValues materials/models/weapons/v_models/knife_falchion_advanced/knife_falchion_advanced.vmt.
CustomMaterialManager: Cached KeyValues materials/models/weapons/v_models/knife_push/knife_push.vmt.
CustomMaterialManager: Cached KeyValues materials/models/weapons/v_models/knife_survival_bowie/knife_survival_bowie.vmt.
materialPath: C:\Program Files (x86)\Steam\steamapps\common\Counter-Strike Global Offensive\csgo\materials
Loading c:\users\jaeth\desktop\beta map\de_transit\de_transit_a6.vmf
Map revision 104
Patching WVT material: maps/de_transit_a6/asphalt/hr_c/hr_asphalt_001_wvt_patch
fixing up env_cubemap materials on brush sides...
0...1...2...3...4...5...6...7...8...9...100...1...2...3...4...5...6...7...8...9...10Processing areas...done (0)
Building Faces...done (0)
Chop Details...done (0)
Find Visible Detail Sides...
Merged 138 detail faces...done (0)
Merging details...done (0)
FixTjuncs...
PruneNodes...
WriteBSP...
done (0)
writing c:\users\jaeth\desktop\beta map\de_transit\de_transit_a6.prt...Building visibility clusters...
done (0)
Finding displacement neighbors...
Finding lightmap sample positions...
Displacement Alpha : 0...1...2...3...4...5...6...7...8...9...10
Building Physics collision data...
done (0) (65086 bytes)
Placing detail props : 0...1...2...3...4...5...6...7...8...9...10
Compacting texture/material tables...
Reduced 156 texinfos to 92
Reduced 14 texdatas to 11 (391 bytes to 314)
Writing c:\users\jaeth\desktop\beta map\de_transit\de_transit_a6.bsp
0 seconds elapsed



2 threads
reading c:\users\jaeth\desktop\beta map\de_transit\de_transit_a6.bsp
reading c:\users\jaeth\desktop\beta map\de_transit\de_transit_a6.prt
 306 portalclusters
1035 numportals
0...1...2...3...4...5...6...7...8...9...100...1...2...3...4...5...6...7...8...9...10Optimized: 209 visible clusters (0.00%)
Total clusters visible: 61819
Average clusters visible: 202
Building PAS...
Average clusters audible: 306
visdatasize:26216  compressed from 24480
writing c:\users\jaeth\desktop\beta map\de_transit\de_transit_a6.bsp
29 seconds elapsed



[Reading texlights from 'lights.rad']
[17 texlights parsed from 'lights.rad']

Loading c:\users\jaeth\desktop\beta map\de_transit\de_transit_a6.bsp
Loaded alpha texture materials\models\props_foliage\branch_city.vtf
Loaded alpha texture materials\models\props\de_nuke\hr_nuke\chainlink_fence_001\chainlink_fence_wire_001_mip0.vtf
1631 faces
3 degenerate faces
1315264 square feet [189398112.00 square inches]
6 Displacements
27459 Square Feet [3954160.00 Square Inches]
1628 patches before subdivision
45646 patches after subdivision
16 direct lights
0...1...2...3...4...5...6...7...8...9...100...1...2...3...4...5...6...7...8...9...10transfers 2236317, max 352
transfer lists:  17.1 megs
0...1...2...3...4...5...6...7...8...9...10	Bounce #1 added RGB(120987, 44437, 12973)
0...1...2...3...4...5...6...7...8...9...10	Bounce #2 added RGB(53292, 6009, 32)
0...1...2...3...4...5...6...7...8...9...10	Bounce #3 added RGB(29957, 892, 1)
0...1...2...3...4...5...6...7...8...9...10	Bounce #4 added RGB(19251, 157, 0)
0...1...2...3...4...5...6...7...8...9...10	Bounce #5 added RGB(13035, 29, 0)
0...1...2...3...4...5...6...7...8...9...10	Bounce #6 added RGB(8979, 6, 0)
0...1...2...3...4...5...6...7...8...9...10	Bounce #7 added RGB(6241, 1, 0)
0...1...2...3...4...5...6...7...8...9...10	Bounce #8 added RGB(4351, 0, 0)
0...1...2...3...4...5...6...7...8...9...10	Bounce #9 added RGB(3039, 0, 0)
0...1...2...3...4...5...6...7...8...9...10	Bounce #10 added RGB(2125, 0, 0)
0...1...2...3...4...5...6...7...8...9...10	Bounce #11 added RGB(1486, 0, 0)
0...1...2...3...4...5...6...7...8...9...10	Bounce #12 added RGB(1040, 0, 0)
0...1...2...3...4...5...6...7...8...9...10	Bounce #13 added RGB(728, 0, 0)
0...1...2...3...4...5...6...7...8...9...10	Bounce #14 added RGB(510, 0, 0)
0...1...2...3...4...5...6...7...8...9...10	Bounce #15 added RGB(357, 0, 0)
0...1...2...3...4...5...6...7...8...9...10	Bounce #16 added RGB(251, 0, 0)
0...1...2...3...4...5...6...7...8...9...10	Bounce #17 added RGB(176, 0, 0)
0...1...2...3...4...5...6...7...8...9...10	Bounce #18 added RGB(123, 0, 0)
0...1...2...3...4...5...6...7...8...9...10	Bounce #19 added RGB(86, 0, 0)
0...1...2...3...4...5...6...7...8...9...10	Bounce #20 added RGB(61, 0, 0)
0...1...2...3...4...5...6...7...8...9...10	Bounce #21 added RGB(43, 0, 0)
0...1...2...3...4...5...6...7...8...9...10	Bounce #22 added RGB(30, 0, 0)
0...1...2...3...4...5...6...7...8...9...10	Bounce #23 added RGB(21, 0, 0)
0...1...2...3...4...5...6...7...8...9...10	Bounce #24 added RGB(15, 0, 0)
0...1...2...3...4...5...6...7...8...9...10	Bounce #25 added RGB(10, 0, 0)
0...1...2...3...4...5...6...7...8...9...10	Bounce #26 added RGB(7, 0, 0)
0...1...2...3...4...5...6...7...8...9...10	Bounce #27 added RGB(5, 0, 0)
0...1...2...3...4...5...6...7...8...9...10	Bounce #28 added RGB(4, 0, 0)
0...1...2...3...4...5...6...7...8...9...10	Bounce #29 added RGB(3, 0, 0)
0...1...2...3...4...5...6...7...8...9...10	Bounce #30 added RGB(2, 0, 0)
0...1...2...3...4...5...6...7...8...9...10	Bounce #31 added RGB(1, 0, 0)
0...1...2...3...4...5...6...7...8...9...10	Bounce #32 added RGB(1, 0, 0)
Build Patch/Sample Hash Table(s).....Done<0.0131 sec>
0...1...2...3...4...5...6...7...8...9...10FinalLightFace Done
0 of 0 (0% of) surface lights went in leaf ambient cubes.
0...1...2...3...4...5...6...7...8...9...10Writing leaf ambient...done
Computing static prop lighting : 00...1...2...3...4...5...6...7...8...9...10
Ready to Finish

Object names       Objects/Maxobjs  Memory / Maxmem  Fullness 
------------       ---------------  ---------------  -------- 
models                   3/1024          144/49152    ( 0.3%) 
brushes                191/8192         2292/98304    ( 2.3%) 
brushsides            1507/65536       12056/524288   ( 2.3%) 
planes                1154/65536       23080/1310720  ( 1.8%) 
vertexes              2368/65536       28416/786432   ( 3.6%) 
nodes                  661/65536       21152/2097152  ( 1.0%) 
texinfos                92/12288        6624/884736   ( 0.7%) 
texdata                 11/2048          352/65536    ( 0.5%) 
dispinfos                6/0            1056/0        ( 0.0%) 
disp_verts            1734/0           34680/0        ( 0.0%) 
disp_tris             3072/0            6144/0        ( 0.0%) 
disp_multiblend          0/0               0/0        ( 0.0%) 
disp_lmsamples       74601/0           74601/0        ( 0.0%) 
faces                 1631/65536       91336/3670016  ( 2.5%) 
hdr faces                0/65536           0/3670016  ( 0.0%) 
origfaces              620/65536       34720/3670016  ( 0.9%) 
facebrushes            162/0             324/0        ( 0.0%) 
facebrushlists        1631/0            6524/0        ( 0.0%) 
leaves                 665/65536       21280/2097152  ( 1.0%) 
leaffaces             2129/65536        4258/131072   ( 3.2%) 
leafbrushes            681/65536        1362/131072   ( 1.0%) 
areas                    2/1024           16/8192     ( 0.2%) 
surfedges            10140/512000      40560/2048000  ( 2.0%) 
edges                 5633/256000      22532/1024000  ( 2.2%) 
LDR worldlights         16/8192         1600/819200   ( 0.2%) 
HDR worldlights          0/8192            0/819200   ( 0.0%) 
leafwaterdata            0/32768           0/393216   ( 0.0%) 
waterstrips            206/32768        2060/327680   ( 0.6%) 
waterverts               0/65536           0/786432   ( 0.0%) 
waterindices          3285/65536        6570/131072   ( 5.0%) 
cubemapsamples           5/1024           80/16384    ( 0.5%) 
overlays                 1/1024          352/360448   ( 0.1%) 
LDR lightdata         [variable]     2748148/0        ( 0.0%) 
HDR lightdata         [variable]           0/0        ( 0.0%) 
visdata               [variable]       26216/16777216 ( 0.2%) 
entdata               [variable]        5417/393216   ( 1.4%) 
LDR ambient table      665/65536        2660/262144   ( 1.0%) 
HDR ambient table      665/65536        2660/262144   ( 1.0%) 
LDR leaf ambient      3821/65536      106988/1835008  ( 5.8%) 
HDR leaf ambient       665/65536       18620/1835008  ( 1.0%) 
occluders                0/0               0/0        ( 0.0%) 
occluder polygons        0/0               0/0        ( 0.0%) 
occluder vert ind        0/0               0/0        ( 0.0%) 
detail props          [variable]           1/12       ( 8.3%) 
static props          [variable]           1/3936     ( 0.0%) 
pakfile               [variable]     1750145/0        ( 0.0%) 
physics               [variable]       65086/4194304  ( 1.6%) 
physics terrain       [variable]        1204/1048576  ( 0.1%) 

Level flags = 1d

Total triangle count: 4443
Writing c:\users\jaeth\desktop\beta map\de_transit\de_transit_a6.bsp
2 minutes, 49 seconds elapsed



[Reading texlights from 'lights.rad']
[17 texlights parsed from 'lights.rad']

Loading c:\users\jaeth\desktop\beta map\de_transit\de_transit_a6.bsp
Loaded alpha texture materials\models\props_foliage\branch_city.vtf
Loaded alpha texture materials\models\props\de_nuke\hr_nuke\chainlink_fence_001\chainlink_fence_wire_001_mip0.vtf
1631 faces
3 degenerate faces
1315264 square feet [189398112.00 square inches]
6 Displacements
27459 Square Feet [3954160.00 Square Inches]
1628 patches before subdivision
45646 patches after subdivision
16 direct lights
0...1...2...3...4...5...6...7...8...9...100...1...2...3...4...5...6...7...8...9...10transfers 2236317, max 352
transfer lists:  17.1 megs
0...1...2...3...4...5...6...7...8...9...10	Bounce #1 added RGB(107489, 38404, 10128)
0...1...2...3...4...5...6...7...8...9...10	Bounce #2 added RGB(49746, 5382, 26)
0...1...2...3...4...5...6...7...8...9...10	Bounce #3 added RGB(28935, 833, 1)
0...1...2...3...4...5...6...7...8...9...10	Bounce #4 added RGB(18885, 149, 0)
0...1...2...3...4...5...6...7...8...9...10	Bounce #5 added RGB(12862, 28, 0)
0...1...2...3...4...5...6...7...8...9...10	Bounce #6 added RGB(8890, 5, 0)
0...1...2...3...4...5...6...7...8...9...10	Bounce #7 added RGB(6187, 1, 0)
0...1...2...3...4...5...6...7...8...9...10	Bounce #8 added RGB(4318, 0, 0)
0...1...2...3...4...5...6...7...8...9...10	Bounce #9 added RGB(3018, 0, 0)
0...1...2...3...4...5...6...7...8...9...10	Bounce #10 added RGB(2111, 0, 0)
0...1...2...3...4...5...6...7...8...9...10	Bounce #11 added RGB(1477, 0, 0)
0...1...2...3...4...5...6...7...8...9...10	Bounce #12 added RGB(1035, 0, 0)
0...1...2...3...4...5...6...7...8...9...10	Bounce #13 added RGB(724, 0, 0)
0...1...2...3...4...5...6...7...8...9...10	Bounce #14 added RGB(508, 0, 0)
0...1...2...3...4...5...6...7...8...9...10	Bounce #15 added RGB(356, 0, 0)
0...1...2...3...4...5...6...7...8...9...10	Bounce #16 added RGB(249, 0, 0)
0...1...2...3...4...5...6...7...8...9...10	Bounce #17 added RGB(175, 0, 0)
0...1...2...3...4...5...6...7...8...9...10	Bounce #18 added RGB(123, 0, 0)
0...1...2...3...4...5...6...7...8...9...10	Bounce #19 added RGB(86, 0, 0)
0...1...2...3...4...5...6...7...8...9...10	Bounce #20 added RGB(60, 0, 0)
0...1...2...3...4...5...6...7...8...9...10	Bounce #21 added RGB(42, 0, 0)
0...1...2...3...4...5...6...7...8...9...10	Bounce #22 added RGB(30, 0, 0)
0...1...2...3...4...5...6...7...8...9...10	Bounce #23 added RGB(21, 0, 0)
0...1...2...3...4...5...6...7...8...9...10	Bounce #24 added RGB(15, 0, 0)
0...1...2...3...4...5...6...7...8...9...10	Bounce #25 added RGB(10, 0, 0)
0...1...2...3...4...5...6...7...8...9...10	Bounce #26 added RGB(7, 0, 0)
0...1...2...3...4...5...6...7...8...9...10	Bounce #27 added RGB(5, 0, 0)
0...1...2...3...4...5...6...7...8...9...10	Bounce #28 added RGB(4, 0, 0)
0...1...2...3...4...5...6...7...8...9...10	Bounce #29 added RGB(3, 0, 0)
0...1...2...3...4...5...6...7...8...9...10	Bounce #30 added RGB(2, 0, 0)
0...1...2...3...4...5...6...7...8...9...10	Bounce #31 added RGB(1, 0, 0)
0...1...2...3...4...5...6...7...8...9...10	Bounce #32 added RGB(1, 0, 0)
Build Patch/Sample Hash Table(s).....Done<0.0163 sec>
0...1...2...3...4...5...6...7...8...9...10FinalLightFace Done
0 of 0 (0% of) surface lights went in leaf ambient cubes.
0...1...2...3...4...5...6...7...8...9...10Writing leaf ambient...done
Computing static prop lighting : 00...1...2...3...4...5...6...7...8...9...10
Ready to Finish

Object names       Objects/Maxobjs  Memory / Maxmem  Fullness 
------------       ---------------  ---------------  -------- 
models                   3/1024          144/49152    ( 0.3%) 
brushes                191/8192         2292/98304    ( 2.3%) 
brushsides            1507/65536       12056/524288   ( 2.3%) 
planes                1154/65536       23080/1310720  ( 1.8%) 
vertexes              2368/65536       28416/786432   ( 3.6%) 
nodes                  661/65536       21152/2097152  ( 1.0%) 
texinfos                92/12288        6624/884736   ( 0.7%) 
texdata                 11/2048          352/65536    ( 0.5%) 
dispinfos                6/0            1056/0        ( 0.0%) 
disp_verts            1734/0           34680/0        ( 0.0%) 
disp_tris             3072/0            6144/0        ( 0.0%) 
disp_multiblend          0/0               0/0        ( 0.0%) 
disp_lmsamples       74601/0           74601/0        ( 0.0%) 
faces                 1631/65536       91336/3670016  ( 2.5%) 
hdr faces             1631/65536       91336/3670016  ( 2.5%) 
origfaces              620/65536       34720/3670016  ( 0.9%) 
facebrushes            162/0             324/0        ( 0.0%) 
facebrushlists        1631/0            6524/0        ( 0.0%) 
leaves                 665/65536       21280/2097152  ( 1.0%) 
leaffaces             2129/65536        4258/131072   ( 3.2%) 
leafbrushes            681/65536        1362/131072   ( 1.0%) 
areas                    2/1024           16/8192     ( 0.2%) 
surfedges            10140/512000      40560/2048000  ( 2.0%) 
edges                 5633/256000      22532/1024000  ( 2.2%) 
LDR worldlights         16/8192         1600/819200   ( 0.2%) 
HDR worldlights         16/8192         1600/819200   ( 0.2%) 
leafwaterdata            0/32768           0/393216   ( 0.0%) 
waterstrips            206/32768        2060/327680   ( 0.6%) 
waterverts               0/65536           0/786432   ( 0.0%) 
waterindices          3285/65536        6570/131072   ( 5.0%) 
cubemapsamples           5/1024           80/16384    ( 0.5%) 
overlays                 1/1024          352/360448   ( 0.1%) 
LDR lightdata         [variable]     2748148/0        ( 0.0%) 
HDR lightdata         [variable]     2748148/0        ( 0.0%) 
visdata               [variable]       26216/16777216 ( 0.2%) 
entdata               [variable]        5417/393216   ( 1.4%) 
LDR ambient table      665/65536        2660/262144   ( 1.0%) 
HDR ambient table      665/65536        2660/262144   ( 1.0%) 
LDR leaf ambient      3821/65536      106988/1835008  ( 5.8%) 
HDR leaf ambient      3771/65536      105588/1835008  ( 5.8%) 
occluders                0/0               0/0        ( 0.0%) 
occluder polygons        0/0               0/0        ( 0.0%) 
occluder vert ind        0/0               0/0        ( 0.0%) 
detail props          [variable]           1/12       ( 8.3%) 
static props          [variable]           1/3936     ( 0.0%) 
pakfile               [variable]     3053665/0        ( 0.0%) 
physics               [variable]       65086/4194304  ( 1.6%) 
physics terrain       [variable]        1204/1048576  ( 0.1%) 

Level flags = 1f

Total triangle count: 4443
Writing c:\users\jaeth\desktop\beta map\de_transit\de_transit_a6.bsp
2 minutes, 58 seconds elapsed
