PRT1
306
1035
4 0 2 (1984 4096 1024 ) (1024 4096 1024 ) (1024 4096 -1024 ) (1984 4096 -1024 ) 
4 0 1 (1024 4096 -1024 ) (1024 4096 1024 ) (1024 4544 1024 ) (1024 4544 -1024 ) 
4 1 38 (0 4096 -1024 ) (0 4096 1024 ) (0 4544 1024 ) (0 4544 -1024 ) 
4 1 3 (1024 4096 -1024 ) (1024 4096 1024 ) (0 4096 1024 ) (0 4096 -1024 ) 
4 2 4 (1024 3072 1024 ) (1024 3072 -1024 ) (1984 3072 -1024 ) (1984 3072 1024 ) 
4 2 3 (1024 4096 1024 ) (1024 4096 -1024 ) (1024 3072 -1024 ) (1024 3072 1024 ) 
4 3 42 (0 3072 -1024 ) (0 3072 1024 ) (0 4096 1024 ) (0 4096 -1024 ) 
4 3 9 (1024 3072 -1024 ) (1024 3072 -512 ) (0 3072 -512 ) (0 3072 -1024 ) 
4 3 6 (280 3072 1024 ) (152 3072 1024 ) (152 3072 -512 ) (280 3072 -512 ) 
4 3 5 (1024 3072 -512 ) (1024 3072 1024 ) (280 3072 1024 ) (280 3072 -512 ) 
4 3 8 (152 3072 1024 ) (0 3072 1024 ) (0 3072 -512 ) (152 3072 -512 ) 
4 4 12 (1024 2048 -953 ) (1024 2048 -1024 ) (1760 2048 -1024 ) (1760 2048 -953 ) 
4 4 11 (1760 2048 -1024 ) (1984 2048 -1024 ) (1984 2048 -953 ) (1760 2048 -953 ) 
4 4 10 (1024 2048 1024 ) (1024 2048 -953 ) (1984 2048 -953 ) (1984 2048 1024 ) 
4 4 9 (1024 2048 -1024 ) (1024 2048 -512 ) (1024 3072 -512 ) (1024 3072 -1024 ) 
4 4 5 (1024 2048 -512 ) (1024 2048 1024 ) (1024 3072 1024 ) (1024 3072 -512 ) 
4 5 16 (280 2048 -512 ) (1024 2048 -512 ) (1024 2048 -448 ) (280 2048 -448 ) 
4 5 15 (1024 2048 -448 ) (1024 2048 1024 ) (280 2048 1024 ) (280 2048 -448 ) 
4 5 9 (280 3072 -512 ) (1024 3072 -512 ) (1024 2048 -512 ) (280 2048 -512 ) 
4 5 7 (280 2048 -448 ) (280 2048 1024 ) (280 2564 1024 ) (280 2564 -448 ) 
4 5 6 (280 3072 -512 ) (280 2564 -512 ) (280 2564 1024 ) (280 3072 1024 ) 
4 6 9 (152 3072 -512 ) (280 3072 -512 ) (280 2564 -512 ) (152 2564 -512 ) 
4 6 7 (152 2564 1024 ) (152 2564 -448 ) (280 2564 -448 ) (280 2564 1024 ) 
4 6 8 (152 3072 -512 ) (152 2564 -512 ) (152 2564 1024 ) (152 3072 1024 ) 
4 7 15 (280 2048 -448 ) (280 2048 1024 ) (152 2048 1024 ) (152 2048 -448 ) 
4 7 8 (152 2048 -448 ) (152 2048 1024 ) (152 2564 1024 ) (152 2564 -448 ) 
4 8 44 (0 2048 -512 ) (0 2048 1024 ) (0 3072 1024 ) (0 3072 -512 ) 
4 8 18 (0 2048 -448 ) (0 2048 -512 ) (152 2048 -512 ) (152 2048 -448 ) 
4 8 15 (0 2048 1024 ) (0 2048 -448 ) (152 2048 -448 ) (152 2048 1024 ) 
4 8 9 (0 3072 -512 ) (152 3072 -512 ) (152 2048 -512 ) (0 2048 -512 ) 
4 9 44 (0 2048 -1024 ) (0 2048 -512 ) (0 3072 -512 ) (0 3072 -1024 ) 
4 9 37 (0 2048 -992 ) (0 2048 -1024 ) (1024 2048 -1024 ) (1024 2048 -992 ) 
4 9 34 (0 2048 -953 ) (0 2048 -992 ) (1024 2048 -992 ) (1024 2048 -953 ) 
4 9 19 (490 2048 -953 ) (1024 2048 -953 ) (1024 2048 -664 ) (490 2048 -664 ) 
4 9 33 (0 2048 -664 ) (0 2048 -953 ) (490 2048 -953 ) (490 2048 -664 ) 
4 9 17 (152 2048 -664 ) (280 2048 -664 ) (280 2048 -512 ) (152 2048 -512 ) 
4 9 16 (280 2048 -664 ) (1024 2048 -664 ) (1024 2048 -512 ) (280 2048 -512 ) 
4 9 18 (0 2048 -512 ) (0 2048 -664 ) (152 2048 -664 ) (152 2048 -512 ) 
4 10 67 (1024 1024 1024 ) (1024 1024 -953 ) (1984 1024 -953 ) (1984 1024 1024 ) 
4 10 20 (1024 1632 -953 ) (1024 1024 -953 ) (1024 1024 -664 ) (1024 1632 -664 ) 
4 10 19 (1024 2048 -664 ) (1024 2048 -953 ) (1024 1632 -953 ) (1024 1632 -664 ) 
4 10 16 (1024 2048 -448 ) (1024 2048 -664 ) (1024 1024 -664 ) (1024 1024 -448 ) 
4 10 15 (1024 2048 1024 ) (1024 2048 -448 ) (1024 1024 -448 ) (1024 1024 1024 ) 
4 10 12 (1024 2048 -953 ) (1760 2048 -953 ) (1760 1608 -953 ) (1024 1608 -953 ) 
4 10 14 (1760 1228 -953 ) (1760 1024 -953 ) (1024 1024 -953 ) (1024 1228 -953 ) 
4 10 11 (1760 2048 -953 ) (1984 2048 -953 ) (1984 1024 -953 ) (1760 1024 -953 ) 
4 11 67 (1760 1024 -1024 ) (1984 1024 -1024 ) (1984 1024 -953 ) (1760 1024 -953 ) 
4 11 13 (1760 1608 -1024 ) (1760 1228 -1024 ) (1760 1228 -992 ) (1760 1608 -992 ) 
4 11 12 (1760 2048 -1024 ) (1760 1608 -1024 ) (1760 1608 -953 ) (1760 2048 -953 ) 
4 11 14 (1760 1228 -1024 ) (1760 1024 -1024 ) (1760 1024 -953 ) (1760 1228 -953 ) 
4 12 37 (1024 2048 -992 ) (1024 2048 -1024 ) (1024 1608 -1024 ) (1024 1608 -992 ) 
4 12 34 (1024 2048 -953 ) (1024 2048 -992 ) (1024 1608 -992 ) (1024 1608 -953 ) 
4 12 13 (1024 1608 -1024 ) (1760 1608 -1024 ) (1760 1608 -992 ) (1024 1608 -992 ) 
4 13 37 (1024 1608 -1024 ) (1024 1228 -1024 ) (1024 1228 -992 ) (1024 1608 -992 ) 
4 13 14 (1024 1228 -1024 ) (1760 1228 -1024 ) (1760 1228 -992 ) (1024 1228 -992 ) 
4 14 67 (1024 1024 -953 ) (1024 1024 -1024 ) (1760 1024 -1024 ) (1760 1024 -953 ) 
4 14 37 (1024 1228 -1024 ) (1024 1024 -1024 ) (1024 1024 -992 ) (1024 1228 -992 ) 
4 14 35 (1024 1024 -992 ) (1024 1024 -953 ) (1024 1228 -953 ) (1024 1228 -992 ) 
4 15 68 (1024 1024 -448 ) (1024 1024 1024 ) (0 1024 1024 ) (0 1024 -448 ) 
4 15 47 (0 1228 1024 ) (0 1608 1024 ) (0 1608 -448 ) (0 1228 -448 ) 
4 15 46 (0 1608 1024 ) (0 2048 1024 ) (0 2048 -448 ) (0 1608 -448 ) 
4 15 48 (0 1024 -448 ) (0 1024 1024 ) (0 1228 1024 ) (0 1228 -448 ) 
4 15 16 (280 2048 -448 ) (1024 2048 -448 ) (1024 1024 -448 ) (280 1024 -448 ) 
4 15 18 (0 1024 -448 ) (0 2048 -448 ) (152 2048 -448 ) (152 1024 -448 ) 
4 16 71 (1024 1024 -664 ) (1024 1024 -512 ) (280 1024 -512 ) (280 1024 -664 ) 
4 16 69 (1024 1024 -512 ) (1024 1024 -448 ) (280 1024 -448 ) (280 1024 -512 ) 
4 16 31 (889.694458 1024 -664 ) (725 1024 -664 ) (725 1630 -664 ) (889.694946 1630 -664 ) 
4 16 29 (725 1632 -664 ) (889.694946 1632 -664 ) (889.694946 1630 -664 ) (725 1630 -664 ) 
4 16 24 (572 1024 -664 ) (490 1024 -664 ) (490 1629 -664 ) (572 1629 -664 ) 
4 16 22 (490 1629 -664 ) (490 1632 -664 ) (572 1632 -664 ) (572 1629 -664 ) 
4 16 20 (1024 1024 -664 ) (889.694458 1024 -664 ) (889.694946 1632 -664 ) (1024 1632 -664 ) 
4 16 19 (490 1632 -664 ) (490 2048 -664 ) (1024 2048 -664 ) (1024 1632 -664 ) 
4 16 33 (490 1024 -664 ) (280 1024 -664 ) (280 2048 -664 ) (490 2048 -664 ) 
4 16 17 (280 2048 -664 ) (280 1024 -664 ) (280 1024 -512 ) (280 2048 -512 ) 
4 17 71 (152 1024 -512 ) (152 1024 -664 ) (280 1024 -664 ) (280 1024 -512 ) 
4 17 33 (280 1024 -664 ) (152 1024 -664 ) (152 2048 -664 ) (280 2048 -664 ) 
4 17 18 (152 2048 -664 ) (152 1024 -664 ) (152 1024 -512 ) (152 2048 -512 ) 
4 18 71 (0 1024 -512 ) (0 1024 -664 ) (152 1024 -664 ) (152 1024 -512 ) 
4 18 70 (152 1024 -448 ) (0 1024 -448 ) (0 1024 -512 ) (152 1024 -512 ) 
4 18 47 (0 1228 -448 ) (0 1608 -448 ) (0 1608 -664 ) (0 1228 -664 ) 
4 18 46 (0 1608 -448 ) (0 2048 -448 ) (0 2048 -664 ) (0 1608 -664 ) 
4 18 48 (0 1024 -664 ) (0 1024 -448 ) (0 1228 -448 ) (0 1228 -664 ) 
4 18 33 (152 1024 -664 ) (0 1024 -664 ) (0 2048 -664 ) (152 2048 -664 ) 
4 19 34 (490 2048 -953 ) (1024 2048 -953 ) (1024 1632 -953 ) (490 1632 -953 ) 
3 19 30 (722.152039 1632 -706 ) (725 1632 -708.550049 ) (725 1632 -706 ) 
4 19 29 (782.463684 1632 -760.003052 ) (889.695007 1632 -664 ) (725 1632 -664 ) (725 1632 -708.550049 ) 
4 19 21 (572 1632 -948.428894 ) (782.463684 1632 -760.003052 ) (722.152039 1632 -706 ) (572 1632 -706 ) 
5 19 22 (490 1632 -664 ) (490 1632 -953 ) (566.894287 1632 -953 ) (572 1632 -948.428894 ) (572 1632 -664 ) 
4 19 20 (566.894287 1632 -953 ) (1024 1632 -953 ) (1024 1632 -664 ) (889.695007 1632 -664 ) 
4 19 33 (490 2048 -953 ) (490 1632 -953 ) (490 1632 -664 ) (490 2048 -664 ) 
4 20 72 (1024 1024 -953 ) (1024 1024 -664 ) (889.694458 1024 -664 ) (566.893738 1024 -953 ) 
4 20 35 (1024 1228 -953 ) (1024 1024 -953 ) (809 1024 -953 ) (809 1228 -953 ) 
4 20 34 (1024 1632 -953 ) (1024 1608 -953 ) (566.894287 1608 -953 ) (566.894287 1632 -953 ) 
4 20 32 (803 1024 -741.613159 ) (842.778564 1024 -706 ) (842.779236 1630 -706 ) (803 1630 -741.613464 ) 
4 20 31 (842.778564 1024 -706 ) (889.690735 1024 -664 ) (889.691406 1630 -664 ) (842.779236 1630 -706 ) 
4 20 29 (889.691406 1632 -664 ) (782.461914 1632 -760.001526 ) (782.461914 1630 -760.001526 ) (889.691406 1630 -664 ) 
4 20 25 (566.891113 1629 -953 ) (566.890442 1024 -953 ) (572 1024 -948.425476 ) (572 1629 -948.426025 ) 
4 20 23 (572 1024 -948.425476 ) (782.461792 1024 -760.001038 ) (782.461914 1629 -760.001526 ) (572 1629 -948.426025 ) 
4 20 21 (782.461914 1632 -760.001526 ) (572 1632 -948.426025 ) (572 1629 -948.426086 ) (782.461914 1629 -760.001526 ) 
4 20 22 (572 1632 -948.426025 ) (566.891113 1632 -953 ) (566.891113 1629 -953 ) (572 1629 -948.426086 ) 
4 21 30 (725 1632 -708.550720 ) (722.151306 1632 -706 ) (722.151306 1630 -706 ) (725 1630 -708.550720 ) 
4 21 29 (782.465332 1630 -760.005188 ) (782.465332 1632 -760.005188 ) (725 1632 -708.550720 ) (725 1630 -708.550720 ) 
5 21 23 (572 1629 -948.425354 ) (782.460938 1629 -760 ) (722.152710 1629 -706 ) (575.841858 1629 -706 ) (572 1629 -709.440063 ) 
4 21 22 (572 1632 -948.429688 ) (572 1629 -948.429688 ) (572 1629 -706 ) (572 1632 -706 ) 
4 22 34 (490 1629 -953 ) (490 1632 -953 ) (566.894287 1632 -953 ) (566.894287 1629 -953 ) 
3 22 28 (516 1629 -760.416382 ) (516 1629 -759.582764 ) (515.534485 1629 -760 ) 
5 22 27 (490 1629 -759 ) (490 1629 -953 ) (516 1629 -953 ) (516 1629 -760.416382 ) (514.418152 1629 -759 ) 
4 22 26 (495.001068 1629 -741.613953 ) (490 1629 -746.091553 ) (490 1629 -759 ) (514.418152 1629 -759 ) 
5 22 25 (566.890381 1629 -953 ) (572 1629 -948.425354 ) (572 1629 -709.440063 ) (516 1629 -759.582764 ) (516 1629 -953 ) 
4 22 24 (572 1629 -672.674316 ) (572 1629 -664 ) (490 1629 -664 ) (490 1629 -746.091553 ) 
4 22 33 (490 1632 -953 ) (490 1629 -953 ) (490 1629 -664 ) (490 1632 -664 ) 
5 23 74 (572 1024 -709.440063 ) (572 1024 -948.428406 ) (782.463562 1024 -760.002625 ) (722.152405 1024 -706 ) (575.841858 1024 -706 ) 
4 23 25 (572 1629 -709.440063 ) (572 1629 -948.428955 ) (572 1024 -948.428345 ) (572 1024 -709.440063 ) 
5 24 79 (516 1024 -664 ) (490 1024 -664 ) (490 1024 -737.135986 ) (495.001068 1024 -741.613953 ) (516 1024 -722.812927 ) 
3 24 78 (490 1024 -737.135986 ) (490 1024 -746.091553 ) (495.001068 1024 -741.613953 ) 
4 24 73 (572 1024 -664 ) (516 1024 -664 ) (516 1024 -722.812927 ) (572 1024 -672.674377 ) 
4 24 26 (490 1024 -746.093689 ) (490 1629 -746.093750 ) (495.002197 1629 -741.614990 ) (495.002167 1024 -741.614929 ) 
4 24 33 (490 1024 -746.091553 ) (490 1024 -664 ) (490 1629 -664 ) (490 1629 -746.091553 ) 
5 25 75 (516 1024 -953 ) (566.893738 1024 -953 ) (572 1024 -948.428406 ) (572 1024 -709.439941 ) (516 1024 -759.582764 ) 
4 25 34 (516 1608 -953 ) (516 1629 -953 ) (566.894287 1629 -953 ) (566.894287 1608 -953 ) 
4 25 28 (516 1629 -759.582764 ) (516 1629 -760.416382 ) (516 1263 -760.416382 ) (516 1263 -759.582764 ) 
4 25 27 (516 1629 -760.416382 ) (516 1629 -953 ) (516 1263 -953 ) (516 1263 -760.416382 ) 
4 26 78 (490 1024 -746.091553 ) (490 1024 -759 ) (514.418152 1024 -759 ) (495.001068 1024 -741.613953 ) 
4 26 27 (490 1263 -759 ) (490 1629 -759 ) (514.418152 1629 -759 ) (514.418152 1263 -759 ) 
4 26 33 (490 1024 -759 ) (490 1024 -746.091553 ) (490 1629 -746.091553 ) (490 1629 -759 ) 
4 27 34 (490 1608 -953 ) (490 1629 -953 ) (516 1629 -953 ) (516 1608 -953 ) 
4 27 28 (515.533142 1263 -760 ) (516 1263 -760.419006 ) (516 1629 -760.419006 ) (515.533142 1629 -760 ) 
4 27 33 (490 1629 -953 ) (490 1263 -953 ) (490 1263 -759 ) (490 1629 -759 ) 
3 29 32 (803 1630 -741.612305 ) (842.776611 1630 -706 ) (763.223755 1630 -706 ) 
5 29 31 (842.776611 1630 -706 ) (889.688843 1630 -664 ) (725 1630 -664 ) (725 1630 -671.777039 ) (763.223755 1630 -706 ) 
4 29 30 (725 1632 -706 ) (725 1632 -708.550781 ) (725 1630 -708.550781 ) (725 1630 -706 ) 
5 31 76 (889.694458 1024 -664 ) (725 1024 -664 ) (725 1024 -671.776978 ) (763.223755 1024 -706 ) (842.782227 1024 -706 ) 
4 31 32 (763.223755 1630 -706 ) (842.782898 1630 -706 ) (842.782227 1024 -706 ) (763.223694 1024 -706 ) 
3 32 77 (803.001953 1024 -741.614807 ) (842.782227 1024 -706 ) (763.223755 1024 -706 ) 
4 33 80 (490 1024 -664 ) (0 1024 -664 ) (0 1024 -953 ) (490 1024 -953 ) 
4 33 47 (0 1228 -664 ) (0 1608 -664 ) (0 1608 -953 ) (0 1228 -953 ) 
4 33 46 (0 1608 -664 ) (0 2048 -664 ) (0 2048 -953 ) (0 1608 -953 ) 
4 33 48 (0 1024 -953 ) (0 1024 -664 ) (0 1228 -664 ) (0 1228 -953 ) 
4 33 36 (0 1024 -953 ) (0 1228 -953 ) (490 1228 -953 ) (490 1024 -953 ) 
4 33 34 (0 1608 -953 ) (0 2048 -953 ) (490 2048 -953 ) (490 1608 -953 ) 
4 34 46 (0 1608 -953 ) (0 2048 -953 ) (0 2048 -992 ) (0 1608 -992 ) 
4 34 37 (0 1608 -992 ) (0 2048 -992 ) (1024 2048 -992 ) (1024 1608 -992 ) 
4 35 81 (1024 1024 -992 ) (1024 1024 -953 ) (809 1024 -953 ) (809 1024 -992 ) 
4 35 37 (1024 1024 -992 ) (809 1024 -992 ) (809 1228 -992 ) (1024 1228 -992 ) 
4 36 83 (490 1024 -953 ) (0 1024 -953 ) (0 1024 -992 ) (490 1024 -992 ) 
4 36 48 (0 1024 -992 ) (0 1024 -953 ) (0 1228 -953 ) (0 1228 -992 ) 
4 36 37 (490 1024 -992 ) (0 1024 -992 ) (0 1228 -992 ) (490 1228 -992 ) 
4 37 82 (809 1024 -992 ) (490 1024 -992 ) (490 1024 -1024 ) (809 1024 -1024 ) 
4 37 81 (1024 1024 -1024 ) (1024 1024 -992 ) (809 1024 -992 ) (809 1024 -1024 ) 
4 37 83 (490 1024 -992 ) (0 1024 -992 ) (0 1024 -1024 ) (490 1024 -1024 ) 
4 37 49 (0 1024 -1024 ) (0 1024 -992 ) (0 2048 -992 ) (0 2048 -1024 ) 
4 38 42 (0 4096 -1024 ) (0 4096 1024 ) (-1024 4096 1024 ) (-1024 4096 -1024 ) 
4 38 39 (-1024 4096 -1024 ) (-1024 4096 1024 ) (-1024 4544 1024 ) (-1024 4544 -1024 ) 
4 39 43 (-1024 4096 -1024 ) (-1024 4096 1024 ) (-2048 4096 1024 ) (-2048 4096 -1024 ) 
4 39 40 (-2048 4096 -1024 ) (-2048 4096 1024 ) (-2048 4544 1024 ) (-2048 4544 -1024 ) 
4 40 54 (-2048 4096 -1024 ) (-2048 4096 1024 ) (-3072 4096 1024 ) (-3072 4096 -1024 ) 
4 40 41 (-3072 4096 -1024 ) (-3072 4096 1024 ) (-3072 4544 1024 ) (-3072 4544 -1024 ) 
4 41 55 (-3072 4096 -1024 ) (-3072 4096 1024 ) (-3652 4096 1024 ) (-3652 4096 -1024 ) 
4 42 44 (0 3072 -1024 ) (0 3072 1024 ) (-1024 3072 1024 ) (-1024 3072 -1024 ) 
4 42 43 (-1024 4096 1024 ) (-1024 4096 -1024 ) (-1024 3072 -1024 ) (-1024 3072 1024 ) 
4 43 54 (-2048 4096 1024 ) (-2048 4096 -1024 ) (-2048 3072 -1024 ) (-2048 3072 1024 ) 
4 43 45 (-1024 3072 -1024 ) (-1024 3072 1024 ) (-2048 3072 1024 ) (-2048 3072 -1024 ) 
4 44 49 (0 2048 -1024 ) (0 2048 -992 ) (-1024 2048 -992 ) (-1024 2048 -1024 ) 
4 44 46 (0 2048 -992 ) (0 2048 1024 ) (-1024 2048 1024 ) (-1024 2048 -992 ) 
4 44 45 (-1024 2048 -1024 ) (-1024 2048 1024 ) (-1024 3072 1024 ) (-1024 3072 -1024 ) 
4 45 56 (-2048 2048 -1024 ) (-2048 2048 1024 ) (-2048 3072 1024 ) (-2048 3072 -1024 ) 
4 45 53 (-2048 2048 -992 ) (-2048 2048 -1024 ) (-1024 2048 -1024 ) (-1024 2048 -992 ) 
4 45 50 (-2048 2048 1024 ) (-2048 2048 -992 ) (-1024 2048 -992 ) (-1024 2048 1024 ) 
4 46 50 (-1024 2048 1024 ) (-1024 2048 -992 ) (-1024 1608 -992 ) (-1024 1608 1024 ) 
4 46 49 (-1024 1608 -992 ) (-1024 2048 -992 ) (0 2048 -992 ) (0 1608 -992 ) 
4 46 47 (0 1608 -953 ) (0 1608 1024 ) (-1024 1608 1024 ) (-1024 1608 -953 ) 
4 47 51 (-1024 1228 -953 ) (-1024 1228 1024 ) (-1024 1608 1024 ) (-1024 1608 -953 ) 
4 47 48 (0 1228 -953 ) (0 1228 1024 ) (-1024 1228 1024 ) (-1024 1228 -953 ) 
4 48 203 (0 1024 -992 ) (0 1024 1024 ) (-1024 1024 1024 ) (-1024 1024 -992 ) 
4 48 52 (-1024 1228 -992 ) (-1024 1024 -992 ) (-1024 1024 1024 ) (-1024 1228 1024 ) 
4 48 49 (0 1024 -992 ) (-1024 1024 -992 ) (-1024 1228 -992 ) (0 1228 -992 ) 
4 49 203 (0 1024 -1024 ) (0 1024 -992 ) (-1024 1024 -992 ) (-1024 1024 -1024 ) 
4 49 53 (-1024 2048 -992 ) (-1024 2048 -1024 ) (-1024 1024 -1024 ) (-1024 1024 -992 ) 
4 50 57 (-2048 1608 1024 ) (-2048 2048 1024 ) (-2048 2048 -992 ) (-2048 1608 -992 ) 
4 50 53 (-2048 1608 -992 ) (-2048 2048 -992 ) (-1024 2048 -992 ) (-1024 1608 -992 ) 
4 50 51 (-1024 1608 -953 ) (-1024 1608 1024 ) (-2048 1608 1024 ) (-2048 1608 -953 ) 
4 51 58 (-2048 1228 1024 ) (-2048 1608 1024 ) (-2048 1608 -953 ) (-2048 1228 -953 ) 
4 51 52 (-1024 1228 -953 ) (-1024 1228 1024 ) (-2048 1228 1024 ) (-2048 1228 -953 ) 
4 52 204 (-1024 1024 -992 ) (-1024 1024 1024 ) (-2048 1024 1024 ) (-2048 1024 -992 ) 
4 52 59 (-2048 1024 -992 ) (-2048 1024 1024 ) (-2048 1228 1024 ) (-2048 1228 -992 ) 
4 52 53 (-2048 1024 -992 ) (-2048 1228 -992 ) (-1024 1228 -992 ) (-1024 1024 -992 ) 
4 53 204 (-1024 1024 -1024 ) (-1024 1024 -992 ) (-2048 1024 -992 ) (-2048 1024 -1024 ) 
4 53 60 (-2048 1024 -1024 ) (-2048 1024 -992 ) (-2048 2048 -992 ) (-2048 2048 -1024 ) 
4 54 56 (-2048 3072 -1024 ) (-2048 3072 1024 ) (-3072 3072 1024 ) (-3072 3072 -1024 ) 
4 54 55 (-3072 4096 1024 ) (-3072 4096 -1024 ) (-3072 3072 -1024 ) (-3072 3072 1024 ) 
4 55 61 (-3072 3072 -1024 ) (-3072 3072 1024 ) (-3652 3072 1024 ) (-3652 3072 -1024 ) 
4 56 61 (-3072 3072 1024 ) (-3072 3072 -1024 ) (-3072 2048 -1024 ) (-3072 2048 1024 ) 
4 56 60 (-2048 2048 -1024 ) (-2048 2048 -992 ) (-3072 2048 -992 ) (-3072 2048 -1024 ) 
4 56 57 (-2048 2048 -992 ) (-2048 2048 1024 ) (-3072 2048 1024 ) (-3072 2048 -992 ) 
4 57 62 (-3072 1608 1024 ) (-3072 2048 1024 ) (-3072 2048 -992 ) (-3072 1608 -992 ) 
4 57 60 (-3072 1608 -992 ) (-3072 2048 -992 ) (-2048 2048 -992 ) (-2048 1608 -992 ) 
4 57 58 (-2048 1608 -953 ) (-2048 1608 1024 ) (-3072 1608 1024 ) (-3072 1608 -953 ) 
4 58 63 (-3072 1228 1024 ) (-3072 1608 1024 ) (-3072 1608 -953 ) (-3072 1228 -953 ) 
4 58 59 (-2048 1228 -953 ) (-2048 1228 1024 ) (-3072 1228 1024 ) (-3072 1228 -953 ) 
4 59 266 (-2048 1024 -992 ) (-2048 1024 1024 ) (-3072 1024 1024 ) (-3072 1024 -992 ) 
4 59 64 (-3072 1024 -992 ) (-3072 1024 1024 ) (-3072 1228 1024 ) (-3072 1228 -992 ) 
4 59 60 (-2048 1024 -992 ) (-3072 1024 -992 ) (-3072 1228 -992 ) (-2048 1228 -992 ) 
4 60 266 (-2048 1024 -1024 ) (-2048 1024 -992 ) (-3072 1024 -992 ) (-3072 1024 -1024 ) 
4 60 66 (-3072 1024 -1024 ) (-3072 1024 -992 ) (-3072 2048 -992 ) (-3072 2048 -1024 ) 
4 61 66 (-3072 2048 -1024 ) (-3072 2048 -992 ) (-3652 2048 -992 ) (-3652 2048 -1024 ) 
4 61 62 (-3072 2048 -992 ) (-3072 2048 1024 ) (-3650 2048 1024 ) (-3650 2048 -992 ) 
4 61 65 (-3650 2048 1024 ) (-3652 2048 1024 ) (-3652 2048 -992 ) (-3650 2048 -992 ) 
4 62 66 (-3650 2048 -992 ) (-3072 2048 -992 ) (-3072 1608 -992 ) (-3650 1608 -992 ) 
4 62 63 (-3650 1608 1024 ) (-3650 1608 -953 ) (-3072 1608 -953 ) (-3072 1608 1024 ) 
4 62 65 (-3650 2048 -992 ) (-3650 1608 -992 ) (-3650 1608 1024 ) (-3650 2048 1024 ) 
4 63 65 (-3650 1228 -953 ) (-3650 1228 1024 ) (-3650 1608 1024 ) (-3650 1608 -953 ) 
4 63 64 (-3650 1228 1024 ) (-3650 1228 -953 ) (-3072 1228 -953 ) (-3072 1228 1024 ) 
4 64 274 (-3072 1024 -992 ) (-3072 1024 1024 ) (-3650 1024 1024 ) (-3650 1024 -992 ) 
4 64 66 (-3072 1228 -992 ) (-3072 1024 -992 ) (-3650 1024 -992 ) (-3650 1228 -992 ) 
4 64 65 (-3650 1228 -992 ) (-3650 1024 -992 ) (-3650 1024 1024 ) (-3650 1228 1024 ) 
4 65 274 (-3650 1024 1024 ) (-3652 1024 1024 ) (-3652 1024 -992 ) (-3650 1024 -992 ) 
4 65 66 (-3652 1024 -992 ) (-3652 2048 -992 ) (-3650 2048 -992 ) (-3650 1024 -992 ) 
4 66 274 (-3072 1024 -1024 ) (-3072 1024 -992 ) (-3652 1024 -992 ) (-3652 1024 -1024 ) 
4 67 117 (1024 0 -992 ) (1024 0 -1024 ) (1760 0 -1024 ) (1760 0 -992 ) 
4 67 114 (1024 0 -911 ) (1024 0 -992 ) (1760 0 -992 ) (1760 0 -911 ) 
4 67 86 (1024 0 -628 ) (1024 0 -911 ) (1760 0 -911 ) (1760 0 -628 ) 
4 67 85 (1024 0 1024 ) (1024 0 -628 ) (1760 0 -628 ) (1760 0 1024 ) 
4 67 84 (1760 0 -1024 ) (1984 0 -1024 ) (1984 0 1024 ) (1760 0 1024 ) 
4 67 81 (1024 1024 -953 ) (1024 1024 -1024 ) (1024 0 -1024 ) (1024 0 -953 ) 
4 67 72 (1024 1024 -664 ) (1024 1024 -953 ) (1024 0 -953 ) (1024 0 -664 ) 
4 67 71 (1024 1024 -512 ) (1024 1024 -664 ) (1024 0 -664 ) (1024 0 -512 ) 
4 67 69 (1024 1024 -448 ) (1024 1024 -512 ) (1024 0 -512 ) (1024 0 -448 ) 
4 67 68 (1024 1024 1024 ) (1024 1024 -448 ) (1024 0 -448 ) (1024 0 1024 ) 
4 68 203 (0 1024 1024 ) (0 1024 -448 ) (0 0 -448 ) (0 0 1024 ) 
4 68 137 (280 0 -443 ) (152 0 -443 ) (152 0 -448 ) (280 0 -448 ) 
4 68 138 (152 0 -443 ) (0 0 -443 ) (0 0 -448 ) (152 0 -448 ) 
4 68 132 (728 0 -443 ) (664 0 -443 ) (664 0 -448 ) (728 0 -448 ) 
4 68 131 (1024 0 -448 ) (1024 0 -443 ) (728 0 -443 ) (728 0 -448 ) 
4 68 136 (664 0 -443 ) (280 0 -443 ) (280 0 -448 ) (664 0 -448 ) 
4 68 128 (824 0 -438 ) (820 0 -438 ) (820 0 -443 ) (824 0 -443 ) 
4 68 130 (820 0 -438 ) (0 0 -438 ) (0 0 -443 ) (820 0 -443 ) 
4 68 125 (924 0 -438 ) (824 0 -438 ) (824 0 -443 ) (924 0 -443 ) 
4 68 123 (928 0 -438 ) (924 0 -438 ) (924 0 -443 ) (928 0 -443 ) 
4 68 122 (1024 0 -443 ) (1024 0 -438 ) (928 0 -438 ) (928 0 -443 ) 
4 68 121 (1024 0 -438 ) (1024 0 1024 ) (0 0 1024 ) (0 0 -438 ) 
4 68 69 (280 1024 -448 ) (1024 1024 -448 ) (1024 0 -448 ) (280 0 -448 ) 
4 68 70 (0 1024 -448 ) (152 1024 -448 ) (152 0 -448 ) (0 0 -448 ) 
4 69 133 (664 0 -456 ) (664 0 -512 ) (728 0 -512 ) (728 0 -456 ) 
4 69 132 (728 0 -448 ) (664 0 -448 ) (664 0 -456 ) (728 0 -456 ) 
4 69 131 (1024 0 -512 ) (1024 0 -448 ) (728 0 -448 ) (728 0 -512 ) 
4 69 136 (664 0 -448 ) (280 0 -448 ) (280 0 -512 ) (664 0 -512 ) 
4 69 71 (1024 0 -512 ) (280 0 -512 ) (280 1024 -512 ) (1024 1024 -512 ) 
4 70 203 (0 1024 -448 ) (0 1024 -512 ) (0 0 -512 ) (0 0 -448 ) 
4 70 138 (152 0 -448 ) (0 0 -448 ) (0 0 -512 ) (152 0 -512 ) 
4 70 71 (152 0 -512 ) (0 0 -512 ) (0 1024 -512 ) (152 1024 -512 ) 
4 71 203 (0 1024 -512 ) (0 1024 -664 ) (0 0 -664 ) (0 0 -512 ) 
4 71 143 (1024 0 -664 ) (1024 0 -512 ) (0 0 -512 ) (0 0 -664 ) 
4 71 79 (490 1024 -664 ) (516 1024 -664 ) (516 0 -664 ) (490 0 -664 ) 
4 71 76 (725 1024 -664 ) (889.694397 1024 -664 ) (889.693176 0 -664 ) (725 0 -664 ) 
4 71 73 (516 1024 -664 ) (572 1024 -664 ) (572 0 -664 ) (516 0 -664 ) 
4 71 72 (889.694397 1024 -664 ) (1024 1024 -664 ) (1024 0 -664 ) (889.693176 0 -664 ) 
4 71 80 (0 1024 -664 ) (490 1024 -664 ) (490 0 -664 ) (0 0 -664 ) 
3 72 171 (809 0 -736.243713 ) (782.463196 0 -760.001831 ) (809 0 -783.762878 ) 
3 72 150 (572 0 -948.427246 ) (566.892456 0 -953 ) (572 0 -953 ) 
4 72 149 (782.463196 0 -760.001831 ) (679.926270 0 -851.802002 ) (809 0 -851.802124 ) (809 0 -783.762878 ) 
5 72 148 (679.926270 0 -851.802002 ) (572 0 -948.427246 ) (572 0 -953 ) (809 0 -953 ) (809 0 -851.802124 ) 
5 72 144 (1024 0 -953 ) (1024 0 -664 ) (889.693176 0 -664 ) (809 0 -736.243713 ) (809 0 -953 ) 
4 72 81 (809 1024 -953 ) (1024 1024 -953 ) (1024 0 -953 ) (809 0 -953 ) 
4 72 77 (803 0 -741.613586 ) (842.779480 0 -706 ) (842.780640 1024 -706 ) (803.001221 1024 -741.614136 ) 
4 72 76 (842.779480 0 -706 ) (889.691650 0 -664 ) (889.692810 1024 -664 ) (842.780640 1024 -706 ) 
4 72 75 (566.892273 1024 -953 ) (566.891113 0 -953 ) (572 0 -948.426086 ) (572 1024 -948.427124 ) 
4 72 74 (572 0 -948.426086 ) (782.462524 0 -760.001160 ) (782.462769 1024 -760.001953 ) (572 1024 -948.427124 ) 
4 73 153 (572 0 -664 ) (516 0 -664 ) (516 0 -668.185791 ) (572 0 -668.185791 ) 
4 73 152 (516 0 -668.185791 ) (516 0 -722.812988 ) (572 0 -672.674377 ) (572 0 -668.185791 ) 
4 73 79 (516 0 -722.812988 ) (516 0 -664 ) (516 1024 -664 ) (516 1024 -722.812988 ) 
6 74 149 (572 0 -709.440063 ) (572 0 -851.802002 ) (679.926270 0 -851.802002 ) (782.463196 0 -760.001831 ) (722.152954 0 -706 ) (575.841858 0 -706 ) 
3 74 148 (572 0 -851.802002 ) (572 0 -948.427246 ) (679.926270 0 -851.802002 ) 
4 74 75 (572 1024 -948.427490 ) (572 0 -948.426453 ) (572 0 -709.440063 ) (572 1024 -709.440063 ) 
5 75 150 (516 0 -759.582764 ) (516 0 -953 ) (566.892456 0 -953 ) (572 0 -948.427246 ) (572 0 -709.439941 ) 
5 76 170 (809 0 -664 ) (725 0 -664 ) (725 0 -671.777100 ) (763.223633 0 -706 ) (809 0 -706 ) 
4 76 144 (889.693176 0 -664 ) (809 0 -664 ) (809 0 -706 ) (842.780945 0 -706 ) 
4 76 77 (763.223694 1024 -706 ) (842.782104 1024 -706 ) (842.780945 0 -706 ) (763.223633 0 -706 ) 
4 77 172 (803.001343 0 -741.614258 ) (809 0 -736.243713 ) (809 0 -706 ) (763.223633 0 -706 ) 
3 77 144 (809 0 -736.243713 ) (842.780945 0 -706 ) (809 0 -706 ) 
4 78 162 (490 0 -742 ) (490 0 -759 ) (491 0 -759 ) (491 0 -742 ) 
4 78 160 (490 0 -737.135986 ) (490 0 -742 ) (491 0 -742 ) (491 0 -738.031372 ) 
4 78 156 (491 0 -759 ) (514.418152 0 -759 ) (495.001099 0 -741.613953 ) (491 0 -745.196289 ) 
3 78 152 (495.001099 0 -741.613953 ) (491 0 -738.031372 ) (491 0 -745.196289 ) 
4 78 79 (490 1024 -737.138306 ) (490 0 -737.138367 ) (495 0 -741.615051 ) (495 1024 -741.615112 ) 
4 78 80 (490 0 -759 ) (490 0 -737.135986 ) (490 1024 -737.135986 ) (490 1024 -759 ) 
4 79 161 (491 0 -664 ) (490 0 -664 ) (490 0 -668.185791 ) (491 0 -668.185791 ) 
4 79 160 (490 0 -668.185791 ) (490 0 -737.135986 ) (491 0 -738.031372 ) (491 0 -668.185791 ) 
4 79 153 (516 0 -664 ) (491 0 -664 ) (491 0 -668.185791 ) (516 0 -668.185791 ) 
5 79 152 (491 0 -668.185791 ) (491 0 -738.031372 ) (495.001099 0 -741.613953 ) (516 0 -722.812988 ) (516 0 -668.185791 ) 
4 79 80 (490 0 -737.135986 ) (490 0 -664 ) (490 1024 -664 ) (490 1024 -737.135986 ) 
4 80 203 (0 1024 -664 ) (0 1024 -953 ) (0 0 -953 ) (0 0 -664 ) 
4 80 163 (0 0 -742 ) (0 0 -953 ) (490 0 -953 ) (490 0 -742 ) 
4 80 161 (490 0 -664 ) (0 0 -664 ) (0 0 -668.185974 ) (490 0 -668.185791 ) 
4 80 160 (0 0 -668.185974 ) (0 0 -742 ) (490 0 -742 ) (490 0 -668.185791 ) 
4 80 83 (0 1024 -953 ) (490 1024 -953 ) (490 0 -953 ) (0 0 -953 ) 
4 81 193 (1024 0 -1024 ) (1024 0 -992 ) (809 0 -992 ) (809 0 -1024 ) 
4 81 186 (1024 0 -992 ) (1024 0 -953 ) (809 0 -953 ) (809 0 -992 ) 
4 81 82 (809 1024 -1024 ) (809 0 -1024 ) (809 0 -992 ) (809 1024 -992 ) 
4 82 193 (490 0 -992 ) (490 0 -1024 ) (809 0 -1024 ) (809 0 -992 ) 
4 82 83 (490 1024 -1024 ) (490 0 -1024 ) (490 0 -992 ) (490 1024 -992 ) 
4 83 203 (0 1024 -953 ) (0 1024 -1024 ) (0 0 -1024 ) (0 0 -953 ) 
4 83 193 (0 0 -992 ) (0 0 -1024 ) (490 0 -1024 ) (490 0 -992 ) 
4 83 188 (490 0 -953 ) (0 0 -953 ) (0 0 -992 ) (490 0 -992 ) 
4 84 195 (1760 -1024 -911 ) (1760 -1024 -1024 ) (1984 -1024 -1024 ) (1984 -1024 -911 ) 
4 84 194 (1760 -1024 1024 ) (1760 -1024 -911 ) (1984 -1024 -911 ) (1984 -1024 1024 ) 
4 84 120 (1760 -1024 -1024 ) (1760 -1024 -975 ) (1760 -224 -975 ) (1760 -224 -1024 ) 
4 84 118 (1760 -224 -919 ) (1760 -224 -975 ) (1760 -256 -975 ) (1760 -256 -919 ) 
4 84 117 (1760 0 -992 ) (1760 0 -1024 ) (1760 -224 -1024 ) (1760 -224 -992 ) 
4 84 116 (1760 -224 -911 ) (1760 -104 -911 ) (1760 -104 -953 ) (1760 -224 -953 ) 
4 84 115 (1760 -78 -954 ) (1760 -78 -992 ) (1760 -97 -992 ) (1760 -97 -954 ) 
4 84 114 (1760 -78 -911 ) (1760 0 -911 ) (1760 0 -992 ) (1760 -78 -992 ) 
4 84 113 (1760 -1024 -911 ) (1760 -1024 1024 ) (1760 -864 1024 ) (1760 -864 -911 ) 
4 84 100 (1760 -516.885315 -628 ) (1760 -371 -628 ) (1760 -371 -724.604858 ) (1760 -389.997742 -741.614990 ) 
5 84 99 (1760 -371 -911 ) (1760 -864 -911 ) (1760 -864 -628 ) (1760 -516.885315 -628 ) (1760 -371 -758.625549 ) 
4 84 98 (1760 -370 -512 ) (1760 -370 -628 ) (1760 -864 -628 ) (1760 -864 -512 ) 
4 84 97 (1760 -864 1024 ) (1760 -370 1024 ) (1760 -370 -512 ) (1760 -864 -512 ) 
5 84 91 (1760 -159 -911 ) (1760 -224 -911 ) (1760 -224 -706 ) (1760 -162.128952 -706 ) (1760 -159 -708.801331 ) 
4 84 90 (1760 -104 -911 ) (1760 -159 -911 ) (1760 -159 -708.801392 ) (1760 -104 -758.042908 ) 
3 84 89 (1760 -81.282913 -741.614929 ) (1760 -80.852814 -742 ) (1760 -81.713013 -742 ) 
5 84 88 (1760 -159 -672.031128 ) (1760 -159 -664 ) (1760 -78 -664 ) (1760 -78 -742 ) (1760 -80.852814 -742 ) 
4 84 87 (1760 -224 -664 ) (1760 -224 -628 ) (1760 -78 -628 ) (1760 -78 -664 ) 
4 84 86 (1760 0 -628 ) (1760 0 -911 ) (1760 -78 -911 ) (1760 -78 -628 ) 
4 84 85 (1760 -370 1024 ) (1760 0 1024 ) (1760 0 -628 ) (1760 -370 -628 ) 
4 85 143 (1024 0 -512 ) (1024 0 -628 ) (1024 -370 -628 ) (1024 -370 -512 ) 
4 85 131 (1024 0 -443 ) (1024 0 -512 ) (1024 -370 -512 ) (1024 -370 -443 ) 
4 85 122 (1024 0 -438 ) (1024 0 -443 ) (1024 -370 -443 ) (1024 -370 -438 ) 
4 85 121 (1024 0 1024 ) (1024 0 -438 ) (1024 -370 -438 ) (1024 -370 1024 ) 
4 85 111 (1024 -370 1024 ) (1024 -370 -512 ) (1096 -370 -512 ) (1096 -370 1024 ) 
4 85 101 (1160 -370 -512 ) (1160 -370 1024 ) (1096 -370 1024 ) (1096 -370 -512 ) 
4 85 98 (1715 -370 -628 ) (1760 -370 -628 ) (1760 -370 -512 ) (1715 -370 -512 ) 
4 85 97 (1760 -370 -512 ) (1760 -370 1024 ) (1160 -370 1024 ) (1160 -370 -512 ) 
4 85 92 (1229 -370 -628 ) (1024 -370 -628 ) (1024 -224 -628 ) (1229 -224 -628 ) 
4 85 87 (1024 -224 -628 ) (1024 -78 -628 ) (1760 -78 -628 ) (1760 -224 -628 ) 
4 85 86 (1024 -78 -628 ) (1024 0 -628 ) (1760 0 -628 ) (1760 -78 -628 ) 
4 86 144 (1024 0 -664 ) (1024 0 -911 ) (1024 -78 -911 ) (1024 -78 -664 ) 
4 86 143 (1024 0 -628 ) (1024 0 -664 ) (1024 -78 -664 ) (1024 -78 -628 ) 
4 86 114 (1024 -78 -911 ) (1024 0 -911 ) (1760 0 -911 ) (1760 -78 -911 ) 
4 86 88 (1760 -78 -742 ) (1760 -78 -664 ) (1024 -78 -664 ) (1024 -78 -742 ) 
4 86 87 (1760 -78 -664 ) (1760 -78 -628 ) (1024 -78 -628 ) (1024 -78 -664 ) 
4 87 143 (1024 -224 -664 ) (1024 -224 -628 ) (1024 -78 -628 ) (1024 -78 -664 ) 
4 87 92 (1229 -224 -628 ) (1024 -224 -628 ) (1024 -224 -664 ) (1229 -224 -664 ) 
4 87 88 (1024 -159 -664 ) (1024 -78 -664 ) (1760 -78 -664 ) (1760 -159 -664 ) 
5 88 145 (1024 -159 -672.031128 ) (1024 -159 -664 ) (1024 -78 -664 ) (1024 -78 -742 ) (1024 -80.852814 -742 ) 
4 88 89 (1024 -81.283043 -741.615051 ) (1024 -80.853081 -742 ) (1760 -80.853081 -742 ) (1760 -81.283043 -741.615051 ) 
3 89 146 (1024 -81.282913 -741.614929 ) (1024 -80.852814 -742 ) (1024 -81.713013 -742 ) 
4 90 147 (1024 -104 -911 ) (1024 -159 -911 ) (1024 -159 -708.801392 ) (1024 -104 -758.042908 ) 
4 90 116 (1024 -159 -911 ) (1024 -104 -911 ) (1760 -104 -911 ) (1760 -159 -911 ) 
4 90 91 (1024 -159 -911 ) (1760 -159 -911 ) (1760 -159 -708.801392 ) (1024 -159 -708.801331 ) 
5 91 181 (1024 -159 -911 ) (1024 -224 -911 ) (1024 -224 -706 ) (1024 -162.128952 -706 ) (1024 -159 -708.801331 ) 
4 91 116 (1024 -224 -911 ) (1024 -159 -911 ) (1760 -159 -911 ) (1760 -224 -911 ) 
4 91 94 (1229 -224 -706 ) (1024 -224 -706 ) (1024 -224 -890.249268 ) (1229 -224 -890.249268 ) 
4 91 93 (1024 -224 -911 ) (1229 -224 -911 ) (1229 -224 -890.249268 ) (1024 -224 -890.249268 ) 
4 92 143 (1024 -370 -664 ) (1024 -370 -628 ) (1024 -224 -628 ) (1024 -224 -664 ) 
4 92 95 (1229 -370 -664 ) (1024 -370 -664 ) (1024 -312 -664 ) (1229 -312 -664 ) 
4 93 182 (1024 -256 -911 ) (1024 -370 -911 ) (1024 -370 -759.520935 ) (1024 -256 -861.596497 ) 
4 93 181 (1024 -224 -911 ) (1024 -256 -911 ) (1024 -256 -861.596497 ) (1024 -224 -890.249268 ) 
4 93 119 (1024 -256 -911 ) (1024 -224 -911 ) (1229 -224 -911 ) (1229 -256 -911 ) 
4 93 110 (1096 -370 -911 ) (1160 -370 -911 ) (1160 -370 -897 ) (1096 -370 -897 ) 
4 93 102 (1160 -370 -897 ) (1160 -370 -760 ) (1096 -370 -760 ) (1096 -370 -897 ) 
4 93 96 (1024 -312 -811.456055 ) (1024 -369.468079 -760 ) (1229 -369.468079 -760 ) (1229 -312 -811.456055 ) 
4 93 94 (1229 -224 -890.251343 ) (1024 -224 -890.251343 ) (1024 -312 -811.456055 ) (1229 -312 -811.456055 ) 
5 94 183 (1024 -256 -861.596497 ) (1024 -312 -811.454102 ) (1024 -312 -708.547913 ) (1024 -309.154114 -706 ) (1024 -256 -706 ) 
4 94 181 (1024 -224 -706 ) (1024 -224 -890.249268 ) (1024 -256 -861.596497 ) (1024 -256 -706 ) 
4 94 96 (1024 -312 -811.455139 ) (1229 -312 -811.455139 ) (1229 -312 -708.547913 ) (1024 -312 -708.547913 ) 
4 95 184 (1024 -370 -723.709473 ) (1024 -370 -664 ) (1024 -312 -664 ) (1024 -312 -671.777649 ) 
3 96 185 (1024 -312 -708.547913 ) (1024 -312 -811.454102 ) (1024 -369.467010 -759.998169 ) 
4 97 113 (1760 -864 -512 ) (1760 -864 1024 ) (1160 -864 1024 ) (1160 -864 -512 ) 
4 97 109 (1160 -480 -512 ) (1160 -864 -512 ) (1160 -864 1024 ) (1160 -480 1024 ) 
4 97 104 (1160 -468 -512 ) (1160 -480 -512 ) (1160 -480 1024 ) (1160 -468 1024 ) 
4 97 101 (1160 -370 1024 ) (1160 -370 -512 ) (1160 -416 -512 ) (1160 -416 1024 ) 
4 97 103 (1160 -416 -512 ) (1160 -468 -512 ) (1160 -468 1024 ) (1160 -416 1024 ) 
4 97 98 (1760 -864 -512 ) (1715 -864 -512 ) (1715 -370 -512 ) (1760 -370 -512 ) 
4 98 113 (1760 -864 -628 ) (1760 -864 -512 ) (1715 -864 -512 ) (1715 -864 -628 ) 
4 98 100 (1715 -516.885315 -628 ) (1715 -371 -628 ) (1760 -371 -628 ) (1760 -516.885254 -628 ) 
4 98 99 (1760 -864 -628 ) (1715 -864 -628 ) (1715 -516.885315 -628 ) (1760 -516.885254 -628 ) 
4 99 113 (1715 -864 -911 ) (1760 -864 -911 ) (1760 -864 -628 ) (1715 -864 -628 ) 
4 99 100 (1715 -390 -741.616638 ) (1715 -516.889038 -628 ) (1760 -516.889038 -628 ) (1760 -390 -741.616638 ) 
4 101 111 (1096 -370 1024 ) (1096 -370 -512 ) (1096 -416 -512 ) (1096 -416 1024 ) 
4 101 103 (1160 -416 -512 ) (1160 -416 1024 ) (1096 -416 1024 ) (1096 -416 -512 ) 
4 102 110 (1096 -416 -897 ) (1096 -370 -897 ) (1160 -370 -897 ) (1160 -416 -897 ) 
4 102 103 (1096 -416 -897 ) (1160 -416 -897 ) (1160 -416 -760 ) (1096 -416 -760 ) 
4 103 111 (1096 -468 -512 ) (1096 -468 1024 ) (1096 -416 1024 ) (1096 -416 -512 ) 
4 103 110 (1096 -429 -897 ) (1096 -416 -897 ) (1160 -416 -897 ) (1160 -429 -897 ) 
4 103 106 (1118 -468 -897 ) (1138 -468 -897 ) (1138 -468 -456 ) (1118 -468 -456 ) 
4 103 105 (1138 -468 -456 ) (1138 -468 1024 ) (1118 -468 1024 ) (1118 -468 -456 ) 
4 103 104 (1138 -468 -897 ) (1160 -468 -897 ) (1160 -468 1024 ) (1138 -468 1024 ) 
4 103 108 (1096 -468 -897 ) (1118 -468 -897 ) (1118 -468 1024 ) (1096 -468 1024 ) 
4 104 109 (1160 -480 -512 ) (1160 -480 1024 ) (1138 -480 1024 ) (1138 -480 -512 ) 
4 104 106 (1138 -468 -456 ) (1138 -468 -897 ) (1138 -479 -897 ) (1138 -479 -456 ) 
4 104 105 (1138 -468 1024 ) (1138 -468 -456 ) (1138 -479 -456 ) (1138 -479 1024 ) 
4 104 107 (1138 -479 -897 ) (1138 -480 -897 ) (1138 -480 1024 ) (1138 -479 1024 ) 
4 105 107 (1118 -479 1024 ) (1118 -479 -456 ) (1138 -479 -456 ) (1138 -479 1024 ) 
4 105 108 (1118 -468 1024 ) (1118 -468 -456 ) (1118 -479 -456 ) (1118 -479 1024 ) 
4 105 106 (1138 -479 -456 ) (1118 -479 -456 ) (1118 -468 -456 ) (1138 -468 -456 ) 
4 106 107 (1118 -479 -456 ) (1118 -479 -897 ) (1138 -479 -897 ) (1138 -479 -456 ) 
4 106 108 (1118 -468 -456 ) (1118 -468 -897 ) (1118 -479 -897 ) (1118 -479 -456 ) 
4 107 109 (1138 -480 -512 ) (1138 -480 1024 ) (1118 -480 1024 ) (1118 -480 -512 ) 
4 107 108 (1118 -479 -897 ) (1118 -480 -897 ) (1118 -480 1024 ) (1118 -479 1024 ) 
4 108 111 (1096 -480 -512 ) (1096 -480 1024 ) (1096 -468 1024 ) (1096 -468 -512 ) 
4 108 109 (1118 -480 -512 ) (1118 -480 1024 ) (1096 -480 1024 ) (1096 -480 -512 ) 
4 109 113 (1160 -864 -512 ) (1160 -864 1024 ) (1096 -864 1024 ) (1096 -864 -512 ) 
4 109 111 (1096 -864 -512 ) (1096 -864 1024 ) (1096 -480 1024 ) (1096 -480 -512 ) 
4 111 131 (1024 -864 -512 ) (1024 -864 -443 ) (1024 -370 -443 ) (1024 -370 -512 ) 
4 111 122 (1024 -864 -443 ) (1024 -864 -438 ) (1024 -370 -438 ) (1024 -370 -443 ) 
4 111 121 (1024 -864 -438 ) (1024 -864 1024 ) (1024 -370 1024 ) (1024 -370 -438 ) 
4 111 113 (1096 -864 -512 ) (1096 -864 1024 ) (1024 -864 1024 ) (1024 -864 -512 ) 
4 111 112 (1096 -752 -512 ) (1096 -864 -512 ) (1024 -864 -512 ) (1024 -752 -512 ) 
4 112 191 (1024 -752 -911 ) (1024 -864 -911 ) (1024 -864 -512 ) (1024 -752 -512 ) 
4 112 113 (1024 -864 -911 ) (1096 -864 -911 ) (1096 -864 -512 ) (1024 -864 -512 ) 
4 113 194 (1760 -1024 -911 ) (1760 -1024 1024 ) (1024 -1024 1024 ) (1024 -1024 -911 ) 
4 113 191 (1024 -864 -911 ) (1024 -1024 -911 ) (1024 -1024 -512 ) (1024 -864 -512 ) 
4 113 131 (1024 -1024 -512 ) (1024 -1024 -443 ) (1024 -864 -443 ) (1024 -864 -512 ) 
4 113 122 (1024 -1024 -443 ) (1024 -1024 -438 ) (1024 -864 -438 ) (1024 -864 -443 ) 
4 113 121 (1024 -1024 -438 ) (1024 -1024 1024 ) (1024 -864 1024 ) (1024 -864 -438 ) 
4 114 186 (1024 0 -953 ) (1024 0 -992 ) (1024 -78 -992 ) (1024 -78 -953 ) 
4 114 144 (1024 0 -911 ) (1024 0 -953 ) (1024 -78 -953 ) (1024 -78 -911 ) 
4 114 117 (1024 -78 -992 ) (1024 0 -992 ) (1760 0 -992 ) (1760 -78 -992 ) 
4 114 115 (1024 -78 -992 ) (1760 -78 -992 ) (1760 -78 -954 ) (1024 -78 -954 ) 
4 115 187 (1024 -78 -992 ) (1024 -97 -992 ) (1024 -97 -954 ) (1024 -78 -954 ) 
4 115 117 (1024 -97 -992 ) (1024 -78 -992 ) (1760 -78 -992 ) (1760 -97 -992 ) 
4 116 181 (1024 -224 -953 ) (1024 -224 -911 ) (1024 -159 -911 ) (1024 -159 -953 ) 
4 116 147 (1024 -159 -911 ) (1024 -104 -911 ) (1024 -104 -953 ) (1024 -159 -953 ) 
4 116 119 (1229 -224 -911 ) (1024 -224 -911 ) (1024 -224 -953 ) (1229 -224 -953 ) 
4 116 118 (1760 -224 -953 ) (1760 -224 -919 ) (1229 -224 -919 ) (1229 -224 -953 ) 
4 117 193 (1024 0 -992 ) (1024 0 -1024 ) (1024 -224 -1024 ) (1024 -224 -992 ) 
4 117 120 (1760 -224 -1024 ) (1760 -224 -992 ) (1024 -224 -992 ) (1024 -224 -1024 ) 
4 118 120 (1229 -224 -975 ) (1760 -224 -975 ) (1760 -256 -975 ) (1229 -256 -975 ) 
4 118 119 (1229 -224 -919 ) (1229 -224 -975 ) (1229 -256 -975 ) (1229 -256 -919 ) 
4 119 189 (1024 -224 -953 ) (1024 -224 -975 ) (1024 -256 -975 ) (1024 -256 -953 ) 
4 119 181 (1024 -256 -911 ) (1024 -224 -911 ) (1024 -224 -953 ) (1024 -256 -953 ) 
4 119 120 (1024 -256 -975 ) (1024 -224 -975 ) (1229 -224 -975 ) (1229 -256 -975 ) 
4 120 196 (1760 -1024 -1024 ) (1760 -1024 -975 ) (1024 -1024 -975 ) (1024 -1024 -1024 ) 
4 120 193 (1024 -1024 -1024 ) (1024 -1024 -992 ) (1024 -224 -992 ) (1024 -224 -1024 ) 
4 120 192 (1024 -1024 -992 ) (1024 -1024 -975 ) (1024 -370 -975 ) (1024 -370 -992 ) 
4 120 190 (1024 -370 -975 ) (1024 -256 -975 ) (1024 -256 -992 ) (1024 -370 -992 ) 
4 120 189 (1024 -256 -975 ) (1024 -224 -975 ) (1024 -224 -992 ) (1024 -256 -992 ) 
4 121 205 (0 -1024 -438 ) (0 -1024 1024 ) (0 0 1024 ) (0 0 -438 ) 
4 121 198 (1024 -1024 -438 ) (1024 -1024 1024 ) (0 -1024 1024 ) (0 -1024 -438 ) 
4 121 128 (820 -648 -438 ) (820 0 -438 ) (824 0 -438 ) (824 -648 -438 ) 
4 121 129 (824 -1024 -438 ) (820 -1024 -438 ) (820 -756 -438 ) (824 -756 -438 ) 
4 121 130 (820 -1024 -438 ) (0 -1024 -438 ) (0 0 -438 ) (820 0 -438 ) 
4 121 126 (824 -752 -438 ) (824 -652 -438 ) (924 -652 -438 ) (924 -752 -438 ) 
4 121 127 (924 -1024 -438 ) (824 -1024 -438 ) (824 -756 -438 ) (924 -756 -438 ) 
4 121 125 (824 -648 -438 ) (824 0 -438 ) (924 0 -438 ) (924 -648 -438 ) 
4 121 123 (924 -648 -438 ) (924 0 -438 ) (928 0 -438 ) (928 -648 -438 ) 
4 121 124 (928 -1024 -438 ) (924 -1024 -438 ) (924 -756 -438 ) (928 -756 -438 ) 
4 121 122 (1024 0 -438 ) (1024 -1024 -438 ) (928 -1024 -438 ) (928 0 -438 ) 
4 122 198 (1024 -1024 -443 ) (1024 -1024 -438 ) (928 -1024 -438 ) (928 -1024 -443 ) 
4 122 131 (1024 -1024 -443 ) (928 -1024 -443 ) (928 0 -443 ) (1024 0 -443 ) 
4 122 123 (928 0 -443 ) (928 -648 -443 ) (928 -648 -438 ) (928 0 -438 ) 
4 122 124 (928 -756 -443 ) (928 -1024 -443 ) (928 -1024 -438 ) (928 -756 -438 ) 
4 123 131 (924 -648 -443 ) (924 0 -443 ) (928 0 -443 ) (928 -648 -443 ) 
4 123 125 (924 0 -443 ) (924 -648 -443 ) (924 -648 -438 ) (924 0 -438 ) 
4 124 198 (928 -1024 -438 ) (924 -1024 -438 ) (924 -1024 -443 ) (928 -1024 -443 ) 
4 124 131 (928 -1024 -443 ) (924 -1024 -443 ) (924 -756 -443 ) (928 -756 -443 ) 
4 124 127 (924 -756 -443 ) (924 -1024 -443 ) (924 -1024 -438 ) (924 -756 -438 ) 
4 125 131 (824 -648 -443 ) (824 0 -443 ) (924 0 -443 ) (924 -648 -443 ) 
4 125 128 (824 0 -443 ) (824 -648 -443 ) (824 -648 -438 ) (824 0 -438 ) 
4 126 131 (824 -752 -443 ) (824 -652 -443 ) (924 -652 -443 ) (924 -752 -443 ) 
4 127 198 (924 -1024 -438 ) (824 -1024 -438 ) (824 -1024 -443 ) (924 -1024 -443 ) 
4 127 131 (924 -1024 -443 ) (824 -1024 -443 ) (824 -756 -443 ) (924 -756 -443 ) 
4 127 129 (824 -756 -443 ) (824 -1024 -443 ) (824 -1024 -438 ) (824 -756 -438 ) 
4 128 131 (820 -648 -443 ) (820 0 -443 ) (824 0 -443 ) (824 -648 -443 ) 
4 128 130 (820 0 -443 ) (820 -648 -443 ) (820 -648 -438 ) (820 0 -438 ) 
4 129 198 (824 -1024 -438 ) (820 -1024 -438 ) (820 -1024 -443 ) (824 -1024 -443 ) 
4 129 131 (824 -1024 -443 ) (820 -1024 -443 ) (820 -756 -443 ) (824 -756 -443 ) 
4 129 130 (820 -756 -443 ) (820 -1024 -443 ) (820 -1024 -438 ) (820 -756 -438 ) 
4 130 205 (0 -1024 -443 ) (0 -1024 -438 ) (0 0 -438 ) (0 0 -443 ) 
4 130 198 (820 -1024 -438 ) (0 -1024 -438 ) (0 -1024 -443 ) (820 -1024 -443 ) 
4 130 139 (280 -1024 -443 ) (216 -1024 -443 ) (216 -192 -443 ) (280 -192 -443 ) 
4 130 142 (216 -1024 -443 ) (0 -1024 -443 ) (0 -192 -443 ) (216 -192 -443 ) 
4 130 137 (152 0 -443 ) (280 0 -443 ) (280 -192 -443 ) (152 -192 -443 ) 
4 130 138 (0 -192 -443 ) (0 0 -443 ) (152 0 -443 ) (152 -192 -443 ) 
4 130 132 (728 -1024 -443 ) (664 -1024 -443 ) (664 0 -443 ) (728 0 -443 ) 
4 130 131 (820 -1024 -443 ) (728 -1024 -443 ) (728 0 -443 ) (820 0 -443 ) 
4 130 136 (664 -1024 -443 ) (280 -1024 -443 ) (280 0 -443 ) (664 0 -443 ) 
4 131 198 (1024 -1024 -512 ) (1024 -1024 -443 ) (728 -1024 -443 ) (728 -1024 -512 ) 
4 131 191 (1024 -752 -512 ) (1024 -1024 -512 ) (728 -1024 -512 ) (728 -752 -512 ) 
4 131 143 (1024 0 -512 ) (1024 -370 -512 ) (728 -370 -512 ) (728 0 -512 ) 
4 131 134 (728 -256 -512 ) (728 -640 -512 ) (728 -640 -456 ) (728 -256 -456 ) 
4 131 135 (728 -916 -512 ) (728 -1024 -512 ) (728 -1024 -456 ) (728 -916 -456 ) 
4 131 133 (728 0 -512 ) (728 -192 -512 ) (728 -192 -456 ) (728 0 -456 ) 
4 131 132 (728 -1024 -456 ) (728 -1024 -443 ) (728 0 -443 ) (728 0 -456 ) 
4 132 198 (728 -1024 -443 ) (664 -1024 -443 ) (664 -1024 -456 ) (728 -1024 -456 ) 
4 132 134 (664 -640 -456 ) (664 -256 -456 ) (728 -256 -456 ) (728 -640 -456 ) 
4 132 135 (664 -1024 -456 ) (664 -916 -456 ) (728 -916 -456 ) (728 -1024 -456 ) 
4 132 133 (664 -192 -456 ) (664 0 -456 ) (728 0 -456 ) (728 -192 -456 ) 
4 132 136 (664 -1024 -456 ) (664 -1024 -443 ) (664 0 -443 ) (664 0 -456 ) 
4 133 143 (664 -192 -512 ) (664 0 -512 ) (728 0 -512 ) (728 -192 -512 ) 
4 133 136 (664 0 -512 ) (664 -192 -512 ) (664 -192 -456 ) (664 0 -456 ) 
4 134 143 (664 -370 -512 ) (664 -256 -512 ) (728 -256 -512 ) (728 -370 -512 ) 
4 134 136 (664 -256 -512 ) (664 -640 -512 ) (664 -640 -456 ) (664 -256 -456 ) 
4 135 198 (664 -1024 -456 ) (664 -1024 -512 ) (728 -1024 -512 ) (728 -1024 -456 ) 
4 135 191 (728 -1024 -512 ) (664 -1024 -512 ) (664 -916 -512 ) (728 -916 -512 ) 
4 135 136 (664 -916 -512 ) (664 -1024 -512 ) (664 -1024 -456 ) (664 -916 -456 ) 
4 136 198 (664 -1024 -443 ) (280 -1024 -443 ) (280 -1024 -512 ) (664 -1024 -512 ) 
4 136 191 (664 -1024 -512 ) (280 -1024 -512 ) (280 -752 -512 ) (664 -752 -512 ) 
4 136 143 (280 -370 -512 ) (280 0 -512 ) (664 0 -512 ) (664 -370 -512 ) 
4 136 141 (280 -704 -512 ) (280 -1024 -512 ) (280 -1024 -456 ) (280 -704 -456 ) 
4 136 140 (280 -256 -512 ) (280 -640 -512 ) (280 -640 -456 ) (280 -256 -456 ) 
4 136 139 (280 -1024 -456 ) (280 -1024 -443 ) (280 -192 -443 ) (280 -192 -456 ) 
4 136 137 (280 -192 -448 ) (280 -192 -443 ) (280 0 -443 ) (280 0 -448 ) 
4 137 139 (280 -192 -448 ) (280 -192 -443 ) (216 -192 -443 ) (216 -192 -448 ) 
4 137 142 (216 -192 -443 ) (152 -192 -443 ) (152 -192 -448 ) (216 -192 -448 ) 
4 137 138 (152 -192 -448 ) (152 -192 -443 ) (152 0 -443 ) (152 0 -448 ) 
4 138 205 (0 -192 -443 ) (0 0 -443 ) (0 0 -512 ) (0 -192 -512 ) 
4 138 143 (0 -192 -512 ) (0 0 -512 ) (152 0 -512 ) (152 -192 -512 ) 
4 138 142 (0 -192 -512 ) (152 -192 -512 ) (152 -192 -443 ) (0 -192 -443 ) 
4 139 198 (280 -1024 -443 ) (216 -1024 -443 ) (216 -1024 -456 ) (280 -1024 -456 ) 
4 139 141 (216 -1024 -456 ) (216 -704 -456 ) (280 -704 -456 ) (280 -1024 -456 ) 
4 139 140 (216 -640 -456 ) (216 -256 -456 ) (280 -256 -456 ) (280 -640 -456 ) 
4 139 142 (216 -192 -443 ) (216 -192 -456 ) (216 -1024 -456 ) (216 -1024 -443 ) 
4 140 143 (216 -370 -512 ) (216 -256 -512 ) (280 -256 -512 ) (280 -370 -512 ) 
4 140 142 (216 -256 -512 ) (216 -640 -512 ) (216 -640 -456 ) (216 -256 -456 ) 
4 141 198 (216 -1024 -456 ) (216 -1024 -512 ) (280 -1024 -512 ) (280 -1024 -456 ) 
4 141 191 (280 -1024 -512 ) (216 -1024 -512 ) (216 -752 -512 ) (280 -752 -512 ) 
4 141 142 (216 -704 -512 ) (216 -1024 -512 ) (216 -1024 -456 ) (216 -704 -456 ) 
4 142 205 (0 -1024 -512 ) (0 -1024 -443 ) (0 -192 -443 ) (0 -192 -512 ) 
4 142 198 (216 -1024 -443 ) (0 -1024 -443 ) (0 -1024 -512 ) (216 -1024 -512 ) 
4 142 191 (216 -1024 -512 ) (0 -1024 -512 ) (0 -752 -512 ) (216 -752 -512 ) 
4 142 143 (0 -370 -512 ) (0 -192 -512 ) (216 -192 -512 ) (216 -370 -512 ) 
4 143 209 (0 -370 -512 ) (0 0 -512 ) (0 0 -664 ) (0 -370 -664 ) 
4 143 184 (1024 -370 -664 ) (0 -370 -664 ) (0 -312 -664 ) (1024 -312 -664 ) 
4 143 177 (809 -155 -664 ) (809 -159 -664 ) (725 -159 -664 ) (725 -155 -664 ) 
4 143 170 (725 0 -664 ) (809 0 -664 ) (809 -155 -664 ) (725 -155 -664 ) 
4 143 166 (0 -159 -664 ) (0 -156 -664 ) (572 -156 -664 ) (572 -159 -664 ) 
4 143 164 (0 -156 -664 ) (0 -104 -664 ) (491 -104 -664 ) (491 -156 -664 ) 
4 143 161 (0 -104 -664 ) (0 0 -664 ) (491 0 -664 ) (491 -104 -664 ) 
4 143 153 (491 0 -664 ) (572 0 -664 ) (572 -156 -664 ) (491 -156 -664 ) 
4 143 145 (1024 -78 -664 ) (1024 -159 -664 ) (809 -159 -664 ) (809 -78 -664 ) 
4 143 144 (809 0 -664 ) (1024 0 -664 ) (1024 -78 -664 ) (809 -78 -664 ) 
4 144 186 (809 0 -953 ) (1024 0 -953 ) (1024 -78 -953 ) (809 -78 -953 ) 
5 144 175 (809 -78 -781.320740 ) (809 -78 -746.985168 ) (809 -75.284966 -746.985168 ) (809 -34.208359 -783.762878 ) (809 -75.272202 -783.762939 ) 
3 144 173 (809 -78 -746.985168 ) (809 -78 -744.554260 ) (809 -75.284966 -746.985168 ) 
4 144 172 (809 -78 -736.243713 ) (809 -78 -706 ) (809 0 -706 ) (809 0 -736.243713 ) 
5 144 171 (809 -78 -744.554260 ) (809 -78 -736.243713 ) (809 0 -736.243713 ) (809 0 -783.762878 ) (809 -34.208359 -783.762878 ) 
4 144 170 (809 -78 -706 ) (809 -78 -664 ) (809 0 -664 ) (809 0 -706 ) 
3 144 169 (809 -78 -783.762939 ) (809 -78 -781.320740 ) (809 -75.272202 -783.762939 ) 
3 144 149 (809 -75.990944 -783.762939 ) (809 0 -783.762878 ) (809 0 -851.802124 ) 
5 144 148 (809 0 -953 ) (809 -78 -953 ) (809 -78 -783.762939 ) (809 -75.990944 -783.762939 ) (809 0 -851.802124 ) 
4 144 145 (809 -78 -664 ) (809 -78 -742 ) (1024 -78 -742 ) (1024 -78 -664 ) 
4 145 177 (809 -159 -672.031128 ) (809 -159 -664 ) (809 -155 -664 ) (809 -155 -675.612549 ) 
4 145 172 (809 -78 -706 ) (809 -78 -736.243652 ) (809 -87.281982 -736.243652 ) (809 -121.060692 -706 ) 
4 145 171 (809 -78 -736.243652 ) (809 -78 -742 ) (809 -80.852814 -742 ) (809 -87.281982 -736.243652 ) 
5 145 170 (809 -155 -664 ) (809 -78 -664 ) (809 -78 -706 ) (809 -121.060692 -706 ) (809 -155 -675.612549 ) 
4 145 146 (809 -81.283127 -741.615112 ) (809 -80.853279 -742 ) (1024 -80.853279 -742 ) (1024 -81.283127 -741.615112 ) 
3 146 173 (809 -81.282913 -741.614929 ) (809 -80.852814 -742 ) (809 -81.713013 -742 ) 
5 147 181 (998.401611 -159 -953 ) (1024 -159 -953 ) (1024 -159 -708.801392 ) (809 -159 -708.801331 ) (809 -159 -783.484619 ) 
3 147 179 (809 -159 -953 ) (998.401611 -159 -953 ) (809 -159 -783.484619 ) 
4 147 169 (809 -159 -783.762817 ) (809 -159 -708.801392 ) (809 -104 -758.042908 ) (809 -104 -783.762817 ) 
4 147 148 (809 -104 -953 ) (809 -159 -953 ) (809 -159 -783.762817 ) (809 -104 -783.762817 ) 
5 148 179 (572 -159 -953 ) (809 -159 -953 ) (809 -159 -783.762817 ) (725.994934 -159 -709.440063 ) (572 -159 -709.440002 ) 
3 148 169 (725.995117 -159 -709.440063 ) (809 -159 -783.761658 ) (809 -75.992401 -783.761719 ) 
4 148 167 (572 -156 -953 ) (572 -159 -953 ) (572 -159 -709.440002 ) (572 -156 -712.126099 ) 
4 148 150 (572 0 -953 ) (572 -156 -953 ) (572 -156 -712.126099 ) (572 0 -851.802002 ) 
5 148 149 (572 0 -851.803467 ) (572 -159 -709.441406 ) (725.996460 -159 -709.441467 ) (809 -75.992508 -783.762939 ) (809 0 -851.803467 ) 
4 149 180 (725.994934 -159 -709.440063 ) (722.153015 -159 -706 ) (575.885376 -159 -706 ) (572.041199 -159 -709.440002 ) 
4 149 178 (722.153137 -159 -706 ) (725.281799 -159 -708.801392 ) (729.281433 -155 -712.382568 ) (722.153137 -155 -706 ) 
4 149 176 (729.281433 -155 -712.382568 ) (782.460632 -101.815521 -759.998657 ) (782.333008 -101.687897 -759.884399 ) (728.854187 -155 -712 ) 
4 149 175 (809 -75.104118 -783.761719 ) (809 -34.209667 -783.761719 ) (782.463745 -60.747192 -760.001404 ) (782.463684 -101.557648 -760.001404 ) 
4 149 174 (782.460632 -101.815521 -759.998657 ) (809 -75.273552 -783.761719 ) (809 -75.104118 -783.761719 ) (782.333008 -101.687897 -759.884399 ) 
4 149 171 (809 -34.209667 -783.761719 ) (809 0 -783.761719 ) (782.463745 0 -760.001465 ) (782.463745 -60.747211 -760.001404 ) 
4 149 169 (725.281799 -159 -708.801392 ) (725.995117 -159 -709.440063 ) (809 -75.992401 -783.761719 ) (809 -75.273552 -783.761719 ) 
3 149 168 (572 -156 -712.126099 ) (572 -158.958832 -709.476868 ) (572 -156 -709.477051 ) 
4 149 150 (572 0 -709.485107 ) (572 0 -851.802002 ) (572 -156 -712.126099 ) (572 -156 -709.477051 ) 
3 150 168 (572 -156 -712.126099 ) (572 -156 -709.477051 ) (569.039734 -156 -712.126099 ) 
5 150 167 (516 -156 -953 ) (572 -156 -953 ) (572 -156 -712.126099 ) (569.039734 -156 -712.126099 ) (516 -156 -759.589172 ) 
3 150 155 (516 -156 -759.587158 ) (569.178955 -156 -712 ) (516 -103.013527 -759.589905 ) 
4 150 151 (516 -104 -953 ) (516 -156 -953 ) (516 -156 -759.587585 ) (516 -104 -759.590271 ) 
4 151 167 (491 -156 -953 ) (516 -156 -953 ) (516 -156 -759.589172 ) (491 -156 -781.960693 ) 
4 151 165 (491 -104 -953 ) (491 -156 -953 ) (491 -156 -781.960693 ) (491 -104 -781.963379 ) 
4 151 159 (515.536804 -156 -760.001648 ) (516 -156 -759.587158 ) (516 -104 -759.589844 ) (515.538269 -104 -760.002991 ) 
4 151 158 (491 -104 -781.961365 ) (491 -156 -781.958679 ) (515.536804 -156 -760.001648 ) (515.538269 -104 -760.002991 ) 
4 152 162 (491 0 -742 ) (491 0 -745.196289 ) (491 -78 -745.196289 ) (491 -78 -742 ) 
3 152 160 (491 0 -668.185791 ) (491 0 -742 ) (491 -82.433205 -742 ) 
4 152 156 (491 -86.005905 -745.199219 ) (491 0 -745.199219 ) (495.002655 0 -741.615417 ) (495.002655 -82.003654 -741.615417 ) 
5 152 153 (491 0 -668.182922 ) (491 -82.003014 -741.612305 ) (494.997498 -82.003014 -741.612305 ) (572 -5.010056 -672.669495 ) (572 0 -668.183289 ) 
5 153 166 (572 -156 -672.674377 ) (572 -156 -664 ) (491 -156 -664 ) (491 -156 -675.360779 ) (569 -156 -675.360840 ) 
4 153 164 (491 -156 -675.360779 ) (491 -156 -664 ) (491 -104 -664 ) (491 -104 -721.917847 ) 
5 153 161 (491 -104 -664 ) (491 0 -664 ) (491 0 -668.185791 ) (491 -82.001648 -741.613586 ) (491 -104 -721.917847 ) 
3 154 167 (491 -156 -712.126099 ) (491 -156 -745.196289 ) (527.936218 -156 -712.126099 ) 
3 154 165 (491 -156 -745.196289 ) (491 -156 -712.126099 ) (491 -119.064850 -745.196289 ) 
4 154 159 (516 -156 -722.815430 ) (495.002655 -156 -741.615417 ) (495.002655 -123.064232 -741.615417 ) (516 -144.061386 -722.815430 ) 
4 154 158 (495.002655 -156 -741.615417 ) (491 -156 -745.199219 ) (491 -119.061600 -745.199219 ) (495.002655 -123.064232 -741.615417 ) 
3 154 155 (527.938721 -156 -712.126099 ) (516 -156 -722.815430 ) (516 -144.061386 -722.815430 ) 
4 155 167 (528.077087 -156 -712 ) (516 -156 -722.812988 ) (516 -156 -759.589172 ) (569.181213 -156 -712 ) 
5 155 159 (516 -104 -759.593262 ) (516 -156 -759.590576 ) (516 -156 -722.812500 ) (516 -143.961563 -722.812500 ) (516 -104 -758.703918 ) 
4 156 162 (491 -78 -745.196289 ) (491 0 -745.196289 ) (491 0 -759 ) (491 -78 -759 ) 
4 157 158 (514.418091 -104 -759 ) (514.065918 -104 -758.684692 ) (491 -104 -758.684692 ) (491 -104 -759 ) 
4 158 167 (495.001068 -156 -741.614014 ) (491 -156 -745.196289 ) (491 -156 -781.960693 ) (515.537903 -156 -760.002686 ) 
5 158 165 (491 -156 -781.960693 ) (491 -156 -745.196289 ) (491 -119.064835 -745.196289 ) (491 -104 -758.684692 ) (491 -104 -781.963379 ) 
5 158 159 (515.538574 -104 -760.004822 ) (514.064331 -104 -758.684753 ) (495 -123.065002 -741.614746 ) (495 -156 -741.614746 ) (515.537048 -156 -760.003479 ) 
4 159 167 (516 -156 -722.812988 ) (495.001068 -156 -741.614014 ) (515.537903 -156 -760.002686 ) (516 -156 -759.589172 ) 
3 160 212 (0 -78 -742 ) (0 -82.432930 -742 ) (0 -78 -738.030579 ) 
4 160 210 (0 0 -668.185974 ) (0 0 -742 ) (0 -78 -742 ) (0 -78 -738.030579 ) 
4 160 162 (490 0 -742 ) (491 0 -742 ) (491 -78 -742 ) (490 -78 -742 ) 
4 160 163 (0 -78 -742 ) (0 0 -742 ) (490 0 -742 ) (490 -78 -742 ) 
4 160 161 (491 -82.001907 -741.613281 ) (491 0 -668.185303 ) (0 0 -668.185425 ) (0 -82.001823 -741.613403 ) 
5 161 213 (0 -78 -738.030518 ) (0 -82.001480 -741.613647 ) (0 -104 -721.917786 ) (0 -104 -664 ) (0 -78 -664 ) 
4 161 210 (0 0 -664 ) (0 0 -668.185974 ) (0 -78 -738.030518 ) (0 -78 -664 ) 
4 161 164 (491 -104 -721.917786 ) (491 -104 -664 ) (0 -104 -664 ) (0 -104 -721.917786 ) 
4 162 163 (490 -78 -759 ) (490 -78 -742 ) (490 0 -742 ) (490 0 -759 ) 
4 163 227 (0 0 -911 ) (0 0 -953 ) (0 -78 -953 ) (0 -78 -911 ) 
4 163 210 (0 0 -742 ) (0 0 -911 ) (0 -78 -911 ) (0 -78 -742 ) 
4 163 188 (0 -78 -953 ) (0 0 -953 ) (490 0 -953 ) (490 -78 -953 ) 
4 164 214 (0 -156 -675.360779 ) (0 -156 -664 ) (0 -104 -664 ) (0 -104 -721.917786 ) 
4 164 166 (491 -156 -675.360779 ) (491 -156 -664 ) (0 -156 -664 ) (0 -156 -675.360779 ) 
4 165 228 (0 -104 -953 ) (0 -156 -953 ) (0 -156 -911 ) (0 -104 -911 ) 
4 165 215 (0 -156 -911 ) (0 -156 -712.125916 ) (0 -104 -758.684509 ) (0 -104 -911 ) 
4 165 167 (0 -156 -953 ) (491 -156 -953 ) (491 -156 -712.126099 ) (0 -156 -712.125916 ) 
4 166 214 (0 -159 -672.674805 ) (0 -159 -664 ) (0 -156 -664 ) (0 -156 -675.360779 ) 
4 167 228 (0 -156 -953 ) (0 -159 -953 ) (0 -159 -911 ) (0 -156 -911 ) 
4 167 215 (0 -159 -911 ) (0 -159 -709.439819 ) (0 -156 -712.125916 ) (0 -156 -911 ) 
4 167 179 (0 -159 -953 ) (572 -159 -953 ) (572 -159 -709.440002 ) (0 -159 -709.439758 ) 
3 167 168 (572 -156 -712.127136 ) (569.038513 -156 -712.127136 ) (572 -158.960022 -709.476807 ) 
3 169 181 (809 -159 -783.484558 ) (809 -159 -708.801392 ) (725.555542 -159 -708.801392 ) 
4 169 180 (726.269165 -159 -709.440063 ) (725.555542 -159 -708.801392 ) (725.281677 -159 -708.801392 ) (725.994995 -159 -709.440063 ) 
4 169 179 (809 -159 -783.762817 ) (809 -159 -783.484558 ) (726.269165 -159 -709.440063 ) (725.994995 -159 -709.440063 ) 
4 169 178 (729.282349 -155 -712.382446 ) (725.282776 -159 -708.801270 ) (725.555481 -159 -708.801270 ) (729.556763 -155 -712.382446 ) 
4 169 176 (782.460938 -101.815445 -759.998657 ) (729.282349 -155 -712.382446 ) (729.556763 -155 -712.382446 ) (782.760559 -101.815445 -759.998657 ) 
3 169 174 (809 -75.273438 -783.761719 ) (782.460938 -101.815445 -759.998657 ) (809 -101.815384 -759.998535 ) 
5 170 177 (809 -155 -675.612488 ) (809 -155 -664 ) (725 -155 -664 ) (725 -155 -671.777100 ) (729.283752 -155 -675.612488 ) 
4 170 172 (763.223633 -121.060638 -706 ) (763.223633 0 -706 ) (809 0 -706 ) (809 -121.060638 -706 ) 
4 171 175 (782.462891 -60.744389 -760.002136 ) (809 -34.205666 -783.763489 ) (809 -75.282883 -746.985168 ) (803.001343 -81.281494 -741.614319 ) 
3 171 173 (809 -75.282883 -746.985168 ) (809 -81.281837 -741.614014 ) (803.001343 -81.281494 -741.614319 ) 
4 171 172 (803.001221 -81.285065 -741.614197 ) (809 -87.283440 -736.243652 ) (809 0 -736.243713 ) (803.001221 0 -741.614258 ) 
3 173 175 (803.001953 -81.283775 -741.615723 ) (809 -75.285843 -746.985962 ) (809 -87.281219 -746.985474 ) 
4 174 176 (782.460938 -101.815567 -759.998657 ) (782.760559 -101.815567 -759.998657 ) (782.632813 -101.687897 -759.884338 ) (782.333252 -101.687897 -759.884338 ) 
4 174 175 (782.596069 -101.687500 -759.882813 ) (809 -101.687500 -759.882813 ) (809 -75.099167 -783.764160 ) (782.462097 -101.553963 -760.002747 ) 
4 176 178 (728.848145 -155 -712 ) (729.273438 -155 -712.380859 ) (729.555054 -155 -712.380859 ) (729.129456 -155 -712 ) 
4 178 180 (722.425537 -159 -706 ) (722.153015 -159 -706 ) (725.281677 -159 -708.801392 ) (725.555542 -159 -708.801392 ) 
4 179 228 (0 -159 -953 ) (0 -256 -953 ) (0 -256 -911 ) (0 -159 -911 ) 
6 179 216 (0 -256 -861.596436 ) (0 -256 -706 ) (0 -162.841812 -706 ) (0 -159 -709.439819 ) (0 -159 -911 ) (0 -200.825119 -911 ) 
3 179 211 (0 -256 -911 ) (0 -256 -861.596436 ) (0 -200.825119 -911 ) 
4 179 189 (0 -256 -953 ) (0 -224 -953 ) (998.399719 -224 -953 ) (998.398743 -256 -953 ) 
4 179 183 (896.272461 -256 -861.596436 ) (722.422607 -256 -706 ) (0 -256 -706 ) (0 -256 -861.596436 ) 
4 179 182 (951.471619 -256 -911 ) (896.272461 -256 -861.596436 ) (0 -256 -861.596436 ) (0 -256 -911 ) 
5 179 181 (998.406250 -159 -953 ) (726.271362 -159 -709.440125 ) (722.427490 -162.842163 -706 ) (722.424438 -256 -706 ) (998.400574 -256 -953 ) 
4 179 180 (575.885132 -162.842010 -706 ) (722.421875 -162.842072 -706 ) (726.265564 -159 -709.440002 ) (572.041260 -159 -709.439941 ) 
4 180 181 (726.271362 -159 -709.440125 ) (725.557678 -159 -708.801392 ) (722.427490 -162.128906 -706 ) (722.427490 -162.842163 -706 ) 
4 181 189 (1024 -224 -953 ) (1024 -256 -953 ) (998.398743 -256 -953 ) (998.399719 -224 -953 ) 
4 181 183 (1024 -256 -861.596436 ) (1024 -256 -706 ) (722.422607 -256 -706 ) (896.272461 -256 -861.596436 ) 
4 181 182 (1024 -256 -911 ) (1024 -256 -861.596436 ) (896.272461 -256 -861.596436 ) (951.471619 -256 -911 ) 
4 182 211 (0 -370 -911 ) (0 -370 -759.520935 ) (0 -256 -861.596497 ) (0 -256 -911 ) 
4 182 185 (0 -312 -811.454163 ) (0 -369.466919 -759.998108 ) (1024 -369.466919 -759.998108 ) (1024 -312 -811.454163 ) 
4 182 183 (1024 -256 -861.596680 ) (0 -256 -861.596680 ) (0 -312 -811.454163 ) (1024 -312 -811.454163 ) 
5 183 216 (0 -256 -706 ) (0 -256 -861.596497 ) (0 -312 -811.454102 ) (0 -312 -708.547913 ) (0 -309.154114 -706 ) 
4 183 185 (0 -312 -811.455078 ) (1024 -312 -811.455078 ) (1024 -312 -708.547913 ) (0 -312 -708.547913 ) 
3 184 218 (0 -370 -723.709473 ) (0 -370 -706 ) (0 -350.221191 -706 ) 
5 184 217 (0 -370 -706 ) (0 -370 -664 ) (0 -312 -664 ) (0 -312 -671.777649 ) (0 -350.221191 -706 ) 
3 185 216 (0 -312 -708.547913 ) (0 -312 -811.454102 ) (0 -369.467010 -759.998169 ) 
4 186 193 (809 0 -992 ) (1024 0 -992 ) (1024 -78 -992 ) (809 -78 -992 ) 
4 186 187 (809 -78 -954 ) (809 -78 -992 ) (1024 -78 -992 ) (1024 -78 -954 ) 
4 187 193 (1024 -78 -992 ) (1024 -97 -992 ) (809 -97 -992 ) (809 -78 -992 ) 
4 188 229 (0 0 -953 ) (0 0 -992 ) (0 -97 -992 ) (0 -97 -953 ) 
4 188 193 (0 -97 -992 ) (0 0 -992 ) (490 0 -992 ) (490 -97 -992 ) 
4 189 231 (0 -224 -992 ) (0 -256 -992 ) (0 -256 -953 ) (0 -224 -953 ) 
4 189 193 (0 -256 -992 ) (0 -224 -992 ) (1024 -224 -992 ) (1024 -256 -992 ) 
4 189 190 (0 -256 -992 ) (1024 -256 -992 ) (1024 -256 -975 ) (0 -256 -975 ) 
4 190 232 (0 -256 -992 ) (0 -370 -992 ) (0 -370 -975 ) (0 -256 -975 ) 
4 190 193 (0 -370 -992 ) (0 -256 -992 ) (1024 -256 -992 ) (1024 -370 -992 ) 
4 190 192 (0 -370 -992 ) (1024 -370 -992 ) (1024 -370 -975 ) (0 -370 -975 ) 
4 191 219 (0 -1024 -911 ) (0 -1024 -512 ) (0 -752 -512 ) (0 -752 -911 ) 
4 191 198 (1024 -1024 -911 ) (1024 -1024 -512 ) (0 -1024 -512 ) (0 -1024 -911 ) 
4 192 232 (0 -1024 -992 ) (0 -1024 -975 ) (0 -370 -975 ) (0 -370 -992 ) 
4 192 200 (1024 -1024 -992 ) (1024 -1024 -975 ) (0 -1024 -975 ) (0 -1024 -992 ) 
4 192 193 (1024 -1024 -992 ) (0 -1024 -992 ) (0 -370 -992 ) (1024 -370 -992 ) 
4 193 232 (0 -1024 -1024 ) (0 -1024 -992 ) (0 -256 -992 ) (0 -256 -1024 ) 
4 193 230 (0 -224 -992 ) (0 -97 -992 ) (0 -97 -1024 ) (0 -224 -1024 ) 
4 193 229 (0 -97 -992 ) (0 0 -992 ) (0 0 -1024 ) (0 -97 -1024 ) 
4 193 231 (0 -256 -992 ) (0 -224 -992 ) (0 -224 -1024 ) (0 -256 -1024 ) 
4 193 200 (1024 -1024 -1024 ) (1024 -1024 -992 ) (0 -1024 -992 ) (0 -1024 -1024 ) 
4 194 201 (1024 -2048 1024 ) (1024 -2048 -911 ) (1984 -2048 -911 ) (1984 -2048 1024 ) 
4 194 198 (1024 -1024 1024 ) (1024 -1024 -911 ) (1024 -1688 -911 ) (1024 -1688 1024 ) 
4 194 199 (1024 -1688 -911 ) (1024 -2048 -911 ) (1024 -2048 1024 ) (1024 -1688 1024 ) 
4 194 197 (1760 -1688 -911 ) (1760 -2048 -911 ) (1024 -2048 -911 ) (1024 -1688 -911 ) 
4 194 195 (1760 -1024 -911 ) (1984 -1024 -911 ) (1984 -2048 -911 ) (1760 -2048 -911 ) 
4 195 201 (1760 -2048 -1024 ) (1984 -2048 -1024 ) (1984 -2048 -911 ) (1760 -2048 -911 ) 
4 195 196 (1760 -1024 -1024 ) (1760 -1688 -1024 ) (1760 -1688 -975 ) (1760 -1024 -975 ) 
4 195 197 (1760 -1688 -1024 ) (1760 -2048 -1024 ) (1760 -2048 -911 ) (1760 -1688 -911 ) 
4 196 200 (1024 -1024 -975 ) (1024 -1024 -1024 ) (1024 -1688 -1024 ) (1024 -1688 -975 ) 
4 196 197 (1024 -1688 -1024 ) (1760 -1688 -1024 ) (1760 -1688 -975 ) (1024 -1688 -975 ) 
4 197 201 (1024 -2048 -911 ) (1024 -2048 -1024 ) (1760 -2048 -1024 ) (1760 -2048 -911 ) 
4 197 200 (1024 -1688 -1024 ) (1024 -2048 -1024 ) (1024 -2048 -975 ) (1024 -1688 -975 ) 
4 197 199 (1024 -2048 -975 ) (1024 -2048 -911 ) (1024 -1688 -911 ) (1024 -1688 -975 ) 
4 198 283 (0 -1024 -512 ) (0 -1024 -911 ) (0 -1688 -911 ) (0 -1688 -512 ) 
4 198 282 (0 -1688 1024 ) (0 -1024 1024 ) (0 -1024 -512 ) (0 -1688 -512 ) 
4 198 199 (1024 -1688 -911 ) (1024 -1688 1024 ) (0 -1688 1024 ) (0 -1688 -911 ) 
4 199 288 (0 -2048 -975 ) (0 -2048 -911 ) (0 -1688 -911 ) (0 -1688 -975 ) 
4 199 283 (0 -2048 -911 ) (0 -2048 -512 ) (0 -1688 -512 ) (0 -1688 -911 ) 
4 199 282 (0 -2048 -512 ) (0 -2048 1024 ) (0 -1688 1024 ) (0 -1688 -512 ) 
4 199 202 (1024 -2048 -975 ) (1024 -2048 1024 ) (0 -2048 1024 ) (0 -2048 -975 ) 
4 199 200 (1024 -1688 -975 ) (1024 -2048 -975 ) (0 -2048 -975 ) (0 -1688 -975 ) 
4 200 287 (0 -1688 -975 ) (0 -1024 -975 ) (0 -1024 -1024 ) (0 -1688 -1024 ) 
4 200 288 (0 -2048 -1024 ) (0 -2048 -975 ) (0 -1688 -975 ) (0 -1688 -1024 ) 
4 200 202 (1024 -2048 -1024 ) (1024 -2048 -975 ) (0 -2048 -975 ) (0 -2048 -1024 ) 
4 201 202 (1024 -2336 -1024 ) (1024 -2336 1024 ) (1024 -2048 1024 ) (1024 -2048 -1024 ) 
4 202 297 (0 -2336 -1024 ) (0 -2336 1024 ) (0 -2048 1024 ) (0 -2048 -1024 ) 
4 203 229 (0 0 -1024 ) (0 0 -953 ) (-1024 0 -953 ) (-1024 0 -1024 ) 
4 203 227 (0 0 -953 ) (0 0 -911 ) (-1024 0 -911 ) (-1024 0 -953 ) 
4 203 210 (0 0 -911 ) (0 0 -664 ) (-1024 0 -664 ) (-1024 0 -911 ) 
4 203 209 (0 0 -664 ) (0 0 -512 ) (-1024 0 -512 ) (-1024 0 -664 ) 
4 203 206 (-572 0 1024 ) (-1024 0 1024 ) (-1024 0 -512 ) (-572 0 -512 ) 
4 203 205 (0 0 -512 ) (0 0 1024 ) (-572 0 1024 ) (-572 0 -512 ) 
4 203 204 (-1024 1024 1024 ) (-1024 1024 -1024 ) (-1024 0 -1024 ) (-1024 0 1024 ) 
4 204 266 (-2048 1024 1024 ) (-2048 1024 -1024 ) (-2048 0 -1024 ) (-2048 0 1024 ) 
4 204 265 (-1024 0 -1024 ) (-1024 0 -992 ) (-2048 0 -992 ) (-2048 0 -1024 ) 
4 204 237 (-1024 0 -992 ) (-1024 0 -512 ) (-2048 0 -512 ) (-2048 0 -992 ) 
4 204 233 (-1024 0 -512 ) (-1024 0 1024 ) (-1732 0 1024 ) (-1732 0 -512 ) 
4 204 236 (-1732 0 1024 ) (-2048 0 1024 ) (-2048 0 -512 ) (-1732 0 -512 ) 
4 205 282 (0 -1024 -512 ) (0 -1024 1024 ) (-572 -1024 1024 ) (-572 -1024 -512 ) 
4 205 220 (-572 -838 -512 ) (-572 -752 -512 ) (-60 -752 -512 ) (-60 -838 -512 ) 
4 205 219 (0 -1024 -512 ) (-60 -1024 -512 ) (-60 -752 -512 ) (0 -752 -512 ) 
4 205 209 (-572 -370 -512 ) (-572 0 -512 ) (0 0 -512 ) (0 -370 -512 ) 
4 205 207 (-572 -952 -448 ) (-572 -952 1024 ) (-572 -688 1024 ) (-572 -688 -448 ) 
4 205 206 (-572 0 -512 ) (-572 -688 -512 ) (-572 -688 1024 ) (-572 0 1024 ) 
4 205 208 (-572 -952 -512 ) (-572 -1024 -512 ) (-572 -1024 1024 ) (-572 -952 1024 ) 
4 206 233 (-1024 0 1024 ) (-1024 0 -512 ) (-1024 -688 -512 ) (-1024 -688 1024 ) 
4 206 224 (-1024 -488 -512 ) (-1024 -460 -512 ) (-1012 -460 -512 ) (-1012 -488 -512 ) 
4 206 223 (-1012 -460 -512 ) (-740 -460 -512 ) (-740 -488 -512 ) (-1012 -488 -512 ) 
4 206 222 (-1024 -460 -512 ) (-1024 -370 -512 ) (-740 -370 -512 ) (-740 -460 -512 ) 
4 206 209 (-1024 -370 -512 ) (-1024 0 -512 ) (-572 0 -512 ) (-572 -370 -512 ) 
4 206 207 (-572 -688 -448 ) (-572 -688 1024 ) (-1024 -688 1024 ) (-1024 -688 -448 ) 
4 207 234 (-1024 -952 -448 ) (-1024 -952 1024 ) (-1024 -688 1024 ) (-1024 -688 -448 ) 
4 207 208 (-572 -952 -448 ) (-572 -952 1024 ) (-1024 -952 1024 ) (-1024 -952 -448 ) 
4 208 282 (-572 -1024 1024 ) (-1024 -1024 1024 ) (-1024 -1024 -512 ) (-572 -1024 -512 ) 
4 208 235 (-1024 -952 -512 ) (-1024 -1024 -512 ) (-1024 -1024 1024 ) (-1024 -952 1024 ) 
4 209 250 (-1024 -312 -664 ) (-1024 -370 -664 ) (-1024 -370 -512 ) (-1024 -312 -512 ) 
4 209 242 (-1024 -159 -664 ) (-1024 -312 -664 ) (-1024 -312 -512 ) (-1024 -159 -512 ) 
4 209 240 (-1024 -104 -664 ) (-1024 -159 -664 ) (-1024 -159 -512 ) (-1024 -104 -512 ) 
4 209 239 (-1024 -78 -664 ) (-1024 -104 -664 ) (-1024 -104 -512 ) (-1024 -78 -512 ) 
4 209 237 (-1024 0 -512 ) (-1024 0 -664 ) (-1024 -78 -664 ) (-1024 -78 -512 ) 
4 209 222 (-740 -370 -512 ) (-1024 -370 -512 ) (-1024 -370 -664 ) (-740 -370 -664 ) 
4 209 217 (0 -370 -664 ) (-1024 -370 -664 ) (-1024 -312 -664 ) (0 -312 -664 ) 
4 209 214 (-1024 -159 -664 ) (-1024 -104 -664 ) (0 -104 -664 ) (0 -159 -664 ) 
4 209 213 (-1024 -104 -664 ) (-1024 -78 -664 ) (0 -78 -664 ) (0 -104 -664 ) 
4 209 210 (-1024 -78 -664 ) (-1024 0 -664 ) (0 0 -664 ) (0 -78 -664 ) 
4 210 237 (-1024 0 -664 ) (-1024 0 -911 ) (-1024 -78 -911 ) (-1024 -78 -664 ) 
4 210 227 (-1024 -78 -911 ) (-1024 0 -911 ) (0 0 -911 ) (0 -78 -911 ) 
4 210 213 (0 -78 -738.030579 ) (0 -78 -664 ) (-1024 -78 -664 ) (-1024 -78 -738.030945 ) 
4 210 212 (0 -78 -742 ) (0 -78 -738.030579 ) (-1024 -78 -738.030945 ) (-1024 -78 -742 ) 
4 211 263 (-1024 -256 -911 ) (-1024 -370 -911 ) (-1024 -370 -908 ) (-1024 -256 -908 ) 
4 211 262 (-1024 -224 -911 ) (-1024 -256 -911 ) (-1024 -256 -908 ) (-1024 -224 -908 ) 
4 211 259 (-1024 -200.825104 -911 ) (-1024 -224 -911 ) (-1024 -224 -908 ) (-1024 -204.175568 -908 ) 
4 211 249 (-1024 -370 -908 ) (-1024 -370 -759.520935 ) (-1024 -312 -811.454102 ) (-1024 -312 -908 ) 
3 211 245 (-1024 -312 -811.454102 ) (-1024 -204.175568 -908 ) (-1024 -312 -908 ) 
4 211 228 (-1024 -256 -911 ) (-1024 -200.825104 -911 ) (0 -200.825104 -911 ) (0 -256 -911 ) 
4 211 221 (-1024 -370 -911 ) (-740 -370 -911 ) (-740 -370 -759.520935 ) (-1024 -370 -759.520935 ) 
4 211 216 (0 -200.823608 -911 ) (-1024 -200.823608 -911 ) (-1024 -369.465942 -759.997253 ) (0 -369.465912 -759.997253 ) 
3 212 238 (-1024 -78 -738.030945 ) (-1024 -78 -742 ) (-1024 -82.432480 -742 ) 
4 212 213 (0 -78 -738.029907 ) (-1024 -78 -738.030212 ) (-1024 -82.001640 -741.613525 ) (0 -82.001823 -741.613342 ) 
5 213 239 (-1024 -104 -721.917786 ) (-1024 -104 -664 ) (-1024 -78 -664 ) (-1024 -78 -738.030945 ) (-1024 -82.001259 -741.613892 ) 
4 213 214 (0 -104 -721.917786 ) (0 -104 -664 ) (-1024 -104 -664 ) (-1024 -104 -721.917786 ) 
4 214 240 (-1024 -159 -664 ) (-1024 -104 -664 ) (-1024 -104 -721.917786 ) (-1024 -159 -672.674805 ) 
4 215 259 (-1024 -104 -911 ) (-1024 -159 -911 ) (-1024 -159 -908 ) (-1024 -104 -908 ) 
4 215 241 (-1024 -159 -908 ) (-1024 -159 -709.439453 ) (-1024 -104 -758.684143 ) (-1024 -104 -908 ) 
4 215 228 (-1024 -159 -911 ) (-1024 -104 -911 ) (0 -104 -911 ) (0 -159 -911 ) 
4 215 216 (-1024 -159 -911 ) (0 -159 -911 ) (0 -159 -709.439758 ) (-1024 -159 -709.439453 ) 
4 216 259 (-1024 -159 -911 ) (-1024 -200.825104 -911 ) (-1024 -204.175568 -908 ) (-1024 -159 -908 ) 
3 216 251 (-1024 -312 -811.454102 ) (-1024 -369.467041 -759.998169 ) (-1024 -312 -708.547913 ) 
7 216 245 (-1024 -204.175568 -908 ) (-1024 -312 -811.454102 ) (-1024 -312 -708.547913 ) (-1024 -309.154114 -706 ) (-1024 -162.841446 -706 ) (-1024 -159 -709.439453 ) (-1024 -159 -908 ) 
4 216 228 (-1024 -200.825104 -911 ) (-1024 -159 -911 ) (0 -159 -911 ) (0 -200.825104 -911 ) 
5 217 250 (-1024 -370 -706 ) (-1024 -370 -664 ) (-1024 -312 -664 ) (-1024 -312 -671.777710 ) (-1024 -350.221130 -706 ) 
4 217 222 (-740 -370 -664 ) (-1024 -370 -664 ) (-1024 -370 -706 ) (-740 -370 -706 ) 
4 217 218 (0 -370 -706 ) (-1024 -370 -706 ) (-1024 -350.221161 -706 ) (0 -350.221161 -706 ) 
3 218 250 (-1024 -370 -723.709473 ) (-1024 -370 -706 ) (-1024 -350.221130 -706 ) 
4 218 222 (-740 -370 -706 ) (-1024 -370 -706 ) (-1024 -370 -723.709473 ) (-740 -370 -723.709473 ) 
4 219 283 (0 -1024 -911 ) (0 -1024 -512 ) (-60 -1024 -512 ) (-60 -1024 -911 ) 
4 219 220 (-60 -752 -512 ) (-60 -752 -911 ) (-60 -838 -911 ) (-60 -838 -512 ) 
4 220 226 (-740 -752 -911 ) (-740 -838 -911 ) (-740 -838 -704 ) (-740 -752 -704 ) 
4 221 263 (-1024 -370 -911 ) (-1024 -460 -911 ) (-1024 -460 -908 ) (-1024 -370 -908 ) 
4 221 252 (-1024 -460 -908 ) (-1024 -460 -678.935059 ) (-1024 -371 -758.625549 ) (-1024 -371 -908 ) 
4 221 249 (-1024 -371 -758.625549 ) (-1024 -370 -759.520935 ) (-1024 -370 -908 ) (-1024 -371 -908 ) 
4 221 224 (-1012 -460 -820 ) (-1012 -460 -678.935059 ) (-1024 -460 -678.935059 ) (-1024 -460 -820 ) 
4 221 225 (-1024 -460 -911 ) (-1012 -460 -911 ) (-1012 -460 -908 ) (-1024 -460 -908 ) 
4 221 223 (-1012 -460 -911 ) (-740 -460 -911 ) (-740 -460 -678.935059 ) (-1012 -460 -678.935059 ) 
4 221 222 (-1024 -460 -678.935547 ) (-740 -460 -678.935547 ) (-740 -389.998047 -741.615234 ) (-1024 -389.998047 -741.615234 ) 
5 222 253 (-1024 -460 -678.935059 ) (-1024 -460 -512 ) (-1024 -371 -512 ) (-1024 -371 -724.604858 ) (-1024 -389.997742 -741.614990 ) 
4 222 250 (-1024 -371 -512 ) (-1024 -370 -512 ) (-1024 -370 -723.709473 ) (-1024 -371 -724.604858 ) 
4 222 224 (-1012 -460 -512 ) (-1024 -460 -512 ) (-1024 -460 -678.935059 ) (-1012 -460 -678.935059 ) 
4 222 223 (-740 -460 -678.935059 ) (-740 -460 -512 ) (-1012 -460 -512 ) (-1012 -460 -678.935059 ) 
4 223 226 (-1012 -488 -911 ) (-740 -488 -911 ) (-740 -488 -704 ) (-1012 -488 -704 ) 
4 223 224 (-1012 -460 -512 ) (-1012 -460 -820 ) (-1012 -488 -820 ) (-1012 -488 -512 ) 
4 223 225 (-1012 -460 -908 ) (-1012 -460 -911 ) (-1012 -488 -911 ) (-1012 -488 -908 ) 
4 224 253 (-1024 -488 -653.863831 ) (-1024 -488 -512 ) (-1024 -460 -512 ) (-1024 -460 -678.934998 ) 
4 224 252 (-1024 -488 -820 ) (-1024 -488 -653.863831 ) (-1024 -460 -678.934998 ) (-1024 -460 -820 ) 
4 224 226 (-1012 -488 -820 ) (-1012 -488 -704 ) (-1024 -488 -704 ) (-1024 -488 -820 ) 
4 225 263 (-1024 -460 -911 ) (-1024 -488 -911 ) (-1024 -488 -908 ) (-1024 -460 -908 ) 
4 225 226 (-1024 -488 -911 ) (-1012 -488 -911 ) (-1012 -488 -908 ) (-1024 -488 -908 ) 
4 226 285 (-1024 -1024 -704 ) (-1024 -1024 -911 ) (-740 -1024 -911 ) (-740 -1024 -704 ) 
4 226 263 (-1024 -488 -911 ) (-1024 -1024 -911 ) (-1024 -1024 -908 ) (-1024 -488 -908 ) 
4 226 256 (-1024 -1024 -908 ) (-1024 -1024 -704 ) (-1024 -488 -704 ) (-1024 -488 -908 ) 
4 227 237 (-1024 0 -911 ) (-1024 0 -953 ) (-1024 -78 -953 ) (-1024 -78 -911 ) 
4 227 229 (-1024 -78 -953 ) (-1024 0 -953 ) (0 0 -953 ) (0 -78 -953 ) 
4 228 262 (-1024 -224 -953 ) (-1024 -256 -953 ) (-1024 -256 -911 ) (-1024 -224 -911 ) 
4 228 259 (-1024 -104 -953 ) (-1024 -224 -953 ) (-1024 -224 -911 ) (-1024 -104 -911 ) 
4 228 231 (-1024 -256 -953 ) (-1024 -224 -953 ) (0 -224 -953 ) (0 -256 -953 ) 
4 229 265 (-1024 0 -992 ) (-1024 0 -1024 ) (-1024 -97 -1024 ) (-1024 -97 -992 ) 
4 229 261 (-1024 -78 -992 ) (-1024 -97 -992 ) (-1024 -97 -953 ) (-1024 -78 -953 ) 
4 229 237 (-1024 0 -953 ) (-1024 0 -992 ) (-1024 -78 -992 ) (-1024 -78 -953 ) 
4 229 230 (-1024 -97 -1024 ) (0 -97 -1024 ) (0 -97 -992 ) (-1024 -97 -992 ) 
4 230 265 (-1024 -97 -1024 ) (-1024 -224 -1024 ) (-1024 -224 -992 ) (-1024 -97 -992 ) 
4 230 231 (-1024 -224 -1024 ) (0 -224 -1024 ) (0 -224 -992 ) (-1024 -224 -992 ) 
4 231 265 (-1024 -224 -1024 ) (-1024 -256 -1024 ) (-1024 -256 -992 ) (-1024 -224 -992 ) 
4 231 262 (-1024 -256 -992 ) (-1024 -256 -953 ) (-1024 -224 -953 ) (-1024 -224 -992 ) 
4 231 232 (-1024 -256 -1024 ) (0 -256 -1024 ) (0 -256 -975 ) (-1024 -256 -975 ) 
4 232 287 (0 -1024 -1024 ) (0 -1024 -975 ) (-1024 -1024 -975 ) (-1024 -1024 -1024 ) 
4 232 265 (-1024 -256 -1024 ) (-1024 -1024 -1024 ) (-1024 -1024 -992 ) (-1024 -256 -992 ) 
4 232 264 (-1024 -1024 -992 ) (-1024 -1024 -975 ) (-1024 -256 -975 ) (-1024 -256 -992 ) 
4 233 254 (-1732 -371 -512 ) (-1732 -312 -512 ) (-1210 -312 -512 ) (-1210 -371 -512 ) 
4 233 253 (-1024 -371 -512 ) (-1024 -488 -512 ) (-1140 -488 -512 ) (-1140 -371 -512 ) 
4 233 250 (-1024 -312 -512 ) (-1024 -371 -512 ) (-1210 -371 -512 ) (-1210 -312 -512 ) 
4 233 242 (-1024 -159 -512 ) (-1024 -312 -512 ) (-1732 -312 -512 ) (-1732 -159 -512 ) 
4 233 240 (-1024 -104 -512 ) (-1024 -159 -512 ) (-1732 -159 -512 ) (-1732 -104 -512 ) 
4 233 239 (-1024 -78 -512 ) (-1024 -104 -512 ) (-1732 -104 -512 ) (-1732 -78 -512 ) 
4 233 237 (-1024 0 -512 ) (-1024 -78 -512 ) (-1732 -78 -512 ) (-1732 0 -512 ) 
4 233 234 (-1732 -688 1024 ) (-1732 -688 -448 ) (-1024 -688 -448 ) (-1024 -688 1024 ) 
4 233 236 (-1732 0 -512 ) (-1732 -688 -512 ) (-1732 -688 1024 ) (-1732 0 1024 ) 
4 234 236 (-1732 -952 -448 ) (-1732 -952 1024 ) (-1732 -688 1024 ) (-1732 -688 -448 ) 
4 234 235 (-1732 -952 1024 ) (-1732 -952 -448 ) (-1024 -952 -448 ) (-1024 -952 1024 ) 
4 235 289 (-1024 -1024 -512 ) (-1024 -1024 1024 ) (-1732 -1024 1024 ) (-1732 -1024 -512 ) 
4 235 236 (-1732 -952 -512 ) (-1732 -1024 -512 ) (-1732 -1024 1024 ) (-1732 -952 1024 ) 
4 236 289 (-1732 -1024 1024 ) (-2048 -1024 1024 ) (-2048 -1024 -512 ) (-1732 -1024 -512 ) 
4 236 270 (-2048 -1024 -512 ) (-2048 -1024 1024 ) (-2048 -256 1024 ) (-2048 -256 -512 ) 
4 236 269 (-2048 -256 1024 ) (-2048 -224 1024 ) (-2048 -224 -512 ) (-2048 -256 -512 ) 
4 236 267 (-2048 -224 1024 ) (-2048 0 1024 ) (-2048 0 -512 ) (-2048 -224 -512 ) 
4 236 257 (-1732 -1024 -512 ) (-1929 -1024 -512 ) (-1929 -488 -512 ) (-1732 -488 -512 ) 
4 236 255 (-1929 -488 -512 ) (-1929 -312 -512 ) (-1732 -312 -512 ) (-1732 -488 -512 ) 
4 236 242 (-1929 -312 -512 ) (-1929 -159 -512 ) (-1732 -159 -512 ) (-1732 -312 -512 ) 
4 236 240 (-1929 -159 -512 ) (-1929 -104 -512 ) (-1732 -104 -512 ) (-1732 -159 -512 ) 
4 236 239 (-1929 -104 -512 ) (-1929 -78 -512 ) (-1732 -78 -512 ) (-1732 -104 -512 ) 
4 236 258 (-1929 -1024 -512 ) (-2048 -1024 -512 ) (-2048 -78 -512 ) (-1929 -78 -512 ) 
4 236 237 (-2048 -78 -512 ) (-2048 0 -512 ) (-1732 0 -512 ) (-1732 -78 -512 ) 
4 237 268 (-2048 0 -953 ) (-2048 0 -992 ) (-2048 -78 -992 ) (-2048 -78 -953 ) 
4 237 267 (-2048 -78 -512 ) (-2048 0 -512 ) (-2048 0 -953 ) (-2048 -78 -953 ) 
4 237 265 (-2048 -78 -992 ) (-2048 0 -992 ) (-1024 0 -992 ) (-1024 -78 -992 ) 
4 237 261 (-2048 -78 -992 ) (-1024 -78 -992 ) (-1024 -78 -953 ) (-2048 -78 -953 ) 
4 237 260 (-1929 -78 -908 ) (-2048 -78 -908 ) (-2048 -78 -953 ) (-1929 -78 -953 ) 
4 237 239 (-1024 -78 -738.030945 ) (-1024 -78 -512 ) (-1929 -78 -512 ) (-1929 -78 -738.031311 ) 
4 237 238 (-1024 -78 -742 ) (-1024 -78 -738.030945 ) (-1929 -78 -738.031311 ) (-1929 -78 -742 ) 
4 237 258 (-1929 -78 -512 ) (-2048 -78 -512 ) (-2048 -78 -908 ) (-1929 -78 -908 ) 
4 238 239 (-1024 -78 -738.027100 ) (-1929 -78 -738.027344 ) (-1929 -82.001633 -741.613525 ) (-1024 -82.001816 -741.613403 ) 
3 238 258 (-1929 -78 -738.031311 ) (-1929 -78 -742 ) (-1929 -82.432114 -742 ) 
4 239 240 (-1929 -104 -512 ) (-1929 -104 -721.917786 ) (-1024 -104 -721.917786 ) (-1024 -104 -512 ) 
5 239 258 (-1929 -78 -512 ) (-1929 -78 -738.031311 ) (-1929 -82.001076 -741.614014 ) (-1929 -104 -721.917786 ) (-1929 -104 -512 ) 
4 240 243 (-1929 -159 -664 ) (-1929 -159 -672.674805 ) (-1722.479980 -159 -672.674805 ) (-1722.479980 -159 -664 ) 
4 240 242 (-1929 -159 -512 ) (-1929 -159 -664 ) (-1024 -159 -664 ) (-1024 -159 -512 ) 
4 240 258 (-1929 -159 -672.674805 ) (-1929 -159 -512 ) (-1929 -104 -512 ) (-1929 -104 -721.917786 ) 
4 241 259 (-1929 -159 -908 ) (-1929 -104 -908 ) (-1024 -104 -908 ) (-1024 -159 -908 ) 
4 241 248 (-1929 -159 -709.439148 ) (-1929 -159 -908 ) (-1722.479980 -159 -908 ) (-1722.479980 -159 -709.439209 ) 
4 241 245 (-1722.479980 -159 -908 ) (-1024 -159 -908 ) (-1024 -159 -709.439453 ) (-1722.479980 -159 -709.439209 ) 
4 241 258 (-1929 -104 -908 ) (-1929 -159 -908 ) (-1929 -159 -709.439148 ) (-1929 -104 -758.683838 ) 
4 242 254 (-1732 -312 -664 ) (-1210 -312 -664 ) (-1210 -312 -512 ) (-1732 -312 -512 ) 
4 242 250 (-1210 -312 -664 ) (-1024 -312 -664 ) (-1024 -312 -512 ) (-1210 -312 -512 ) 
4 242 255 (-1929 -312 -512 ) (-1929 -312 -664 ) (-1732 -312 -664 ) (-1732 -312 -512 ) 
4 242 247 (-1929 -303.313507 -664 ) (-1929 -168.689011 -664 ) (-1722.479980 -168.689011 -664 ) (-1722.479980 -303.313507 -664 ) 
4 242 244 (-1722.479980 -312 -664 ) (-1929 -312 -664 ) (-1929 -303.313507 -664 ) (-1722.479980 -303.313507 -664 ) 
4 242 243 (-1929 -168.689011 -664 ) (-1929 -159 -664 ) (-1722.479980 -159 -664 ) (-1722.479980 -168.689011 -664 ) 
4 242 258 (-1929 -312 -664 ) (-1929 -312 -512 ) (-1929 -159 -512 ) (-1929 -159 -664 ) 
4 243 247 (-1722.479980 -168.689514 -664 ) (-1929 -168.689514 -664 ) (-1929 -160.184860 -671.613770 ) (-1722.479980 -160.184799 -671.613831 ) 
3 243 258 (-1929 -168.689011 -664 ) (-1929 -159 -664 ) (-1929 -159 -672.674866 ) 
4 244 254 (-1732 -312 -671.777649 ) (-1722.479980 -312 -671.777649 ) (-1722.479980 -312 -664 ) (-1732 -312 -664 ) 
4 244 255 (-1929 -312 -664 ) (-1929 -312 -671.777649 ) (-1732 -312 -671.777649 ) (-1732 -312 -664 ) 
4 244 247 (-1722.479980 -312 -671.778137 ) (-1929 -312 -671.778137 ) (-1929 -303.314270 -664 ) (-1722.479980 -303.314270 -664 ) 
3 244 258 (-1929 -312 -671.777710 ) (-1929 -312 -664 ) (-1929 -303.313507 -664 ) 
4 245 263 (-1024 -256 -908 ) (-1024 -312 -908 ) (-1722.479980 -312 -908 ) (-1722.479980 -256 -908 ) 
4 245 262 (-1024 -224 -908 ) (-1024 -256 -908 ) (-1722.479980 -256 -908 ) (-1722.479980 -224 -908 ) 
4 245 259 (-1722.479980 -159 -908 ) (-1024 -159 -908 ) (-1024 -224 -908 ) (-1722.479980 -224 -908 ) 
4 245 254 (-1722.479980 -312 -908 ) (-1210 -312 -908 ) (-1210 -312 -708.547913 ) (-1722.479980 -312 -708.547913 ) 
4 245 251 (-1024 -312 -811.454102 ) (-1024 -312 -708.547913 ) (-1210 -312 -708.547913 ) (-1210 -312 -811.454102 ) 
4 245 249 (-1210 -312 -908 ) (-1024 -312 -908 ) (-1024 -312 -811.454102 ) (-1210 -312 -811.454102 ) 
6 245 248 (-1722.479980 -312 -908 ) (-1722.479980 -312 -807.575562 ) (-1722.479980 -198.580475 -706 ) (-1722.479980 -162.841156 -706 ) (-1722.479980 -159 -709.439209 ) (-1722.479980 -159 -908 ) 
4 245 247 (-1722.479980 -312 -807.575562 ) (-1722.479980 -312 -708.547974 ) (-1722.479980 -309.154053 -706 ) (-1722.479980 -198.580475 -706 ) 
4 245 246 (-1722.479980 -309.152832 -706 ) (-1722.479980 -312 -708.549072 ) (-1210 -312 -708.549072 ) (-1210 -309.152832 -706 ) 
4 246 254 (-1210 -312 -706 ) (-1722.479980 -312 -706 ) (-1722.479980 -312 -708.547913 ) (-1210 -312 -708.547913 ) 
3 246 247 (-1722.479980 -312 -708.547974 ) (-1722.479980 -312 -706 ) (-1722.479980 -309.154053 -706 ) 
4 247 254 (-1732 -312 -807.575562 ) (-1722.479980 -312 -807.575562 ) (-1722.479980 -312 -671.777649 ) (-1732 -312 -671.777649 ) 
4 247 255 (-1929 -312 -671.777649 ) (-1929 -312 -807.575439 ) (-1732 -312 -807.575562 ) (-1732 -312 -671.777649 ) 
4 247 248 (-1722.479980 -180.712433 -689.998779 ) (-1722.479980 -312 -807.576538 ) (-1929 -312 -807.576416 ) (-1929 -180.712479 -689.998718 ) 
5 247 258 (-1929 -312 -807.575439 ) (-1929 -312 -671.777710 ) (-1929 -303.313507 -664 ) (-1929 -168.689011 -664 ) (-1929 -160.185013 -671.613892 ) 
4 248 263 (-1929 -312 -908 ) (-1929 -256 -908 ) (-1722.479980 -256 -908 ) (-1722.479980 -312 -908 ) 
4 248 262 (-1732 -224 -908 ) (-1722.479980 -224 -908 ) (-1722.479980 -256 -908 ) (-1732 -256 -908 ) 
4 248 259 (-1929 -224 -908 ) (-1929 -159 -908 ) (-1722.479980 -159 -908 ) (-1722.479980 -224 -908 ) 
4 248 254 (-1732 -312 -908 ) (-1722.479980 -312 -908 ) (-1722.479980 -312 -807.575562 ) (-1732 -312 -807.575562 ) 
4 248 255 (-1929 -312 -807.575439 ) (-1929 -312 -908 ) (-1732 -312 -908 ) (-1732 -312 -807.575562 ) 
5 248 258 (-1929 -159 -908 ) (-1929 -312 -908 ) (-1929 -312 -807.575439 ) (-1929 -180.712997 -689.998230 ) (-1929 -159 -709.439087 ) 
4 249 263 (-1210 -312 -908 ) (-1024 -312 -908 ) (-1024 -371 -908 ) (-1210 -371 -908 ) 
4 249 254 (-1210 -312 -811.454102 ) (-1210 -312 -908 ) (-1210 -371 -908 ) (-1210 -371 -758.625549 ) 
4 249 252 (-1140 -371 -908 ) (-1024 -371 -908 ) (-1024 -371 -758.625549 ) (-1140 -371 -758.625549 ) 
4 249 251 (-1024 -312 -811.457031 ) (-1210 -312 -811.457031 ) (-1210 -369.468872 -760 ) (-1024 -369.468872 -760 ) 
4 250 254 (-1210 -312 -512 ) (-1210 -312 -671.777710 ) (-1210 -371 -724.604858 ) (-1210 -371 -512 ) 
4 250 253 (-1140 -371 -724.604858 ) (-1024 -371 -724.604858 ) (-1024 -371 -512 ) (-1140 -371 -512 ) 
3 251 254 (-1210 -312 -708.547913 ) (-1210 -312 -811.454102 ) (-1210 -369.467010 -759.998169 ) 
4 252 263 (-1024 -371 -908 ) (-1024 -488 -908 ) (-1140 -488 -908 ) (-1140 -371 -908 ) 
4 252 256 (-1140 -488 -908 ) (-1024 -488 -908 ) (-1024 -488 -704 ) (-1140 -488 -704 ) 
4 252 253 (-1140 -390 -741.616638 ) (-1140 -488 -653.867188 ) (-1024 -488 -653.867188 ) (-1024 -390 -741.616638 ) 
4 254 263 (-1732 -312 -908 ) (-1210 -312 -908 ) (-1210 -371 -908 ) (-1732 -371 -908 ) 
4 254 255 (-1732 -312 -512 ) (-1732 -312 -908 ) (-1732 -371 -908 ) (-1732 -371 -512 ) 
4 255 263 (-1929 -488 -908 ) (-1929 -312 -908 ) (-1732 -312 -908 ) (-1732 -488 -908 ) 
4 255 257 (-1929 -488 -512 ) (-1929 -488 -908 ) (-1732 -488 -908 ) (-1732 -488 -512 ) 
4 255 258 (-1929 -312 -908 ) (-1929 -488 -908 ) (-1929 -488 -512 ) (-1929 -312 -512 ) 
4 256 290 (-1024 -1024 -908 ) (-1024 -1024 -704 ) (-1140 -1024 -704 ) (-1140 -1024 -908 ) 
4 256 263 (-1024 -1024 -908 ) (-1140 -1024 -908 ) (-1140 -488 -908 ) (-1024 -488 -908 ) 
4 257 293 (-1732 -1024 -512 ) (-1929 -1024 -512 ) (-1929 -1024 -908 ) (-1732 -1024 -908 ) 
4 257 263 (-1732 -1024 -908 ) (-1929 -1024 -908 ) (-1929 -488 -908 ) (-1732 -488 -908 ) 
4 257 258 (-1929 -488 -908 ) (-1929 -1024 -908 ) (-1929 -1024 -512 ) (-1929 -488 -512 ) 
4 258 293 (-1929 -1024 -512 ) (-2048 -1024 -512 ) (-2048 -1024 -908 ) (-1929 -1024 -908 ) 
4 258 270 (-2048 -1024 -908 ) (-2048 -1024 -512 ) (-2048 -256 -512 ) (-2048 -256 -908 ) 
4 258 269 (-2048 -256 -512 ) (-2048 -224 -512 ) (-2048 -224 -908 ) (-2048 -256 -908 ) 
4 258 267 (-2048 -224 -512 ) (-2048 -78 -512 ) (-2048 -78 -908 ) (-2048 -224 -908 ) 
4 258 263 (-1929 -1024 -908 ) (-2048 -1024 -908 ) (-2048 -256 -908 ) (-1929 -256 -908 ) 
4 258 260 (-2048 -224 -908 ) (-2048 -78 -908 ) (-1929 -78 -908 ) (-1929 -224 -908 ) 
4 259 262 (-1024 -224 -953 ) (-1024 -224 -908 ) (-1732 -224 -908 ) (-1732 -224 -953 ) 
4 259 260 (-1929 -104 -953 ) (-1929 -224 -953 ) (-1929 -224 -908 ) (-1929 -104 -908 ) 
4 260 267 (-2048 -224 -908 ) (-2048 -78 -908 ) (-2048 -78 -953 ) (-2048 -224 -953 ) 
4 260 261 (-2048 -97 -953 ) (-2048 -78 -953 ) (-1929 -78 -953 ) (-1929 -97 -953 ) 
4 261 268 (-2048 -78 -953 ) (-2048 -78 -992 ) (-2048 -97 -992 ) (-2048 -97 -953 ) 
4 261 265 (-2048 -97 -992 ) (-2048 -78 -992 ) (-1024 -78 -992 ) (-1024 -97 -992 ) 
4 262 265 (-1732 -224 -992 ) (-1024 -224 -992 ) (-1024 -256 -992 ) (-1732 -256 -992 ) 
4 262 263 (-1024 -256 -911 ) (-1024 -256 -908 ) (-1732 -256 -908 ) (-1732 -256 -911 ) 
4 262 264 (-1732 -256 -992 ) (-1024 -256 -992 ) (-1024 -256 -975 ) (-1732 -256 -975 ) 
4 263 294 (-1024 -1024 -911 ) (-1024 -1024 -908 ) (-2048 -1024 -908 ) (-2048 -1024 -911 ) 
4 263 270 (-2048 -1024 -911 ) (-2048 -1024 -908 ) (-2048 -256 -908 ) (-2048 -256 -911 ) 
4 264 296 (-1024 -1024 -992 ) (-1024 -1024 -975 ) (-2048 -1024 -975 ) (-2048 -1024 -992 ) 
4 264 271 (-2048 -1024 -992 ) (-2048 -1024 -975 ) (-2048 -256 -975 ) (-2048 -256 -992 ) 
4 264 265 (-1024 -1024 -992 ) (-2048 -1024 -992 ) (-2048 -256 -992 ) (-1024 -256 -992 ) 
4 265 296 (-1024 -1024 -1024 ) (-1024 -1024 -992 ) (-2048 -1024 -992 ) (-2048 -1024 -1024 ) 
4 265 273 (-2048 -1024 -1024 ) (-2048 -1024 -992 ) (-2048 0 -992 ) (-2048 0 -1024 ) 
4 266 274 (-3072 0 -1024 ) (-3072 0 1024 ) (-3072 1024 1024 ) (-3072 1024 -1024 ) 
4 266 273 (-2048 0 -1024 ) (-2048 0 -992 ) (-3072 0 -992 ) (-3072 0 -1024 ) 
4 266 268 (-2048 0 -992 ) (-2048 0 -953 ) (-3072 0 -953 ) (-3072 0 -992 ) 
4 266 267 (-2048 0 -953 ) (-2048 0 1024 ) (-3072 0 1024 ) (-3072 0 -953 ) 
4 267 276 (-3072 -97 -953 ) (-3072 -224 -953 ) (-3072 -224 1024 ) (-3072 -97 1024 ) 
4 267 275 (-3072 0 1024 ) (-3072 0 -953 ) (-3072 -97 -953 ) (-3072 -97 1024 ) 
4 267 269 (-2048 -224 -908 ) (-2048 -224 1024 ) (-3072 -224 1024 ) (-3072 -224 -908 ) 
4 267 268 (-3072 -97 -953 ) (-3072 0 -953 ) (-2048 0 -953 ) (-2048 -97 -953 ) 
4 268 275 (-3072 0 -953 ) (-3072 0 -992 ) (-3072 -97 -992 ) (-3072 -97 -953 ) 
4 268 273 (-3072 -97 -992 ) (-3072 0 -992 ) (-2048 0 -992 ) (-2048 -97 -992 ) 
4 269 278 (-3072 -224 1024 ) (-3072 -224 -908 ) (-3072 -256 -908 ) (-3072 -256 1024 ) 
4 269 270 (-2368 -256 -908 ) (-2048 -256 -908 ) (-2048 -256 1024 ) (-2368 -256 1024 ) 
4 269 272 (-3072 -256 1024 ) (-3072 -256 -908 ) (-2368 -256 -908 ) (-2368 -256 1024 ) 
4 270 299 (-2048 -1024 -911 ) (-2048 -1024 1024 ) (-2368 -1024 1024 ) (-2368 -1024 -911 ) 
4 270 272 (-2368 -1024 1024 ) (-2368 -256 1024 ) (-2368 -256 -911 ) (-2368 -1024 -911 ) 
4 271 302 (-2048 -1024 -992 ) (-2048 -1024 -975 ) (-2368 -1024 -975 ) (-2368 -1024 -992 ) 
4 271 273 (-2368 -256 -992 ) (-2048 -256 -992 ) (-2048 -1024 -992 ) (-2368 -1024 -992 ) 
4 271 272 (-2368 -256 -975 ) (-2368 -256 -992 ) (-2368 -1024 -992 ) (-2368 -1024 -975 ) 
4 272 302 (-3072 -1024 -975 ) (-3072 -1024 -992 ) (-2368 -1024 -992 ) (-2368 -1024 -975 ) 
4 272 301 (-2368 -1024 1024 ) (-3072 -1024 1024 ) (-3072 -1024 -975 ) (-2368 -1024 -975 ) 
4 272 279 (-3072 -1024 -992 ) (-3072 -1024 1024 ) (-3072 -256 1024 ) (-3072 -256 -992 ) 
4 272 273 (-3072 -1024 -992 ) (-3072 -256 -992 ) (-2368 -256 -992 ) (-2368 -1024 -992 ) 
4 273 302 (-2048 -1024 -1024 ) (-2048 -1024 -992 ) (-3072 -1024 -992 ) (-3072 -1024 -1024 ) 
4 273 281 (-3072 -1024 -1024 ) (-3072 -1024 -992 ) (-3072 0 -992 ) (-3072 0 -1024 ) 
4 274 281 (-3072 0 -1024 ) (-3072 0 -992 ) (-3652 0 -992 ) (-3652 0 -1024 ) 
4 274 275 (-3072 0 -992 ) (-3072 0 1024 ) (-3650 0 1024 ) (-3650 0 -992 ) 
4 274 277 (-3650 0 1024 ) (-3652 0 1024 ) (-3652 0 -992 ) (-3650 0 -992 ) 
4 275 281 (-3650 0 -992 ) (-3072 0 -992 ) (-3072 -97 -992 ) (-3650 -97 -992 ) 
4 275 276 (-3650 -97 1024 ) (-3650 -97 -953 ) (-3072 -97 -953 ) (-3072 -97 1024 ) 
4 275 277 (-3650 0 -992 ) (-3650 -97 -992 ) (-3650 -97 1024 ) (-3650 0 1024 ) 
4 276 278 (-3072 -224 -908 ) (-3072 -224 1024 ) (-3650 -224 1024 ) (-3650 -224 -908 ) 
4 276 277 (-3650 -224 -953 ) (-3650 -224 1024 ) (-3650 -97 1024 ) (-3650 -97 -953 ) 
4 277 281 (-3652 -224 -992 ) (-3652 0 -992 ) (-3650 0 -992 ) (-3650 -224 -992 ) 
4 277 280 (-3652 -224 1024 ) (-3652 -224 -992 ) (-3650 -224 -992 ) (-3650 -224 1024 ) 
4 278 279 (-3650 -256 1024 ) (-3650 -256 -908 ) (-3072 -256 -908 ) (-3072 -256 1024 ) 
4 278 280 (-3650 -256 1024 ) (-3650 -224 1024 ) (-3650 -224 -908 ) (-3650 -256 -908 ) 
4 279 303 (-3072 -1024 -992 ) (-3072 -1024 1024 ) (-3650 -1024 1024 ) (-3650 -1024 -992 ) 
4 279 281 (-3072 -1024 -992 ) (-3650 -1024 -992 ) (-3650 -256 -992 ) (-3072 -256 -992 ) 
4 279 280 (-3650 -1024 1024 ) (-3650 -256 1024 ) (-3650 -256 -992 ) (-3650 -1024 -992 ) 
4 280 303 (-3650 -1024 1024 ) (-3652 -1024 1024 ) (-3652 -1024 -992 ) (-3650 -1024 -992 ) 
4 280 281 (-3650 -1024 -992 ) (-3652 -1024 -992 ) (-3652 -224 -992 ) (-3650 -224 -992 ) 
4 281 303 (-3072 -1024 -1024 ) (-3072 -1024 -992 ) (-3652 -1024 -992 ) (-3652 -1024 -1024 ) 
4 282 297 (0 -2048 -512 ) (0 -2048 1024 ) (-1024 -2048 1024 ) (-1024 -2048 -512 ) 
4 282 289 (-1024 -1024 1024 ) (-1024 -1024 -512 ) (-1024 -2048 -512 ) (-1024 -2048 1024 ) 
4 282 286 (-1024 -2048 -512 ) (-1024 -1040 -512 ) (-740 -1040 -512 ) (-740 -2048 -512 ) 
4 282 284 (-60 -1232 -512 ) (-60 -2048 -512 ) (-740 -2048 -512 ) (-740 -1232 -512 ) 
4 282 283 (-60 -1024 -512 ) (0 -1024 -512 ) (0 -2048 -512 ) (-60 -2048 -512 ) 
4 283 297 (0 -2048 -911 ) (0 -2048 -512 ) (-60 -2048 -512 ) (-60 -2048 -911 ) 
4 283 288 (0 -2048 -911 ) (-60 -2048 -911 ) (-60 -1688 -911 ) (0 -1688 -911 ) 
4 283 284 (-60 -1232 -911 ) (-60 -2048 -911 ) (-60 -2048 -512 ) (-60 -1232 -512 ) 
4 284 297 (-60 -2048 -512 ) (-740 -2048 -512 ) (-740 -2048 -911 ) (-60 -2048 -911 ) 
4 284 288 (-60 -2048 -911 ) (-740 -2048 -911 ) (-740 -1688 -911 ) (-60 -1688 -911 ) 
4 284 286 (-740 -1232 -911 ) (-740 -2048 -911 ) (-740 -2048 -512 ) (-740 -1232 -512 ) 
4 285 294 (-1024 -1024 -908 ) (-1024 -1024 -911 ) (-1024 -1040 -911 ) (-1024 -1040 -908 ) 
4 285 290 (-1024 -1024 -704 ) (-1024 -1024 -908 ) (-1024 -1040 -908 ) (-1024 -1040 -704 ) 
4 285 286 (-1024 -1040 -911 ) (-740 -1040 -911 ) (-740 -1040 -704 ) (-1024 -1040 -704 ) 
4 286 297 (-740 -2048 -512 ) (-1024 -2048 -512 ) (-1024 -2048 -911 ) (-740 -2048 -911 ) 
4 286 294 (-1024 -1040 -911 ) (-1024 -1688 -911 ) (-1024 -1688 -908 ) (-1024 -1040 -908 ) 
4 286 295 (-1024 -1688 -911 ) (-1024 -2048 -911 ) (-1024 -2048 -908 ) (-1024 -1688 -908 ) 
4 286 291 (-1024 -2048 -908 ) (-1024 -2048 -512 ) (-1024 -1040 -512 ) (-1024 -1040 -908 ) 
4 286 288 (-740 -2048 -911 ) (-1024 -2048 -911 ) (-1024 -1688 -911 ) (-740 -1688 -911 ) 
4 287 296 (-1024 -1024 -975 ) (-1024 -1024 -1024 ) (-1024 -1688 -1024 ) (-1024 -1688 -975 ) 
4 287 288 (-1024 -1688 -1024 ) (0 -1688 -1024 ) (0 -1688 -975 ) (-1024 -1688 -975 ) 
4 288 297 (0 -2048 -1024 ) (0 -2048 -911 ) (-1024 -2048 -911 ) (-1024 -2048 -1024 ) 
4 288 296 (-1024 -1688 -1024 ) (-1024 -2048 -1024 ) (-1024 -2048 -975 ) (-1024 -1688 -975 ) 
4 288 295 (-1024 -2048 -975 ) (-1024 -2048 -911 ) (-1024 -1688 -911 ) (-1024 -1688 -975 ) 
4 289 299 (-2048 -1024 1024 ) (-2048 -1024 -512 ) (-2048 -1688 -512 ) (-2048 -1688 1024 ) 
4 289 300 (-2048 -1688 -512 ) (-2048 -2048 -512 ) (-2048 -2048 1024 ) (-2048 -1688 1024 ) 
4 289 298 (-1024 -2048 -512 ) (-1024 -2048 1024 ) (-2048 -2048 1024 ) (-2048 -2048 -512 ) 
4 289 292 (-1140 -1688 -512 ) (-1140 -2048 -512 ) (-1732 -2048 -512 ) (-1732 -1688 -512 ) 
4 289 293 (-2048 -1024 -512 ) (-1732 -1024 -512 ) (-1732 -2048 -512 ) (-2048 -2048 -512 ) 
4 289 291 (-1024 -1040 -512 ) (-1024 -2048 -512 ) (-1140 -2048 -512 ) (-1140 -1040 -512 ) 
4 290 294 (-1140 -1040 -908 ) (-1140 -1024 -908 ) (-1024 -1024 -908 ) (-1024 -1040 -908 ) 
4 290 291 (-1140 -1040 -704 ) (-1140 -1040 -908 ) (-1024 -1040 -908 ) (-1024 -1040 -704 ) 
4 291 298 (-1024 -2048 -908 ) (-1024 -2048 -512 ) (-1140 -2048 -512 ) (-1140 -2048 -908 ) 
4 291 294 (-1140 -1688 -908 ) (-1140 -1040 -908 ) (-1024 -1040 -908 ) (-1024 -1688 -908 ) 
4 291 295 (-1024 -2048 -908 ) (-1140 -2048 -908 ) (-1140 -1688 -908 ) (-1024 -1688 -908 ) 
4 291 292 (-1140 -1688 -908 ) (-1140 -2048 -908 ) (-1140 -2048 -512 ) (-1140 -1688 -512 ) 
4 292 298 (-1140 -2048 -512 ) (-1732 -2048 -512 ) (-1732 -2048 -908 ) (-1140 -2048 -908 ) 
4 292 295 (-1140 -2048 -908 ) (-1732 -2048 -908 ) (-1732 -1688 -908 ) (-1140 -1688 -908 ) 
4 292 293 (-1732 -1688 -908 ) (-1732 -2048 -908 ) (-1732 -2048 -512 ) (-1732 -1688 -512 ) 
4 293 299 (-2048 -1024 -512 ) (-2048 -1024 -908 ) (-2048 -1688 -908 ) (-2048 -1688 -512 ) 
4 293 300 (-2048 -1688 -908 ) (-2048 -2048 -908 ) (-2048 -2048 -512 ) (-2048 -1688 -512 ) 
4 293 298 (-1732 -2048 -512 ) (-2048 -2048 -512 ) (-2048 -2048 -908 ) (-1732 -2048 -908 ) 
4 293 294 (-2048 -1688 -908 ) (-2048 -1024 -908 ) (-1732 -1024 -908 ) (-1732 -1688 -908 ) 
4 293 295 (-1732 -2048 -908 ) (-2048 -2048 -908 ) (-2048 -1688 -908 ) (-1732 -1688 -908 ) 
4 294 299 (-2048 -1024 -908 ) (-2048 -1024 -911 ) (-2048 -1688 -911 ) (-2048 -1688 -908 ) 
4 294 295 (-1024 -1688 -911 ) (-1024 -1688 -908 ) (-2048 -1688 -908 ) (-2048 -1688 -911 ) 
4 295 300 (-2048 -1688 -975 ) (-2048 -2048 -975 ) (-2048 -2048 -908 ) (-2048 -1688 -908 ) 
4 295 298 (-1024 -2048 -975 ) (-1024 -2048 -908 ) (-2048 -2048 -908 ) (-2048 -2048 -975 ) 
4 295 296 (-1024 -1688 -975 ) (-1024 -2048 -975 ) (-2048 -2048 -975 ) (-2048 -1688 -975 ) 
4 296 302 (-2048 -1024 -975 ) (-2048 -1024 -1024 ) (-2048 -2048 -1024 ) (-2048 -2048 -975 ) 
4 296 298 (-1024 -2048 -1024 ) (-1024 -2048 -975 ) (-2048 -2048 -975 ) (-2048 -2048 -1024 ) 
4 297 298 (-1024 -2336 -1024 ) (-1024 -2336 1024 ) (-1024 -2048 1024 ) (-1024 -2048 -1024 ) 
4 298 304 (-2048 -2336 -1024 ) (-2048 -2336 1024 ) (-2048 -2048 1024 ) (-2048 -2048 -1024 ) 
4 299 300 (-2368 -1688 1024 ) (-2368 -1688 -911 ) (-2048 -1688 -911 ) (-2048 -1688 1024 ) 
4 299 301 (-2368 -1688 -911 ) (-2368 -1688 1024 ) (-2368 -1024 1024 ) (-2368 -1024 -911 ) 
4 300 304 (-2048 -2048 -975 ) (-2048 -2048 1024 ) (-2368 -2048 1024 ) (-2368 -2048 -975 ) 
4 300 302 (-2048 -2048 -975 ) (-2368 -2048 -975 ) (-2368 -1688 -975 ) (-2048 -1688 -975 ) 
4 300 301 (-2368 -1688 -975 ) (-2368 -2048 -975 ) (-2368 -2048 1024 ) (-2368 -1688 1024 ) 
4 301 304 (-2368 -2048 1024 ) (-3072 -2048 1024 ) (-3072 -2048 -975 ) (-2368 -2048 -975 ) 
4 301 303 (-3072 -1024 1024 ) (-3072 -1024 -975 ) (-3072 -2048 -975 ) (-3072 -2048 1024 ) 
4 301 302 (-2368 -2048 -975 ) (-3072 -2048 -975 ) (-3072 -1024 -975 ) (-2368 -1024 -975 ) 
4 302 304 (-2048 -2048 -1024 ) (-2048 -2048 -975 ) (-3072 -2048 -975 ) (-3072 -2048 -1024 ) 
4 302 303 (-3072 -1024 -975 ) (-3072 -1024 -1024 ) (-3072 -2048 -1024 ) (-3072 -2048 -975 ) 
4 303 305 (-3072 -2048 -1024 ) (-3072 -2048 1024 ) (-3652 -2048 1024 ) (-3652 -2048 -1024 ) 
4 304 305 (-3072 -2048 1024 ) (-3072 -2048 -1024 ) (-3072 -2336 -1024 ) (-3072 -2336 1024 ) 
